#
# A fatal error has been detected by the Java Runtime Environment:
#
#  SIGSEGV (0xb) at pc=0x00007fe8cdee2aa2, pid=4239, tid=0x00007fe8e9e24640
#
# JRE version: OpenJDK Runtime Environment (8.0_312-b07) (build 1.8.0_312-8u312-b07-0ubuntu1~21.10-b07)
# Java VM: OpenJDK 64-Bit Server VM (25.312-b07 mixed mode linux-amd64 compressed oops)
# Problematic frame:
# C  [libatk-bridge-2.0.so.0+0x13aa2]
#
# Failed to write core dump. Core dumps have been disabled. To enable core dumping, try "ulimit -c unlimited" before starting Java again
#
# If you would like to submit a bug report, please visit:
#   http://bugreport.java.com/bugreport/crash.jsp
# The crash happened outside the Java Virtual Machine in native code.
# See problematic frame for where to report the bug.
#

---------------  T H R E A D  ---------------

Current thread (0x00007fe8e400b800):  JavaThread "main" [_thread_in_native, id=4241, stack(0x00007fe8e9d25000,0x00007fe8e9e25000)]

siginfo: si_signo: 11 (SIGSEGV), si_code: 1 (SEGV_MAPERR), si_addr: 0x0000000000000038

Registers:
RAX=0x0000000000000000, RBX=0x0000000000000001, RCX=0x00007fe8e4741f90, RDX=0x0000000000000000
RSP=0x00007fe8e9e230d0, RBP=0x00007fe8e47545a0, RSI=0x0000000000000000, RDI=0x00007fe8e47545a0
R8 =0x00007fe8e4741fa0, R9 =0x00007fe8eb171c60, R10=0xfffffffffffff91c, R11=0x00007fe8cdee2b90
R12=0x00007fe8cdf06090, R13=0x00007fe8cea7ebb0, R14=0x00007fe8e9e23180, R15=0x00007fe8e400b800
RIP=0x00007fe8cdee2aa2, EFLAGS=0x0000000000010206, CSGSFS=0x002b000000000033, ERR=0x0000000000000004
  TRAPNO=0x000000000000000e

Top of Stack: (sp=0x00007fe8e9e230d0)
0x00007fe8e9e230d0:   0000000000000001 00007fe8cdf5a440
0x00007fe8e9e230e0:   0000000000000000 00007fe8cdf38249
0x00007fe8e9e230f0:   0000000000000000 818fb2d65bcc9800
0x00007fe8e9e23100:   00007fe8cea7ebb0 00007fe8e9e23168
0x00007fe8e9e23110:   0000000000000000 00007fe8d5018427
0x00007fe8e9e23120:   fffffffe00000000 00007fe8e9e23128
0x00007fe8e9e23130:   00007fe8cea7ebb0 00007fe8e9e23180
0x00007fe8e9e23140:   00007fe8cdf94028 0000000000000000
0x00007fe8e9e23150:   00007fe8cea7ebb0 0000000000000000
0x00007fe8e9e23160:   00007fe8e9e23188 00007fe8e9e231c8
0x00007fe8e9e23170:   00007fe8d5007ffd 000000078cb1be10
0x00007fe8e9e23180:   00007fe8d5011a58 00007fe8e9e23188
0x00007fe8e9e23190:   00007fe8cdf965e2 00007fe8e9e231e8
0x00007fe8e9e231a0:   00007fe8cdf96798 0000000000000000
0x00007fe8e9e231b0:   00007fe8cdf966f8 00007fe8e9e23188
0x00007fe8e9e231c0:   00007fe8e9e231e0 00007fe8e9e23230
0x00007fe8e9e231d0:   00007fe8d5008042 0000000000000000
0x00007fe8e9e231e0:   000000078a316568 000000078a2deca0
0x00007fe8e9e231f0:   00007fe8e9e231f0 00007fe8cdfcb8a5
0x00007fe8e9e23200:   00007fe8e9e23270 00007fe8cdfcb950
0x00007fe8e9e23210:   0000000000000000 00007fe8cdfcb8c8
0x00007fe8e9e23220:   00007fe8e9e231e0 00007fe8e9e23268
0x00007fe8e9e23230:   00007fe8e9e232b8 00007fe8d5008042
0x00007fe8e9e23240:   0000000000000000 0000000000000000
0x00007fe8e9e23250:   0000000000000001 0000000000000002
0x00007fe8e9e23260:   0000000000000000 000000078a316568
0x00007fe8e9e23270:   000000078a2def28 00007fe8e9e23278
0x00007fe8e9e23280:   00007fe8ce8c9bae 00007fe8e9e232d8
0x00007fe8e9e23290:   00007fe8ce8ca1a0 0000000000000000
0x00007fe8e9e232a0:   00007fe8ce8c9bc0 00007fe8e9e23268
0x00007fe8e9e232b0:   00007fe8e9e232d0 00007fe8e9e23320
0x00007fe8e9e232c0:   00007fe8d5007ffd 000000078a2def28 

Instructions: (pc=0x00007fe8cdee2aa2)
0x00007fe8cdee2a82:   00 5b c3 66 66 2e 0f 1f 84 00 00 00 00 00 41 54
0x00007fe8cdee2a92:   4c 8b 25 af 24 02 00 55 48 89 fd 53 49 8b 04 24
0x00007fe8cdee2aa2:   48 8b 78 38 48 85 ff 74 0c 48 89 ee e8 ed b2 ff
0x00007fe8cdee2ab2:   ff 49 8b 04 24 48 8b 78 20 48 89 ee e8 9d ab ff 

Register to memory mapping:

RAX=0x0000000000000000 is an unknown value
RBX=0x0000000000000001 is an unknown value
RCX=0x00007fe8e4741f90 is an unknown value
RDX=0x0000000000000000 is an unknown value
RSP=0x00007fe8e9e230d0 is pointing into the stack for thread: 0x00007fe8e400b800
RBP=0x00007fe8e47545a0 is an unknown value
RSI=0x0000000000000000 is an unknown value
RDI=0x00007fe8e47545a0 is an unknown value
R8 =0x00007fe8e4741fa0 is an unknown value
R9 =0x00007fe8eb171c60: <offset 0x219c60> in /lib/x86_64-linux-gnu/libc.so.6 at 0x00007fe8eaf58000
R10=0xfffffffffffff91c is an unknown value
R11=0x00007fe8cdee2b90: atk_bridge_set_event_context+0 in /lib/x86_64-linux-gnu/libatk-bridge-2.0.so.0 at 0x00007fe8cdecf000
R12=0x00007fe8cdf06090: spi_global_app_data+0 in /lib/x86_64-linux-gnu/libatk-bridge-2.0.so.0 at 0x00007fe8cdecf000
R13={method} {0x00007fe8cea7ebb0} 'loadAtkBridge' '()V' in 'org/GNOME/Accessibility/AtkWrapper'
R14=0x00007fe8e9e23180 is pointing into the stack for thread: 0x00007fe8e400b800
R15=0x00007fe8e400b800 is a thread


Stack: [0x00007fe8e9d25000,0x00007fe8e9e25000],  sp=0x00007fe8e9e230d0,  free space=1016k
Native frames: (J=compiled Java code, j=interpreted, Vv=VM code, C=native code)
C  [libatk-bridge-2.0.so.0+0x13aa2]

Java frames: (J=compiled Java code, j=interpreted, Vv=VM code)
j  org.GNOME.Accessibility.AtkWrapper.loadAtkBridge()V+0
j  org.GNOME.Accessibility.AtkWrapper$4.eventDispatched(Ljava/awt/AWTEvent;)V+18
j  java.awt.Toolkit$SelectiveAWTEventListener.eventDispatched(Ljava/awt/AWTEvent;)V+733
j  java.awt.Toolkit.notifyAWTEventListeners(Ljava/awt/AWTEvent;)V+30
j  java.awt.Component.dispatchEventImpl(Ljava/awt/AWTEvent;)V+257
j  java.awt.Container.dispatchEventImpl(Ljava/awt/AWTEvent;)V+42
j  java.awt.Window.dispatchEventImpl(Ljava/awt/AWTEvent;)V+19
j  java.awt.Component.dispatchEvent(Ljava/awt/AWTEvent;)V+2
j  java.awt.Container.addImpl(Ljava/awt/Component;Ljava/lang/Object;I)V+304
j  java.awt.Container.add(Ljava/lang/String;Ljava/awt/Component;)Ljava/awt/Component;+4
j  it.unibo.radarSystem22.domain.mock.LedMockWithGui.configure()V+42
j  it.unibo.radarSystem22.domain.mock.LedMockWithGui.<init>(Ljava/awt/Frame;)V+40
j  it.unibo.radarSystem22.domain.mock.LedMockWithGui.createLed()Lit/unibo/radarSystem22/domain/interfaces/ILed;+13
j  it.unibo.radarSystem22.domain.models.LedModel.createLedMock()Lit/unibo/radarSystem22/domain/interfaces/ILed;+6
j  it.unibo.radarSystem22.domain.DeviceFactory.createLed()Lit/unibo/radarSystem22/domain/interfaces/ILed;+6
j  unibo.actor22.common.LedActor.<init>(Ljava/lang/String;)V+6
j  unibo.actor22.local.RSActor22onPC.configure()V+21
j  unibo.actor22.local.RSActor22onPC.doJob()V+8
j  unibo.actor22.local.RSActor22onPC.main([Ljava/lang/String;)V+12
v  ~StubRoutines::call_stub

---------------  P R O C E S S  ---------------

Java Threads: ( => current thread )
  0x00007fe8e4750800 JavaThread "AWT-EventQueue-1" [_thread_in_native, id=4268, stack(0x00007fe8cd709000,0x00007fe8cd809000)]
  0x00007fe8e474e800 JavaThread "AWT-Shutdown" [_thread_blocked, id=4266, stack(0x00007fe8cd809000,0x00007fe8cd909000)]
  0x00007fe8e470b000 JavaThread "process reaper" daemon [_thread_blocked, id=4265, stack(0x00007fe8cdf5b000,0x00007fe8cdf94000)]
  0x00007fe8e46fb000 JavaThread "AWT-XAWT" daemon [_thread_in_native, id=4263, stack(0x00007fe8ce194000,0x00007fe8ce294000)]
  0x00007fe8e46d4800 JavaThread "Java2D Disposer" daemon [_thread_blocked, id=4262, stack(0x00007fe8ce2a0000,0x00007fe8ce3a0000)]
  0x00007fe8e4595000 JavaThread "qaksingle" daemon [_thread_blocked, id=4261, stack(0x00007fe8cea8c000,0x00007fe8ceb8c000)]
  0x00007fe8e40cc800 JavaThread "Service Thread" daemon [_thread_blocked, id=4257, stack(0x00007fe8cee85000,0x00007fe8cef85000)]
  0x00007fe8e40c1800 JavaThread "C1 CompilerThread2" daemon [_thread_blocked, id=4256, stack(0x00007fe8cef86000,0x00007fe8cf086000)]
  0x00007fe8e40bf800 JavaThread "C2 CompilerThread1" daemon [_thread_blocked, id=4255, stack(0x00007fe8cf087000,0x00007fe8cf187000)]
  0x00007fe8e40bd000 JavaThread "C2 CompilerThread0" daemon [_thread_blocked, id=4254, stack(0x00007fe8cf188000,0x00007fe8cf288000)]
  0x00007fe8e40b7800 JavaThread "Signal Dispatcher" daemon [_thread_blocked, id=4253, stack(0x00007fe8cf288000,0x00007fe8cf388000)]
  0x00007fe8e4089000 JavaThread "Finalizer" daemon [_thread_blocked, id=4252, stack(0x00007fe8cf8fb000,0x00007fe8cf9fb000)]
  0x00007fe8e4084800 JavaThread "Reference Handler" daemon [_thread_blocked, id=4251, stack(0x00007fe8cf9fb000,0x00007fe8cfafb000)]
=>0x00007fe8e400b800 JavaThread "main" [_thread_in_native, id=4241, stack(0x00007fe8e9d25000,0x00007fe8e9e25000)]

Other Threads:
  0x00007fe8e407a800 VMThread [stack: 0x00007fe8cfafc000,0x00007fe8cfbfc000] [id=4250]
  0x00007fe8e40cf000 WatcherThread [stack: 0x00007fe8ced85000,0x00007fe8cee85000] [id=4258]

VM state:not at safepoint (normal execution)

VM Mutex/Monitor currently owned by a thread: None

heap address: 0x000000071e600000, size: 2586 MB, Compressed Oops mode: Zero based, Oop shift amount: 3
Narrow klass base: 0x0000000000000000, Narrow klass shift: 3
Compressed class space size: 1073741824 Address: 0x00000007c0000000

Heap:
 PSYoungGen      total 48640K, used 7882K [0x000000078a200000, 0x0000000790100000, 0x00000007c0000000)
  eden space 41984K, 6% used [0x000000078a200000,0x000000078a4b3e00,0x000000078cb00000)
  from space 6656K, 76% used [0x000000078cb00000,0x000000078cffedd0,0x000000078d180000)
  to   space 6656K, 0% used [0x000000078fa80000,0x000000078fa80000,0x0000000790100000)
 ParOldGen       total 110592K, used 8200K [0x000000071e600000, 0x0000000725200000, 0x000000078a200000)
  object space 110592K, 7% used [0x000000071e600000,0x000000071ee02010,0x0000000725200000)
 Metaspace       used 12672K, capacity 12946K, committed 13184K, reserved 1060864K
  class space    used 1291K, capacity 1366K, committed 1408K, reserved 1048576K

Card table byte_map: [0x00007fe8e9403000,0x00007fe8e9911000] byte_map_base: 0x00007fe8e5b10000

Marking Bits: (ParMarkBitMap*) 0x00007fe8eaf1c720
 Begin Bits: [0x00007fe8c7f30000, 0x00007fe8ca798000)
 End Bits:   [0x00007fe8ca798000, 0x00007fe8cd000000)

Polling page: 0x00007fe8eb18e000

CodeCache: size=245760Kb used=3648Kb max_used=3648Kb free=242111Kb
 bounds [0x00007fe8d5000000, 0x00007fe8d53a0000, 0x00007fe8e4000000]
 total_blobs=1403 nmethods=898 adapters=419
 compilation: enabled

Compilation events (10 events):
Event: 1,557 Thread 0x00007fe8e40c1800 nmethod 886 0x00007fe8d538c7d0 code [0x00007fe8d538c960, 0x00007fe8d538ccd0]
Event: 1,557 Thread 0x00007fe8e40c1800  884       3       sun.awt.X11.Native::putByte (9 bytes)
Event: 1,557 Thread 0x00007fe8e40c1800 nmethod 884 0x00007fe8d538ce90 code [0x00007fe8d538d000, 0x00007fe8d538d150]
Event: 1,559 Thread 0x00007fe8e40c1800  890       3       java.util.concurrent.locks.AbstractQueuedSynchronizer::compareAndSetState (13 bytes)
Event: 1,559 Thread 0x00007fe8e40c1800 nmethod 890 0x00007fe8d538d210 code [0x00007fe8d538d360, 0x00007fe8d538d4d0]
Event: 1,561 Thread 0x00007fe8e40c1800  891       3       java.util.concurrent.locks.AbstractQueuedSynchronizer::release (33 bytes)
Event: 1,561 Thread 0x00007fe8e40c1800 nmethod 891 0x00007fe8d538d550 code [0x00007fe8d538d6e0, 0x00007fe8d538d9f8]
Event: 1,561 Thread 0x00007fe8e40c1800  893       3       java.util.concurrent.locks.ReentrantLock$Sync::tryRelease (45 bytes)
Event: 1,561 Thread 0x00007fe8e40c1800 nmethod 893 0x00007fe8d538dad0 code [0x00007fe8d538dc60, 0x00007fe8d538e208]
Event: 1,561 Thread 0x00007fe8e40c1800  894       3       java.util.concurrent.locks.ReentrantLock::lock (8 bytes)

GC Heap History (2 events):
Event: 1,474 GC heap before
{Heap before GC invocations=1 (full 0):
 PSYoungGen      total 48640K, used 41984K [0x000000078a200000, 0x000000078d800000, 0x00000007c0000000)
  eden space 41984K, 100% used [0x000000078a200000,0x000000078cb00000,0x000000078cb00000)
  from space 6656K, 0% used [0x000000078d180000,0x000000078d180000,0x000000078d800000)
  to   space 6656K, 0% used [0x000000078cb00000,0x000000078cb00000,0x000000078d180000)
 ParOldGen       total 110592K, used 0K [0x000000071e600000, 0x0000000725200000, 0x000000078a200000)
  object space 110592K, 0% used [0x000000071e600000,0x000000071e600000,0x0000000725200000)
 Metaspace       used 11369K, capacity 11652K, committed 11776K, reserved 1060864K
  class space    used 1134K, capacity 1232K, committed 1280K, reserved 1048576K
Event: 1,509 GC heap after
Heap after GC invocations=1 (full 0):
 PSYoungGen      total 48640K, used 5115K [0x000000078a200000, 0x0000000790100000, 0x00000007c0000000)
  eden space 41984K, 0% used [0x000000078a200000,0x000000078a200000,0x000000078cb00000)
  from space 6656K, 76% used [0x000000078cb00000,0x000000078cffedd0,0x000000078d180000)
  to   space 6656K, 0% used [0x000000078fa80000,0x000000078fa80000,0x0000000790100000)
 ParOldGen       total 110592K, used 8200K [0x000000071e600000, 0x0000000725200000, 0x000000078a200000)
  object space 110592K, 7% used [0x000000071e600000,0x000000071ee02010,0x0000000725200000)
 Metaspace       used 11369K, capacity 11652K, committed 11776K, reserved 1060864K
  class space    used 1134K, capacity 1232K, committed 1280K, reserved 1048576K
}

Deoptimization events (5 events):
Event: 0,770 Thread 0x00007fe8e400b800 Uncommon trap: reason=unstable_if action=reinterpret pc=0x00007fe8d5167f68 method=java.lang.CharacterDataLatin1.digit(II)I @ 82
Event: 0,797 Thread 0x00007fe8e400b800 Uncommon trap: reason=unstable_if action=reinterpret pc=0x00007fe8d5224128 method=java.lang.String.replace(CC)Ljava/lang/String; @ 26
Event: 1,172 Thread 0x00007fe8e400b800 Uncommon trap: reason=unstable_if action=reinterpret pc=0x00007fe8d52f5580 method=java.util.regex.Pattern$CharProperty.match(Ljava/util/regex/Matcher;ILjava/lang/CharSequence;)Z @ 40
Event: 1,444 Thread 0x00007fe8e400b800 Uncommon trap: reason=unstable_if action=reinterpret pc=0x00007fe8d52ffd80 method=java.util.HashMap.getNode(ILjava/lang/Object;)Ljava/util/HashMap$Node; @ 116
Event: 1,445 Thread 0x00007fe8e400b800 Uncommon trap: reason=unstable_if action=reinterpret pc=0x00007fe8d52f2f00 method=java.util.HashMap.getNode(ILjava/lang/Object;)Ljava/util/HashMap$Node; @ 116

Classes redefined (0 events):
No events

Internal exceptions (10 events):
Event: 0,132 Thread 0x00007fe8e400b800 Exception <a 'java/security/PrivilegedActionException'> (0x000000078a2884d0) thrown at [./src/hotspot/src/share/vm/prims/jvm.cpp, line 1521]
Event: 0,563 Thread 0x00007fe8e400b800 Exception <a 'java/security/PrivilegedActionException'> (0x000000078a8074f8) thrown at [./src/hotspot/src/share/vm/prims/jvm.cpp, line 1521]
Event: 0,563 Thread 0x00007fe8e400b800 Exception <a 'java/security/PrivilegedActionException'> (0x000000078a807708) thrown at [./src/hotspot/src/share/vm/prims/jvm.cpp, line 1521]
Event: 0,564 Thread 0x00007fe8e400b800 Exception <a 'java/security/PrivilegedActionException'> (0x000000078a809e28) thrown at [./src/hotspot/src/share/vm/prims/jvm.cpp, line 1521]
Event: 0,564 Thread 0x00007fe8e400b800 Exception <a 'java/security/PrivilegedActionException'> (0x000000078a80a038) thrown at [./src/hotspot/src/share/vm/prims/jvm.cpp, line 1521]
Event: 0,615 Thread 0x00007fe8e400b800 Exception <a 'java/lang/NoClassDefFoundError': org/slf4j/impl/StaticLoggerBinder> (0x000000078a8a1450) thrown at [./src/hotspot/src/share/vm/classfile/systemDictionary.cpp, line 206]
Event: 0,721 Thread 0x00007fe8e400b800 Exception <a 'java/lang/NoSuchFieldError': method resolution failed> (0x000000078a9ac768) thrown at [./src/hotspot/src/share/vm/prims/methodHandles.cpp, line 1176]
Event: 0,724 Thread 0x00007fe8e400b800 Exception <a 'java/lang/NoSuchFieldError': method resolution failed> (0x000000078a9b9b08) thrown at [./src/hotspot/src/share/vm/prims/methodHandles.cpp, line 1176]
Event: 1,372 Thread 0x00007fe8e400b800 Exception <a 'java/io/FileNotFoundException'> (0x000000078c9059b0) thrown at [./src/hotspot/src/share/vm/prims/jni.cpp, line 711]
Event: 1,394 Thread 0x00007fe8e400b800 Exception <a 'java/lang/ClassNotFoundException': sun/dc/DuctusRenderingEngine> (0x000000078c91fce0) thrown at [./src/hotspot/src/share/vm/classfile/systemDictionary.cpp, line 217]

Events (10 events):
Event: 1,558 loading class java/awt/event/InputMethodEvent
Event: 1,558 loading class java/awt/event/InputMethodEvent done
Event: 1,558 loading class java/awt/event/ActionEvent
Event: 1,558 loading class java/awt/event/ActionEvent done
Event: 1,558 loading class java/awt/event/FocusEvent
Event: 1,559 loading class java/awt/event/ContainerEvent
Event: 1,559 loading class java/awt/event/ContainerEvent done
Event: 1,561 loading class java/awt/event/FocusEvent done
Event: 1,561 loading class sun/awt/HeadlessToolkit
Event: 1,561 loading class sun/awt/HeadlessToolkit done


Dynamic libraries:
71e600000-725200000 rw-p 00000000 00:00 0 
725200000-78a200000 ---p 00000000 00:00 0 
78a200000-790100000 rw-p 00000000 00:00 0 
790100000-7c0000000 ---p 00000000 00:00 0 
7c0000000-7c0160000 rw-p 00000000 00:00 0 
7c0160000-800000000 ---p 00000000 00:00 0 
561994ad8000-561994ad9000 r--p 00000000 08:03 797196                     /usr/lib/jvm/java-8-openjdk-amd64/jre/bin/java
561994ad9000-561994ada000 r-xp 00001000 08:03 797196                     /usr/lib/jvm/java-8-openjdk-amd64/jre/bin/java
561994ada000-561994adb000 r--p 00002000 08:03 797196                     /usr/lib/jvm/java-8-openjdk-amd64/jre/bin/java
561994adb000-561994adc000 r--p 00002000 08:03 797196                     /usr/lib/jvm/java-8-openjdk-amd64/jre/bin/java
561994adc000-561994add000 rw-p 00003000 08:03 797196                     /usr/lib/jvm/java-8-openjdk-amd64/jre/bin/java
561996296000-5619962b7000 rw-p 00000000 00:00 0                          [heap]
7fe878000000-7fe878021000 rw-p 00000000 00:00 0 
7fe878021000-7fe87c000000 ---p 00000000 00:00 0 
7fe87c000000-7fe87c021000 rw-p 00000000 00:00 0 
7fe87c021000-7fe880000000 ---p 00000000 00:00 0 
7fe880000000-7fe880021000 rw-p 00000000 00:00 0 
7fe880021000-7fe884000000 ---p 00000000 00:00 0 
7fe884000000-7fe884021000 rw-p 00000000 00:00 0 
7fe884021000-7fe888000000 ---p 00000000 00:00 0 
7fe888000000-7fe888041000 rw-p 00000000 00:00 0 
7fe888041000-7fe88c000000 ---p 00000000 00:00 0 
7fe88c000000-7fe88c021000 rw-p 00000000 00:00 0 
7fe88c021000-7fe890000000 ---p 00000000 00:00 0 
7fe890000000-7fe890021000 rw-p 00000000 00:00 0 
7fe890021000-7fe894000000 ---p 00000000 00:00 0 
7fe894000000-7fe894021000 rw-p 00000000 00:00 0 
7fe894021000-7fe898000000 ---p 00000000 00:00 0 
7fe898000000-7fe8983ee000 rw-p 00000000 00:00 0 
7fe8983ee000-7fe89c000000 ---p 00000000 00:00 0 
7fe89c000000-7fe89c5d0000 rw-p 00000000 00:00 0 
7fe89c5d0000-7fe8a0000000 ---p 00000000 00:00 0 
7fe8a0000000-7fe8a0021000 rw-p 00000000 00:00 0 
7fe8a0021000-7fe8a4000000 ---p 00000000 00:00 0 
7fe8a4000000-7fe8a450b000 rw-p 00000000 00:00 0 
7fe8a450b000-7fe8a8000000 ---p 00000000 00:00 0 
7fe8a8000000-7fe8a8021000 rw-p 00000000 00:00 0 
7fe8a8021000-7fe8ac000000 ---p 00000000 00:00 0 
7fe8ac000000-7fe8ac021000 rw-p 00000000 00:00 0 
7fe8ac021000-7fe8b0000000 ---p 00000000 00:00 0 
7fe8b0000000-7fe8b0021000 rw-p 00000000 00:00 0 
7fe8b0021000-7fe8b4000000 ---p 00000000 00:00 0 
7fe8b8000000-7fe8b8021000 rw-p 00000000 00:00 0 
7fe8b8021000-7fe8bc000000 ---p 00000000 00:00 0 
7fe8bc000000-7fe8bc021000 rw-p 00000000 00:00 0 
7fe8bc021000-7fe8c0000000 ---p 00000000 00:00 0 
7fe8c0000000-7fe8c0021000 rw-p 00000000 00:00 0 
7fe8c0021000-7fe8c4000000 ---p 00000000 00:00 0 
7fe8c7f30000-7fe8cd000000 rw-p 00000000 00:00 0 
7fe8cd709000-7fe8cd70c000 ---p 00000000 00:00 0 
7fe8cd70c000-7fe8cd809000 rw-p 00000000 00:00 0 
7fe8cd809000-7fe8cd80c000 ---p 00000000 00:00 0 
7fe8cd80c000-7fe8cd909000 rw-p 00000000 00:00 0 
7fe8cd909000-7fe8cd90e000 r--p 00000000 08:03 791456                     /usr/lib/x86_64-linux-gnu/libgpg-error.so.0.29.0
7fe8cd90e000-7fe8cd924000 r-xp 00005000 08:03 791456                     /usr/lib/x86_64-linux-gnu/libgpg-error.so.0.29.0
7fe8cd924000-7fe8cd92e000 r--p 0001b000 08:03 791456                     /usr/lib/x86_64-linux-gnu/libgpg-error.so.0.29.0
7fe8cd92e000-7fe8cd92f000 ---p 00025000 08:03 791456                     /usr/lib/x86_64-linux-gnu/libgpg-error.so.0.29.0
7fe8cd92f000-7fe8cd930000 r--p 00025000 08:03 791456                     /usr/lib/x86_64-linux-gnu/libgpg-error.so.0.29.0
7fe8cd930000-7fe8cd931000 rw-p 00026000 08:03 791456                     /usr/lib/x86_64-linux-gnu/libgpg-error.so.0.29.0
7fe8cd931000-7fe8cd93d000 r--p 00000000 08:03 791380                     /usr/lib/x86_64-linux-gnu/libgcrypt.so.20.2.8
7fe8cd93d000-7fe8cda13000 r-xp 0000c000 08:03 791380                     /usr/lib/x86_64-linux-gnu/libgcrypt.so.20.2.8
7fe8cda13000-7fe8cda4c000 r--p 000e2000 08:03 791380                     /usr/lib/x86_64-linux-gnu/libgcrypt.so.20.2.8
7fe8cda4c000-7fe8cda4e000 r--p 0011a000 08:03 791380                     /usr/lib/x86_64-linux-gnu/libgcrypt.so.20.2.8
7fe8cda4e000-7fe8cda53000 rw-p 0011c000 08:03 791380                     /usr/lib/x86_64-linux-gnu/libgcrypt.so.20.2.8
7fe8cda53000-7fe8cda54000 rw-p 00000000 00:00 0 
7fe8cda54000-7fe8cda57000 r--p 00000000 08:03 791090                     /usr/lib/x86_64-linux-gnu/libcap.so.2.44
7fe8cda57000-7fe8cda5b000 r-xp 00003000 08:03 791090                     /usr/lib/x86_64-linux-gnu/libcap.so.2.44
7fe8cda5b000-7fe8cda5d000 r--p 00007000 08:03 791090                     /usr/lib/x86_64-linux-gnu/libcap.so.2.44
7fe8cda5d000-7fe8cda5e000 r--p 00008000 08:03 791090                     /usr/lib/x86_64-linux-gnu/libcap.so.2.44
7fe8cda5e000-7fe8cda5f000 rw-p 00009000 08:03 791090                     /usr/lib/x86_64-linux-gnu/libcap.so.2.44
7fe8cda5f000-7fe8cda61000 r--p 00000000 08:03 791708                     /usr/lib/x86_64-linux-gnu/liblz4.so.1.9.3
7fe8cda61000-7fe8cda7a000 r-xp 00002000 08:03 791708                     /usr/lib/x86_64-linux-gnu/liblz4.so.1.9.3
7fe8cda7a000-7fe8cda7c000 r--p 0001b000 08:03 791708                     /usr/lib/x86_64-linux-gnu/liblz4.so.1.9.3
7fe8cda7c000-7fe8cda7d000 ---p 0001d000 08:03 791708                     /usr/lib/x86_64-linux-gnu/liblz4.so.1.9.3
7fe8cda7d000-7fe8cda7e000 r--p 0001d000 08:03 791708                     /usr/lib/x86_64-linux-gnu/liblz4.so.1.9.3
7fe8cda7e000-7fe8cda7f000 rw-p 0001e000 08:03 791708                     /usr/lib/x86_64-linux-gnu/liblz4.so.1.9.3
7fe8cda7f000-7fe8cda89000 r--p 00000000 08:03 792419                     /usr/lib/x86_64-linux-gnu/libzstd.so.1.4.8
7fe8cda89000-7fe8cdb39000 r-xp 0000a000 08:03 792419                     /usr/lib/x86_64-linux-gnu/libzstd.so.1.4.8
7fe8cdb39000-7fe8cdb4a000 r--p 000ba000 08:03 792419                     /usr/lib/x86_64-linux-gnu/libzstd.so.1.4.8
7fe8cdb4a000-7fe8cdb4b000 r--p 000ca000 08:03 792419                     /usr/lib/x86_64-linux-gnu/libzstd.so.1.4.8
7fe8cdb4b000-7fe8cdb4c000 rw-p 000cb000 08:03 792419                     /usr/lib/x86_64-linux-gnu/libzstd.so.1.4.8
7fe8cdb4c000-7fe8cdb4f000 r--p 00000000 08:03 791710                     /usr/lib/x86_64-linux-gnu/liblzma.so.5.2.5
7fe8cdb4f000-7fe8cdb6a000 r-xp 00003000 08:03 791710                     /usr/lib/x86_64-linux-gnu/liblzma.so.5.2.5
7fe8cdb6a000-7fe8cdb75000 r--p 0001e000 08:03 791710                     /usr/lib/x86_64-linux-gnu/liblzma.so.5.2.5
7fe8cdb75000-7fe8cdb76000 r--p 00028000 08:03 791710                     /usr/lib/x86_64-linux-gnu/liblzma.so.5.2.5
7fe8cdb76000-7fe8cdb77000 rw-p 00029000 08:03 791710                     /usr/lib/x86_64-linux-gnu/liblzma.so.5.2.5
7fe8cdb77000-7fe8cdb78000 r--p 00000000 08:03 787110                     /usr/lib/x86_64-linux-gnu/libpthread.so.0
7fe8cdb78000-7fe8cdb79000 r-xp 00001000 08:03 787110                     /usr/lib/x86_64-linux-gnu/libpthread.so.0
7fe8cdb79000-7fe8cdb7a000 r--p 00002000 08:03 787110                     /usr/lib/x86_64-linux-gnu/libpthread.so.0
7fe8cdb7a000-7fe8cdb7b000 r--p 00002000 08:03 787110                     /usr/lib/x86_64-linux-gnu/libpthread.so.0
7fe8cdb7b000-7fe8cdb7c000 rw-p 00003000 08:03 787110                     /usr/lib/x86_64-linux-gnu/libpthread.so.0
7fe8cdb7c000-7fe8cdb8d000 r--p 00000000 08:03 785067                     /usr/lib/x86_64-linux-gnu/libsystemd.so.0.31.0
7fe8cdb8d000-7fe8cdc09000 r-xp 00011000 08:03 785067                     /usr/lib/x86_64-linux-gnu/libsystemd.so.0.31.0
7fe8cdc09000-7fe8cdc2f000 r--p 0008d000 08:03 785067                     /usr/lib/x86_64-linux-gnu/libsystemd.so.0.31.0
7fe8cdc2f000-7fe8cdc32000 r--p 000b2000 08:03 785067                     /usr/lib/x86_64-linux-gnu/libsystemd.so.0.31.0
7fe8cdc32000-7fe8cdc33000 rw-p 000b5000 08:03 785067                     /usr/lib/x86_64-linux-gnu/libsystemd.so.0.31.0
7fe8cdc33000-7fe8cdc34000 rw-p 00000000 00:00 0 
7fe8cdc34000-7fe8cdc36000 r--p 00000000 08:03 791916                     /usr/lib/x86_64-linux-gnu/libpcre.so.3.13.3
7fe8cdc36000-7fe8cdc8a000 r-xp 00002000 08:03 791916                     /usr/lib/x86_64-linux-gnu/libpcre.so.3.13.3
7fe8cdc8a000-7fe8cdca8000 r--p 00056000 08:03 791916                     /usr/lib/x86_64-linux-gnu/libpcre.so.3.13.3
7fe8cdca8000-7fe8cdca9000 r--p 00073000 08:03 791916                     /usr/lib/x86_64-linux-gnu/libpcre.so.3.13.3
7fe8cdca9000-7fe8cdcaa000 rw-p 00074000 08:03 791916                     /usr/lib/x86_64-linux-gnu/libpcre.so.3.13.3
7fe8cdcaa000-7fe8cdcac000 r--p 00000000 08:03 791306                     /usr/lib/x86_64-linux-gnu/libffi.so.8.1.0
7fe8cdcac000-7fe8cdcb2000 r-xp 00002000 08:03 791306                     /usr/lib/x86_64-linux-gnu/libffi.so.8.1.0
7fe8cdcb2000-7fe8cdcb3000 r--p 00008000 08:03 791306                     /usr/lib/x86_64-linux-gnu/libffi.so.8.1.0
7fe8cdcb3000-7fe8cdcb4000 ---p 00009000 08:03 791306                     /usr/lib/x86_64-linux-gnu/libffi.so.8.1.0
7fe8cdcb4000-7fe8cdcb5000 r--p 00009000 08:03 791306                     /usr/lib/x86_64-linux-gnu/libffi.so.8.1.0
7fe8cdcb5000-7fe8cdcb6000 rw-p 0000a000 08:03 791306                     /usr/lib/x86_64-linux-gnu/libffi.so.8.1.0
7fe8cdcb6000-7fe8cdcc5000 r--p 00000000 08:03 790989                     /usr/lib/x86_64-linux-gnu/libatspi.so.0.0.1
7fe8cdcc5000-7fe8cdcde000 r-xp 0000f000 08:03 790989                     /usr/lib/x86_64-linux-gnu/libatspi.so.0.0.1
7fe8cdcde000-7fe8cdcec000 r--p 00028000 08:03 790989                     /usr/lib/x86_64-linux-gnu/libatspi.so.0.0.1
7fe8cdcec000-7fe8cdcef000 r--p 00035000 08:03 790989                     /usr/lib/x86_64-linux-gnu/libatspi.so.0.0.1
7fe8cdcef000-7fe8cdcf0000 rw-p 00038000 08:03 790989                     /usr/lib/x86_64-linux-gnu/libatspi.so.0.0.1
7fe8cdcf0000-7fe8cdcfb000 r--p 00000000 08:03 791173                     /usr/lib/x86_64-linux-gnu/libdbus-1.so.3.19.13
7fe8cdcfb000-7fe8cdd29000 r-xp 0000b000 08:03 791173                     /usr/lib/x86_64-linux-gnu/libdbus-1.so.3.19.13
7fe8cdd29000-7fe8cdd3b000 r--p 00039000 08:03 791173                     /usr/lib/x86_64-linux-gnu/libdbus-1.so.3.19.13
7fe8cdd3b000-7fe8cdd3c000 ---p 0004b000 08:03 791173                     /usr/lib/x86_64-linux-gnu/libdbus-1.so.3.19.13
7fe8cdd3c000-7fe8cdd3d000 r--p 0004b000 08:03 791173                     /usr/lib/x86_64-linux-gnu/libdbus-1.so.3.19.13
7fe8cdd3d000-7fe8cdd3e000 rw-p 0004c000 08:03 791173                     /usr/lib/x86_64-linux-gnu/libdbus-1.so.3.19.13
7fe8cdd3e000-7fe8cdd5b000 r--p 00000000 08:03 791420                     /usr/lib/x86_64-linux-gnu/libglib-2.0.so.0.6800.4
7fe8cdd5b000-7fe8cdde8000 r-xp 0001d000 08:03 791420                     /usr/lib/x86_64-linux-gnu/libglib-2.0.so.0.6800.4
7fe8cdde8000-7fe8cde70000 r--p 000aa000 08:03 791420                     /usr/lib/x86_64-linux-gnu/libglib-2.0.so.0.6800.4
7fe8cde70000-7fe8cde71000 ---p 00132000 08:03 791420                     /usr/lib/x86_64-linux-gnu/libglib-2.0.so.0.6800.4
7fe8cde71000-7fe8cde72000 r--p 00132000 08:03 791420                     /usr/lib/x86_64-linux-gnu/libglib-2.0.so.0.6800.4
7fe8cde72000-7fe8cde73000 rw-p 00133000 08:03 791420                     /usr/lib/x86_64-linux-gnu/libglib-2.0.so.0.6800.4
7fe8cde73000-7fe8cde74000 rw-p 00000000 00:00 0 
7fe8cde74000-7fe8cde82000 r--p 00000000 08:03 791450                     /usr/lib/x86_64-linux-gnu/libgobject-2.0.so.0.6800.4
7fe8cde82000-7fe8cdeb2000 r-xp 0000e000 08:03 791450                     /usr/lib/x86_64-linux-gnu/libgobject-2.0.so.0.6800.4
7fe8cdeb2000-7fe8cdecb000 r--p 0003e000 08:03 791450                     /usr/lib/x86_64-linux-gnu/libgobject-2.0.so.0.6800.4
7fe8cdecb000-7fe8cdece000 r--p 00056000 08:03 791450                     /usr/lib/x86_64-linux-gnu/libgobject-2.0.so.0.6800.4
7fe8cdece000-7fe8cdecf000 rw-p 00059000 08:03 791450                     /usr/lib/x86_64-linux-gnu/libgobject-2.0.so.0.6800.4
7fe8cdecf000-7fe8cdedb000 r--p 00000000 08:03 790981                     /usr/lib/x86_64-linux-gnu/libatk-bridge-2.0.so.0.0.0
7fe8cdedb000-7fe8cdef4000 r-xp 0000c000 08:03 790981                     /usr/lib/x86_64-linux-gnu/libatk-bridge-2.0.so.0.0.0
7fe8cdef4000-7fe8cdf03000 r--p 00025000 08:03 790981                     /usr/lib/x86_64-linux-gnu/libatk-bridge-2.0.so.0.0.0
7fe8cdf03000-7fe8cdf04000 ---p 00034000 08:03 790981                     /usr/lib/x86_64-linux-gnu/libatk-bridge-2.0.so.0.0.0
7fe8cdf04000-7fe8cdf05000 r--p 00034000 08:03 790981                     /usr/lib/x86_64-linux-gnu/libatk-bridge-2.0.so.0.0.0
7fe8cdf05000-7fe8cdf07000 rw-p 00035000 08:03 790981                     /usr/lib/x86_64-linux-gnu/libatk-bridge-2.0.so.0.0.0
7fe8cdf07000-7fe8cdf12000 r--p 00000000 08:03 790979                     /usr/lib/x86_64-linux-gnu/libatk-1.0.so.0.23609.1
7fe8cdf12000-7fe8cdf21000 r-xp 0000b000 08:03 790979                     /usr/lib/x86_64-linux-gnu/libatk-1.0.so.0.23609.1
7fe8cdf21000-7fe8cdf2d000 r--p 0001a000 08:03 790979                     /usr/lib/x86_64-linux-gnu/libatk-1.0.so.0.23609.1
7fe8cdf2d000-7fe8cdf30000 r--p 00025000 08:03 790979                     /usr/lib/x86_64-linux-gnu/libatk-1.0.so.0.23609.1
7fe8cdf30000-7fe8cdf31000 rw-p 00028000 08:03 790979                     /usr/lib/x86_64-linux-gnu/libatk-1.0.so.0.23609.1
7fe8cdf31000-7fe8cdf35000 r--p 00000000 08:03 796125                     /usr/lib/x86_64-linux-gnu/jni/libatk-wrapper.so
7fe8cdf35000-7fe8cdf4e000 r-xp 00004000 08:03 796125                     /usr/lib/x86_64-linux-gnu/jni/libatk-wrapper.so
7fe8cdf4e000-7fe8cdf58000 r--p 0001d000 08:03 796125                     /usr/lib/x86_64-linux-gnu/jni/libatk-wrapper.so
7fe8cdf58000-7fe8cdf59000 ---p 00027000 08:03 796125                     /usr/lib/x86_64-linux-gnu/jni/libatk-wrapper.so
7fe8cdf59000-7fe8cdf5a000 r--p 00027000 08:03 796125                     /usr/lib/x86_64-linux-gnu/jni/libatk-wrapper.so
7fe8cdf5a000-7fe8cdf5b000 rw-p 00028000 08:03 796125                     /usr/lib/x86_64-linux-gnu/jni/libatk-wrapper.so
7fe8cdf5b000-7fe8cdf5e000 ---p 00000000 00:00 0 
7fe8cdf5e000-7fe8ce114000 rw-p 00000000 00:00 0 
7fe8ce114000-7fe8ce194000 ---p 00000000 00:00 0 
7fe8ce194000-7fe8ce197000 ---p 00000000 00:00 0 
7fe8ce197000-7fe8ce294000 rw-p 00000000 00:00 0 
7fe8ce294000-7fe8ce296000 r--p 00000000 08:03 790901                     /usr/lib/x86_64-linux-gnu/libXcursor.so.1.0.2
7fe8ce296000-7fe8ce29c000 r-xp 00002000 08:03 790901                     /usr/lib/x86_64-linux-gnu/libXcursor.so.1.0.2
7fe8ce29c000-7fe8ce29e000 r--p 00008000 08:03 790901                     /usr/lib/x86_64-linux-gnu/libXcursor.so.1.0.2
7fe8ce29e000-7fe8ce29f000 r--p 00009000 08:03 790901                     /usr/lib/x86_64-linux-gnu/libXcursor.so.1.0.2
7fe8ce29f000-7fe8ce2a0000 rw-p 0000a000 08:03 790901                     /usr/lib/x86_64-linux-gnu/libXcursor.so.1.0.2
7fe8ce2a0000-7fe8ce2a3000 ---p 00000000 00:00 0 
7fe8ce2a3000-7fe8ce3a0000 rw-p 00000000 00:00 0 
7fe8ce3a0000-7fe8ce3a1000 r--p 00000000 08:03 791057                     /usr/lib/x86_64-linux-gnu/libbrotlicommon.so.1.0.9
7fe8ce3a1000-7fe8ce3a2000 r-xp 00001000 08:03 791057                     /usr/lib/x86_64-linux-gnu/libbrotlicommon.so.1.0.9
7fe8ce3a2000-7fe8ce3c1000 r--p 00002000 08:03 791057                     /usr/lib/x86_64-linux-gnu/libbrotlicommon.so.1.0.9
7fe8ce3c1000-7fe8ce3c2000 r--p 00020000 08:03 791057                     /usr/lib/x86_64-linux-gnu/libbrotlicommon.so.1.0.9
7fe8ce3c2000-7fe8ce3c3000 rw-p 00021000 08:03 791057                     /usr/lib/x86_64-linux-gnu/libbrotlicommon.so.1.0.9
7fe8ce3c3000-7fe8ce3c4000 r--p 00000000 08:03 791059                     /usr/lib/x86_64-linux-gnu/libbrotlidec.so.1.0.9
7fe8ce3c4000-7fe8ce3cc000 r-xp 00001000 08:03 791059                     /usr/lib/x86_64-linux-gnu/libbrotlidec.so.1.0.9
7fe8ce3cc000-7fe8ce3cf000 r--p 00009000 08:03 791059                     /usr/lib/x86_64-linux-gnu/libbrotlidec.so.1.0.9
7fe8ce3cf000-7fe8ce3d0000 r--p 0000b000 08:03 791059                     /usr/lib/x86_64-linux-gnu/libbrotlidec.so.1.0.9
7fe8ce3d0000-7fe8ce3d1000 rw-p 0000c000 08:03 791059                     /usr/lib/x86_64-linux-gnu/libbrotlidec.so.1.0.9
7fe8ce3d1000-7fe8ce3d6000 r--p 00000000 08:03 791958                     /usr/lib/x86_64-linux-gnu/libpng16.so.16.37.0
7fe8ce3d6000-7fe8ce3ff000 r-xp 00005000 08:03 791958                     /usr/lib/x86_64-linux-gnu/libpng16.so.16.37.0
7fe8ce3ff000-7fe8ce40a000 r--p 0002e000 08:03 791958                     /usr/lib/x86_64-linux-gnu/libpng16.so.16.37.0
7fe8ce40a000-7fe8ce40b000 r--p 00038000 08:03 791958                     /usr/lib/x86_64-linux-gnu/libpng16.so.16.37.0
7fe8ce40b000-7fe8ce40c000 rw-p 00039000 08:03 791958                     /usr/lib/x86_64-linux-gnu/libpng16.so.16.37.0
7fe8ce40c000-7fe8ce418000 r--p 00000000 08:03 791340                     /usr/lib/x86_64-linux-gnu/libfreetype.so.6.17.4
7fe8ce418000-7fe8ce49c000 r-xp 0000c000 08:03 791340                     /usr/lib/x86_64-linux-gnu/libfreetype.so.6.17.4
7fe8ce49c000-7fe8ce4c6000 r--p 00090000 08:03 791340                     /usr/lib/x86_64-linux-gnu/libfreetype.so.6.17.4
7fe8ce4c6000-7fe8ce4c7000 ---p 000ba000 08:03 791340                     /usr/lib/x86_64-linux-gnu/libfreetype.so.6.17.4
7fe8ce4c7000-7fe8ce4ce000 r--p 000ba000 08:03 791340                     /usr/lib/x86_64-linux-gnu/libfreetype.so.6.17.4
7fe8ce4ce000-7fe8ce4cf000 rw-p 000c1000 08:03 791340                     /usr/lib/x86_64-linux-gnu/libfreetype.so.6.17.4
7fe8ce4cf000-7fe8ce4d3000 r--p 00000000 08:03 797232                     /usr/lib/jvm/java-8-openjdk-amd64/jre/lib/amd64/libmanagement.so
7fe8ce4d3000-7fe8ce4d7000 r-xp 00004000 08:03 797232                     /usr/lib/jvm/java-8-openjdk-amd64/jre/lib/amd64/libmanagement.so
7fe8ce4d7000-7fe8ce4d9000 r--p 00008000 08:03 797232                     /usr/lib/jvm/java-8-openjdk-amd64/jre/lib/amd64/libmanagement.so
7fe8ce4d9000-7fe8ce4da000 r--p 00009000 08:03 797232                     /usr/lib/jvm/java-8-openjdk-amd64/jre/lib/amd64/libmanagement.so
7fe8ce4da000-7fe8ce4db000 rw-p 0000a000 08:03 797232                     /usr/lib/jvm/java-8-openjdk-amd64/jre/lib/amd64/libmanagement.so
7fe8ce4db000-7fe8ce4de000 r--p 00000000 08:03 1975358                    /usr/share/locale-langpack/it/LC_MESSAGES/atk10.mo
7fe8ce4de000-7fe8ce4e5000 r--p 00000000 08:03 797216                     /usr/lib/jvm/java-8-openjdk-amd64/jre/lib/amd64/libfontmanager.so
7fe8ce4e5000-7fe8ce515000 r-xp 00007000 08:03 797216                     /usr/lib/jvm/java-8-openjdk-amd64/jre/lib/amd64/libfontmanager.so
7fe8ce515000-7fe8ce531000 r--p 00037000 08:03 797216                     /usr/lib/jvm/java-8-openjdk-amd64/jre/lib/amd64/libfontmanager.so
7fe8ce531000-7fe8ce532000 ---p 00053000 08:03 797216                     /usr/lib/jvm/java-8-openjdk-amd64/jre/lib/amd64/libfontmanager.so
7fe8ce532000-7fe8ce534000 r--p 00053000 08:03 797216                     /usr/lib/jvm/java-8-openjdk-amd64/jre/lib/amd64/libfontmanager.so
7fe8ce534000-7fe8ce535000 rw-p 00055000 08:03 797216                     /usr/lib/jvm/java-8-openjdk-amd64/jre/lib/amd64/libfontmanager.so
7fe8ce535000-7fe8ce547000 r--s 0034c000 08:03 797288                     /usr/lib/jvm/java-8-openjdk-amd64/jre/lib/resources.jar
7fe8ce547000-7fe8ce566000 r--p 00000000 08:03 1975554                    /usr/share/locale-langpack/it/LC_MESSAGES/libc.mo
7fe8ce566000-7fe8ce568000 r--p 00000000 08:03 791724                     /usr/lib/x86_64-linux-gnu/libmd.so.0.0.4
7fe8ce568000-7fe8ce56f000 r-xp 00002000 08:03 791724                     /usr/lib/x86_64-linux-gnu/libmd.so.0.0.4
7fe8ce56f000-7fe8ce571000 r--p 00009000 08:03 791724                     /usr/lib/x86_64-linux-gnu/libmd.so.0.0.4
7fe8ce571000-7fe8ce572000 r--p 0000a000 08:03 791724                     /usr/lib/x86_64-linux-gnu/libmd.so.0.0.4
7fe8ce572000-7fe8ce573000 rw-p 0000b000 08:03 791724                     /usr/lib/x86_64-linux-gnu/libmd.so.0.0.4
7fe8ce573000-7fe8ce577000 r--p 00000000 08:03 791063                     /usr/lib/x86_64-linux-gnu/libbsd.so.0.11.3
7fe8ce577000-7fe8ce584000 r-xp 00004000 08:03 791063                     /usr/lib/x86_64-linux-gnu/libbsd.so.0.11.3
7fe8ce584000-7fe8ce587000 r--p 00011000 08:03 791063                     /usr/lib/x86_64-linux-gnu/libbsd.so.0.11.3
7fe8ce587000-7fe8ce588000 ---p 00014000 08:03 791063                     /usr/lib/x86_64-linux-gnu/libbsd.so.0.11.3
7fe8ce588000-7fe8ce589000 r--p 00014000 08:03 791063                     /usr/lib/x86_64-linux-gnu/libbsd.so.0.11.3
7fe8ce589000-7fe8ce58a000 rw-p 00015000 08:03 791063                     /usr/lib/x86_64-linux-gnu/libbsd.so.0.11.3
7fe8ce58a000-7fe8ce58b000 rw-p 00000000 00:00 0 
7fe8ce58b000-7fe8ce58d000 r--p 00000000 08:03 790905                     /usr/lib/x86_64-linux-gnu/libXdmcp.so.6.0.0
7fe8ce58d000-7fe8ce58f000 r-xp 00002000 08:03 790905                     /usr/lib/x86_64-linux-gnu/libXdmcp.so.6.0.0
7fe8ce58f000-7fe8ce591000 r--p 00004000 08:03 790905                     /usr/lib/x86_64-linux-gnu/libXdmcp.so.6.0.0
7fe8ce591000-7fe8ce592000 r--p 00005000 08:03 790905                     /usr/lib/x86_64-linux-gnu/libXdmcp.so.6.0.0
7fe8ce592000-7fe8ce593000 rw-p 00006000 08:03 790905                     /usr/lib/x86_64-linux-gnu/libXdmcp.so.6.0.0
7fe8ce593000-7fe8ce594000 r--p 00000000 08:03 790894                     /usr/lib/x86_64-linux-gnu/libXau.so.6.0.0
7fe8ce594000-7fe8ce596000 r-xp 00001000 08:03 790894                     /usr/lib/x86_64-linux-gnu/libXau.so.6.0.0
7fe8ce596000-7fe8ce597000 r--p 00003000 08:03 790894                     /usr/lib/x86_64-linux-gnu/libXau.so.6.0.0
7fe8ce597000-7fe8ce598000 r--p 00003000 08:03 790894                     /usr/lib/x86_64-linux-gnu/libXau.so.6.0.0
7fe8ce598000-7fe8ce599000 rw-p 00004000 08:03 790894                     /usr/lib/x86_64-linux-gnu/libXau.so.6.0.0
7fe8ce599000-7fe8ce59a000 r--p 00000000 08:03 787087                     /usr/lib/x86_64-linux-gnu/libdl.so.2
7fe8ce59a000-7fe8ce59b000 r-xp 00001000 08:03 787087                     /usr/lib/x86_64-linux-gnu/libdl.so.2
7fe8ce59b000-7fe8ce59c000 r--p 00002000 08:03 787087                     /usr/lib/x86_64-linux-gnu/libdl.so.2
7fe8ce59c000-7fe8ce59d000 r--p 00002000 08:03 787087                     /usr/lib/x86_64-linux-gnu/libdl.so.2
7fe8ce59d000-7fe8ce59e000 rw-p 00003000 08:03 787087                     /usr/lib/x86_64-linux-gnu/libdl.so.2
7fe8ce59e000-7fe8ce5a9000 r--p 00000000 08:03 792377                     /usr/lib/x86_64-linux-gnu/libxcb.so.1.1.0
7fe8ce5a9000-7fe8ce5bd000 r-xp 0000b000 08:03 792377                     /usr/lib/x86_64-linux-gnu/libxcb.so.1.1.0
7fe8ce5bd000-7fe8ce5c6000 r--p 0001f000 08:03 792377                     /usr/lib/x86_64-linux-gnu/libxcb.so.1.1.0
7fe8ce5c6000-7fe8ce5c7000 r--p 00027000 08:03 792377                     /usr/lib/x86_64-linux-gnu/libxcb.so.1.1.0
7fe8ce5c7000-7fe8ce5c8000 rw-p 00028000 08:03 792377                     /usr/lib/x86_64-linux-gnu/libxcb.so.1.1.0
7fe8ce5c8000-7fe8ce5ca000 r--p 00000000 08:03 790915                     /usr/lib/x86_64-linux-gnu/libXi.so.6.1.0
7fe8ce5ca000-7fe8ce5d5000 r-xp 00002000 08:03 790915                     /usr/lib/x86_64-linux-gnu/libXi.so.6.1.0
7fe8ce5d5000-7fe8ce5d8000 r--p 0000d000 08:03 790915                     /usr/lib/x86_64-linux-gnu/libXi.so.6.1.0
7fe8ce5d8000-7fe8ce5d9000 r--p 0000f000 08:03 790915                     /usr/lib/x86_64-linux-gnu/libXi.so.6.1.0
7fe8ce5d9000-7fe8ce5da000 rw-p 00010000 08:03 790915                     /usr/lib/x86_64-linux-gnu/libXi.so.6.1.0
7fe8ce5da000-7fe8ce5dc000 r--p 00000000 08:03 790933                     /usr/lib/x86_64-linux-gnu/libXtst.so.6.1.0
7fe8ce5dc000-7fe8ce5df000 r-xp 00002000 08:03 790933                     /usr/lib/x86_64-linux-gnu/libXtst.so.6.1.0
7fe8ce5df000-7fe8ce5e0000 r--p 00005000 08:03 790933                     /usr/lib/x86_64-linux-gnu/libXtst.so.6.1.0
7fe8ce5e0000-7fe8ce5e1000 r--p 00005000 08:03 790933                     /usr/lib/x86_64-linux-gnu/libXtst.so.6.1.0
7fe8ce5e1000-7fe8ce5e2000 rw-p 00006000 08:03 790933                     /usr/lib/x86_64-linux-gnu/libXtst.so.6.1.0
7fe8ce5e2000-7fe8ce5e4000 r--p 00000000 08:03 790927                     /usr/lib/x86_64-linux-gnu/libXrender.so.1.3.0
7fe8ce5e4000-7fe8ce5eb000 r-xp 00002000 08:03 790927                     /usr/lib/x86_64-linux-gnu/libXrender.so.1.3.0
7fe8ce5eb000-7fe8ce5ed000 r--p 00009000 08:03 790927                     /usr/lib/x86_64-linux-gnu/libXrender.so.1.3.0
7fe8ce5ed000-7fe8ce5ee000 r--p 0000a000 08:03 790927                     /usr/lib/x86_64-linux-gnu/libXrender.so.1.3.0
7fe8ce5ee000-7fe8ce5ef000 rw-p 0000b000 08:03 790927                     /usr/lib/x86_64-linux-gnu/libXrender.so.1.3.0
7fe8ce5ef000-7fe8ce608000 r--p 00000000 08:03 790890                     /usr/lib/x86_64-linux-gnu/libX11.so.6.4.0
7fe8ce608000-7fe8ce694000 r-xp 00019000 08:03 790890                     /usr/lib/x86_64-linux-gnu/libX11.so.6.4.0
7fe8ce694000-7fe8ce727000 r--p 000a5000 08:03 790890                     /usr/lib/x86_64-linux-gnu/libX11.so.6.4.0
7fe8ce727000-7fe8ce728000 ---p 00138000 08:03 790890                     /usr/lib/x86_64-linux-gnu/libX11.so.6.4.0
7fe8ce728000-7fe8ce729000 r--p 00138000 08:03 790890                     /usr/lib/x86_64-linux-gnu/libX11.so.6.4.0
7fe8ce729000-7fe8ce72d000 rw-p 00139000 08:03 790890                     /usr/lib/x86_64-linux-gnu/libX11.so.6.4.0
7fe8ce72d000-7fe8ce731000 r--p 00000000 08:03 790907                     /usr/lib/x86_64-linux-gnu/libXext.so.6.4.0
7fe8ce731000-7fe8ce73c000 r-xp 00004000 08:03 790907                     /usr/lib/x86_64-linux-gnu/libXext.so.6.4.0
7fe8ce73c000-7fe8ce740000 r--p 0000f000 08:03 790907                     /usr/lib/x86_64-linux-gnu/libXext.so.6.4.0
7fe8ce740000-7fe8ce741000 r--p 00012000 08:03 790907                     /usr/lib/x86_64-linux-gnu/libXext.so.6.4.0
7fe8ce741000-7fe8ce742000 rw-p 00013000 08:03 790907                     /usr/lib/x86_64-linux-gnu/libXext.so.6.4.0
7fe8ce742000-7fe8ce744000 r--p 00000000 08:03 790909                     /usr/lib/x86_64-linux-gnu/libXfixes.so.3.1.0
7fe8ce744000-7fe8ce747000 r-xp 00002000 08:03 790909                     /usr/lib/x86_64-linux-gnu/libXfixes.so.3.1.0
7fe8ce747000-7fe8ce748000 r--p 00005000 08:03 790909                     /usr/lib/x86_64-linux-gnu/libXfixes.so.3.1.0
7fe8ce748000-7fe8ce749000 r--p 00005000 08:03 790909                     /usr/lib/x86_64-linux-gnu/libXfixes.so.3.1.0
7fe8ce749000-7fe8ce74a000 rw-p 00006000 08:03 790909                     /usr/lib/x86_64-linux-gnu/libXfixes.so.3.1.0
7fe8ce74a000-7fe8ce751000 r--s 00000000 08:03 1449217                    /usr/lib/x86_64-linux-gnu/gconv/gconv-modules.cache
7fe8ce751000-7fe8ce761000 r--p 00000000 08:03 797214                     /usr/lib/jvm/java-8-openjdk-amd64/jre/lib/amd64/libawt_xawt.so
7fe8ce761000-7fe8ce7a0000 r-xp 00010000 08:03 797214                     /usr/lib/jvm/java-8-openjdk-amd64/jre/lib/amd64/libawt_xawt.so
7fe8ce7a0000-7fe8ce7b1000 r--p 0004f000 08:03 797214                     /usr/lib/jvm/java-8-openjdk-amd64/jre/lib/amd64/libawt_xawt.so
7fe8ce7b1000-7fe8ce7b2000 r--p 0005f000 08:03 797214                     /usr/lib/jvm/java-8-openjdk-amd64/jre/lib/amd64/libawt_xawt.so
7fe8ce7b2000-7fe8ce7b5000 rw-p 00060000 08:03 797214                     /usr/lib/jvm/java-8-openjdk-amd64/jre/lib/amd64/libawt_xawt.so
7fe8ce7b5000-7fe8ce7b7000 rw-p 00000000 00:00 0 
7fe8ce7b7000-7fe8ce7e4000 r--p 00000000 08:03 797212                     /usr/lib/jvm/java-8-openjdk-amd64/jre/lib/amd64/libawt.so
7fe8ce7e4000-7fe8ce84e000 r-xp 0002d000 08:03 797212                     /usr/lib/jvm/java-8-openjdk-amd64/jre/lib/amd64/libawt.so
7fe8ce84e000-7fe8ce85a000 r--p 00097000 08:03 797212                     /usr/lib/jvm/java-8-openjdk-amd64/jre/lib/amd64/libawt.so
7fe8ce85a000-7fe8ce85b000 ---p 000a3000 08:03 797212                     /usr/lib/jvm/java-8-openjdk-amd64/jre/lib/amd64/libawt.so
7fe8ce85b000-7fe8ce85c000 r--p 000a3000 08:03 797212                     /usr/lib/jvm/java-8-openjdk-amd64/jre/lib/amd64/libawt.so
7fe8ce85c000-7fe8ce867000 rw-p 000a4000 08:03 797212                     /usr/lib/jvm/java-8-openjdk-amd64/jre/lib/amd64/libawt.so
7fe8ce867000-7fe8cea8c000 rw-p 00000000 00:00 0 
7fe8cea8c000-7fe8cea8f000 ---p 00000000 00:00 0 
7fe8cea8f000-7fe8ceb8c000 rw-p 00000000 00:00 0 
7fe8ceb8c000-7fe8ceb8f000 r--s 0001b000 08:03 523309                     /home/idss-davide/.gradle/caches/modules-2/files-2.1/xpp3/xpp3/1.1.4c/9b988ea84b9e4e9f1874e390ce099b8ac12cfff5/xpp3-1.1.4c.jar
7fe8ceb8f000-7fe8ceb95000 r--s 00019000 08:03 523308                     /home/idss-davide/.gradle/caches/modules-2/files-2.1/xerces/xmlParserAPIs/2.6.2/65acede1e5305bd2b92213d7b5761328c6f4fd9/xmlParserAPIs-2.6.2.jar
7fe8ceb95000-7fe8ceb96000 r--s 00004000 08:03 523307                     /home/idss-davide/.gradle/caches/modules-2/files-2.1/org.khronos/opengl-api/gl1.1-android-2.1_r1/8827d279add29cf9115820671e7879de7bf80390/opengl-api-gl1.1-android-2.1_r1.jar
7fe8ceb96000-7fe8ceb9d000 r--s 0003a000 08:03 523429                     /home/idss-davide/.gradle/caches/modules-2/files-2.1/commons-codec/commons-codec/1.9/9ce04e34240f674bc72680f8b843b1457383161a/commons-codec-1.9.jar
7fe8ceb9d000-7fe8ceb9f000 r--s 0000e000 08:03 523428                     /home/idss-davide/.gradle/caches/modules-2/files-2.1/commons-logging/commons-logging/1.2/4bfc12adfe4842bf07b657f0369c4cb522955686/commons-logging-1.2.jar
7fe8ceb9f000-7fe8ceba1000 r--s 00003000 08:03 523427                     /home/idss-davide/.gradle/caches/modules-2/files-2.1/org.jetbrains/annotations/13.0/919f0dfe192fb4e063e7dacadee7f8bb9a2672a9/annotations-13.0.jar
7fe8ceba1000-7fe8cebb2000 r--s 001c2000 08:03 523304                     /home/idss-davide/.gradle/caches/modules-2/files-2.1/org.eclipse.swt.gtk.linux/x86/3.3.0-v3346/a9ce3fdc84060952a94f509442673698c3880f92/x86-3.3.0-v3346.jar
7fe8cebb2000-7fe8cebc3000 r--s 001dd000 08:03 523303                     /home/idss-davide/.gradle/caches/modules-2/files-2.1/org.eclipse.swt.gtk.linux/x86_64/3.3.0-v3346/5a7561696dc49e42713e78cb09e0563bba6b96c/x86_64-3.3.0-v3346.jar
7fe8cebc3000-7fe8cebca000 r--s 00049000 08:03 523426                     /home/idss-davide/.gradle/caches/modules-2/files-2.1/org.apache.httpcomponents/httpcore/4.4.5/e7501a1b34325abb00d17dde96150604a0658b54/httpcore-4.4.5.jar
7fe8cebca000-7fe8cebd7000 r--s 000a7000 08:03 523425                     /home/idss-davide/.gradle/caches/modules-2/files-2.1/org.apache.httpcomponents/httpclient/4.5.2/733db77aa8d9b2d68015189df76ab06304406e50/httpclient-4.5.2.jar
7fe8cebd7000-7fe8cebde000 r--s 00050000 08:03 523424                     /home/idss-davide/.gradle/caches/modules-2/files-2.1/org.apache.httpcomponents/httpcore-nio/4.4.5/f4be009e7505f6ceddf21e7960c759f413f15056/httpcore-nio-4.4.5.jar
7fe8cebde000-7fe8cebe2000 r--s 00028000 08:03 523422                     /home/idss-davide/.gradle/caches/modules-2/files-2.1/org.apache.httpcomponents/httpasyncclient/4.1.2/95aa3e6fb520191a0970a73cf09f62948ee614be/httpasyncclient-4.1.2.jar
7fe8cebe2000-7fe8cec0c000 r--s 001e9000 08:03 523423                     /home/idss-davide/.gradle/caches/modules-2/files-2.1/com.google.guava/guava/15.0/ed727a8d9f247e2050281cb083f1c77b09dcb5cd/guava-15.0.jar
7fe8cec0c000-7fe8cec0e000 r--s 00009000 08:03 523421                     /home/idss-davide/.gradle/caches/modules-2/files-2.1/org.slf4j/slf4j-api/1.7.25/da76ca59f6a57ee3102f8f9bd9cee742973efa8a/slf4j-api-1.7.25.jar
7fe8cec0e000-7fe8cec12000 r--s 0001b000 08:03 523418                     /home/idss-davide/.gradle/caches/modules-2/files-2.1/org.eclipse.californium/element-connector/2.0.0-M12/11cc8c08be9d2d975e7a9d34f46e8fb9f03234ba/element-connector-2.0.0-M12.jar
7fe8cec12000-7fe8cec1a000 r--s 00029000 08:03 523419                     /home/idss-davide/.gradle/caches/modules-2/files-2.1/org.jetbrains.kotlin/kotlin-stdlib-common/1.6.10/c118700e3a33c8a0d9adc920e9dec0831171925/kotlin-stdlib-common-1.6.10.jar
7fe8cec1a000-7fe8cec2f000 r--s 0015c000 08:03 523420                     /home/idss-davide/.gradle/caches/modules-2/files-2.1/org.jetbrains.kotlin/kotlin-stdlib/1.6.10/b8af3fe6f1ca88526914929add63cf5e7c5049af/kotlin-stdlib-1.6.10.jar
7fe8cec2f000-7fe8cec30000 r--s 00005000 08:03 523417                     /home/idss-davide/.gradle/caches/modules-2/files-2.1/org.jetbrains.kotlin/kotlin-stdlib-jdk7/1.6.10/e1c380673654a089c4f0c9f83d0ddfdc1efdb498/kotlin-stdlib-jdk7-1.6.10.jar
7fe8cec30000-7fe8cec32000 r--s 00016000 08:03 797277                     /usr/lib/jvm/java-8-openjdk-amd64/jre/lib/jce.jar
7fe8cec32000-7fe8cec43000 r--s 001c5000 08:03 797283                     /usr/lib/jvm/java-8-openjdk-amd64/jre/lib/jsse.jar
7fe8cec43000-7fe8cec44000 r--s 00005000 08:03 926829                     /home/idss-davide/issLab2022_DavideGuidetti/unibolibs/it.unibo.radarSystem22.domain-1.0.jar
7fe8cec44000-7fe8cec4d000 r--s 000d8000 08:03 926830                     /home/idss-davide/issLab2022_DavideGuidetti/unibolibs/radarPojo.jar
7fe8cec4d000-7fe8cec50000 r--s 0002e000 08:03 926828                     /home/idss-davide/issLab2022_DavideGuidetti/unibolibs/it.unibo.qakactor-2.7.jar
7fe8cec50000-7fe8cec53000 r--s 00007000 08:03 918599                     /home/idss-davide/issLab2022_DavideGuidetti/unibolibs/uniboInterfaces.jar
7fe8cec53000-7fe8cecd5000 r--s 0064a000 08:03 926825                     /home/idss-davide/issLab2022_DavideGuidetti/unibolibs/2p301.jar
7fe8cecd5000-7fe8cecd7000 r--s 0000c000 08:03 523346                     /home/idss-davide/.gradle/caches/modules-2/files-2.1/org.json/json/20160810/aca5eb39e2a12fddd6c472b240afe9ebea3a6733/json-20160810.jar
7fe8cecd7000-7fe8ced2c000 r--s 00548000 08:03 523313                     /home/idss-davide/.gradle/caches/modules-2/files-2.1/com.google.android/android/2.3.3/949a2bef1ffe62e81af5d8919d17dfcc1309c43c/android-2.3.3.jar
7fe8ced2c000-7fe8ced30000 r--s 00017000 08:03 523302                     /home/idss-davide/.gradle/caches/modules-2/files-2.1/org.pushingpixels/trident/1.3/a90e1fe1a5f47288e5820666179397dd10ca021/trident-1.3.jar
7fe8ced30000-7fe8ced38000 r--s 00056000 08:03 523416                     /home/idss-davide/.gradle/caches/modules-2/files-2.1/org.eclipse.californium/californium-core/2.0.0-M12/5b61477cf0f3634bbdf786b265178b7a50a07ae3/californium-core-2.0.0-M12.jar
7fe8ced38000-7fe8ced3b000 r--s 00016000 08:03 523430                     /home/idss-davide/.gradle/caches/modules-2/files-2.1/org.eclipse.californium/californium-proxy/2.0.0-M12/fd089cbf97a2f89e15ad6ba965ff7a196ece2219/californium-proxy-2.0.0-M12.jar
7fe8ced3b000-7fe8ced53000 r--s 00154000 08:03 523415                     /home/idss-davide/.gradle/caches/modules-2/files-2.1/org.jetbrains.kotlinx/kotlinx-coroutines-core-jvm/1.6.0/f3b8fd26c2e76d2f18cbc36aacb6e349fcb9fd5f/kotlinx-coroutines-core-jvm-1.6.0.jar
7fe8ced53000-7fe8ced84000 rw-p 00000000 00:00 0 
7fe8ced84000-7fe8ced85000 ---p 00000000 00:00 0 
7fe8ced85000-7fe8cee85000 rw-p 00000000 00:00 0 
7fe8cee85000-7fe8cee88000 ---p 00000000 00:00 0 
7fe8cee88000-7fe8cef85000 rw-p 00000000 00:00 0 
7fe8cef85000-7fe8cef86000 ---p 00000000 00:00 0 
7fe8cef86000-7fe8cef89000 ---p 00000000 00:00 0 
7fe8cef89000-7fe8cf086000 rw-p 00000000 00:00 0 
7fe8cf086000-7fe8cf087000 ---p 00000000 00:00 0 
7fe8cf087000-7fe8cf08a000 ---p 00000000 00:00 0 
7fe8cf08a000-7fe8cf187000 rw-p 00000000 00:00 0 
7fe8cf187000-7fe8cf188000 ---p 00000000 00:00 0 
7fe8cf188000-7fe8cf18b000 ---p 00000000 00:00 0 
7fe8cf18b000-7fe8cf288000 rw-p 00000000 00:00 0 
7fe8cf288000-7fe8cf28b000 ---p 00000000 00:00 0 
7fe8cf28b000-7fe8cf388000 rw-p 00000000 00:00 0 
7fe8cf388000-7fe8cf8fb000 r--p 00000000 08:03 785798                     /usr/lib/locale/locale-archive
7fe8cf8fb000-7fe8cf8fe000 ---p 00000000 00:00 0 
7fe8cf8fe000-7fe8cf9fb000 rw-p 00000000 00:00 0 
7fe8cf9fb000-7fe8cf9fe000 ---p 00000000 00:00 0 
7fe8cf9fe000-7fe8cfafb000 rw-p 00000000 00:00 0 
7fe8cfafb000-7fe8cfafc000 ---p 00000000 00:00 0 
7fe8cfafc000-7fe8d0000000 rw-p 00000000 00:00 0 
7fe8d0000000-7fe8d0021000 rw-p 00000000 00:00 0 
7fe8d0021000-7fe8d4000000 ---p 00000000 00:00 0 
7fe8d4000000-7fe8d4001000 r--s 00008000 08:03 926831                     /home/idss-davide/issLab2022_DavideGuidetti/unibolibs/unibonoawtsupports.jar
7fe8d4001000-7fe8d4006000 r--s 00037000 08:03 523414                     /home/idss-davide/.gradle/caches/modules-2/files-2.1/org.eclipse.paho/org.eclipse.paho.client.mqttv3/1.2.5/1546cfc794449c39ad569853843a930104fdc297/org.eclipse.paho.client.mqttv3-1.2.5.jar
7fe8d4006000-7fe8d400e000 r--s 0001d000 08:03 523413                     /home/idss-davide/.gradle/caches/modules-2/files-2.1/org.jetbrains.kotlinx/kotlinx-coroutines-core-common/1.3.8/f637004addee7d856f617979f583352e97a21e5a/kotlinx-coroutines-core-common-1.3.8.jar
7fe8d400e000-7fe8d400f000 r--s 00003000 08:03 523412                     /home/idss-davide/.gradle/caches/modules-2/files-2.1/org.jetbrains.kotlin/kotlin-stdlib-jdk8/1.6.10/e80fe6ac3c3573a80305f5ec43f86b829e8ab53d/kotlin-stdlib-jdk8-1.6.10.jar
7fe8d400f000-7fe8d4014000 r--p 00000000 08:03 797234                     /usr/lib/jvm/java-8-openjdk-amd64/jre/lib/amd64/libnet.so
7fe8d4014000-7fe8d4025000 r-xp 00005000 08:03 797234                     /usr/lib/jvm/java-8-openjdk-amd64/jre/lib/amd64/libnet.so
7fe8d4025000-7fe8d4029000 r--p 00016000 08:03 797234                     /usr/lib/jvm/java-8-openjdk-amd64/jre/lib/amd64/libnet.so
7fe8d4029000-7fe8d402a000 r--p 00019000 08:03 797234                     /usr/lib/jvm/java-8-openjdk-amd64/jre/lib/amd64/libnet.so
7fe8d402a000-7fe8d402b000 rw-p 0001a000 08:03 797234                     /usr/lib/jvm/java-8-openjdk-amd64/jre/lib/amd64/libnet.so
7fe8d402b000-7fe8d4032000 r--p 00000000 08:03 797235                     /usr/lib/jvm/java-8-openjdk-amd64/jre/lib/amd64/libnio.so
7fe8d4032000-7fe8d403b000 r-xp 00007000 08:03 797235                     /usr/lib/jvm/java-8-openjdk-amd64/jre/lib/amd64/libnio.so
7fe8d403b000-7fe8d403e000 r--p 00010000 08:03 797235                     /usr/lib/jvm/java-8-openjdk-amd64/jre/lib/amd64/libnio.so
7fe8d403e000-7fe8d403f000 r--p 00012000 08:03 797235                     /usr/lib/jvm/java-8-openjdk-amd64/jre/lib/amd64/libnio.so
7fe8d403f000-7fe8d4040000 rw-p 00013000 08:03 797235                     /usr/lib/jvm/java-8-openjdk-amd64/jre/lib/amd64/libnio.so
7fe8d4040000-7fe8d4044000 r--s 00041000 08:03 797264                     /usr/lib/jvm/java-8-openjdk-amd64/jre/lib/ext/sunpkcs11.jar
7fe8d4044000-7fe8d4046000 r--s 00010000 08:03 797265                     /usr/lib/jvm/java-8-openjdk-amd64/jre/lib/ext/zipfs.jar
7fe8d4046000-7fe8d404c000 r--s 0003d000 08:03 797263                     /usr/lib/jvm/java-8-openjdk-amd64/jre/lib/ext/sunjce_provider.jar
7fe8d404c000-7fe8d4067000 r--s 00394000 08:03 797256                     /usr/lib/jvm/java-8-openjdk-amd64/jre/lib/ext/cldrdata.jar
7fe8d4067000-7fe8d4082000 r--s 001d6000 08:03 797261                     /usr/lib/jvm/java-8-openjdk-amd64/jre/lib/ext/nashorn.jar
7fe8d4082000-7fe8d4085000 r--s 0000f000 08:03 797258                     /usr/lib/jvm/java-8-openjdk-amd64/jre/lib/ext/icedtea-sound.jar
7fe8d4085000-7fe8d4090000 r--s 00116000 08:03 797260                     /usr/lib/jvm/java-8-openjdk-amd64/jre/lib/ext/localedata.jar
7fe8d4090000-7fe8d4096000 r--s 000d3000 08:03 797282                     /usr/lib/jvm/java-8-openjdk-amd64/jre/lib/jfr.jar
7fe8d4096000-7fe8d5000000 rw-p 00000000 00:00 0 
7fe8d5000000-7fe8d53a0000 rwxp 00000000 00:00 0 
7fe8d53a0000-7fe8e4000000 ---p 00000000 00:00 0 
7fe8e4000000-7fe8e475d000 rw-p 00000000 00:00 0 
7fe8e475d000-7fe8e8000000 ---p 00000000 00:00 0 
7fe8e8000000-7fe8e8002000 r--s 00008000 08:03 797262                     /usr/lib/jvm/java-8-openjdk-amd64/jre/lib/ext/sunec.jar
7fe8e8002000-7fe8e8496000 rw-p 00000000 00:00 0 
7fe8e8496000-7fe8e8668000 r--s 03cab000 08:03 797289                     /usr/lib/jvm/java-8-openjdk-amd64/jre/lib/rt.jar
7fe8e8668000-7fe8e8ca1000 rw-p 00000000 00:00 0 
7fe8e8ca1000-7fe8e8ca2000 ---p 00000000 00:00 0 
7fe8e8ca2000-7fe8e8da2000 rw-p 00000000 00:00 0 
7fe8e8da2000-7fe8e8da3000 ---p 00000000 00:00 0 
7fe8e8da3000-7fe8e8ea3000 rw-p 00000000 00:00 0 
7fe8e8ea3000-7fe8e8ea4000 ---p 00000000 00:00 0 
7fe8e8ea4000-7fe8e8fa4000 rw-p 00000000 00:00 0 
7fe8e8fa4000-7fe8e8fa5000 ---p 00000000 00:00 0 
7fe8e8fa5000-7fe8e90db000 rw-p 00000000 00:00 0 
7fe8e90db000-7fe8e9403000 ---p 00000000 00:00 0 
7fe8e9403000-7fe8e9439000 rw-p 00000000 00:00 0 
7fe8e9439000-7fe8e9761000 ---p 00000000 00:00 0 
7fe8e9761000-7fe8e9791000 rw-p 00000000 00:00 0 
7fe8e9791000-7fe8e9910000 ---p 00000000 00:00 0 
7fe8e9910000-7fe8e9920000 rw-p 00000000 00:00 0 
7fe8e9920000-7fe8e9cd1000 ---p 00000000 00:00 0 
7fe8e9cd1000-7fe8e9cd4000 r--p 00000000 08:03 797242                     /usr/lib/jvm/java-8-openjdk-amd64/jre/lib/amd64/libzip.so
7fe8e9cd4000-7fe8e9cd9000 r-xp 00003000 08:03 797242                     /usr/lib/jvm/java-8-openjdk-amd64/jre/lib/amd64/libzip.so
7fe8e9cd9000-7fe8e9cdb000 r--p 00008000 08:03 797242                     /usr/lib/jvm/java-8-openjdk-amd64/jre/lib/amd64/libzip.so
7fe8e9cdb000-7fe8e9cdc000 r--p 00009000 08:03 797242                     /usr/lib/jvm/java-8-openjdk-amd64/jre/lib/amd64/libzip.so
7fe8e9cdc000-7fe8e9cdd000 rw-p 0000a000 08:03 797242                     /usr/lib/jvm/java-8-openjdk-amd64/jre/lib/amd64/libzip.so
7fe8e9cdd000-7fe8e9cea000 r--p 00000000 08:03 797223                     /usr/lib/jvm/java-8-openjdk-amd64/jre/lib/amd64/libjava.so
7fe8e9cea000-7fe8e9d02000 r-xp 0000d000 08:03 797223                     /usr/lib/jvm/java-8-openjdk-amd64/jre/lib/amd64/libjava.so
7fe8e9d02000-7fe8e9d09000 r--p 00025000 08:03 797223                     /usr/lib/jvm/java-8-openjdk-amd64/jre/lib/amd64/libjava.so
7fe8e9d09000-7fe8e9d0a000 r--p 0002b000 08:03 797223                     /usr/lib/jvm/java-8-openjdk-amd64/jre/lib/amd64/libjava.so
7fe8e9d0a000-7fe8e9d0c000 rw-p 0002c000 08:03 797223                     /usr/lib/jvm/java-8-openjdk-amd64/jre/lib/amd64/libjava.so
7fe8e9d0c000-7fe8e9d11000 r--p 00000000 08:03 797241                     /usr/lib/jvm/java-8-openjdk-amd64/jre/lib/amd64/libverify.so
7fe8e9d11000-7fe8e9d1a000 r-xp 00005000 08:03 797241                     /usr/lib/jvm/java-8-openjdk-amd64/jre/lib/amd64/libverify.so
7fe8e9d1a000-7fe8e9d1c000 r--p 0000e000 08:03 797241                     /usr/lib/jvm/java-8-openjdk-amd64/jre/lib/amd64/libverify.so
7fe8e9d1c000-7fe8e9d1e000 r--p 0000f000 08:03 797241                     /usr/lib/jvm/java-8-openjdk-amd64/jre/lib/amd64/libverify.so
7fe8e9d1e000-7fe8e9d1f000 rw-p 00011000 08:03 797241                     /usr/lib/jvm/java-8-openjdk-amd64/jre/lib/amd64/libverify.so
7fe8e9d1f000-7fe8e9d20000 r--p 00000000 08:03 787114                     /usr/lib/x86_64-linux-gnu/librt.so.1
7fe8e9d20000-7fe8e9d21000 r-xp 00001000 08:03 787114                     /usr/lib/x86_64-linux-gnu/librt.so.1
7fe8e9d21000-7fe8e9d22000 r--p 00002000 08:03 787114                     /usr/lib/x86_64-linux-gnu/librt.so.1
7fe8e9d22000-7fe8e9d23000 r--p 00002000 08:03 787114                     /usr/lib/x86_64-linux-gnu/librt.so.1
7fe8e9d23000-7fe8e9d24000 rw-p 00003000 08:03 787114                     /usr/lib/x86_64-linux-gnu/librt.so.1
7fe8e9d24000-7fe8e9d25000 ---p 00000000 00:00 0 
7fe8e9d25000-7fe8e9d28000 ---p 00000000 00:00 0 
7fe8e9d28000-7fe8e9e25000 rw-p 00000000 00:00 0 
7fe8e9e25000-7fe8e9e28000 r--p 00000000 08:03 791367                     /usr/lib/x86_64-linux-gnu/libgcc_s.so.1
7fe8e9e28000-7fe8e9e3a000 r-xp 00003000 08:03 791367                     /usr/lib/x86_64-linux-gnu/libgcc_s.so.1
7fe8e9e3a000-7fe8e9e3d000 r--p 00015000 08:03 791367                     /usr/lib/x86_64-linux-gnu/libgcc_s.so.1
7fe8e9e3d000-7fe8e9e3e000 r--p 00017000 08:03 791367                     /usr/lib/x86_64-linux-gnu/libgcc_s.so.1
7fe8e9e3e000-7fe8e9e3f000 rw-p 00018000 08:03 791367                     /usr/lib/x86_64-linux-gnu/libgcc_s.so.1
7fe8e9e3f000-7fe8e9e4c000 r--p 00000000 08:03 787091                     /usr/lib/x86_64-linux-gnu/libm.so.6
7fe8e9e4c000-7fe8e9ec6000 r-xp 0000d000 08:03 787091                     /usr/lib/x86_64-linux-gnu/libm.so.6
7fe8e9ec6000-7fe8e9f20000 r--p 00087000 08:03 787091                     /usr/lib/x86_64-linux-gnu/libm.so.6
7fe8e9f20000-7fe8e9f21000 ---p 000e1000 08:03 787091                     /usr/lib/x86_64-linux-gnu/libm.so.6
7fe8e9f21000-7fe8e9f22000 r--p 000e1000 08:03 787091                     /usr/lib/x86_64-linux-gnu/libm.so.6
7fe8e9f22000-7fe8e9f23000 rw-p 000e2000 08:03 787091                     /usr/lib/x86_64-linux-gnu/libm.so.6
7fe8e9f23000-7fe8e9fbc000 r--p 00000000 08:03 792144                     /usr/lib/x86_64-linux-gnu/libstdc++.so.6.0.29
7fe8e9fbc000-7fe8ea0bf000 r-xp 00099000 08:03 792144                     /usr/lib/x86_64-linux-gnu/libstdc++.so.6.0.29
7fe8ea0bf000-7fe8ea12b000 r--p 0019c000 08:03 792144                     /usr/lib/x86_64-linux-gnu/libstdc++.so.6.0.29
7fe8ea12b000-7fe8ea136000 r--p 00207000 08:03 792144                     /usr/lib/x86_64-linux-gnu/libstdc++.so.6.0.29
7fe8ea136000-7fe8ea139000 rw-p 00212000 08:03 792144                     /usr/lib/x86_64-linux-gnu/libstdc++.so.6.0.29
7fe8ea139000-7fe8ea13c000 rw-p 00000000 00:00 0 
7fe8ea13c000-7fe8ea331000 r--p 00000000 08:03 797245                     /usr/lib/jvm/java-8-openjdk-amd64/jre/lib/amd64/server/libjvm.so
7fe8ea331000-7fe8eac9c000 r-xp 001f5000 08:03 797245                     /usr/lib/jvm/java-8-openjdk-amd64/jre/lib/amd64/server/libjvm.so
7fe8eac9c000-7fe8eae47000 r--p 00b60000 08:03 797245                     /usr/lib/jvm/java-8-openjdk-amd64/jre/lib/amd64/server/libjvm.so
7fe8eae47000-7fe8eaedd000 r--p 00d0a000 08:03 797245                     /usr/lib/jvm/java-8-openjdk-amd64/jre/lib/amd64/server/libjvm.so
7fe8eaedd000-7fe8eaf06000 rw-p 00da0000 08:03 797245                     /usr/lib/jvm/java-8-openjdk-amd64/jre/lib/amd64/server/libjvm.so
7fe8eaf06000-7fe8eaf3c000 rw-p 00000000 00:00 0 
7fe8eaf3c000-7fe8eaf3e000 r--p 00000000 08:03 789370                     /usr/lib/x86_64-linux-gnu/libz.so.1.2.11
7fe8eaf3e000-7fe8eaf4f000 r-xp 00002000 08:03 789370                     /usr/lib/x86_64-linux-gnu/libz.so.1.2.11
7fe8eaf4f000-7fe8eaf55000 r--p 00013000 08:03 789370                     /usr/lib/x86_64-linux-gnu/libz.so.1.2.11
7fe8eaf55000-7fe8eaf56000 ---p 00019000 08:03 789370                     /usr/lib/x86_64-linux-gnu/libz.so.1.2.11
7fe8eaf56000-7fe8eaf57000 r--p 00019000 08:03 789370                     /usr/lib/x86_64-linux-gnu/libz.so.1.2.11
7fe8eaf57000-7fe8eaf58000 rw-p 0001a000 08:03 789370                     /usr/lib/x86_64-linux-gnu/libz.so.1.2.11
7fe8eaf58000-7fe8eaf80000 r--p 00000000 08:03 787082                     /usr/lib/x86_64-linux-gnu/libc.so.6
7fe8eaf80000-7fe8eb114000 r-xp 00028000 08:03 787082                     /usr/lib/x86_64-linux-gnu/libc.so.6
7fe8eb114000-7fe8eb16c000 r--p 001bc000 08:03 787082                     /usr/lib/x86_64-linux-gnu/libc.so.6
7fe8eb16c000-7fe8eb16d000 ---p 00214000 08:03 787082                     /usr/lib/x86_64-linux-gnu/libc.so.6
7fe8eb16d000-7fe8eb171000 r--p 00214000 08:03 787082                     /usr/lib/x86_64-linux-gnu/libc.so.6
7fe8eb171000-7fe8eb173000 rw-p 00218000 08:03 787082                     /usr/lib/x86_64-linux-gnu/libc.so.6
7fe8eb173000-7fe8eb180000 rw-p 00000000 00:00 0 
7fe8eb180000-7fe8eb181000 r--s 0000a000 08:03 797259                     /usr/lib/jvm/java-8-openjdk-amd64/jre/lib/ext/jaccess.jar
7fe8eb181000-7fe8eb183000 r--s 0000c000 08:03 1570957                    /usr/share/java/java-atk-wrapper.jar
7fe8eb183000-7fe8eb185000 r--s 00001000 08:03 797257                     /usr/lib/jvm/java-8-openjdk-amd64/jre/lib/ext/dnsns.jar
7fe8eb185000-7fe8eb18d000 rw-s 00000000 08:03 938711                     /tmp/hsperfdata_idss-davide/4239
7fe8eb18d000-7fe8eb18e000 rw-p 00000000 00:00 0 
7fe8eb18e000-7fe8eb18f000 r--p 00000000 00:00 0 
7fe8eb18f000-7fe8eb192000 r--p 00000000 08:03 797209                     /usr/lib/jvm/java-8-openjdk-amd64/jre/lib/amd64/jli/libjli.so
7fe8eb192000-7fe8eb19b000 r-xp 00003000 08:03 797209                     /usr/lib/jvm/java-8-openjdk-amd64/jre/lib/amd64/jli/libjli.so
7fe8eb19b000-7fe8eb19e000 r--p 0000c000 08:03 797209                     /usr/lib/jvm/java-8-openjdk-amd64/jre/lib/amd64/jli/libjli.so
7fe8eb19e000-7fe8eb19f000 r--p 0000e000 08:03 797209                     /usr/lib/jvm/java-8-openjdk-amd64/jre/lib/amd64/jli/libjli.so
7fe8eb19f000-7fe8eb1a0000 rw-p 0000f000 08:03 797209                     /usr/lib/jvm/java-8-openjdk-amd64/jre/lib/amd64/jli/libjli.so
7fe8eb1a0000-7fe8eb1a2000 rw-p 00000000 00:00 0 
7fe8eb1a2000-7fe8eb1a3000 r--p 00000000 08:03 787059                     /usr/lib/x86_64-linux-gnu/ld-linux-x86-64.so.2
7fe8eb1a3000-7fe8eb1cb000 r-xp 00001000 08:03 787059                     /usr/lib/x86_64-linux-gnu/ld-linux-x86-64.so.2
7fe8eb1cb000-7fe8eb1d5000 r--p 00029000 08:03 787059                     /usr/lib/x86_64-linux-gnu/ld-linux-x86-64.so.2
7fe8eb1d5000-7fe8eb1d7000 r--p 00032000 08:03 787059                     /usr/lib/x86_64-linux-gnu/ld-linux-x86-64.so.2
7fe8eb1d7000-7fe8eb1d9000 rw-p 00034000 08:03 787059                     /usr/lib/x86_64-linux-gnu/ld-linux-x86-64.so.2
7ffd33a21000-7ffd33a43000 rw-p 00000000 00:00 0                          [stack]
7ffd33a53000-7ffd33a57000 r--p 00000000 00:00 0                          [vvar]
7ffd33a57000-7ffd33a59000 r-xp 00000000 00:00 0                          [vdso]
ffffffffff600000-ffffffffff601000 --xp 00000000 00:00 0                  [vsyscall]

VM Arguments:
jvm_args: -Dfile.encoding=UTF-8 
java_command: unibo.actor22.local.RSActor22onPC
java_class_path (initial): /home/idss-davide/issLab2022_DavideGuidetti/unibo.actor22/bin/default:/home/idss-davide/.gradle/caches/modules-2/files-2.1/org.jetbrains.kotlinx/kotlinx-coroutines-core-jvm/1.6.0/f3b8fd26c2e76d2f18cbc36aacb6e349fcb9fd5f/kotlinx-coroutines-core-jvm-1.6.0.jar:/home/idss-davide/.gradle/caches/modules-2/files-2.1/org.jetbrains.kotlin/kotlin-stdlib-jdk8/1.6.10/e80fe6ac3c3573a80305f5ec43f86b829e8ab53d/kotlin-stdlib-jdk8-1.6.10.jar:/home/idss-davide/.gradle/caches/modules-2/files-2.1/org.jetbrains.kotlinx/kotlinx-coroutines-core-common/1.3.8/f637004addee7d856f617979f583352e97a21e5a/kotlinx-coroutines-core-common-1.3.8.jar:/home/idss-davide/.gradle/caches/modules-2/files-2.1/org.eclipse.paho/org.eclipse.paho.client.mqttv3/1.2.5/1546cfc794449c39ad569853843a930104fdc297/org.eclipse.paho.client.mqttv3-1.2.5.jar:/home/idss-davide/.gradle/caches/modules-2/files-2.1/org.eclipse.californium/californium-proxy/2.0.0-M12/fd089cbf97a2f89e15ad6ba965ff7a196ece2219/californium-proxy-2.0.0-M12.jar:/home/idss-davide/.gradle/caches/modules-2/files-2.1/org.eclipse.californium/californium-core/2.0.0-M12/5b61477cf0f3634bbdf786b265178b7a50a07ae3/californium-core-2.0.0-M12.jar:/home/idss-davide/.gradle/caches/modules-2/files-2.1/org.pushingpixels/trident/1.3/a90e1fe1a5f47288e5820666179397dd10ca021/trident-1.3.jar:/home/idss-davide/.gradle/caches/modules-2/files-2.1/com.google.android/android/2.3.3/949a2bef1ffe62e81af5d8919d17dfcc1309c43c/android-2.3.3.jar:/home/idss-davide/.gradle/caches/modules-2/files-2.1/org.json/json/20160810/aca5eb39e2a12fddd6c472b240afe9ebea3a6733/json-20160810.jar:/home/idss-davide/issLab2022_DavideGuidetti/unibolibs:/home/idss-davide/issLab2022_DavideGuidetti/unibolibs/2p301.jar:/home/idss-davide/issLab2022_DavideGuidetti/unibolibs/uniboInterfaces.jar:/home/idss-davide/issLab2022_DavideGuidetti/unibolibs/unibonoawtsupports.jar:/home/idss-davide/issLab2022_DavideGuidetti/unibolibs/it.unibo.qakactor-2.7.jar:/home/idss-davide/issLab2022_DavideGu
Launcher Type: SUN_STANDARD

Environment Variables:
PATH=/usr/local/sbin:/usr/local/bin:/usr/sbin:/usr/bin:/sbin:/bin:/usr/games:/usr/local/games:/snap/bin:/snap/bin:/opt/gradle/gradle-7.4/bin
USERNAME=idss-davide
SHELL=/bin/bash
DISPLAY=:0

Signal Handlers:
SIGSEGV: [libjvm.so+0xb39300], sa_mask[0]=11111111011111111101111111111110, sa_flags=SA_RESTART|SA_SIGINFO
SIGBUS: [libjvm.so+0xb39300], sa_mask[0]=11111111011111111101111111111110, sa_flags=SA_RESTART|SA_SIGINFO
SIGFPE: [libjvm.so+0x97ac10], sa_mask[0]=11111111011111111101111111111110, sa_flags=SA_RESTART|SA_SIGINFO
SIGPIPE: [libjvm.so+0x97ac10], sa_mask[0]=11111111011111111101111111111110, sa_flags=SA_RESTART|SA_SIGINFO
SIGXFSZ: [libjvm.so+0x97ac10], sa_mask[0]=11111111011111111101111111111110, sa_flags=SA_RESTART|SA_SIGINFO
SIGILL: [libjvm.so+0x97ac10], sa_mask[0]=11111111011111111101111111111110, sa_flags=SA_RESTART|SA_SIGINFO
SIGUSR1: SIG_DFL, sa_mask[0]=00000000000000000000000000000000, sa_flags=none
SIGUSR2: [libjvm.so+0x97a9d0], sa_mask[0]=00100000000000000000000000000000, sa_flags=SA_RESTART|SA_SIGINFO
SIGHUP: [libjvm.so+0x97ae90], sa_mask[0]=11111111011111111101111111111110, sa_flags=SA_RESTART|SA_SIGINFO
SIGINT: [libjvm.so+0x97ae90], sa_mask[0]=11111111011111111101111111111110, sa_flags=SA_RESTART|SA_SIGINFO
SIGTERM: [libjvm.so+0x97ae90], sa_mask[0]=11111111011111111101111111111110, sa_flags=SA_RESTART|SA_SIGINFO
SIGQUIT: [libjvm.so+0x97ae90], sa_mask[0]=11111111011111111101111111111110, sa_flags=SA_RESTART|SA_SIGINFO


---------------  S Y S T E M  ---------------

OS:DISTRIB_ID=Ubuntu
DISTRIB_RELEASE=21.10
DISTRIB_CODENAME=impish
DISTRIB_DESCRIPTION="Ubuntu 21.10"

uname:Linux 5.13.0-39-generic #44-Ubuntu SMP Thu Mar 24 15:35:05 UTC 2022 x86_64
libc:glibc 2.34 NPTL 2.34 
rlimit: STACK 8192k, CORE 0k, NPROC 41151, NOFILE 1048576, AS infinity
load average:0,63 0,72 0,55

/proc/meminfo:
MemTotal:       10585524 kB
MemFree:         5640316 kB
MemAvailable:    7775632 kB
Buffers:           87592 kB
Cached:          2336160 kB
SwapCached:            0 kB
Active:           787100 kB
Inactive:        3885964 kB
Active(anon):       2264 kB
Inactive(anon):  2353140 kB
Active(file):     784836 kB
Inactive(file):  1532824 kB
Unevictable:          64 kB
Mlocked:              64 kB
SwapTotal:       2097148 kB
SwapFree:        2097148 kB
Dirty:               236 kB
Writeback:             0 kB
AnonPages:       2249452 kB
Mapped:           684144 kB
Shmem:            110212 kB
KReclaimable:      91888 kB
Slab:             168572 kB
SReclaimable:      91888 kB
SUnreclaim:        76684 kB
KernelStack:       12176 kB
PageTables:        28952 kB
NFS_Unstable:          0 kB
Bounce:                0 kB
WritebackTmp:          0 kB
CommitLimit:     7389908 kB
Committed_AS:    8133204 kB
VmallocTotal:   34359738367 kB
VmallocUsed:       42720 kB
VmallocChunk:          0 kB
Percpu:             3792 kB
HardwareCorrupted:     0 kB
AnonHugePages:         0 kB
ShmemHugePages:        0 kB
ShmemPmdMapped:        0 kB
FileHugePages:         0 kB
FilePmdMapped:         0 kB
HugePages_Total:       0
HugePages_Free:        0
HugePages_Rsvd:        0
HugePages_Surp:        0
Hugepagesize:       2048 kB
Hugetlb:               0 kB
DirectMap4k:      217024 kB
DirectMap2M:    10668032 kB


CPU:total 4 (initial active 4) (4 cores per cpu, 1 threads per core) family 6 model 158 stepping 9, cmov, cx8, fxsr, mmx, sse, sse2, sse3, ssse3, sse4.1, sse4.2, popcnt, avx, avx2, aes, clmul, 3dnowpref, lzcnt, tsc, tscinvbit

/proc/cpuinfo:
processor	: 0
vendor_id	: GenuineIntel
cpu family	: 6
model		: 158
model name	: Intel(R) Core(TM) i7-7700HQ CPU @ 2.80GHz
stepping	: 9
cpu MHz		: 2808.000
cache size	: 6144 KB
physical id	: 0
siblings	: 4
core id		: 0
cpu cores	: 4
apicid		: 0
initial apicid	: 0
fpu		: yes
fpu_exception	: yes
cpuid level	: 22
wp		: yes
flags		: fpu vme de pse tsc msr pae mce cx8 apic sep mtrr pge mca cmov pat pse36 clflush mmx fxsr sse sse2 ht syscall nx rdtscp lm constant_tsc rep_good nopl xtopology nonstop_tsc cpuid tsc_known_freq pni pclmulqdq ssse3 cx16 pcid sse4_1 sse4_2 x2apic movbe popcnt aes xsave avx rdrand hypervisor lahf_lm abm 3dnowprefetch invpcid_single pti fsgsbase avx2 invpcid rdseed clflushopt md_clear flush_l1d
bugs		: cpu_meltdown spectre_v1 spectre_v2 spec_store_bypass l1tf mds swapgs itlb_multihit srbds
bogomips	: 5616.00
clflush size	: 64
cache_alignment	: 64
address sizes	: 39 bits physical, 48 bits virtual
power management:

processor	: 1
vendor_id	: GenuineIntel
cpu family	: 6
model		: 158
model name	: Intel(R) Core(TM) i7-7700HQ CPU @ 2.80GHz
stepping	: 9
cpu MHz		: 2808.000
cache size	: 6144 KB
physical id	: 0
siblings	: 4
core id		: 1
cpu cores	: 4
apicid		: 1
initial apicid	: 1
fpu		: yes
fpu_exception	: yes
cpuid level	: 22
wp		: yes
flags		: fpu vme de pse tsc msr pae mce cx8 apic sep mtrr pge mca cmov pat pse36 clflush mmx fxsr sse sse2 ht syscall nx rdtscp lm constant_tsc rep_good nopl xtopology nonstop_tsc cpuid tsc_known_freq pni pclmulqdq ssse3 cx16 pcid sse4_1 sse4_2 x2apic movbe popcnt aes xsave avx rdrand hypervisor lahf_lm abm 3dnowprefetch invpcid_single pti fsgsbase avx2 invpcid rdseed clflushopt md_clear flush_l1d
bugs		: cpu_meltdown spectre_v1 spectre_v2 spec_store_bypass l1tf mds swapgs itlb_multihit srbds
bogomips	: 5616.00
clflush size	: 64
cache_alignment	: 64
address sizes	: 39 bits physical, 48 bits virtual
power management:

processor	: 2
vendor_id	: GenuineIntel
cpu family	: 6
model		: 158
model name	: Intel(R) Core(TM) i7-7700HQ CPU @ 2.80GHz
stepping	: 9
cpu MHz		: 2808.000
cache size	: 6144 KB
physical id	: 0
siblings	: 4
core id		: 2
cpu cores	: 4
apicid		: 2
initial apicid	: 2
fpu		: yes
fpu_exception	: yes
cpuid level	: 22
wp		: yes
flags		: fpu vme de pse tsc msr pae mce cx8 apic sep mtrr pge mca cmov pat pse36 clflush mmx fxsr sse sse2 ht syscall nx rdtscp lm constant_tsc rep_good nopl xtopology nonstop_tsc cpuid tsc_known_freq pni pclmulqdq ssse3 cx16 pcid sse4_1 sse4_2 x2apic movbe popcnt aes xsave avx rdrand hypervisor lahf_lm abm 3dnowprefetch invpcid_single pti fsgsbase avx2 invpcid rdseed clflushopt md_clear flush_l1d
bugs		: cpu_meltdown spectre_v1 spectre_v2 spec_store_bypass l1tf mds swapgs itlb_multihit srbds
bogomips	: 5616.00
clflush size	: 64
cache_alignment	: 64
address sizes	: 39 bits physical, 48 bits virtual
power management:

processor	: 3
vendor_id	: GenuineIntel
cpu family	: 6
model		: 158
model name	: Intel(R) Core(TM) i7-7700HQ CPU @ 2.80GHz
stepping	: 9
cpu MHz		: 2808.000
cache size	: 6144 KB
physical id	: 0
siblings	: 4
core id		: 3
cpu cores	: 4
apicid		: 3
initial apicid	: 3
fpu		: yes
fpu_exception	: yes
cpuid level	: 22
wp		: yes
flags		: fpu vme de pse tsc msr pae mce cx8 apic sep mtrr pge mca cmov pat pse36 clflush mmx fxsr sse sse2 ht syscall nx rdtscp lm constant_tsc rep_good nopl xtopology nonstop_tsc cpuid tsc_known_freq pni pclmulqdq ssse3 cx16 pcid sse4_1 sse4_2 x2apic movbe popcnt aes xsave avx rdrand hypervisor lahf_lm abm 3dnowprefetch invpcid_single pti fsgsbase avx2 invpcid rdseed clflushopt md_clear flush_l1d
bugs		: cpu_meltdown spectre_v1 spectre_v2 spec_store_bypass l1tf mds swapgs itlb_multihit srbds
bogomips	: 5616.00
clflush size	: 64
cache_alignment	: 64
address sizes	: 39 bits physical, 48 bits virtual
power management:



Memory: 4k page, physical 10585524k(5640316k free), swap 2097148k(2097148k free)

vm_info: OpenJDK 64-Bit Server VM (25.312-b07) for linux-amd64 JRE (1.8.0_312-8u312-b07-0ubuntu1~21.10-b07), built on Nov  3 2021 13:54:59 by "buildd" with gcc 11.2.0

time: Tue Apr 12 14:21:03 2022
timezone: CEST
elapsed time: 1.572583 seconds (0d 0h 0m 1s)

