#
# A fatal error has been detected by the Java Runtime Environment:
#
#  SIGSEGV (0xb) at pc=0x00007f862e938aa2, pid=7630, tid=0x00007f862e25e640
#
# JRE version: OpenJDK Runtime Environment (8.0_312-b07) (build 1.8.0_312-8u312-b07-0ubuntu1~21.10-b07)
# Java VM: OpenJDK 64-Bit Server VM (25.312-b07 mixed mode linux-amd64 compressed oops)
# Problematic frame:
# C  [libatk-bridge-2.0.so.0+0x13aa2]
#
# Failed to write core dump. Core dumps have been disabled. To enable core dumping, try "ulimit -c unlimited" before starting Java again
#
# If you would like to submit a bug report, please visit:
#   http://bugreport.java.com/bugreport/crash.jsp
# The crash happened outside the Java Virtual Machine in native code.
# See problematic frame for where to report the bug.
#

---------------  T H R E A D  ---------------

Current thread (0x00007f864469c800):  JavaThread "AWT-EventQueue-1" [_thread_in_native, id=7655, stack(0x00007f862e15f000,0x00007f862e25f000)]

siginfo: si_signo: 11 (SIGSEGV), si_code: 1 (SEGV_MAPERR), si_addr: 0x0000000000000038

Registers:
RAX=0x0000000000000000, RBX=0x0000000000000001, RCX=0x00007f85dc004c90, RDX=0x0000000000000000
RSP=0x00007f862e25ba20, RBP=0x00007f85dc002a90, RSI=0x00007f85dc004cb0, RDI=0x00007f85dc002a90
R8 =0x00007f85dc004ca0, R9 =0x0000000000000010, R10=0xfffffffffffff91c, R11=0x00007f862e938b90
R12=0x00007f862e95c090, R13=0x00007f862f4d4bb0, R14=0x00007f862e25bad0, R15=0x00007f864469c800
RIP=0x00007f862e938aa2, EFLAGS=0x0000000000010202, CSGSFS=0x002b000000000033, ERR=0x0000000000000004
  TRAPNO=0x000000000000000e

Top of Stack: (sp=0x00007f862e25ba20)
0x00007f862e25ba20:   0000000000000001 00007f862e9b0440
0x00007f862e25ba30:   0000000000000000 00007f862e98e249
0x00007f862e25ba40:   0000000000000000 7ac0e8bd1f8a3e00
0x00007f862e25ba50:   00007f862f4d4bb0 00007f862e25bab8
0x00007f862e25ba60:   0000000000000000 00007f8635018427
0x00007f862e25ba70:   00007f8635018142 00007f862e25ba78
0x00007f862e25ba80:   00007f862f4d4bb0 00007f862e25bad0
0x00007f862e25ba90:   00007f862e9ea028 0000000000000000
0x00007f862e25baa0:   00007f862f4d4bb0 0000000000000000
0x00007f862e25bab0:   00007f862e25bad8 00007f862e25bb18
0x00007f862e25bac0:   00007f8635007ffd 000000078cb2a518
0x00007f862e25bad0:   00007f8635011a58 00007f862e25bad8
0x00007f862e25bae0:   00007f862e9ec5e2 00007f862e25bb38
0x00007f862e25baf0:   00007f862e9ec798 0000000000000000
0x00007f862e25bb00:   00007f862e9ec6f8 00007f862e25bad8
0x00007f862e25bb10:   00007f862e25bb30 00007f862e25bb80
0x00007f862e25bb20:   00007f8635008042 0000000000000000
0x00007f862e25bb30:   000000078a318788 000000078a2e2b98
0x00007f862e25bb40:   00007f862e25bb40 00007f862ea1f9c5
0x00007f862e25bb50:   00007f862e25bbc0 00007f862ea1fa70
0x00007f862e25bb60:   0000000000000000 00007f862ea1f9e8
0x00007f862e25bb70:   00007f862e25bb30 00007f862e25bbb8
0x00007f862e25bb80:   00007f862e25bc08 00007f8635008042
0x00007f862e25bb90:   0000000000000000 0000000000000000
0x00007f862e25bba0:   0000000000000006 0000000000000040
0x00007f862e25bbb0:   0000000000000000 000000078a318788
0x00007f862e25bbc0:   000000078a2e2e20 00007f862e25bbc8
0x00007f862e25bbd0:   00007f862f31c8de 00007f862e25bc28
0x00007f862e25bbe0:   00007f862f31ced0 0000000000000000
0x00007f862e25bbf0:   00007f862f31c8f0 00007f862e25bbb8
0x00007f862e25bc00:   00007f862e25bc20 00007f862e25bc70
0x00007f862e25bc10:   00007f8635007ffd 000000078a2e2e20 

Instructions: (pc=0x00007f862e938aa2)
0x00007f862e938a82:   00 5b c3 66 66 2e 0f 1f 84 00 00 00 00 00 41 54
0x00007f862e938a92:   4c 8b 25 af 24 02 00 55 48 89 fd 53 49 8b 04 24
0x00007f862e938aa2:   48 8b 78 38 48 85 ff 74 0c 48 89 ee e8 ed b2 ff
0x00007f862e938ab2:   ff 49 8b 04 24 48 8b 78 20 48 89 ee e8 9d ab ff 

Register to memory mapping:

RAX=0x0000000000000000 is an unknown value
RBX=0x0000000000000001 is an unknown value
RCX=0x00007f85dc004c90 is an unknown value
RDX=0x0000000000000000 is an unknown value
RSP=0x00007f862e25ba20 is pointing into the stack for thread: 0x00007f864469c800
RBP=0x00007f85dc002a90 is an unknown value
RSI=0x00007f85dc004cb0 is an unknown value
RDI=0x00007f85dc002a90 is an unknown value
R8 =0x00007f85dc004ca0 is an unknown value
R9 =0x0000000000000010 is an unknown value
R10=0xfffffffffffff91c is an unknown value
R11=0x00007f862e938b90: atk_bridge_set_event_context+0 in /lib/x86_64-linux-gnu/libatk-bridge-2.0.so.0 at 0x00007f862e925000
R12=0x00007f862e95c090: spi_global_app_data+0 in /lib/x86_64-linux-gnu/libatk-bridge-2.0.so.0 at 0x00007f862e925000
R13={method} {0x00007f862f4d4bb0} 'loadAtkBridge' '()V' in 'org/GNOME/Accessibility/AtkWrapper'
R14=0x00007f862e25bad0 is pointing into the stack for thread: 0x00007f864469c800
R15=0x00007f864469c800 is a thread


Stack: [0x00007f862e15f000,0x00007f862e25f000],  sp=0x00007f862e25ba20,  free space=1010k
Native frames: (J=compiled Java code, j=interpreted, Vv=VM code, C=native code)
C  [libatk-bridge-2.0.so.0+0x13aa2]

Java frames: (J=compiled Java code, j=interpreted, Vv=VM code)
j  org.GNOME.Accessibility.AtkWrapper.loadAtkBridge()V+0
j  org.GNOME.Accessibility.AtkWrapper$4.eventDispatched(Ljava/awt/AWTEvent;)V+18
j  java.awt.Toolkit$SelectiveAWTEventListener.eventDispatched(Ljava/awt/AWTEvent;)V+733
j  java.awt.Toolkit.notifyAWTEventListeners(Ljava/awt/AWTEvent;)V+30
j  java.awt.Component.dispatchEventImpl(Ljava/awt/AWTEvent;)V+257
j  java.awt.Container.dispatchEventImpl(Ljava/awt/AWTEvent;)V+42
j  java.awt.Window.dispatchEventImpl(Ljava/awt/AWTEvent;)V+19
j  java.awt.Component.dispatchEvent(Ljava/awt/AWTEvent;)V+2
j  java.awt.EventQueue.dispatchEventImpl(Ljava/awt/AWTEvent;Ljava/lang/Object;)V+41
j  java.awt.EventQueue.access$500(Ljava/awt/EventQueue;Ljava/awt/AWTEvent;Ljava/lang/Object;)V+3
j  java.awt.EventQueue$3.run()Ljava/lang/Void;+32
j  java.awt.EventQueue$3.run()Ljava/lang/Object;+1
v  ~StubRoutines::call_stub
j  java.security.AccessController.doPrivileged(Ljava/security/PrivilegedAction;Ljava/security/AccessControlContext;)Ljava/lang/Object;+0
j  java.security.ProtectionDomain$JavaSecurityAccessImpl.doIntersectionPrivilege(Ljava/security/PrivilegedAction;Ljava/security/AccessControlContext;Ljava/security/AccessControlContext;)Ljava/lang/Object;+18
j  java.security.ProtectionDomain$JavaSecurityAccessImpl.doIntersectionPrivilege(Ljava/security/PrivilegedAction;Ljava/security/AccessControlContext;)Ljava/lang/Object;+6
j  java.awt.EventQueue$4.run()Ljava/lang/Void;+11
j  java.awt.EventQueue$4.run()Ljava/lang/Object;+1
v  ~StubRoutines::call_stub
j  java.security.AccessController.doPrivileged(Ljava/security/PrivilegedAction;Ljava/security/AccessControlContext;)Ljava/lang/Object;+0
j  java.security.ProtectionDomain$JavaSecurityAccessImpl.doIntersectionPrivilege(Ljava/security/PrivilegedAction;Ljava/security/AccessControlContext;Ljava/security/AccessControlContext;)Ljava/lang/Object;+18
j  java.awt.EventQueue.dispatchEvent(Ljava/awt/AWTEvent;)V+73
j  org.GNOME.Accessibility.AtkWrapper$6.dispatchEvent(Ljava/awt/AWTEvent;)V+100
j  java.awt.EventDispatchThread.pumpOneEventForFilters(I)V+140
j  java.awt.EventDispatchThread.pumpEventsForFilter(ILjava/awt/Conditional;Ljava/awt/EventFilter;)V+35
j  java.awt.EventDispatchThread.pumpEventsForHierarchy(ILjava/awt/Conditional;Ljava/awt/Component;)V+11
j  java.awt.EventDispatchThread.pumpEvents(ILjava/awt/Conditional;)V+4
j  java.awt.EventDispatchThread.pumpEvents(Ljava/awt/Conditional;)V+3
j  java.awt.EventDispatchThread.run()V+9
v  ~StubRoutines::call_stub

---------------  P R O C E S S  ---------------

Java Threads: ( => current thread )
=>0x00007f864469c800 JavaThread "AWT-EventQueue-1" [_thread_in_native, id=7655, stack(0x00007f862e15f000,0x00007f862e25f000)]
  0x00007f864469b000 JavaThread "AWT-Shutdown" [_thread_blocked, id=7654, stack(0x00007f862e25f000,0x00007f862e35f000)]
  0x00007f8644655000 JavaThread "process reaper" daemon [_thread_blocked, id=7653, stack(0x00007f862e9b1000,0x00007f862e9ea000)]
  0x00007f8644643000 JavaThread "AWT-XAWT" daemon [_thread_in_native, id=7651, stack(0x00007f862ebea000,0x00007f862ecea000)]
  0x00007f864461e800 JavaThread "Java2D Disposer" daemon [_thread_blocked, id=7650, stack(0x00007f862ecf6000,0x00007f862edf6000)]
  0x00007f864454d800 JavaThread "qaksingle" daemon [_thread_blocked, id=7649, stack(0x00007f862f4e2000,0x00007f862f5e2000)]
  0x00007f86440c4800 JavaThread "Service Thread" daemon [_thread_blocked, id=7647, stack(0x00007f862f8bd000,0x00007f862f9bd000)]
  0x00007f86440c1800 JavaThread "C1 CompilerThread2" daemon [_thread_blocked, id=7646, stack(0x00007f86480b2000,0x00007f86481b2000)]
  0x00007f86440bf800 JavaThread "C2 CompilerThread1" daemon [_thread_in_native, id=7645, stack(0x00007f86481b3000,0x00007f86482b3000)]
  0x00007f86440bd000 JavaThread "C2 CompilerThread0" daemon [_thread_in_native, id=7644, stack(0x00007f86482b4000,0x00007f86483b4000)]
  0x00007f86440b7800 JavaThread "Signal Dispatcher" daemon [_thread_blocked, id=7643, stack(0x00007f86483ba000,0x00007f86484ba000)]
  0x00007f8644089000 JavaThread "Finalizer" daemon [_thread_blocked, id=7642, stack(0x00007f86484ba000,0x00007f86485ba000)]
  0x00007f8644084800 JavaThread "Reference Handler" daemon [_thread_blocked, id=7641, stack(0x00007f86485ba000,0x00007f86486ba000)]
  0x00007f864400b800 JavaThread "main" [_thread_in_Java, id=7634, stack(0x00007f864b84c000,0x00007f864b94c000)]

Other Threads:
  0x00007f864407a800 VMThread [stack: 0x00007f86486bb000,0x00007f86487bb000] [id=7640]
  0x00007f86440c7000 WatcherThread [stack: 0x00007f862f7bd000,0x00007f862f8bd000] [id=7648]

VM state:not at safepoint (normal execution)

VM Mutex/Monitor currently owned by a thread: None

heap address: 0x000000071e600000, size: 2586 MB, Compressed Oops mode: Zero based, Oop shift amount: 3
Narrow klass base: 0x0000000000000000, Narrow klass shift: 3
Compressed class space size: 1073741824 Address: 0x00000007c0000000

Heap:
 PSYoungGen      total 48640K, used 11930K [0x000000078a200000, 0x0000000790100000, 0x00000007c0000000)
  eden space 41984K, 16% used [0x000000078a200000,0x000000078a8a7c08,0x000000078cb00000)
  from space 6656K, 76% used [0x000000078cb00000,0x000000078cffeff0,0x000000078d180000)
  to   space 6656K, 0% used [0x000000078fa80000,0x000000078fa80000,0x0000000790100000)
 ParOldGen       total 110592K, used 8208K [0x000000071e600000, 0x0000000725200000, 0x000000078a200000)
  object space 110592K, 7% used [0x000000071e600000,0x000000071ee04010,0x0000000725200000)
 Metaspace       used 12684K, capacity 12946K, committed 13184K, reserved 1060864K
  class space    used 1292K, capacity 1366K, committed 1408K, reserved 1048576K

Card table byte_map: [0x00007f864af2a000,0x00007f864b438000] byte_map_base: 0x00007f8647637000

Marking Bits: (ParMarkBitMap*) 0x00007f864ca43720
 Begin Bits: [0x00007f862ff30000, 0x00007f8632798000)
 End Bits:   [0x00007f8632798000, 0x00007f8635000000)

Polling page: 0x00007f864ccb5000

CodeCache: size=245760Kb used=3688Kb max_used=3688Kb free=242071Kb
 bounds [0x00007f8635000000, 0x00007f86353a0000, 0x00007f8644000000]
 total_blobs=1431 nmethods=925 adapters=420
 compilation: enabled

Compilation events (10 events):
Event: 1,047 Thread 0x00007f86440c1800  902       3       sun.util.logging.PlatformLogger::finest (12 bytes)
Event: 1,048 Thread 0x00007f86440c1800 nmethod 902 0x00007f8635381050 code [0x00007f86353811c0, 0x00007f86353813e8]
Event: 1,048 Thread 0x00007f86440c1800  903       3       sun.util.logging.PlatformLogger::isLoggable (38 bytes)
Event: 1,051 Thread 0x00007f86440c1800 nmethod 903 0x00007f8635380950 code [0x00007f8635380ae0, 0x00007f8635380ee8]
Event: 1,051 Thread 0x00007f86440c1800  906       3       java.util.concurrent.locks.AbstractQueuedSynchronizer::compareAndSetState (13 bytes)
Event: 1,051 Thread 0x00007f86440c1800 nmethod 906 0x00007f8635380610 code [0x00007f8635380760, 0x00007f86353808d0]
Event: 1,051 Thread 0x00007f86440c1800  904       3       java.util.concurrent.locks.ReentrantLock$NonfairSync::tryAcquire (6 bytes)
Event: 1,051 Thread 0x00007f86440c1800 nmethod 904 0x00007f8635380190 code [0x00007f8635380300, 0x00007f8635380508]
Event: 1,051 Thread 0x00007f86440c1800  905       3       java.util.concurrent.locks.ReentrantLock$Sync::nonfairTryAcquire (67 bytes)
Event: 1,051 Thread 0x00007f86440c1800 nmethod 905 0x00007f8635386d10 code [0x00007f8635386ec0, 0x00007f86353875e8]

GC Heap History (2 events):
Event: 0,976 GC heap before
{Heap before GC invocations=1 (full 0):
 PSYoungGen      total 48640K, used 41984K [0x000000078a200000, 0x000000078d800000, 0x00000007c0000000)
  eden space 41984K, 100% used [0x000000078a200000,0x000000078cb00000,0x000000078cb00000)
  from space 6656K, 0% used [0x000000078d180000,0x000000078d180000,0x000000078d800000)
  to   space 6656K, 0% used [0x000000078cb00000,0x000000078cb00000,0x000000078d180000)
 ParOldGen       total 110592K, used 0K [0x000000071e600000, 0x0000000725200000, 0x000000078a200000)
  object space 110592K, 0% used [0x000000071e600000,0x000000071e600000,0x0000000725200000)
 Metaspace       used 11315K, capacity 11556K, committed 11776K, reserved 1060864K
  class space    used 1130K, capacity 1200K, committed 1280K, reserved 1048576K
Event: 1,000 GC heap after
Heap after GC invocations=1 (full 0):
 PSYoungGen      total 48640K, used 5115K [0x000000078a200000, 0x0000000790100000, 0x00000007c0000000)
  eden space 41984K, 0% used [0x000000078a200000,0x000000078a200000,0x000000078cb00000)
  from space 6656K, 76% used [0x000000078cb00000,0x000000078cffeff0,0x000000078d180000)
  to   space 6656K, 0% used [0x000000078fa80000,0x000000078fa80000,0x0000000790100000)
 ParOldGen       total 110592K, used 8208K [0x000000071e600000, 0x0000000725200000, 0x000000078a200000)
  object space 110592K, 7% used [0x000000071e600000,0x000000071ee04010,0x0000000725200000)
 Metaspace       used 11315K, capacity 11556K, committed 11776K, reserved 1060864K
  class space    used 1130K, capacity 1200K, committed 1280K, reserved 1048576K
}

Deoptimization events (5 events):
Event: 0,560 Thread 0x00007f864400b800 Uncommon trap: reason=unstable_if action=reinterpret pc=0x00007f86351687e8 method=java.lang.CharacterDataLatin1.digit(II)I @ 82
Event: 0,776 Thread 0x00007f864400b800 Uncommon trap: reason=unstable_if action=reinterpret pc=0x00007f86352d4348 method=java.util.regex.Pattern$CharProperty.match(Ljava/util/regex/Matcher;ILjava/lang/CharSequence;)Z @ 40
Event: 0,809 Thread 0x00007f864400b800 Uncommon trap: reason=unstable_if action=reinterpret pc=0x00007f863521e828 method=java.lang.String.replace(CC)Ljava/lang/String; @ 26
Event: 0,956 Thread 0x00007f864400b800 Uncommon trap: reason=unstable_if action=reinterpret pc=0x00007f86352fa450 method=java.util.HashMap.getNode(ILjava/lang/Object;)Ljava/util/HashMap$Node; @ 116
Event: 0,957 Thread 0x00007f864400b800 Uncommon trap: reason=unstable_if action=reinterpret pc=0x00007f86352fab80 method=java.util.HashMap.getNode(ILjava/lang/Object;)Ljava/util/HashMap$Node; @ 116

Classes redefined (0 events):
No events

Internal exceptions (10 events):
Event: 0,162 Thread 0x00007f864400b800 Exception <a 'java/security/PrivilegedActionException'> (0x000000078a2887d0) thrown at [./src/hotspot/src/share/vm/prims/jvm.cpp, line 1521]
Event: 0,470 Thread 0x00007f864400b800 Exception <a 'java/security/PrivilegedActionException'> (0x000000078a812fd8) thrown at [./src/hotspot/src/share/vm/prims/jvm.cpp, line 1521]
Event: 0,470 Thread 0x00007f864400b800 Exception <a 'java/security/PrivilegedActionException'> (0x000000078a8131e8) thrown at [./src/hotspot/src/share/vm/prims/jvm.cpp, line 1521]
Event: 0,471 Thread 0x00007f864400b800 Exception <a 'java/security/PrivilegedActionException'> (0x000000078a815908) thrown at [./src/hotspot/src/share/vm/prims/jvm.cpp, line 1521]
Event: 0,471 Thread 0x00007f864400b800 Exception <a 'java/security/PrivilegedActionException'> (0x000000078a815b18) thrown at [./src/hotspot/src/share/vm/prims/jvm.cpp, line 1521]
Event: 0,488 Thread 0x00007f864400b800 Exception <a 'java/lang/NoClassDefFoundError': org/slf4j/impl/StaticLoggerBinder> (0x000000078a8ac5f0) thrown at [./src/hotspot/src/share/vm/classfile/systemDictionary.cpp, line 206]
Event: 0,540 Thread 0x00007f864400b800 Exception <a 'java/lang/NoSuchFieldError': method resolution failed> (0x000000078a9b7890) thrown at [./src/hotspot/src/share/vm/prims/methodHandles.cpp, line 1176]
Event: 0,542 Thread 0x00007f864400b800 Exception <a 'java/lang/NoSuchFieldError': method resolution failed> (0x000000078a9c4c30) thrown at [./src/hotspot/src/share/vm/prims/methodHandles.cpp, line 1176]
Event: 0,890 Thread 0x00007f864400b800 Exception <a 'java/io/FileNotFoundException'> (0x000000078c8fed80) thrown at [./src/hotspot/src/share/vm/prims/jni.cpp, line 711]
Event: 0,908 Thread 0x00007f864400b800 Exception <a 'java/lang/ClassNotFoundException': sun/dc/DuctusRenderingEngine> (0x000000078c9190b0) thrown at [./src/hotspot/src/share/vm/classfile/systemDictionary.cpp, line 217]

Events (10 events):
Event: 1,055 loading class sun/awt/dnd/SunDropTargetEvent done
Event: 1,055 loading class java/awt/EventQueue$4 done
Event: 1,055 loading class java/awt/event/FocusEvent
Event: 1,055 loading class java/awt/event/FocusEvent done
Event: 1,055 loading class java/awt/event/InputMethodEvent
Event: 1,055 loading class sun/awt/HeadlessToolkit
Event: 1,055 loading class java/awt/event/InputMethodEvent done
Event: 1,055 loading class java/awt/event/ActionEvent
Event: 1,055 loading class java/awt/event/ActionEvent done
Event: 1,055 loading class sun/awt/HeadlessToolkit done


Dynamic libraries:
71e600000-725200000 rw-p 00000000 00:00 0 
725200000-78a200000 ---p 00000000 00:00 0 
78a200000-790100000 rw-p 00000000 00:00 0 
790100000-7c0000000 ---p 00000000 00:00 0 
7c0000000-7c0160000 rw-p 00000000 00:00 0 
7c0160000-800000000 ---p 00000000 00:00 0 
55b57f3db000-55b57f3dc000 r--p 00000000 08:03 797196                     /usr/lib/jvm/java-8-openjdk-amd64/jre/bin/java
55b57f3dc000-55b57f3dd000 r-xp 00001000 08:03 797196                     /usr/lib/jvm/java-8-openjdk-amd64/jre/bin/java
55b57f3dd000-55b57f3de000 r--p 00002000 08:03 797196                     /usr/lib/jvm/java-8-openjdk-amd64/jre/bin/java
55b57f3de000-55b57f3df000 r--p 00002000 08:03 797196                     /usr/lib/jvm/java-8-openjdk-amd64/jre/bin/java
55b57f3df000-55b57f3e0000 rw-p 00003000 08:03 797196                     /usr/lib/jvm/java-8-openjdk-amd64/jre/bin/java
55b57fa56000-55b57fa77000 rw-p 00000000 00:00 0                          [heap]
7f85d0000000-7f85d0021000 rw-p 00000000 00:00 0 
7f85d0021000-7f85d4000000 ---p 00000000 00:00 0 
7f85d8000000-7f85d8021000 rw-p 00000000 00:00 0 
7f85d8021000-7f85dc000000 ---p 00000000 00:00 0 
7f85dc000000-7f85dc021000 rw-p 00000000 00:00 0 
7f85dc021000-7f85e0000000 ---p 00000000 00:00 0 
7f85e0000000-7f85e0021000 rw-p 00000000 00:00 0 
7f85e0021000-7f85e4000000 ---p 00000000 00:00 0 
7f85e4000000-7f85e4021000 rw-p 00000000 00:00 0 
7f85e4021000-7f85e8000000 ---p 00000000 00:00 0 
7f85e8000000-7f85e8021000 rw-p 00000000 00:00 0 
7f85e8021000-7f85ec000000 ---p 00000000 00:00 0 
7f85ec000000-7f85ec021000 rw-p 00000000 00:00 0 
7f85ec021000-7f85f0000000 ---p 00000000 00:00 0 
7f85f0000000-7f85f0021000 rw-p 00000000 00:00 0 
7f85f0021000-7f85f4000000 ---p 00000000 00:00 0 
7f85f4000000-7f85f4021000 rw-p 00000000 00:00 0 
7f85f4021000-7f85f8000000 ---p 00000000 00:00 0 
7f85f8000000-7f85f8326000 rw-p 00000000 00:00 0 
7f85f8326000-7f85fc000000 ---p 00000000 00:00 0 
7f85fc000000-7f85fc4ee000 rw-p 00000000 00:00 0 
7f85fc4ee000-7f8600000000 ---p 00000000 00:00 0 
7f8600000000-7f860075a000 rw-p 00000000 00:00 0 
7f860075a000-7f8604000000 ---p 00000000 00:00 0 
7f8604000000-7f8604021000 rw-p 00000000 00:00 0 
7f8604021000-7f8608000000 ---p 00000000 00:00 0 
7f8608000000-7f8608021000 rw-p 00000000 00:00 0 
7f8608021000-7f860c000000 ---p 00000000 00:00 0 
7f860c000000-7f860c021000 rw-p 00000000 00:00 0 
7f860c021000-7f8610000000 ---p 00000000 00:00 0 
7f8610000000-7f8610021000 rw-p 00000000 00:00 0 
7f8610021000-7f8614000000 ---p 00000000 00:00 0 
7f8614000000-7f8614021000 rw-p 00000000 00:00 0 
7f8614021000-7f8618000000 ---p 00000000 00:00 0 
7f8618000000-7f8618021000 rw-p 00000000 00:00 0 
7f8618021000-7f861c000000 ---p 00000000 00:00 0 
7f8620000000-7f8620021000 rw-p 00000000 00:00 0 
7f8620021000-7f8624000000 ---p 00000000 00:00 0 
7f8628000000-7f8628021000 rw-p 00000000 00:00 0 
7f8628021000-7f862c000000 ---p 00000000 00:00 0 
7f862d95e000-7f862d95f000 ---p 00000000 00:00 0 
7f862d95f000-7f862e15f000 rw-p 00000000 00:00 0 
7f862e15f000-7f862e162000 ---p 00000000 00:00 0 
7f862e162000-7f862e25f000 rw-p 00000000 00:00 0 
7f862e25f000-7f862e262000 ---p 00000000 00:00 0 
7f862e262000-7f862e35f000 rw-p 00000000 00:00 0 
7f862e35f000-7f862e364000 r--p 00000000 08:03 791456                     /usr/lib/x86_64-linux-gnu/libgpg-error.so.0.29.0
7f862e364000-7f862e37a000 r-xp 00005000 08:03 791456                     /usr/lib/x86_64-linux-gnu/libgpg-error.so.0.29.0
7f862e37a000-7f862e384000 r--p 0001b000 08:03 791456                     /usr/lib/x86_64-linux-gnu/libgpg-error.so.0.29.0
7f862e384000-7f862e385000 ---p 00025000 08:03 791456                     /usr/lib/x86_64-linux-gnu/libgpg-error.so.0.29.0
7f862e385000-7f862e386000 r--p 00025000 08:03 791456                     /usr/lib/x86_64-linux-gnu/libgpg-error.so.0.29.0
7f862e386000-7f862e387000 rw-p 00026000 08:03 791456                     /usr/lib/x86_64-linux-gnu/libgpg-error.so.0.29.0
7f862e387000-7f862e393000 r--p 00000000 08:03 791380                     /usr/lib/x86_64-linux-gnu/libgcrypt.so.20.2.8
7f862e393000-7f862e469000 r-xp 0000c000 08:03 791380                     /usr/lib/x86_64-linux-gnu/libgcrypt.so.20.2.8
7f862e469000-7f862e4a2000 r--p 000e2000 08:03 791380                     /usr/lib/x86_64-linux-gnu/libgcrypt.so.20.2.8
7f862e4a2000-7f862e4a4000 r--p 0011a000 08:03 791380                     /usr/lib/x86_64-linux-gnu/libgcrypt.so.20.2.8
7f862e4a4000-7f862e4a9000 rw-p 0011c000 08:03 791380                     /usr/lib/x86_64-linux-gnu/libgcrypt.so.20.2.8
7f862e4a9000-7f862e4aa000 rw-p 00000000 00:00 0 
7f862e4aa000-7f862e4ad000 r--p 00000000 08:03 791090                     /usr/lib/x86_64-linux-gnu/libcap.so.2.44
7f862e4ad000-7f862e4b1000 r-xp 00003000 08:03 791090                     /usr/lib/x86_64-linux-gnu/libcap.so.2.44
7f862e4b1000-7f862e4b3000 r--p 00007000 08:03 791090                     /usr/lib/x86_64-linux-gnu/libcap.so.2.44
7f862e4b3000-7f862e4b4000 r--p 00008000 08:03 791090                     /usr/lib/x86_64-linux-gnu/libcap.so.2.44
7f862e4b4000-7f862e4b5000 rw-p 00009000 08:03 791090                     /usr/lib/x86_64-linux-gnu/libcap.so.2.44
7f862e4b5000-7f862e4b7000 r--p 00000000 08:03 791708                     /usr/lib/x86_64-linux-gnu/liblz4.so.1.9.3
7f862e4b7000-7f862e4d0000 r-xp 00002000 08:03 791708                     /usr/lib/x86_64-linux-gnu/liblz4.so.1.9.3
7f862e4d0000-7f862e4d2000 r--p 0001b000 08:03 791708                     /usr/lib/x86_64-linux-gnu/liblz4.so.1.9.3
7f862e4d2000-7f862e4d3000 ---p 0001d000 08:03 791708                     /usr/lib/x86_64-linux-gnu/liblz4.so.1.9.3
7f862e4d3000-7f862e4d4000 r--p 0001d000 08:03 791708                     /usr/lib/x86_64-linux-gnu/liblz4.so.1.9.3
7f862e4d4000-7f862e4d5000 rw-p 0001e000 08:03 791708                     /usr/lib/x86_64-linux-gnu/liblz4.so.1.9.3
7f862e4d5000-7f862e4df000 r--p 00000000 08:03 792419                     /usr/lib/x86_64-linux-gnu/libzstd.so.1.4.8
7f862e4df000-7f862e58f000 r-xp 0000a000 08:03 792419                     /usr/lib/x86_64-linux-gnu/libzstd.so.1.4.8
7f862e58f000-7f862e5a0000 r--p 000ba000 08:03 792419                     /usr/lib/x86_64-linux-gnu/libzstd.so.1.4.8
7f862e5a0000-7f862e5a1000 r--p 000ca000 08:03 792419                     /usr/lib/x86_64-linux-gnu/libzstd.so.1.4.8
7f862e5a1000-7f862e5a2000 rw-p 000cb000 08:03 792419                     /usr/lib/x86_64-linux-gnu/libzstd.so.1.4.8
7f862e5a2000-7f862e5a5000 r--p 00000000 08:03 791710                     /usr/lib/x86_64-linux-gnu/liblzma.so.5.2.5
7f862e5a5000-7f862e5c0000 r-xp 00003000 08:03 791710                     /usr/lib/x86_64-linux-gnu/liblzma.so.5.2.5
7f862e5c0000-7f862e5cb000 r--p 0001e000 08:03 791710                     /usr/lib/x86_64-linux-gnu/liblzma.so.5.2.5
7f862e5cb000-7f862e5cc000 r--p 00028000 08:03 791710                     /usr/lib/x86_64-linux-gnu/liblzma.so.5.2.5
7f862e5cc000-7f862e5cd000 rw-p 00029000 08:03 791710                     /usr/lib/x86_64-linux-gnu/liblzma.so.5.2.5
7f862e5cd000-7f862e5ce000 r--p 00000000 08:03 787110                     /usr/lib/x86_64-linux-gnu/libpthread.so.0
7f862e5ce000-7f862e5cf000 r-xp 00001000 08:03 787110                     /usr/lib/x86_64-linux-gnu/libpthread.so.0
7f862e5cf000-7f862e5d0000 r--p 00002000 08:03 787110                     /usr/lib/x86_64-linux-gnu/libpthread.so.0
7f862e5d0000-7f862e5d1000 r--p 00002000 08:03 787110                     /usr/lib/x86_64-linux-gnu/libpthread.so.0
7f862e5d1000-7f862e5d2000 rw-p 00003000 08:03 787110                     /usr/lib/x86_64-linux-gnu/libpthread.so.0
7f862e5d2000-7f862e5e3000 r--p 00000000 08:03 785067                     /usr/lib/x86_64-linux-gnu/libsystemd.so.0.31.0
7f862e5e3000-7f862e65f000 r-xp 00011000 08:03 785067                     /usr/lib/x86_64-linux-gnu/libsystemd.so.0.31.0
7f862e65f000-7f862e685000 r--p 0008d000 08:03 785067                     /usr/lib/x86_64-linux-gnu/libsystemd.so.0.31.0
7f862e685000-7f862e688000 r--p 000b2000 08:03 785067                     /usr/lib/x86_64-linux-gnu/libsystemd.so.0.31.0
7f862e688000-7f862e689000 rw-p 000b5000 08:03 785067                     /usr/lib/x86_64-linux-gnu/libsystemd.so.0.31.0
7f862e689000-7f862e68a000 rw-p 00000000 00:00 0 
7f862e68a000-7f862e68c000 r--p 00000000 08:03 791916                     /usr/lib/x86_64-linux-gnu/libpcre.so.3.13.3
7f862e68c000-7f862e6e0000 r-xp 00002000 08:03 791916                     /usr/lib/x86_64-linux-gnu/libpcre.so.3.13.3
7f862e6e0000-7f862e6fe000 r--p 00056000 08:03 791916                     /usr/lib/x86_64-linux-gnu/libpcre.so.3.13.3
7f862e6fe000-7f862e6ff000 r--p 00073000 08:03 791916                     /usr/lib/x86_64-linux-gnu/libpcre.so.3.13.3
7f862e6ff000-7f862e700000 rw-p 00074000 08:03 791916                     /usr/lib/x86_64-linux-gnu/libpcre.so.3.13.3
7f862e700000-7f862e702000 r--p 00000000 08:03 791306                     /usr/lib/x86_64-linux-gnu/libffi.so.8.1.0
7f862e702000-7f862e708000 r-xp 00002000 08:03 791306                     /usr/lib/x86_64-linux-gnu/libffi.so.8.1.0
7f862e708000-7f862e709000 r--p 00008000 08:03 791306                     /usr/lib/x86_64-linux-gnu/libffi.so.8.1.0
7f862e709000-7f862e70a000 ---p 00009000 08:03 791306                     /usr/lib/x86_64-linux-gnu/libffi.so.8.1.0
7f862e70a000-7f862e70b000 r--p 00009000 08:03 791306                     /usr/lib/x86_64-linux-gnu/libffi.so.8.1.0
7f862e70b000-7f862e70c000 rw-p 0000a000 08:03 791306                     /usr/lib/x86_64-linux-gnu/libffi.so.8.1.0
7f862e70c000-7f862e71b000 r--p 00000000 08:03 790989                     /usr/lib/x86_64-linux-gnu/libatspi.so.0.0.1
7f862e71b000-7f862e734000 r-xp 0000f000 08:03 790989                     /usr/lib/x86_64-linux-gnu/libatspi.so.0.0.1
7f862e734000-7f862e742000 r--p 00028000 08:03 790989                     /usr/lib/x86_64-linux-gnu/libatspi.so.0.0.1
7f862e742000-7f862e745000 r--p 00035000 08:03 790989                     /usr/lib/x86_64-linux-gnu/libatspi.so.0.0.1
7f862e745000-7f862e746000 rw-p 00038000 08:03 790989                     /usr/lib/x86_64-linux-gnu/libatspi.so.0.0.1
7f862e746000-7f862e751000 r--p 00000000 08:03 791173                     /usr/lib/x86_64-linux-gnu/libdbus-1.so.3.19.13
7f862e751000-7f862e77f000 r-xp 0000b000 08:03 791173                     /usr/lib/x86_64-linux-gnu/libdbus-1.so.3.19.13
7f862e77f000-7f862e791000 r--p 00039000 08:03 791173                     /usr/lib/x86_64-linux-gnu/libdbus-1.so.3.19.13
7f862e791000-7f862e792000 ---p 0004b000 08:03 791173                     /usr/lib/x86_64-linux-gnu/libdbus-1.so.3.19.13
7f862e792000-7f862e793000 r--p 0004b000 08:03 791173                     /usr/lib/x86_64-linux-gnu/libdbus-1.so.3.19.13
7f862e793000-7f862e794000 rw-p 0004c000 08:03 791173                     /usr/lib/x86_64-linux-gnu/libdbus-1.so.3.19.13
7f862e794000-7f862e7b1000 r--p 00000000 08:03 791420                     /usr/lib/x86_64-linux-gnu/libglib-2.0.so.0.6800.4
7f862e7b1000-7f862e83e000 r-xp 0001d000 08:03 791420                     /usr/lib/x86_64-linux-gnu/libglib-2.0.so.0.6800.4
7f862e83e000-7f862e8c6000 r--p 000aa000 08:03 791420                     /usr/lib/x86_64-linux-gnu/libglib-2.0.so.0.6800.4
7f862e8c6000-7f862e8c7000 ---p 00132000 08:03 791420                     /usr/lib/x86_64-linux-gnu/libglib-2.0.so.0.6800.4
7f862e8c7000-7f862e8c8000 r--p 00132000 08:03 791420                     /usr/lib/x86_64-linux-gnu/libglib-2.0.so.0.6800.4
7f862e8c8000-7f862e8c9000 rw-p 00133000 08:03 791420                     /usr/lib/x86_64-linux-gnu/libglib-2.0.so.0.6800.4
7f862e8c9000-7f862e8ca000 rw-p 00000000 00:00 0 
7f862e8ca000-7f862e8d8000 r--p 00000000 08:03 791450                     /usr/lib/x86_64-linux-gnu/libgobject-2.0.so.0.6800.4
7f862e8d8000-7f862e908000 r-xp 0000e000 08:03 791450                     /usr/lib/x86_64-linux-gnu/libgobject-2.0.so.0.6800.4
7f862e908000-7f862e921000 r--p 0003e000 08:03 791450                     /usr/lib/x86_64-linux-gnu/libgobject-2.0.so.0.6800.4
7f862e921000-7f862e924000 r--p 00056000 08:03 791450                     /usr/lib/x86_64-linux-gnu/libgobject-2.0.so.0.6800.4
7f862e924000-7f862e925000 rw-p 00059000 08:03 791450                     /usr/lib/x86_64-linux-gnu/libgobject-2.0.so.0.6800.4
7f862e925000-7f862e931000 r--p 00000000 08:03 790981                     /usr/lib/x86_64-linux-gnu/libatk-bridge-2.0.so.0.0.0
7f862e931000-7f862e94a000 r-xp 0000c000 08:03 790981                     /usr/lib/x86_64-linux-gnu/libatk-bridge-2.0.so.0.0.0
7f862e94a000-7f862e959000 r--p 00025000 08:03 790981                     /usr/lib/x86_64-linux-gnu/libatk-bridge-2.0.so.0.0.0
7f862e959000-7f862e95a000 ---p 00034000 08:03 790981                     /usr/lib/x86_64-linux-gnu/libatk-bridge-2.0.so.0.0.0
7f862e95a000-7f862e95b000 r--p 00034000 08:03 790981                     /usr/lib/x86_64-linux-gnu/libatk-bridge-2.0.so.0.0.0
7f862e95b000-7f862e95d000 rw-p 00035000 08:03 790981                     /usr/lib/x86_64-linux-gnu/libatk-bridge-2.0.so.0.0.0
7f862e95d000-7f862e968000 r--p 00000000 08:03 790979                     /usr/lib/x86_64-linux-gnu/libatk-1.0.so.0.23609.1
7f862e968000-7f862e977000 r-xp 0000b000 08:03 790979                     /usr/lib/x86_64-linux-gnu/libatk-1.0.so.0.23609.1
7f862e977000-7f862e983000 r--p 0001a000 08:03 790979                     /usr/lib/x86_64-linux-gnu/libatk-1.0.so.0.23609.1
7f862e983000-7f862e986000 r--p 00025000 08:03 790979                     /usr/lib/x86_64-linux-gnu/libatk-1.0.so.0.23609.1
7f862e986000-7f862e987000 rw-p 00028000 08:03 790979                     /usr/lib/x86_64-linux-gnu/libatk-1.0.so.0.23609.1
7f862e987000-7f862e98b000 r--p 00000000 08:03 796125                     /usr/lib/x86_64-linux-gnu/jni/libatk-wrapper.so
7f862e98b000-7f862e9a4000 r-xp 00004000 08:03 796125                     /usr/lib/x86_64-linux-gnu/jni/libatk-wrapper.so
7f862e9a4000-7f862e9ae000 r--p 0001d000 08:03 796125                     /usr/lib/x86_64-linux-gnu/jni/libatk-wrapper.so
7f862e9ae000-7f862e9af000 ---p 00027000 08:03 796125                     /usr/lib/x86_64-linux-gnu/jni/libatk-wrapper.so
7f862e9af000-7f862e9b0000 r--p 00027000 08:03 796125                     /usr/lib/x86_64-linux-gnu/jni/libatk-wrapper.so
7f862e9b0000-7f862e9b1000 rw-p 00028000 08:03 796125                     /usr/lib/x86_64-linux-gnu/jni/libatk-wrapper.so
7f862e9b1000-7f862e9b4000 ---p 00000000 00:00 0 
7f862e9b4000-7f862eb6a000 rw-p 00000000 00:00 0 
7f862eb6a000-7f862ebea000 ---p 00000000 00:00 0 
7f862ebea000-7f862ebed000 ---p 00000000 00:00 0 
7f862ebed000-7f862ecea000 rw-p 00000000 00:00 0 
7f862ecea000-7f862ecec000 r--p 00000000 08:03 790901                     /usr/lib/x86_64-linux-gnu/libXcursor.so.1.0.2
7f862ecec000-7f862ecf2000 r-xp 00002000 08:03 790901                     /usr/lib/x86_64-linux-gnu/libXcursor.so.1.0.2
7f862ecf2000-7f862ecf4000 r--p 00008000 08:03 790901                     /usr/lib/x86_64-linux-gnu/libXcursor.so.1.0.2
7f862ecf4000-7f862ecf5000 r--p 00009000 08:03 790901                     /usr/lib/x86_64-linux-gnu/libXcursor.so.1.0.2
7f862ecf5000-7f862ecf6000 rw-p 0000a000 08:03 790901                     /usr/lib/x86_64-linux-gnu/libXcursor.so.1.0.2
7f862ecf6000-7f862ecf9000 ---p 00000000 00:00 0 
7f862ecf9000-7f862edf6000 rw-p 00000000 00:00 0 
7f862edf6000-7f862edf7000 r--p 00000000 08:03 791057                     /usr/lib/x86_64-linux-gnu/libbrotlicommon.so.1.0.9
7f862edf7000-7f862edf8000 r-xp 00001000 08:03 791057                     /usr/lib/x86_64-linux-gnu/libbrotlicommon.so.1.0.9
7f862edf8000-7f862ee17000 r--p 00002000 08:03 791057                     /usr/lib/x86_64-linux-gnu/libbrotlicommon.so.1.0.9
7f862ee17000-7f862ee18000 r--p 00020000 08:03 791057                     /usr/lib/x86_64-linux-gnu/libbrotlicommon.so.1.0.9
7f862ee18000-7f862ee19000 rw-p 00021000 08:03 791057                     /usr/lib/x86_64-linux-gnu/libbrotlicommon.so.1.0.9
7f862ee19000-7f862ee1a000 r--p 00000000 08:03 791059                     /usr/lib/x86_64-linux-gnu/libbrotlidec.so.1.0.9
7f862ee1a000-7f862ee22000 r-xp 00001000 08:03 791059                     /usr/lib/x86_64-linux-gnu/libbrotlidec.so.1.0.9
7f862ee22000-7f862ee25000 r--p 00009000 08:03 791059                     /usr/lib/x86_64-linux-gnu/libbrotlidec.so.1.0.9
7f862ee25000-7f862ee26000 r--p 0000b000 08:03 791059                     /usr/lib/x86_64-linux-gnu/libbrotlidec.so.1.0.9
7f862ee26000-7f862ee27000 rw-p 0000c000 08:03 791059                     /usr/lib/x86_64-linux-gnu/libbrotlidec.so.1.0.9
7f862ee27000-7f862ee2c000 r--p 00000000 08:03 791958                     /usr/lib/x86_64-linux-gnu/libpng16.so.16.37.0
7f862ee2c000-7f862ee55000 r-xp 00005000 08:03 791958                     /usr/lib/x86_64-linux-gnu/libpng16.so.16.37.0
7f862ee55000-7f862ee60000 r--p 0002e000 08:03 791958                     /usr/lib/x86_64-linux-gnu/libpng16.so.16.37.0
7f862ee60000-7f862ee61000 r--p 00038000 08:03 791958                     /usr/lib/x86_64-linux-gnu/libpng16.so.16.37.0
7f862ee61000-7f862ee62000 rw-p 00039000 08:03 791958                     /usr/lib/x86_64-linux-gnu/libpng16.so.16.37.0
7f862ee62000-7f862ee6e000 r--p 00000000 08:03 791340                     /usr/lib/x86_64-linux-gnu/libfreetype.so.6.17.4
7f862ee6e000-7f862eef2000 r-xp 0000c000 08:03 791340                     /usr/lib/x86_64-linux-gnu/libfreetype.so.6.17.4
7f862eef2000-7f862ef1c000 r--p 00090000 08:03 791340                     /usr/lib/x86_64-linux-gnu/libfreetype.so.6.17.4
7f862ef1c000-7f862ef1d000 ---p 000ba000 08:03 791340                     /usr/lib/x86_64-linux-gnu/libfreetype.so.6.17.4
7f862ef1d000-7f862ef24000 r--p 000ba000 08:03 791340                     /usr/lib/x86_64-linux-gnu/libfreetype.so.6.17.4
7f862ef24000-7f862ef25000 rw-p 000c1000 08:03 791340                     /usr/lib/x86_64-linux-gnu/libfreetype.so.6.17.4
7f862ef25000-7f862ef29000 r--p 00000000 08:03 797232                     /usr/lib/jvm/java-8-openjdk-amd64/jre/lib/amd64/libmanagement.so
7f862ef29000-7f862ef2d000 r-xp 00004000 08:03 797232                     /usr/lib/jvm/java-8-openjdk-amd64/jre/lib/amd64/libmanagement.so
7f862ef2d000-7f862ef2f000 r--p 00008000 08:03 797232                     /usr/lib/jvm/java-8-openjdk-amd64/jre/lib/amd64/libmanagement.so
7f862ef2f000-7f862ef30000 r--p 00009000 08:03 797232                     /usr/lib/jvm/java-8-openjdk-amd64/jre/lib/amd64/libmanagement.so
7f862ef30000-7f862ef31000 rw-p 0000a000 08:03 797232                     /usr/lib/jvm/java-8-openjdk-amd64/jre/lib/amd64/libmanagement.so
7f862ef31000-7f862ef34000 r--p 00000000 08:03 1975358                    /usr/share/locale-langpack/it/LC_MESSAGES/atk10.mo
7f862ef34000-7f862ef3b000 r--p 00000000 08:03 797216                     /usr/lib/jvm/java-8-openjdk-amd64/jre/lib/amd64/libfontmanager.so
7f862ef3b000-7f862ef6b000 r-xp 00007000 08:03 797216                     /usr/lib/jvm/java-8-openjdk-amd64/jre/lib/amd64/libfontmanager.so
7f862ef6b000-7f862ef87000 r--p 00037000 08:03 797216                     /usr/lib/jvm/java-8-openjdk-amd64/jre/lib/amd64/libfontmanager.so
7f862ef87000-7f862ef88000 ---p 00053000 08:03 797216                     /usr/lib/jvm/java-8-openjdk-amd64/jre/lib/amd64/libfontmanager.so
7f862ef88000-7f862ef8a000 r--p 00053000 08:03 797216                     /usr/lib/jvm/java-8-openjdk-amd64/jre/lib/amd64/libfontmanager.so
7f862ef8a000-7f862ef8b000 rw-p 00055000 08:03 797216                     /usr/lib/jvm/java-8-openjdk-amd64/jre/lib/amd64/libfontmanager.so
7f862ef8b000-7f862ef9d000 r--s 0034c000 08:03 797288                     /usr/lib/jvm/java-8-openjdk-amd64/jre/lib/resources.jar
7f862ef9d000-7f862efbc000 r--p 00000000 08:03 1975554                    /usr/share/locale-langpack/it/LC_MESSAGES/libc.mo
7f862efbc000-7f862efbe000 r--p 00000000 08:03 791724                     /usr/lib/x86_64-linux-gnu/libmd.so.0.0.4
7f862efbe000-7f862efc5000 r-xp 00002000 08:03 791724                     /usr/lib/x86_64-linux-gnu/libmd.so.0.0.4
7f862efc5000-7f862efc7000 r--p 00009000 08:03 791724                     /usr/lib/x86_64-linux-gnu/libmd.so.0.0.4
7f862efc7000-7f862efc8000 r--p 0000a000 08:03 791724                     /usr/lib/x86_64-linux-gnu/libmd.so.0.0.4
7f862efc8000-7f862efc9000 rw-p 0000b000 08:03 791724                     /usr/lib/x86_64-linux-gnu/libmd.so.0.0.4
7f862efc9000-7f862efcd000 r--p 00000000 08:03 791063                     /usr/lib/x86_64-linux-gnu/libbsd.so.0.11.3
7f862efcd000-7f862efda000 r-xp 00004000 08:03 791063                     /usr/lib/x86_64-linux-gnu/libbsd.so.0.11.3
7f862efda000-7f862efdd000 r--p 00011000 08:03 791063                     /usr/lib/x86_64-linux-gnu/libbsd.so.0.11.3
7f862efdd000-7f862efde000 ---p 00014000 08:03 791063                     /usr/lib/x86_64-linux-gnu/libbsd.so.0.11.3
7f862efde000-7f862efdf000 r--p 00014000 08:03 791063                     /usr/lib/x86_64-linux-gnu/libbsd.so.0.11.3
7f862efdf000-7f862efe0000 rw-p 00015000 08:03 791063                     /usr/lib/x86_64-linux-gnu/libbsd.so.0.11.3
7f862efe0000-7f862efe1000 rw-p 00000000 00:00 0 
7f862efe1000-7f862efe3000 r--p 00000000 08:03 790905                     /usr/lib/x86_64-linux-gnu/libXdmcp.so.6.0.0
7f862efe3000-7f862efe5000 r-xp 00002000 08:03 790905                     /usr/lib/x86_64-linux-gnu/libXdmcp.so.6.0.0
7f862efe5000-7f862efe7000 r--p 00004000 08:03 790905                     /usr/lib/x86_64-linux-gnu/libXdmcp.so.6.0.0
7f862efe7000-7f862efe8000 r--p 00005000 08:03 790905                     /usr/lib/x86_64-linux-gnu/libXdmcp.so.6.0.0
7f862efe8000-7f862efe9000 rw-p 00006000 08:03 790905                     /usr/lib/x86_64-linux-gnu/libXdmcp.so.6.0.0
7f862efe9000-7f862efea000 r--p 00000000 08:03 790894                     /usr/lib/x86_64-linux-gnu/libXau.so.6.0.0
7f862efea000-7f862efec000 r-xp 00001000 08:03 790894                     /usr/lib/x86_64-linux-gnu/libXau.so.6.0.0
7f862efec000-7f862efed000 r--p 00003000 08:03 790894                     /usr/lib/x86_64-linux-gnu/libXau.so.6.0.0
7f862efed000-7f862efee000 r--p 00003000 08:03 790894                     /usr/lib/x86_64-linux-gnu/libXau.so.6.0.0
7f862efee000-7f862efef000 rw-p 00004000 08:03 790894                     /usr/lib/x86_64-linux-gnu/libXau.so.6.0.0
7f862efef000-7f862eff0000 r--p 00000000 08:03 787087                     /usr/lib/x86_64-linux-gnu/libdl.so.2
7f862eff0000-7f862eff1000 r-xp 00001000 08:03 787087                     /usr/lib/x86_64-linux-gnu/libdl.so.2
7f862eff1000-7f862eff2000 r--p 00002000 08:03 787087                     /usr/lib/x86_64-linux-gnu/libdl.so.2
7f862eff2000-7f862eff3000 r--p 00002000 08:03 787087                     /usr/lib/x86_64-linux-gnu/libdl.so.2
7f862eff3000-7f862eff4000 rw-p 00003000 08:03 787087                     /usr/lib/x86_64-linux-gnu/libdl.so.2
7f862eff4000-7f862efff000 r--p 00000000 08:03 792377                     /usr/lib/x86_64-linux-gnu/libxcb.so.1.1.0
7f862efff000-7f862f013000 r-xp 0000b000 08:03 792377                     /usr/lib/x86_64-linux-gnu/libxcb.so.1.1.0
7f862f013000-7f862f01c000 r--p 0001f000 08:03 792377                     /usr/lib/x86_64-linux-gnu/libxcb.so.1.1.0
7f862f01c000-7f862f01d000 r--p 00027000 08:03 792377                     /usr/lib/x86_64-linux-gnu/libxcb.so.1.1.0
7f862f01d000-7f862f01e000 rw-p 00028000 08:03 792377                     /usr/lib/x86_64-linux-gnu/libxcb.so.1.1.0
7f862f01e000-7f862f020000 r--p 00000000 08:03 790915                     /usr/lib/x86_64-linux-gnu/libXi.so.6.1.0
7f862f020000-7f862f02b000 r-xp 00002000 08:03 790915                     /usr/lib/x86_64-linux-gnu/libXi.so.6.1.0
7f862f02b000-7f862f02e000 r--p 0000d000 08:03 790915                     /usr/lib/x86_64-linux-gnu/libXi.so.6.1.0
7f862f02e000-7f862f02f000 r--p 0000f000 08:03 790915                     /usr/lib/x86_64-linux-gnu/libXi.so.6.1.0
7f862f02f000-7f862f030000 rw-p 00010000 08:03 790915                     /usr/lib/x86_64-linux-gnu/libXi.so.6.1.0
7f862f030000-7f862f032000 r--p 00000000 08:03 790933                     /usr/lib/x86_64-linux-gnu/libXtst.so.6.1.0
7f862f032000-7f862f035000 r-xp 00002000 08:03 790933                     /usr/lib/x86_64-linux-gnu/libXtst.so.6.1.0
7f862f035000-7f862f036000 r--p 00005000 08:03 790933                     /usr/lib/x86_64-linux-gnu/libXtst.so.6.1.0
7f862f036000-7f862f037000 r--p 00005000 08:03 790933                     /usr/lib/x86_64-linux-gnu/libXtst.so.6.1.0
7f862f037000-7f862f038000 rw-p 00006000 08:03 790933                     /usr/lib/x86_64-linux-gnu/libXtst.so.6.1.0
7f862f038000-7f862f03a000 r--p 00000000 08:03 790927                     /usr/lib/x86_64-linux-gnu/libXrender.so.1.3.0
7f862f03a000-7f862f041000 r-xp 00002000 08:03 790927                     /usr/lib/x86_64-linux-gnu/libXrender.so.1.3.0
7f862f041000-7f862f043000 r--p 00009000 08:03 790927                     /usr/lib/x86_64-linux-gnu/libXrender.so.1.3.0
7f862f043000-7f862f044000 r--p 0000a000 08:03 790927                     /usr/lib/x86_64-linux-gnu/libXrender.so.1.3.0
7f862f044000-7f862f045000 rw-p 0000b000 08:03 790927                     /usr/lib/x86_64-linux-gnu/libXrender.so.1.3.0
7f862f045000-7f862f05e000 r--p 00000000 08:03 790890                     /usr/lib/x86_64-linux-gnu/libX11.so.6.4.0
7f862f05e000-7f862f0ea000 r-xp 00019000 08:03 790890                     /usr/lib/x86_64-linux-gnu/libX11.so.6.4.0
7f862f0ea000-7f862f17d000 r--p 000a5000 08:03 790890                     /usr/lib/x86_64-linux-gnu/libX11.so.6.4.0
7f862f17d000-7f862f17e000 ---p 00138000 08:03 790890                     /usr/lib/x86_64-linux-gnu/libX11.so.6.4.0
7f862f17e000-7f862f17f000 r--p 00138000 08:03 790890                     /usr/lib/x86_64-linux-gnu/libX11.so.6.4.0
7f862f17f000-7f862f183000 rw-p 00139000 08:03 790890                     /usr/lib/x86_64-linux-gnu/libX11.so.6.4.0
7f862f183000-7f862f187000 r--p 00000000 08:03 790907                     /usr/lib/x86_64-linux-gnu/libXext.so.6.4.0
7f862f187000-7f862f192000 r-xp 00004000 08:03 790907                     /usr/lib/x86_64-linux-gnu/libXext.so.6.4.0
7f862f192000-7f862f196000 r--p 0000f000 08:03 790907                     /usr/lib/x86_64-linux-gnu/libXext.so.6.4.0
7f862f196000-7f862f197000 r--p 00012000 08:03 790907                     /usr/lib/x86_64-linux-gnu/libXext.so.6.4.0
7f862f197000-7f862f198000 rw-p 00013000 08:03 790907                     /usr/lib/x86_64-linux-gnu/libXext.so.6.4.0
7f862f198000-7f862f19a000 r--p 00000000 08:03 790909                     /usr/lib/x86_64-linux-gnu/libXfixes.so.3.1.0
7f862f19a000-7f862f19d000 r-xp 00002000 08:03 790909                     /usr/lib/x86_64-linux-gnu/libXfixes.so.3.1.0
7f862f19d000-7f862f19e000 r--p 00005000 08:03 790909                     /usr/lib/x86_64-linux-gnu/libXfixes.so.3.1.0
7f862f19e000-7f862f19f000 r--p 00005000 08:03 790909                     /usr/lib/x86_64-linux-gnu/libXfixes.so.3.1.0
7f862f19f000-7f862f1a0000 rw-p 00006000 08:03 790909                     /usr/lib/x86_64-linux-gnu/libXfixes.so.3.1.0
7f862f1a0000-7f862f1a7000 r--s 00000000 08:03 1449217                    /usr/lib/x86_64-linux-gnu/gconv/gconv-modules.cache
7f862f1a7000-7f862f1b7000 r--p 00000000 08:03 797214                     /usr/lib/jvm/java-8-openjdk-amd64/jre/lib/amd64/libawt_xawt.so
7f862f1b7000-7f862f1f6000 r-xp 00010000 08:03 797214                     /usr/lib/jvm/java-8-openjdk-amd64/jre/lib/amd64/libawt_xawt.so
7f862f1f6000-7f862f207000 r--p 0004f000 08:03 797214                     /usr/lib/jvm/java-8-openjdk-amd64/jre/lib/amd64/libawt_xawt.so
7f862f207000-7f862f208000 r--p 0005f000 08:03 797214                     /usr/lib/jvm/java-8-openjdk-amd64/jre/lib/amd64/libawt_xawt.so
7f862f208000-7f862f20b000 rw-p 00060000 08:03 797214                     /usr/lib/jvm/java-8-openjdk-amd64/jre/lib/amd64/libawt_xawt.so
7f862f20b000-7f862f20d000 rw-p 00000000 00:00 0 
7f862f20d000-7f862f23a000 r--p 00000000 08:03 797212                     /usr/lib/jvm/java-8-openjdk-amd64/jre/lib/amd64/libawt.so
7f862f23a000-7f862f2a4000 r-xp 0002d000 08:03 797212                     /usr/lib/jvm/java-8-openjdk-amd64/jre/lib/amd64/libawt.so
7f862f2a4000-7f862f2b0000 r--p 00097000 08:03 797212                     /usr/lib/jvm/java-8-openjdk-amd64/jre/lib/amd64/libawt.so
7f862f2b0000-7f862f2b1000 ---p 000a3000 08:03 797212                     /usr/lib/jvm/java-8-openjdk-amd64/jre/lib/amd64/libawt.so
7f862f2b1000-7f862f2b2000 r--p 000a3000 08:03 797212                     /usr/lib/jvm/java-8-openjdk-amd64/jre/lib/amd64/libawt.so
7f862f2b2000-7f862f2bd000 rw-p 000a4000 08:03 797212                     /usr/lib/jvm/java-8-openjdk-amd64/jre/lib/amd64/libawt.so
7f862f2bd000-7f862f4e2000 rw-p 00000000 00:00 0 
7f862f4e2000-7f862f4e5000 ---p 00000000 00:00 0 
7f862f4e5000-7f862f5e2000 rw-p 00000000 00:00 0 
7f862f5e2000-7f862f5e5000 r--s 0001b000 08:03 523309                     /home/idss-davide/.gradle/caches/modules-2/files-2.1/xpp3/xpp3/1.1.4c/9b988ea84b9e4e9f1874e390ce099b8ac12cfff5/xpp3-1.1.4c.jar
7f862f5e5000-7f862f5eb000 r--s 00019000 08:03 523308                     /home/idss-davide/.gradle/caches/modules-2/files-2.1/xerces/xmlParserAPIs/2.6.2/65acede1e5305bd2b92213d7b5761328c6f4fd9/xmlParserAPIs-2.6.2.jar
7f862f5eb000-7f862f5ec000 r--s 00004000 08:03 523307                     /home/idss-davide/.gradle/caches/modules-2/files-2.1/org.khronos/opengl-api/gl1.1-android-2.1_r1/8827d279add29cf9115820671e7879de7bf80390/opengl-api-gl1.1-android-2.1_r1.jar
7f862f5ec000-7f862f5f3000 r--s 0003a000 08:03 523429                     /home/idss-davide/.gradle/caches/modules-2/files-2.1/commons-codec/commons-codec/1.9/9ce04e34240f674bc72680f8b843b1457383161a/commons-codec-1.9.jar
7f862f5f3000-7f862f5f5000 r--s 0000e000 08:03 523428                     /home/idss-davide/.gradle/caches/modules-2/files-2.1/commons-logging/commons-logging/1.2/4bfc12adfe4842bf07b657f0369c4cb522955686/commons-logging-1.2.jar
7f862f5f5000-7f862f5f7000 r--s 00003000 08:03 523427                     /home/idss-davide/.gradle/caches/modules-2/files-2.1/org.jetbrains/annotations/13.0/919f0dfe192fb4e063e7dacadee7f8bb9a2672a9/annotations-13.0.jar
7f862f5f7000-7f862f608000 r--s 001c2000 08:03 523304                     /home/idss-davide/.gradle/caches/modules-2/files-2.1/org.eclipse.swt.gtk.linux/x86/3.3.0-v3346/a9ce3fdc84060952a94f509442673698c3880f92/x86-3.3.0-v3346.jar
7f862f608000-7f862f619000 r--s 001dd000 08:03 523303                     /home/idss-davide/.gradle/caches/modules-2/files-2.1/org.eclipse.swt.gtk.linux/x86_64/3.3.0-v3346/5a7561696dc49e42713e78cb09e0563bba6b96c/x86_64-3.3.0-v3346.jar
7f862f619000-7f862f620000 r--s 00049000 08:03 523426                     /home/idss-davide/.gradle/caches/modules-2/files-2.1/org.apache.httpcomponents/httpcore/4.4.5/e7501a1b34325abb00d17dde96150604a0658b54/httpcore-4.4.5.jar
7f862f620000-7f862f62d000 r--s 000a7000 08:03 523425                     /home/idss-davide/.gradle/caches/modules-2/files-2.1/org.apache.httpcomponents/httpclient/4.5.2/733db77aa8d9b2d68015189df76ab06304406e50/httpclient-4.5.2.jar
7f862f62d000-7f862f634000 r--s 00050000 08:03 523424                     /home/idss-davide/.gradle/caches/modules-2/files-2.1/org.apache.httpcomponents/httpcore-nio/4.4.5/f4be009e7505f6ceddf21e7960c759f413f15056/httpcore-nio-4.4.5.jar
7f862f634000-7f862f638000 r--s 00028000 08:03 523422                     /home/idss-davide/.gradle/caches/modules-2/files-2.1/org.apache.httpcomponents/httpasyncclient/4.1.2/95aa3e6fb520191a0970a73cf09f62948ee614be/httpasyncclient-4.1.2.jar
7f862f638000-7f862f662000 r--s 001e9000 08:03 523423                     /home/idss-davide/.gradle/caches/modules-2/files-2.1/com.google.guava/guava/15.0/ed727a8d9f247e2050281cb083f1c77b09dcb5cd/guava-15.0.jar
7f862f662000-7f862f664000 r--s 00009000 08:03 523421                     /home/idss-davide/.gradle/caches/modules-2/files-2.1/org.slf4j/slf4j-api/1.7.25/da76ca59f6a57ee3102f8f9bd9cee742973efa8a/slf4j-api-1.7.25.jar
7f862f664000-7f862f668000 r--s 0001b000 08:03 523418                     /home/idss-davide/.gradle/caches/modules-2/files-2.1/org.eclipse.californium/element-connector/2.0.0-M12/11cc8c08be9d2d975e7a9d34f46e8fb9f03234ba/element-connector-2.0.0-M12.jar
7f862f668000-7f862f670000 r--s 00029000 08:03 523419                     /home/idss-davide/.gradle/caches/modules-2/files-2.1/org.jetbrains.kotlin/kotlin-stdlib-common/1.6.10/c118700e3a33c8a0d9adc920e9dec0831171925/kotlin-stdlib-common-1.6.10.jar
7f862f670000-7f862f685000 r--s 0015c000 08:03 523420                     /home/idss-davide/.gradle/caches/modules-2/files-2.1/org.jetbrains.kotlin/kotlin-stdlib/1.6.10/b8af3fe6f1ca88526914929add63cf5e7c5049af/kotlin-stdlib-1.6.10.jar
7f862f685000-7f862f686000 r--s 00005000 08:03 523417                     /home/idss-davide/.gradle/caches/modules-2/files-2.1/org.jetbrains.kotlin/kotlin-stdlib-jdk7/1.6.10/e1c380673654a089c4f0c9f83d0ddfdc1efdb498/kotlin-stdlib-jdk7-1.6.10.jar
7f862f686000-7f862f688000 r--s 00016000 08:03 797277                     /usr/lib/jvm/java-8-openjdk-amd64/jre/lib/jce.jar
7f862f688000-7f862f699000 r--s 001c5000 08:03 797283                     /usr/lib/jvm/java-8-openjdk-amd64/jre/lib/jsse.jar
7f862f699000-7f862f69b000 r--s 00004000 08:03 926830                     /home/idss-davide/issLab2022_DavideGuidetti/unibolibs/it.unibo.radarSystem22.domain-1.0.jar
7f862f69b000-7f862f6a4000 r--s 000d8000 08:03 918598                     /home/idss-davide/issLab2022_DavideGuidetti/unibolibs/radarPojo.jar
7f862f6a4000-7f862f6a7000 r--s 0002e000 08:03 926829                     /home/idss-davide/issLab2022_DavideGuidetti/unibolibs/it.unibo.qakactor-2.7.jar
7f862f6a7000-7f862f6aa000 r--s 00007000 08:03 926831                     /home/idss-davide/issLab2022_DavideGuidetti/unibolibs/uniboInterfaces.jar
7f862f6aa000-7f862f72c000 r--s 0064a000 08:03 926758                     /home/idss-davide/issLab2022_DavideGuidetti/unibolibs/2p301.jar
7f862f72c000-7f862f72e000 r--s 0000c000 08:03 523346                     /home/idss-davide/.gradle/caches/modules-2/files-2.1/org.json/json/20160810/aca5eb39e2a12fddd6c472b240afe9ebea3a6733/json-20160810.jar
7f862f72e000-7f862f783000 r--s 00548000 08:03 523313                     /home/idss-davide/.gradle/caches/modules-2/files-2.1/com.google.android/android/2.3.3/949a2bef1ffe62e81af5d8919d17dfcc1309c43c/android-2.3.3.jar
7f862f783000-7f862f78b000 r--s 00056000 08:03 523416                     /home/idss-davide/.gradle/caches/modules-2/files-2.1/org.eclipse.californium/californium-core/2.0.0-M12/5b61477cf0f3634bbdf786b265178b7a50a07ae3/californium-core-2.0.0-M12.jar
7f862f78b000-7f862f7bc000 rw-p 00000000 00:00 0 
7f862f7bc000-7f862f7bd000 ---p 00000000 00:00 0 
7f862f7bd000-7f862f8bd000 rw-p 00000000 00:00 0 
7f862f8bd000-7f862f8c0000 ---p 00000000 00:00 0 
7f862f8c0000-7f862f9bd000 rw-p 00000000 00:00 0 
7f862f9bd000-7f862ff30000 r--p 00000000 08:03 785798                     /usr/lib/locale/locale-archive
7f862ff30000-7f8635000000 rw-p 00000000 00:00 0 
7f8635000000-7f86353a0000 rwxp 00000000 00:00 0 
7f86353a0000-7f8644000000 ---p 00000000 00:00 0 
7f8644000000-7f86446ba000 rw-p 00000000 00:00 0 
7f86446ba000-7f8648000000 ---p 00000000 00:00 0 
7f8648000000-7f8648001000 r--s 00008000 08:03 918600                     /home/idss-davide/issLab2022_DavideGuidetti/unibolibs/unibonoawtsupports.jar
7f8648001000-7f8648005000 r--s 00017000 08:03 523302                     /home/idss-davide/.gradle/caches/modules-2/files-2.1/org.pushingpixels/trident/1.3/a90e1fe1a5f47288e5820666179397dd10ca021/trident-1.3.jar
7f8648005000-7f8648008000 r--s 00016000 08:03 523430                     /home/idss-davide/.gradle/caches/modules-2/files-2.1/org.eclipse.californium/californium-proxy/2.0.0-M12/fd089cbf97a2f89e15ad6ba965ff7a196ece2219/californium-proxy-2.0.0-M12.jar
7f8648008000-7f864800d000 r--s 00037000 08:03 523414                     /home/idss-davide/.gradle/caches/modules-2/files-2.1/org.eclipse.paho/org.eclipse.paho.client.mqttv3/1.2.5/1546cfc794449c39ad569853843a930104fdc297/org.eclipse.paho.client.mqttv3-1.2.5.jar
7f864800d000-7f8648015000 r--s 0001d000 08:03 523413                     /home/idss-davide/.gradle/caches/modules-2/files-2.1/org.jetbrains.kotlinx/kotlinx-coroutines-core-common/1.3.8/f637004addee7d856f617979f583352e97a21e5a/kotlinx-coroutines-core-common-1.3.8.jar
7f8648015000-7f8648016000 r--s 00003000 08:03 523412                     /home/idss-davide/.gradle/caches/modules-2/files-2.1/org.jetbrains.kotlin/kotlin-stdlib-jdk8/1.6.10/e80fe6ac3c3573a80305f5ec43f86b829e8ab53d/kotlin-stdlib-jdk8-1.6.10.jar
7f8648016000-7f864802e000 r--s 00154000 08:03 523415                     /home/idss-davide/.gradle/caches/modules-2/files-2.1/org.jetbrains.kotlinx/kotlinx-coroutines-core-jvm/1.6.0/f3b8fd26c2e76d2f18cbc36aacb6e349fcb9fd5f/kotlinx-coroutines-core-jvm-1.6.0.jar
7f864802e000-7f8648033000 r--p 00000000 08:03 797234                     /usr/lib/jvm/java-8-openjdk-amd64/jre/lib/amd64/libnet.so
7f8648033000-7f8648044000 r-xp 00005000 08:03 797234                     /usr/lib/jvm/java-8-openjdk-amd64/jre/lib/amd64/libnet.so
7f8648044000-7f8648048000 r--p 00016000 08:03 797234                     /usr/lib/jvm/java-8-openjdk-amd64/jre/lib/amd64/libnet.so
7f8648048000-7f8648049000 r--p 00019000 08:03 797234                     /usr/lib/jvm/java-8-openjdk-amd64/jre/lib/amd64/libnet.so
7f8648049000-7f864804a000 rw-p 0001a000 08:03 797234                     /usr/lib/jvm/java-8-openjdk-amd64/jre/lib/amd64/libnet.so
7f864804a000-7f8648051000 r--p 00000000 08:03 797235                     /usr/lib/jvm/java-8-openjdk-amd64/jre/lib/amd64/libnio.so
7f8648051000-7f864805a000 r-xp 00007000 08:03 797235                     /usr/lib/jvm/java-8-openjdk-amd64/jre/lib/amd64/libnio.so
7f864805a000-7f864805d000 r--p 00010000 08:03 797235                     /usr/lib/jvm/java-8-openjdk-amd64/jre/lib/amd64/libnio.so
7f864805d000-7f864805e000 r--p 00012000 08:03 797235                     /usr/lib/jvm/java-8-openjdk-amd64/jre/lib/amd64/libnio.so
7f864805e000-7f864805f000 rw-p 00013000 08:03 797235                     /usr/lib/jvm/java-8-openjdk-amd64/jre/lib/amd64/libnio.so
7f864805f000-7f8648063000 r--s 00041000 08:03 797264                     /usr/lib/jvm/java-8-openjdk-amd64/jre/lib/ext/sunpkcs11.jar
7f8648063000-7f8648065000 r--s 00010000 08:03 797265                     /usr/lib/jvm/java-8-openjdk-amd64/jre/lib/ext/zipfs.jar
7f8648065000-7f864806b000 r--s 0003d000 08:03 797263                     /usr/lib/jvm/java-8-openjdk-amd64/jre/lib/ext/sunjce_provider.jar
7f864806b000-7f864806d000 r--s 00008000 08:03 797262                     /usr/lib/jvm/java-8-openjdk-amd64/jre/lib/ext/sunec.jar
7f864806d000-7f8648088000 r--s 00394000 08:03 797256                     /usr/lib/jvm/java-8-openjdk-amd64/jre/lib/ext/cldrdata.jar
7f8648088000-7f86480a3000 r--s 001d6000 08:03 797261                     /usr/lib/jvm/java-8-openjdk-amd64/jre/lib/ext/nashorn.jar
7f86480a3000-7f86480a6000 r--s 0000f000 08:03 797258                     /usr/lib/jvm/java-8-openjdk-amd64/jre/lib/ext/icedtea-sound.jar
7f86480a6000-7f86480b1000 r--s 00116000 08:03 797260                     /usr/lib/jvm/java-8-openjdk-amd64/jre/lib/ext/localedata.jar
7f86480b1000-7f86480b2000 ---p 00000000 00:00 0 
7f86480b2000-7f86480b5000 ---p 00000000 00:00 0 
7f86480b5000-7f86481b2000 rw-p 00000000 00:00 0 
7f86481b2000-7f86481b3000 ---p 00000000 00:00 0 
7f86481b3000-7f86481b6000 ---p 00000000 00:00 0 
7f86481b6000-7f86482b3000 rw-p 00000000 00:00 0 
7f86482b3000-7f86482b4000 ---p 00000000 00:00 0 
7f86482b4000-7f86482b7000 ---p 00000000 00:00 0 
7f86482b7000-7f86483b4000 rw-p 00000000 00:00 0 
7f86483b4000-7f86483ba000 r--s 000d3000 08:03 797282                     /usr/lib/jvm/java-8-openjdk-amd64/jre/lib/jfr.jar
7f86483ba000-7f86483bd000 ---p 00000000 00:00 0 
7f86483bd000-7f86484ba000 rw-p 00000000 00:00 0 
7f86484ba000-7f86484bd000 ---p 00000000 00:00 0 
7f86484bd000-7f86485ba000 rw-p 00000000 00:00 0 
7f86485ba000-7f86485bd000 ---p 00000000 00:00 0 
7f86485bd000-7f86486ba000 rw-p 00000000 00:00 0 
7f86486ba000-7f86486bb000 ---p 00000000 00:00 0 
7f86486bb000-7f86497bd000 rw-p 00000000 00:00 0 
7f86497bd000-7f864998f000 r--s 03cab000 08:03 797289                     /usr/lib/jvm/java-8-openjdk-amd64/jre/lib/rt.jar
7f864998f000-7f864a7c8000 rw-p 00000000 00:00 0 
7f864a7c8000-7f864a7c9000 ---p 00000000 00:00 0 
7f864a7c9000-7f864a8c9000 rw-p 00000000 00:00 0 
7f864a8c9000-7f864a8ca000 ---p 00000000 00:00 0 
7f864a8ca000-7f864a9ca000 rw-p 00000000 00:00 0 
7f864a9ca000-7f864a9cb000 ---p 00000000 00:00 0 
7f864a9cb000-7f864aacb000 rw-p 00000000 00:00 0 
7f864aacb000-7f864aacc000 ---p 00000000 00:00 0 
7f864aacc000-7f864ac02000 rw-p 00000000 00:00 0 
7f864ac02000-7f864af2a000 ---p 00000000 00:00 0 
7f864af2a000-7f864af60000 rw-p 00000000 00:00 0 
7f864af60000-7f864b288000 ---p 00000000 00:00 0 
7f864b288000-7f864b2b8000 rw-p 00000000 00:00 0 
7f864b2b8000-7f864b437000 ---p 00000000 00:00 0 
7f864b437000-7f864b447000 rw-p 00000000 00:00 0 
7f864b447000-7f864b7f8000 ---p 00000000 00:00 0 
7f864b7f8000-7f864b7fb000 r--p 00000000 08:03 797242                     /usr/lib/jvm/java-8-openjdk-amd64/jre/lib/amd64/libzip.so
7f864b7fb000-7f864b800000 r-xp 00003000 08:03 797242                     /usr/lib/jvm/java-8-openjdk-amd64/jre/lib/amd64/libzip.so
7f864b800000-7f864b802000 r--p 00008000 08:03 797242                     /usr/lib/jvm/java-8-openjdk-amd64/jre/lib/amd64/libzip.so
7f864b802000-7f864b803000 r--p 00009000 08:03 797242                     /usr/lib/jvm/java-8-openjdk-amd64/jre/lib/amd64/libzip.so
7f864b803000-7f864b804000 rw-p 0000a000 08:03 797242                     /usr/lib/jvm/java-8-openjdk-amd64/jre/lib/amd64/libzip.so
7f864b804000-7f864b811000 r--p 00000000 08:03 797223                     /usr/lib/jvm/java-8-openjdk-amd64/jre/lib/amd64/libjava.so
7f864b811000-7f864b829000 r-xp 0000d000 08:03 797223                     /usr/lib/jvm/java-8-openjdk-amd64/jre/lib/amd64/libjava.so
7f864b829000-7f864b830000 r--p 00025000 08:03 797223                     /usr/lib/jvm/java-8-openjdk-amd64/jre/lib/amd64/libjava.so
7f864b830000-7f864b831000 r--p 0002b000 08:03 797223                     /usr/lib/jvm/java-8-openjdk-amd64/jre/lib/amd64/libjava.so
7f864b831000-7f864b833000 rw-p 0002c000 08:03 797223                     /usr/lib/jvm/java-8-openjdk-amd64/jre/lib/amd64/libjava.so
7f864b833000-7f864b838000 r--p 00000000 08:03 797241                     /usr/lib/jvm/java-8-openjdk-amd64/jre/lib/amd64/libverify.so
7f864b838000-7f864b841000 r-xp 00005000 08:03 797241                     /usr/lib/jvm/java-8-openjdk-amd64/jre/lib/amd64/libverify.so
7f864b841000-7f864b843000 r--p 0000e000 08:03 797241                     /usr/lib/jvm/java-8-openjdk-amd64/jre/lib/amd64/libverify.so
7f864b843000-7f864b845000 r--p 0000f000 08:03 797241                     /usr/lib/jvm/java-8-openjdk-amd64/jre/lib/amd64/libverify.so
7f864b845000-7f864b846000 rw-p 00011000 08:03 797241                     /usr/lib/jvm/java-8-openjdk-amd64/jre/lib/amd64/libverify.so
7f864b846000-7f864b847000 r--p 00000000 08:03 787114                     /usr/lib/x86_64-linux-gnu/librt.so.1
7f864b847000-7f864b848000 r-xp 00001000 08:03 787114                     /usr/lib/x86_64-linux-gnu/librt.so.1
7f864b848000-7f864b849000 r--p 00002000 08:03 787114                     /usr/lib/x86_64-linux-gnu/librt.so.1
7f864b849000-7f864b84a000 r--p 00002000 08:03 787114                     /usr/lib/x86_64-linux-gnu/librt.so.1
7f864b84a000-7f864b84b000 rw-p 00003000 08:03 787114                     /usr/lib/x86_64-linux-gnu/librt.so.1
7f864b84b000-7f864b84c000 ---p 00000000 00:00 0 
7f864b84c000-7f864b84f000 ---p 00000000 00:00 0 
7f864b84f000-7f864b94c000 rw-p 00000000 00:00 0 
7f864b94c000-7f864b94f000 r--p 00000000 08:03 791367                     /usr/lib/x86_64-linux-gnu/libgcc_s.so.1
7f864b94f000-7f864b961000 r-xp 00003000 08:03 791367                     /usr/lib/x86_64-linux-gnu/libgcc_s.so.1
7f864b961000-7f864b964000 r--p 00015000 08:03 791367                     /usr/lib/x86_64-linux-gnu/libgcc_s.so.1
7f864b964000-7f864b965000 r--p 00017000 08:03 791367                     /usr/lib/x86_64-linux-gnu/libgcc_s.so.1
7f864b965000-7f864b966000 rw-p 00018000 08:03 791367                     /usr/lib/x86_64-linux-gnu/libgcc_s.so.1
7f864b966000-7f864b973000 r--p 00000000 08:03 787091                     /usr/lib/x86_64-linux-gnu/libm.so.6
7f864b973000-7f864b9ed000 r-xp 0000d000 08:03 787091                     /usr/lib/x86_64-linux-gnu/libm.so.6
7f864b9ed000-7f864ba47000 r--p 00087000 08:03 787091                     /usr/lib/x86_64-linux-gnu/libm.so.6
7f864ba47000-7f864ba48000 ---p 000e1000 08:03 787091                     /usr/lib/x86_64-linux-gnu/libm.so.6
7f864ba48000-7f864ba49000 r--p 000e1000 08:03 787091                     /usr/lib/x86_64-linux-gnu/libm.so.6
7f864ba49000-7f864ba4a000 rw-p 000e2000 08:03 787091                     /usr/lib/x86_64-linux-gnu/libm.so.6
7f864ba4a000-7f864bae3000 r--p 00000000 08:03 792144                     /usr/lib/x86_64-linux-gnu/libstdc++.so.6.0.29
7f864bae3000-7f864bbe6000 r-xp 00099000 08:03 792144                     /usr/lib/x86_64-linux-gnu/libstdc++.so.6.0.29
7f864bbe6000-7f864bc52000 r--p 0019c000 08:03 792144                     /usr/lib/x86_64-linux-gnu/libstdc++.so.6.0.29
7f864bc52000-7f864bc5d000 r--p 00207000 08:03 792144                     /usr/lib/x86_64-linux-gnu/libstdc++.so.6.0.29
7f864bc5d000-7f864bc60000 rw-p 00212000 08:03 792144                     /usr/lib/x86_64-linux-gnu/libstdc++.so.6.0.29
7f864bc60000-7f864bc63000 rw-p 00000000 00:00 0 
7f864bc63000-7f864be58000 r--p 00000000 08:03 797245                     /usr/lib/jvm/java-8-openjdk-amd64/jre/lib/amd64/server/libjvm.so
7f864be58000-7f864c7c3000 r-xp 001f5000 08:03 797245                     /usr/lib/jvm/java-8-openjdk-amd64/jre/lib/amd64/server/libjvm.so
7f864c7c3000-7f864c96e000 r--p 00b60000 08:03 797245                     /usr/lib/jvm/java-8-openjdk-amd64/jre/lib/amd64/server/libjvm.so
7f864c96e000-7f864ca04000 r--p 00d0a000 08:03 797245                     /usr/lib/jvm/java-8-openjdk-amd64/jre/lib/amd64/server/libjvm.so
7f864ca04000-7f864ca2d000 rw-p 00da0000 08:03 797245                     /usr/lib/jvm/java-8-openjdk-amd64/jre/lib/amd64/server/libjvm.so
7f864ca2d000-7f864ca63000 rw-p 00000000 00:00 0 
7f864ca63000-7f864ca65000 r--p 00000000 08:03 789370                     /usr/lib/x86_64-linux-gnu/libz.so.1.2.11
7f864ca65000-7f864ca76000 r-xp 00002000 08:03 789370                     /usr/lib/x86_64-linux-gnu/libz.so.1.2.11
7f864ca76000-7f864ca7c000 r--p 00013000 08:03 789370                     /usr/lib/x86_64-linux-gnu/libz.so.1.2.11
7f864ca7c000-7f864ca7d000 ---p 00019000 08:03 789370                     /usr/lib/x86_64-linux-gnu/libz.so.1.2.11
7f864ca7d000-7f864ca7e000 r--p 00019000 08:03 789370                     /usr/lib/x86_64-linux-gnu/libz.so.1.2.11
7f864ca7e000-7f864ca7f000 rw-p 0001a000 08:03 789370                     /usr/lib/x86_64-linux-gnu/libz.so.1.2.11
7f864ca7f000-7f864caa7000 r--p 00000000 08:03 787082                     /usr/lib/x86_64-linux-gnu/libc.so.6
7f864caa7000-7f864cc3b000 r-xp 00028000 08:03 787082                     /usr/lib/x86_64-linux-gnu/libc.so.6
7f864cc3b000-7f864cc93000 r--p 001bc000 08:03 787082                     /usr/lib/x86_64-linux-gnu/libc.so.6
7f864cc93000-7f864cc94000 ---p 00214000 08:03 787082                     /usr/lib/x86_64-linux-gnu/libc.so.6
7f864cc94000-7f864cc98000 r--p 00214000 08:03 787082                     /usr/lib/x86_64-linux-gnu/libc.so.6
7f864cc98000-7f864cc9a000 rw-p 00218000 08:03 787082                     /usr/lib/x86_64-linux-gnu/libc.so.6
7f864cc9a000-7f864cca7000 rw-p 00000000 00:00 0 
7f864cca7000-7f864cca8000 r--s 0000a000 08:03 797259                     /usr/lib/jvm/java-8-openjdk-amd64/jre/lib/ext/jaccess.jar
7f864cca8000-7f864ccaa000 r--s 0000c000 08:03 1570957                    /usr/share/java/java-atk-wrapper.jar
7f864ccaa000-7f864ccac000 r--s 00001000 08:03 797257                     /usr/lib/jvm/java-8-openjdk-amd64/jre/lib/ext/dnsns.jar
7f864ccac000-7f864ccb4000 rw-s 00000000 08:03 1709569                    /tmp/hsperfdata_idss-davide/7630
7f864ccb4000-7f864ccb5000 rw-p 00000000 00:00 0 
7f864ccb5000-7f864ccb6000 r--p 00000000 00:00 0 
7f864ccb6000-7f864ccb9000 r--p 00000000 08:03 797209                     /usr/lib/jvm/java-8-openjdk-amd64/jre/lib/amd64/jli/libjli.so
7f864ccb9000-7f864ccc2000 r-xp 00003000 08:03 797209                     /usr/lib/jvm/java-8-openjdk-amd64/jre/lib/amd64/jli/libjli.so
7f864ccc2000-7f864ccc5000 r--p 0000c000 08:03 797209                     /usr/lib/jvm/java-8-openjdk-amd64/jre/lib/amd64/jli/libjli.so
7f864ccc5000-7f864ccc6000 r--p 0000e000 08:03 797209                     /usr/lib/jvm/java-8-openjdk-amd64/jre/lib/amd64/jli/libjli.so
7f864ccc6000-7f864ccc7000 rw-p 0000f000 08:03 797209                     /usr/lib/jvm/java-8-openjdk-amd64/jre/lib/amd64/jli/libjli.so
7f864ccc7000-7f864ccc9000 rw-p 00000000 00:00 0 
7f864ccc9000-7f864ccca000 r--p 00000000 08:03 787059                     /usr/lib/x86_64-linux-gnu/ld-linux-x86-64.so.2
7f864ccca000-7f864ccf2000 r-xp 00001000 08:03 787059                     /usr/lib/x86_64-linux-gnu/ld-linux-x86-64.so.2
7f864ccf2000-7f864ccfc000 r--p 00029000 08:03 787059                     /usr/lib/x86_64-linux-gnu/ld-linux-x86-64.so.2
7f864ccfc000-7f864ccfe000 r--p 00032000 08:03 787059                     /usr/lib/x86_64-linux-gnu/ld-linux-x86-64.so.2
7f864ccfe000-7f864cd00000 rw-p 00034000 08:03 787059                     /usr/lib/x86_64-linux-gnu/ld-linux-x86-64.so.2
7ffeb06ea000-7ffeb070c000 rw-p 00000000 00:00 0                          [stack]
7ffeb07a0000-7ffeb07a4000 r--p 00000000 00:00 0                          [vvar]
7ffeb07a4000-7ffeb07a6000 r-xp 00000000 00:00 0                          [vdso]
ffffffffff600000-ffffffffff601000 --xp 00000000 00:00 0                  [vsyscall]

VM Arguments:
jvm_args: -Dfile.encoding=UTF-8 
java_command: unibo.actor22.local.UsingLedNoControllerOnPc
java_class_path (initial): /home/idss-davide/issLab2022_DavideGuidetti/unibo.actor22/bin/default:/home/idss-davide/.gradle/caches/modules-2/files-2.1/org.jetbrains.kotlinx/kotlinx-coroutines-core-jvm/1.6.0/f3b8fd26c2e76d2f18cbc36aacb6e349fcb9fd5f/kotlinx-coroutines-core-jvm-1.6.0.jar:/home/idss-davide/.gradle/caches/modules-2/files-2.1/org.jetbrains.kotlin/kotlin-stdlib-jdk8/1.6.10/e80fe6ac3c3573a80305f5ec43f86b829e8ab53d/kotlin-stdlib-jdk8-1.6.10.jar:/home/idss-davide/.gradle/caches/modules-2/files-2.1/org.jetbrains.kotlinx/kotlinx-coroutines-core-common/1.3.8/f637004addee7d856f617979f583352e97a21e5a/kotlinx-coroutines-core-common-1.3.8.jar:/home/idss-davide/.gradle/caches/modules-2/files-2.1/org.eclipse.paho/org.eclipse.paho.client.mqttv3/1.2.5/1546cfc794449c39ad569853843a930104fdc297/org.eclipse.paho.client.mqttv3-1.2.5.jar:/home/idss-davide/.gradle/caches/modules-2/files-2.1/org.eclipse.californium/californium-proxy/2.0.0-M12/fd089cbf97a2f89e15ad6ba965ff7a196ece2219/californium-proxy-2.0.0-M12.jar:/home/idss-davide/.gradle/caches/modules-2/files-2.1/org.eclipse.californium/californium-core/2.0.0-M12/5b61477cf0f3634bbdf786b265178b7a50a07ae3/californium-core-2.0.0-M12.jar:/home/idss-davide/.gradle/caches/modules-2/files-2.1/org.pushingpixels/trident/1.3/a90e1fe1a5f47288e5820666179397dd10ca021/trident-1.3.jar:/home/idss-davide/.gradle/caches/modules-2/files-2.1/com.google.android/android/2.3.3/949a2bef1ffe62e81af5d8919d17dfcc1309c43c/android-2.3.3.jar:/home/idss-davide/.gradle/caches/modules-2/files-2.1/org.json/json/20160810/aca5eb39e2a12fddd6c472b240afe9ebea3a6733/json-20160810.jar:/home/idss-davide/issLab2022_DavideGuidetti/unibolibs:/home/idss-davide/issLab2022_DavideGuidetti/unibolibs/2p301.jar:/home/idss-davide/issLab2022_DavideGuidetti/unibolibs/uniboInterfaces.jar:/home/idss-davide/issLab2022_DavideGuidetti/unibolibs/unibonoawtsupports.jar:/home/idss-davide/issLab2022_DavideGuidetti/unibolibs/it.unibo.qakactor-2.7.jar:/home/idss-davide/issLab2022_DavideGu
Launcher Type: SUN_STANDARD

Environment Variables:
PATH=/usr/local/sbin:/usr/local/bin:/usr/sbin:/usr/bin:/sbin:/bin:/usr/games:/usr/local/games:/snap/bin:/snap/bin:/opt/gradle/gradle-7.4/bin
USERNAME=idss-davide
SHELL=/bin/bash
DISPLAY=:0

Signal Handlers:
SIGSEGV: [libjvm.so+0xb39300], sa_mask[0]=11111111011111111101111111111110, sa_flags=SA_RESTART|SA_SIGINFO
SIGBUS: [libjvm.so+0xb39300], sa_mask[0]=11111111011111111101111111111110, sa_flags=SA_RESTART|SA_SIGINFO
SIGFPE: [libjvm.so+0x97ac10], sa_mask[0]=11111111011111111101111111111110, sa_flags=SA_RESTART|SA_SIGINFO
SIGPIPE: [libjvm.so+0x97ac10], sa_mask[0]=11111111011111111101111111111110, sa_flags=SA_RESTART|SA_SIGINFO
SIGXFSZ: [libjvm.so+0x97ac10], sa_mask[0]=11111111011111111101111111111110, sa_flags=SA_RESTART|SA_SIGINFO
SIGILL: [libjvm.so+0x97ac10], sa_mask[0]=11111111011111111101111111111110, sa_flags=SA_RESTART|SA_SIGINFO
SIGUSR1: SIG_DFL, sa_mask[0]=00000000000000000000000000000000, sa_flags=none
SIGUSR2: [libjvm.so+0x97a9d0], sa_mask[0]=00100000000000000000000000000000, sa_flags=SA_RESTART|SA_SIGINFO
SIGHUP: [libjvm.so+0x97ae90], sa_mask[0]=11111111011111111101111111111110, sa_flags=SA_RESTART|SA_SIGINFO
SIGINT: [libjvm.so+0x97ae90], sa_mask[0]=11111111011111111101111111111110, sa_flags=SA_RESTART|SA_SIGINFO
SIGTERM: [libjvm.so+0x97ae90], sa_mask[0]=11111111011111111101111111111110, sa_flags=SA_RESTART|SA_SIGINFO
SIGQUIT: [libjvm.so+0x97ae90], sa_mask[0]=11111111011111111101111111111110, sa_flags=SA_RESTART|SA_SIGINFO


---------------  S Y S T E M  ---------------

OS:DISTRIB_ID=Ubuntu
DISTRIB_RELEASE=21.10
DISTRIB_CODENAME=impish
DISTRIB_DESCRIPTION="Ubuntu 21.10"

uname:Linux 5.13.0-39-generic #44-Ubuntu SMP Thu Mar 24 15:35:05 UTC 2022 x86_64
libc:glibc 2.34 NPTL 2.34 
rlimit: STACK 8192k, CORE 0k, NPROC 41151, NOFILE 1048576, AS infinity
load average:1,72 1,05 0,72

/proc/meminfo:
MemTotal:       10585524 kB
MemFree:         4262908 kB
MemAvailable:    7100376 kB
Buffers:          110856 kB
Cached:          3111988 kB
SwapCached:            0 kB
Active:          1120800 kB
Inactive:        4874408 kB
Active(anon):       2492 kB
Inactive(anon):  2990128 kB
Active(file):    1118308 kB
Inactive(file):  1884280 kB
Unevictable:          80 kB
Mlocked:              80 kB
SwapTotal:       2097148 kB
SwapFree:        2097148 kB
Dirty:               188 kB
Writeback:             0 kB
AnonPages:       2772512 kB
Mapped:          1007420 kB
Shmem:            229308 kB
KReclaimable:     126332 kB
Slab:             213032 kB
SReclaimable:     126332 kB
SUnreclaim:        86700 kB
KernelStack:       14332 kB
PageTables:        35828 kB
NFS_Unstable:          0 kB
Bounce:                0 kB
WritebackTmp:          0 kB
CommitLimit:     7389908 kB
Committed_AS:   10013288 kB
VmallocTotal:   34359738367 kB
VmallocUsed:       46004 kB
VmallocChunk:          0 kB
Percpu:             4624 kB
HardwareCorrupted:     0 kB
AnonHugePages:         0 kB
ShmemHugePages:        0 kB
ShmemPmdMapped:        0 kB
FileHugePages:         0 kB
FilePmdMapped:         0 kB
HugePages_Total:       0
HugePages_Free:        0
HugePages_Rsvd:        0
HugePages_Surp:        0
Hugepagesize:       2048 kB
Hugetlb:               0 kB
DirectMap4k:      239552 kB
DirectMap2M:    10645504 kB


CPU:total 4 (initial active 4) (4 cores per cpu, 1 threads per core) family 6 model 158 stepping 9, cmov, cx8, fxsr, mmx, sse, sse2, sse3, ssse3, sse4.1, sse4.2, popcnt, avx, avx2, aes, clmul, 3dnowpref, lzcnt, tsc, tscinvbit

/proc/cpuinfo:
processor	: 0
vendor_id	: GenuineIntel
cpu family	: 6
model		: 158
model name	: Intel(R) Core(TM) i7-7700HQ CPU @ 2.80GHz
stepping	: 9
cpu MHz		: 2808.000
cache size	: 6144 KB
physical id	: 0
siblings	: 4
core id		: 0
cpu cores	: 4
apicid		: 0
initial apicid	: 0
fpu		: yes
fpu_exception	: yes
cpuid level	: 22
wp		: yes
flags		: fpu vme de pse tsc msr pae mce cx8 apic sep mtrr pge mca cmov pat pse36 clflush mmx fxsr sse sse2 ht syscall nx rdtscp lm constant_tsc rep_good nopl xtopology nonstop_tsc cpuid tsc_known_freq pni pclmulqdq ssse3 cx16 pcid sse4_1 sse4_2 x2apic movbe popcnt aes xsave avx rdrand hypervisor lahf_lm abm 3dnowprefetch invpcid_single pti fsgsbase avx2 invpcid rdseed clflushopt md_clear flush_l1d
bugs		: cpu_meltdown spectre_v1 spectre_v2 spec_store_bypass l1tf mds swapgs itlb_multihit srbds
bogomips	: 5616.00
clflush size	: 64
cache_alignment	: 64
address sizes	: 39 bits physical, 48 bits virtual
power management:

processor	: 1
vendor_id	: GenuineIntel
cpu family	: 6
model		: 158
model name	: Intel(R) Core(TM) i7-7700HQ CPU @ 2.80GHz
stepping	: 9
cpu MHz		: 2808.000
cache size	: 6144 KB
physical id	: 0
siblings	: 4
core id		: 1
cpu cores	: 4
apicid		: 1
initial apicid	: 1
fpu		: yes
fpu_exception	: yes
cpuid level	: 22
wp		: yes
flags		: fpu vme de pse tsc msr pae mce cx8 apic sep mtrr pge mca cmov pat pse36 clflush mmx fxsr sse sse2 ht syscall nx rdtscp lm constant_tsc rep_good nopl xtopology nonstop_tsc cpuid tsc_known_freq pni pclmulqdq ssse3 cx16 pcid sse4_1 sse4_2 x2apic movbe popcnt aes xsave avx rdrand hypervisor lahf_lm abm 3dnowprefetch invpcid_single pti fsgsbase avx2 invpcid rdseed clflushopt md_clear flush_l1d
bugs		: cpu_meltdown spectre_v1 spectre_v2 spec_store_bypass l1tf mds swapgs itlb_multihit srbds
bogomips	: 5616.00
clflush size	: 64
cache_alignment	: 64
address sizes	: 39 bits physical, 48 bits virtual
power management:

processor	: 2
vendor_id	: GenuineIntel
cpu family	: 6
model		: 158
model name	: Intel(R) Core(TM) i7-7700HQ CPU @ 2.80GHz
stepping	: 9
cpu MHz		: 2808.000
cache size	: 6144 KB
physical id	: 0
siblings	: 4
core id		: 2
cpu cores	: 4
apicid		: 2
initial apicid	: 2
fpu		: yes
fpu_exception	: yes
cpuid level	: 22
wp		: yes
flags		: fpu vme de pse tsc msr pae mce cx8 apic sep mtrr pge mca cmov pat pse36 clflush mmx fxsr sse sse2 ht syscall nx rdtscp lm constant_tsc rep_good nopl xtopology nonstop_tsc cpuid tsc_known_freq pni pclmulqdq ssse3 cx16 pcid sse4_1 sse4_2 x2apic movbe popcnt aes xsave avx rdrand hypervisor lahf_lm abm 3dnowprefetch invpcid_single pti fsgsbase avx2 invpcid rdseed clflushopt md_clear flush_l1d
bugs		: cpu_meltdown spectre_v1 spectre_v2 spec_store_bypass l1tf mds swapgs itlb_multihit srbds
bogomips	: 5616.00
clflush size	: 64
cache_alignment	: 64
address sizes	: 39 bits physical, 48 bits virtual
power management:

processor	: 3
vendor_id	: GenuineIntel
cpu family	: 6
model		: 158
model name	: Intel(R) Core(TM) i7-7700HQ CPU @ 2.80GHz
stepping	: 9
cpu MHz		: 2808.000
cache size	: 6144 KB
physical id	: 0
siblings	: 4
core id		: 3
cpu cores	: 4
apicid		: 3
initial apicid	: 3
fpu		: yes
fpu_exception	: yes
cpuid level	: 22
wp		: yes
flags		: fpu vme de pse tsc msr pae mce cx8 apic sep mtrr pge mca cmov pat pse36 clflush mmx fxsr sse sse2 ht syscall nx rdtscp lm constant_tsc rep_good nopl xtopology nonstop_tsc cpuid tsc_known_freq pni pclmulqdq ssse3 cx16 pcid sse4_1 sse4_2 x2apic movbe popcnt aes xsave avx rdrand hypervisor lahf_lm abm 3dnowprefetch invpcid_single pti fsgsbase avx2 invpcid rdseed clflushopt md_clear flush_l1d
bugs		: cpu_meltdown spectre_v1 spectre_v2 spec_store_bypass l1tf mds swapgs itlb_multihit srbds
bogomips	: 5616.00
clflush size	: 64
cache_alignment	: 64
address sizes	: 39 bits physical, 48 bits virtual
power management:



Memory: 4k page, physical 10585524k(4262908k free), swap 2097148k(2097148k free)

vm_info: OpenJDK 64-Bit Server VM (25.312-b07) for linux-amd64 JRE (1.8.0_312-8u312-b07-0ubuntu1~21.10-b07), built on Nov  3 2021 13:54:59 by "buildd" with gcc 11.2.0

time: Tue Apr  5 10:23:14 2022
timezone: CEST
elapsed time: 1.091216 seconds (0d 0h 0m 1s)

