#
# A fatal error has been detected by the Java Runtime Environment:
#
#  SIGSEGV (0xb) at pc=0x00007efcb0bd6aa2, pid=8203, tid=0x00007efcab425640
#
# JRE version: OpenJDK Runtime Environment (8.0_312-b07) (build 1.8.0_312-8u312-b07-0ubuntu1~21.10-b07)
# Java VM: OpenJDK 64-Bit Server VM (25.312-b07 mixed mode linux-amd64 compressed oops)
# Problematic frame:
# C  [libatk-bridge-2.0.so.0+0x13aa2]
#
# Failed to write core dump. Core dumps have been disabled. To enable core dumping, try "ulimit -c unlimited" before starting Java again
#
# If you would like to submit a bug report, please visit:
#   http://bugreport.java.com/bugreport/crash.jsp
# The crash happened outside the Java Virtual Machine in native code.
# See problematic frame for where to report the bug.
#

---------------  T H R E A D  ---------------

Current thread (0x00007efcc86e5800):  JavaThread "AWT-EventQueue-1" [_thread_in_native, id=8230, stack(0x00007efcab326000,0x00007efcab426000)]

siginfo: si_signo: 11 (SIGSEGV), si_code: 1 (SEGV_MAPERR), si_addr: 0x0000000000000038

Registers:
RAX=0x0000000000000000, RBX=0x0000000000000001, RCX=0x00007efc6000a5e0, RDX=0x0000000000000000
RSP=0x00007efcab422a20, RBP=0x00007efc600083e0, RSI=0x00007efc6000a600, RDI=0x00007efc600083e0
R8 =0x00007efc6000a5f0, R9 =0x0000000000000010, R10=0xfffffffffffff91c, R11=0x00007efcb0bd6b90
R12=0x00007efcb0bfa090, R13=0x00007efcb1762bb0, R14=0x00007efcab422ad0, R15=0x00007efcc86e5800
RIP=0x00007efcb0bd6aa2, EFLAGS=0x0000000000010202, CSGSFS=0x002b000000000033, ERR=0x0000000000000004
  TRAPNO=0x000000000000000e

Top of Stack: (sp=0x00007efcab422a20)
0x00007efcab422a20:   0000000000000001 00007efcb0c4e440
0x00007efcab422a30:   0000000000000000 00007efcb0c2c249
0x00007efcab422a40:   0000000000000000 01cfe2ad83ba2a00
0x00007efcab422a50:   00007efcb1762bb0 00007efcab422ab8
0x00007efcab422a60:   0000000000000000 00007efcb9018427
0x00007efcab422a70:   00007efcb9018142 00007efcab422a78
0x00007efcab422a80:   00007efcb1762bb0 00007efcab422ad0
0x00007efcab422a90:   00007efcb1765828 0000000000000000
0x00007efcab422aa0:   00007efcb1762bb0 0000000000000000
0x00007efcab422ab0:   00007efcab422ad8 00007efcab422b18
0x00007efcab422ac0:   00007efcb9007ffd 000000078cb325d8
0x00007efcab422ad0:   00007efcb9011a58 00007efcab422ad8
0x00007efcab422ae0:   00007efcb1767de2 00007efcab422b38
0x00007efcab422af0:   00007efcb1767f98 0000000000000000
0x00007efcab422b00:   00007efcb1767ef8 00007efcab422ad8
0x00007efcab422b10:   00007efcab422b30 00007efcab422b80
0x00007efcab422b20:   00007efcb9008042 0000000000000000
0x00007efcab422b30:   000000078a3184d8 000000078a2e2ba8
0x00007efcab422b40:   00007efcab422b40 00007efcb0cb59e5
0x00007efcab422b50:   00007efcab422bc0 00007efcb0cb5a90
0x00007efcab422b60:   0000000000000000 00007efcb0cb5a08
0x00007efcab422b70:   00007efcab422b30 00007efcab422bb8
0x00007efcab422b80:   00007efcab422c08 00007efcb9008042
0x00007efcab422b90:   0000000000000000 0000000000000000
0x00007efcab422ba0:   0000000000000006 0000000000000040
0x00007efcab422bb0:   0000000000000000 000000078a3184d8
0x00007efcab422bc0:   000000078a2e2e30 00007efcab422bc8
0x00007efcab422bd0:   00007efcb15b527e 00007efcab422c28
0x00007efcab422be0:   00007efcb15b5870 0000000000000000
0x00007efcab422bf0:   00007efcb15b5290 00007efcab422bb8
0x00007efcab422c00:   00007efcab422c20 00007efcab422c70
0x00007efcab422c10:   00007efcb9007ffd 000000078a2e2e30 

Instructions: (pc=0x00007efcb0bd6aa2)
0x00007efcb0bd6a82:   00 5b c3 66 66 2e 0f 1f 84 00 00 00 00 00 41 54
0x00007efcb0bd6a92:   4c 8b 25 af 24 02 00 55 48 89 fd 53 49 8b 04 24
0x00007efcb0bd6aa2:   48 8b 78 38 48 85 ff 74 0c 48 89 ee e8 ed b2 ff
0x00007efcb0bd6ab2:   ff 49 8b 04 24 48 8b 78 20 48 89 ee e8 9d ab ff 

Register to memory mapping:

RAX=0x0000000000000000 is an unknown value
RBX=0x0000000000000001 is an unknown value
RCX=0x00007efc6000a5e0 is an unknown value
RDX=0x0000000000000000 is an unknown value
RSP=0x00007efcab422a20 is pointing into the stack for thread: 0x00007efcc86e5800
RBP=0x00007efc600083e0 is an unknown value
RSI=0x00007efc6000a600 is an unknown value
RDI=0x00007efc600083e0 is an unknown value
R8 =0x00007efc6000a5f0 is an unknown value
R9 =0x0000000000000010 is an unknown value
R10=0xfffffffffffff91c is an unknown value
R11=0x00007efcb0bd6b90: atk_bridge_set_event_context+0 in /lib/x86_64-linux-gnu/libatk-bridge-2.0.so.0 at 0x00007efcb0bc3000
R12=0x00007efcb0bfa090: spi_global_app_data+0 in /lib/x86_64-linux-gnu/libatk-bridge-2.0.so.0 at 0x00007efcb0bc3000
R13={method} {0x00007efcb1762bb0} 'loadAtkBridge' '()V' in 'org/GNOME/Accessibility/AtkWrapper'
R14=0x00007efcab422ad0 is pointing into the stack for thread: 0x00007efcc86e5800
R15=0x00007efcc86e5800 is a thread


Stack: [0x00007efcab326000,0x00007efcab426000],  sp=0x00007efcab422a20,  free space=1010k
Native frames: (J=compiled Java code, j=interpreted, Vv=VM code, C=native code)
C  [libatk-bridge-2.0.so.0+0x13aa2]

Java frames: (J=compiled Java code, j=interpreted, Vv=VM code)
j  org.GNOME.Accessibility.AtkWrapper.loadAtkBridge()V+0
j  org.GNOME.Accessibility.AtkWrapper$4.eventDispatched(Ljava/awt/AWTEvent;)V+18
j  java.awt.Toolkit$SelectiveAWTEventListener.eventDispatched(Ljava/awt/AWTEvent;)V+733
j  java.awt.Toolkit.notifyAWTEventListeners(Ljava/awt/AWTEvent;)V+30
j  java.awt.Component.dispatchEventImpl(Ljava/awt/AWTEvent;)V+257
j  java.awt.Container.dispatchEventImpl(Ljava/awt/AWTEvent;)V+42
j  java.awt.Window.dispatchEventImpl(Ljava/awt/AWTEvent;)V+19
j  java.awt.Component.dispatchEvent(Ljava/awt/AWTEvent;)V+2
j  java.awt.EventQueue.dispatchEventImpl(Ljava/awt/AWTEvent;Ljava/lang/Object;)V+41
j  java.awt.EventQueue.access$500(Ljava/awt/EventQueue;Ljava/awt/AWTEvent;Ljava/lang/Object;)V+3
j  java.awt.EventQueue$3.run()Ljava/lang/Void;+32
j  java.awt.EventQueue$3.run()Ljava/lang/Object;+1
v  ~StubRoutines::call_stub
j  java.security.AccessController.doPrivileged(Ljava/security/PrivilegedAction;Ljava/security/AccessControlContext;)Ljava/lang/Object;+0
j  java.security.ProtectionDomain$JavaSecurityAccessImpl.doIntersectionPrivilege(Ljava/security/PrivilegedAction;Ljava/security/AccessControlContext;Ljava/security/AccessControlContext;)Ljava/lang/Object;+18
j  java.security.ProtectionDomain$JavaSecurityAccessImpl.doIntersectionPrivilege(Ljava/security/PrivilegedAction;Ljava/security/AccessControlContext;)Ljava/lang/Object;+6
j  java.awt.EventQueue$4.run()Ljava/lang/Void;+11
j  java.awt.EventQueue$4.run()Ljava/lang/Object;+1
v  ~StubRoutines::call_stub
j  java.security.AccessController.doPrivileged(Ljava/security/PrivilegedAction;Ljava/security/AccessControlContext;)Ljava/lang/Object;+0
j  java.security.ProtectionDomain$JavaSecurityAccessImpl.doIntersectionPrivilege(Ljava/security/PrivilegedAction;Ljava/security/AccessControlContext;Ljava/security/AccessControlContext;)Ljava/lang/Object;+18
j  java.awt.EventQueue.dispatchEvent(Ljava/awt/AWTEvent;)V+73
j  org.GNOME.Accessibility.AtkWrapper$6.dispatchEvent(Ljava/awt/AWTEvent;)V+100
j  java.awt.EventDispatchThread.pumpOneEventForFilters(I)V+140
j  java.awt.EventDispatchThread.pumpEventsForFilter(ILjava/awt/Conditional;Ljava/awt/EventFilter;)V+35
j  java.awt.EventDispatchThread.pumpEventsForHierarchy(ILjava/awt/Conditional;Ljava/awt/Component;)V+11
j  java.awt.EventDispatchThread.pumpEvents(ILjava/awt/Conditional;)V+4
j  java.awt.EventDispatchThread.pumpEvents(Ljava/awt/Conditional;)V+3
j  java.awt.EventDispatchThread.run()V+9
v  ~StubRoutines::call_stub

---------------  P R O C E S S  ---------------

Java Threads: ( => current thread )
=>0x00007efcc86e5800 JavaThread "AWT-EventQueue-1" [_thread_in_native, id=8230, stack(0x00007efcab326000,0x00007efcab426000)]
  0x00007efcc86e4000 JavaThread "AWT-Shutdown" [_thread_blocked, id=8229, stack(0x00007efcab426000,0x00007efcab526000)]
  0x00007efcc869e000 JavaThread "process reaper" daemon [_thread_blocked, id=8228, stack(0x00007efcb0c4f000,0x00007efcb0c88000)]
  0x00007efcc868a000 JavaThread "AWT-XAWT" daemon [_thread_in_native, id=8226, stack(0x00007efcb0e88000,0x00007efcb0f88000)]
  0x00007efcc8665800 JavaThread "Java2D Disposer" daemon [_thread_blocked, id=8225, stack(0x00007efcb0f94000,0x00007efcb1094000)]
  0x00007efcc8583800 JavaThread "qaksingle" daemon [_thread_blocked, id=8224, stack(0x00007efcb1780000,0x00007efcb1880000)]
  0x00007efcc80cc800 JavaThread "Service Thread" daemon [_thread_blocked, id=8222, stack(0x00007efcb1b7a000,0x00007efcb1c7a000)]
  0x00007efcc80c1800 JavaThread "C1 CompilerThread2" daemon [_thread_blocked, id=8221, stack(0x00007efcb1c7b000,0x00007efcb1d7b000)]
  0x00007efcc80bf800 JavaThread "C2 CompilerThread1" daemon [_thread_blocked, id=8220, stack(0x00007efcb1d7c000,0x00007efcb1e7c000)]
  0x00007efcc80bd000 JavaThread "C2 CompilerThread0" daemon [_thread_blocked, id=8219, stack(0x00007efcb1e7d000,0x00007efcb1f7d000)]
  0x00007efcc80b7800 JavaThread "Signal Dispatcher" daemon [_thread_blocked, id=8218, stack(0x00007efcb1f7d000,0x00007efcb207d000)]
  0x00007efcc8089000 JavaThread "Finalizer" daemon [_thread_blocked, id=8217, stack(0x00007efcb25f0000,0x00007efcb26f0000)]
  0x00007efcc8084800 JavaThread "Reference Handler" daemon [_thread_blocked, id=8216, stack(0x00007efcb26f0000,0x00007efcb27f0000)]
  0x00007efcc800b800 JavaThread "main" [_thread_in_native, id=8207, stack(0x00007efccca1a000,0x00007efcccb1a000)]

Other Threads:
  0x00007efcc807a800 VMThread [stack: 0x00007efcb27f1000,0x00007efcb28f1000] [id=8215]
  0x00007efcc80cf000 WatcherThread [stack: 0x00007efcb1a7a000,0x00007efcb1b7a000] [id=8223]

VM state:not at safepoint (normal execution)

VM Mutex/Monitor currently owned by a thread: None

heap address: 0x000000071e600000, size: 2586 MB, Compressed Oops mode: Zero based, Oop shift amount: 3
Narrow klass base: 0x0000000000000000, Narrow klass shift: 3
Compressed class space size: 1073741824 Address: 0x00000007c0000000

Heap:
 PSYoungGen      total 48640K, used 7896K [0x000000078a200000, 0x0000000790100000, 0x00000007c0000000)
  eden space 41984K, 6% used [0x000000078a200000,0x000000078a4b4350,0x000000078cb00000)
  from space 6656K, 77% used [0x000000078cb00000,0x000000078d001ed0,0x000000078d180000)
  to   space 6656K, 0% used [0x000000078fa80000,0x000000078fa80000,0x0000000790100000)
 ParOldGen       total 110592K, used 8200K [0x000000071e600000, 0x0000000725200000, 0x000000078a200000)
  object space 110592K, 7% used [0x000000071e600000,0x000000071ee02010,0x0000000725200000)
 Metaspace       used 12643K, capacity 12882K, committed 13184K, reserved 1060864K
  class space    used 1292K, capacity 1366K, committed 1408K, reserved 1048576K

Card table byte_map: [0x00007efccc0f8000,0x00007efccc606000] byte_map_base: 0x00007efcc8805000

Marking Bits: (ParMarkBitMap*) 0x00007efccdc11720
 Begin Bits: [0x00007efcab7ce000, 0x00007efcae036000)
 End Bits:   [0x00007efcae036000, 0x00007efcb089e000)

Polling page: 0x00007efccde83000

CodeCache: size=245760Kb used=3538Kb max_used=3538Kb free=242221Kb
 bounds [0x00007efcb9000000, 0x00007efcb9380000, 0x00007efcc8000000]
 total_blobs=1396 nmethods=890 adapters=420
 compilation: enabled

Compilation events (10 events):
Event: 1,095 Thread 0x00007efcc80c1800  887       3       java.util.concurrent.locks.ReentrantLock$Sync::tryRelease (45 bytes)
Event: 1,095 Thread 0x00007efcc80c1800 nmethod 887 0x00007efcb9373d10 code [0x00007efcb9373ea0, 0x00007efcb9374448]
Event: 1,095 Thread 0x00007efcc80c1800  888       3       sun.awt.SunToolkit::awtLock (7 bytes)
Event: 1,095 Thread 0x00007efcc80c1800 nmethod 888 0x00007efcb9374590 code [0x00007efcb9374700, 0x00007efcb93749e8]
Event: 1,095 Thread 0x00007efcc80c1800  889       3       sun.awt.SunToolkit::awtUnlock (7 bytes)
Event: 1,096 Thread 0x00007efcc80c1800 nmethod 889 0x00007efcb9374b10 code [0x00007efcb9374c80, 0x00007efcb9374f68]
Event: 1,096 Thread 0x00007efcc80c1800  891       3       java.lang.Long::compareTo (9 bytes)
Event: 1,096 Thread 0x00007efcc80c1800 nmethod 891 0x00007efcb9375090 code [0x00007efcb9375220, 0x00007efcb9375670]
Event: 1,096 Thread 0x00007efcc80c1800  890       1       java.lang.Boolean::booleanValue (5 bytes)
Event: 1,096 Thread 0x00007efcc80c1800 nmethod 890 0x00007efcb9375790 code [0x00007efcb93758e0, 0x00007efcb93759f0]

GC Heap History (2 events):
Event: 1,031 GC heap before
{Heap before GC invocations=1 (full 0):
 PSYoungGen      total 48640K, used 41984K [0x000000078a200000, 0x000000078d800000, 0x00000007c0000000)
  eden space 41984K, 100% used [0x000000078a200000,0x000000078cb00000,0x000000078cb00000)
  from space 6656K, 0% used [0x000000078d180000,0x000000078d180000,0x000000078d800000)
  to   space 6656K, 0% used [0x000000078cb00000,0x000000078cb00000,0x000000078d180000)
 ParOldGen       total 110592K, used 0K [0x000000071e600000, 0x0000000725200000, 0x000000078a200000)
  object space 110592K, 0% used [0x000000071e600000,0x000000071e600000,0x0000000725200000)
 Metaspace       used 11287K, capacity 11556K, committed 11776K, reserved 1060864K
  class space    used 1130K, capacity 1200K, committed 1280K, reserved 1048576K
Event: 1,043 GC heap after
Heap after GC invocations=1 (full 0):
 PSYoungGen      total 48640K, used 5127K [0x000000078a200000, 0x0000000790100000, 0x00000007c0000000)
  eden space 41984K, 0% used [0x000000078a200000,0x000000078a200000,0x000000078cb00000)
  from space 6656K, 77% used [0x000000078cb00000,0x000000078d001ed0,0x000000078d180000)
  to   space 6656K, 0% used [0x000000078fa80000,0x000000078fa80000,0x0000000790100000)
 ParOldGen       total 110592K, used 8200K [0x000000071e600000, 0x0000000725200000, 0x000000078a200000)
  object space 110592K, 7% used [0x000000071e600000,0x000000071ee02010,0x0000000725200000)
 Metaspace       used 11287K, capacity 11556K, committed 11776K, reserved 1060864K
  class space    used 1130K, capacity 1200K, committed 1280K, reserved 1048576K
}

Deoptimization events (5 events):
Event: 0,530 Thread 0x00007efcc800b800 Uncommon trap: reason=unstable_if action=reinterpret pc=0x00007efcb915f428 method=java.lang.CharacterDataLatin1.digit(II)I @ 82
Event: 0,798 Thread 0x00007efcc800b800 Uncommon trap: reason=unstable_if action=reinterpret pc=0x00007efcb929e808 method=java.util.regex.Pattern$CharProperty.match(Ljava/util/regex/Matcher;ILjava/lang/CharSequence;)Z @ 40
Event: 0,846 Thread 0x00007efcc800b800 Uncommon trap: reason=unstable_if action=reinterpret pc=0x00007efcb920941c method=java.lang.String.replace(CC)Ljava/lang/String; @ 26
Event: 0,996 Thread 0x00007efcc800b800 Uncommon trap: reason=unstable_if action=reinterpret pc=0x00007efcb92dc280 method=java.util.HashMap.getNode(ILjava/lang/Object;)Ljava/util/HashMap$Node; @ 116
Event: 0,996 Thread 0x00007efcc800b800 Uncommon trap: reason=unstable_if action=reinterpret pc=0x00007efcb9279a00 method=java.util.HashMap.getNode(ILjava/lang/Object;)Ljava/util/HashMap$Node; @ 116

Classes redefined (0 events):
No events

Internal exceptions (10 events):
Event: 0,100 Thread 0x00007efcc800b800 Exception <a 'java/security/PrivilegedActionException'> (0x000000078a2887d0) thrown at [./src/hotspot/src/share/vm/prims/jvm.cpp, line 1521]
Event: 0,418 Thread 0x00007efcc800b800 Exception <a 'java/security/PrivilegedActionException'> (0x000000078a812fc0) thrown at [./src/hotspot/src/share/vm/prims/jvm.cpp, line 1521]
Event: 0,418 Thread 0x00007efcc800b800 Exception <a 'java/security/PrivilegedActionException'> (0x000000078a8131d0) thrown at [./src/hotspot/src/share/vm/prims/jvm.cpp, line 1521]
Event: 0,418 Thread 0x00007efcc800b800 Exception <a 'java/security/PrivilegedActionException'> (0x000000078a8158f0) thrown at [./src/hotspot/src/share/vm/prims/jvm.cpp, line 1521]
Event: 0,418 Thread 0x00007efcc800b800 Exception <a 'java/security/PrivilegedActionException'> (0x000000078a815b00) thrown at [./src/hotspot/src/share/vm/prims/jvm.cpp, line 1521]
Event: 0,438 Thread 0x00007efcc800b800 Exception <a 'java/lang/NoClassDefFoundError': org/slf4j/impl/StaticLoggerBinder> (0x000000078a8ac5d8) thrown at [./src/hotspot/src/share/vm/classfile/systemDictionary.cpp, line 206]
Event: 0,505 Thread 0x00007efcc800b800 Exception <a 'java/lang/NoSuchFieldError': method resolution failed> (0x000000078a9b77e8) thrown at [./src/hotspot/src/share/vm/prims/methodHandles.cpp, line 1176]
Event: 0,507 Thread 0x00007efcc800b800 Exception <a 'java/lang/NoSuchFieldError': method resolution failed> (0x000000078a9c4b88) thrown at [./src/hotspot/src/share/vm/prims/methodHandles.cpp, line 1176]
Event: 0,928 Thread 0x00007efcc800b800 Exception <a 'java/io/FileNotFoundException'> (0x000000078c8fe818) thrown at [./src/hotspot/src/share/vm/prims/jni.cpp, line 711]
Event: 0,945 Thread 0x00007efcc800b800 Exception <a 'java/lang/ClassNotFoundException': sun/dc/DuctusRenderingEngine> (0x000000078c918b48) thrown at [./src/hotspot/src/share/vm/classfile/systemDictionary.cpp, line 217]

Events (10 events):
Event: 1,096 loading class java/awt/event/InputMethodEvent
Event: 1,096 loading class java/awt/event/InputMethodEvent done
Event: 1,096 loading class java/awt/event/ActionEvent
Event: 1,097 loading class java/awt/event/ActionEvent done
Event: 1,097 loading class java/awt/event/ContainerEvent
Event: 1,097 loading class java/awt/event/FocusEvent
Event: 1,097 loading class java/awt/event/ContainerEvent done
Event: 1,097 loading class java/awt/event/FocusEvent done
Event: 1,097 loading class sun/awt/HeadlessToolkit
Event: 1,097 loading class sun/awt/HeadlessToolkit done


Dynamic libraries:
71e600000-725200000 rw-p 00000000 00:00 0 
725200000-78a200000 ---p 00000000 00:00 0 
78a200000-790100000 rw-p 00000000 00:00 0 
790100000-7c0000000 ---p 00000000 00:00 0 
7c0000000-7c0160000 rw-p 00000000 00:00 0 
7c0160000-800000000 ---p 00000000 00:00 0 
5558d03a8000-5558d03a9000 r--p 00000000 08:03 797196                     /usr/lib/jvm/java-8-openjdk-amd64/jre/bin/java
5558d03a9000-5558d03aa000 r-xp 00001000 08:03 797196                     /usr/lib/jvm/java-8-openjdk-amd64/jre/bin/java
5558d03aa000-5558d03ab000 r--p 00002000 08:03 797196                     /usr/lib/jvm/java-8-openjdk-amd64/jre/bin/java
5558d03ab000-5558d03ac000 r--p 00002000 08:03 797196                     /usr/lib/jvm/java-8-openjdk-amd64/jre/bin/java
5558d03ac000-5558d03ad000 rw-p 00003000 08:03 797196                     /usr/lib/jvm/java-8-openjdk-amd64/jre/bin/java
5558d10bb000-5558d10dc000 rw-p 00000000 00:00 0                          [heap]
7efc54000000-7efc54021000 rw-p 00000000 00:00 0 
7efc54021000-7efc58000000 ---p 00000000 00:00 0 
7efc5c000000-7efc5c021000 rw-p 00000000 00:00 0 
7efc5c021000-7efc60000000 ---p 00000000 00:00 0 
7efc60000000-7efc60021000 rw-p 00000000 00:00 0 
7efc60021000-7efc64000000 ---p 00000000 00:00 0 
7efc64000000-7efc64021000 rw-p 00000000 00:00 0 
7efc64021000-7efc68000000 ---p 00000000 00:00 0 
7efc68000000-7efc68021000 rw-p 00000000 00:00 0 
7efc68021000-7efc6c000000 ---p 00000000 00:00 0 
7efc6c000000-7efc6c047000 rw-p 00000000 00:00 0 
7efc6c047000-7efc70000000 ---p 00000000 00:00 0 
7efc70000000-7efc70021000 rw-p 00000000 00:00 0 
7efc70021000-7efc74000000 ---p 00000000 00:00 0 
7efc74000000-7efc74021000 rw-p 00000000 00:00 0 
7efc74021000-7efc78000000 ---p 00000000 00:00 0 
7efc78000000-7efc78021000 rw-p 00000000 00:00 0 
7efc78021000-7efc7c000000 ---p 00000000 00:00 0 
7efc7c000000-7efc7c592000 rw-p 00000000 00:00 0 
7efc7c592000-7efc80000000 ---p 00000000 00:00 0 
7efc80000000-7efc80541000 rw-p 00000000 00:00 0 
7efc80541000-7efc84000000 ---p 00000000 00:00 0 
7efc84000000-7efc84021000 rw-p 00000000 00:00 0 
7efc84021000-7efc88000000 ---p 00000000 00:00 0 
7efc88000000-7efc884ae000 rw-p 00000000 00:00 0 
7efc884ae000-7efc8c000000 ---p 00000000 00:00 0 
7efc8c000000-7efc8c021000 rw-p 00000000 00:00 0 
7efc8c021000-7efc90000000 ---p 00000000 00:00 0 
7efc90000000-7efc90021000 rw-p 00000000 00:00 0 
7efc90021000-7efc94000000 ---p 00000000 00:00 0 
7efc94000000-7efc94021000 rw-p 00000000 00:00 0 
7efc94021000-7efc98000000 ---p 00000000 00:00 0 
7efc98000000-7efc98021000 rw-p 00000000 00:00 0 
7efc98021000-7efc9c000000 ---p 00000000 00:00 0 
7efc9c000000-7efc9c021000 rw-p 00000000 00:00 0 
7efc9c021000-7efca0000000 ---p 00000000 00:00 0 
7efca4000000-7efca4021000 rw-p 00000000 00:00 0 
7efca4021000-7efca8000000 ---p 00000000 00:00 0 
7efcaab25000-7efcaab26000 ---p 00000000 00:00 0 
7efcaab26000-7efcab326000 rw-p 00000000 00:00 0 
7efcab326000-7efcab329000 ---p 00000000 00:00 0 
7efcab329000-7efcab426000 rw-p 00000000 00:00 0 
7efcab426000-7efcab429000 ---p 00000000 00:00 0 
7efcab429000-7efcab526000 rw-p 00000000 00:00 0 
7efcab526000-7efcab532000 r--p 00000000 08:03 791380                     /usr/lib/x86_64-linux-gnu/libgcrypt.so.20.2.8
7efcab532000-7efcab608000 r-xp 0000c000 08:03 791380                     /usr/lib/x86_64-linux-gnu/libgcrypt.so.20.2.8
7efcab608000-7efcab641000 r--p 000e2000 08:03 791380                     /usr/lib/x86_64-linux-gnu/libgcrypt.so.20.2.8
7efcab641000-7efcab643000 r--p 0011a000 08:03 791380                     /usr/lib/x86_64-linux-gnu/libgcrypt.so.20.2.8
7efcab643000-7efcab648000 rw-p 0011c000 08:03 791380                     /usr/lib/x86_64-linux-gnu/libgcrypt.so.20.2.8
7efcab648000-7efcab649000 rw-p 00000000 00:00 0 
7efcab649000-7efcab653000 r--p 00000000 08:03 792419                     /usr/lib/x86_64-linux-gnu/libzstd.so.1.4.8
7efcab653000-7efcab703000 r-xp 0000a000 08:03 792419                     /usr/lib/x86_64-linux-gnu/libzstd.so.1.4.8
7efcab703000-7efcab714000 r--p 000ba000 08:03 792419                     /usr/lib/x86_64-linux-gnu/libzstd.so.1.4.8
7efcab714000-7efcab715000 r--p 000ca000 08:03 792419                     /usr/lib/x86_64-linux-gnu/libzstd.so.1.4.8
7efcab715000-7efcab716000 rw-p 000cb000 08:03 792419                     /usr/lib/x86_64-linux-gnu/libzstd.so.1.4.8
7efcab716000-7efcab727000 r--p 00000000 08:03 785067                     /usr/lib/x86_64-linux-gnu/libsystemd.so.0.31.0
7efcab727000-7efcab7a3000 r-xp 00011000 08:03 785067                     /usr/lib/x86_64-linux-gnu/libsystemd.so.0.31.0
7efcab7a3000-7efcab7c9000 r--p 0008d000 08:03 785067                     /usr/lib/x86_64-linux-gnu/libsystemd.so.0.31.0
7efcab7c9000-7efcab7cc000 r--p 000b2000 08:03 785067                     /usr/lib/x86_64-linux-gnu/libsystemd.so.0.31.0
7efcab7cc000-7efcab7cd000 rw-p 000b5000 08:03 785067                     /usr/lib/x86_64-linux-gnu/libsystemd.so.0.31.0
7efcab7cd000-7efcb089e000 rw-p 00000000 00:00 0 
7efcb08a5000-7efcb08aa000 r--p 00000000 08:03 791456                     /usr/lib/x86_64-linux-gnu/libgpg-error.so.0.29.0
7efcb08aa000-7efcb08c0000 r-xp 00005000 08:03 791456                     /usr/lib/x86_64-linux-gnu/libgpg-error.so.0.29.0
7efcb08c0000-7efcb08ca000 r--p 0001b000 08:03 791456                     /usr/lib/x86_64-linux-gnu/libgpg-error.so.0.29.0
7efcb08ca000-7efcb08cb000 ---p 00025000 08:03 791456                     /usr/lib/x86_64-linux-gnu/libgpg-error.so.0.29.0
7efcb08cb000-7efcb08cc000 r--p 00025000 08:03 791456                     /usr/lib/x86_64-linux-gnu/libgpg-error.so.0.29.0
7efcb08cc000-7efcb08cd000 rw-p 00026000 08:03 791456                     /usr/lib/x86_64-linux-gnu/libgpg-error.so.0.29.0
7efcb08cd000-7efcb08d0000 r--p 00000000 08:03 791090                     /usr/lib/x86_64-linux-gnu/libcap.so.2.44
7efcb08d0000-7efcb08d4000 r-xp 00003000 08:03 791090                     /usr/lib/x86_64-linux-gnu/libcap.so.2.44
7efcb08d4000-7efcb08d6000 r--p 00007000 08:03 791090                     /usr/lib/x86_64-linux-gnu/libcap.so.2.44
7efcb08d6000-7efcb08d7000 r--p 00008000 08:03 791090                     /usr/lib/x86_64-linux-gnu/libcap.so.2.44
7efcb08d7000-7efcb08d8000 rw-p 00009000 08:03 791090                     /usr/lib/x86_64-linux-gnu/libcap.so.2.44
7efcb08d8000-7efcb08da000 r--p 00000000 08:03 791708                     /usr/lib/x86_64-linux-gnu/liblz4.so.1.9.3
7efcb08da000-7efcb08f3000 r-xp 00002000 08:03 791708                     /usr/lib/x86_64-linux-gnu/liblz4.so.1.9.3
7efcb08f3000-7efcb08f5000 r--p 0001b000 08:03 791708                     /usr/lib/x86_64-linux-gnu/liblz4.so.1.9.3
7efcb08f5000-7efcb08f6000 ---p 0001d000 08:03 791708                     /usr/lib/x86_64-linux-gnu/liblz4.so.1.9.3
7efcb08f6000-7efcb08f7000 r--p 0001d000 08:03 791708                     /usr/lib/x86_64-linux-gnu/liblz4.so.1.9.3
7efcb08f7000-7efcb08f8000 rw-p 0001e000 08:03 791708                     /usr/lib/x86_64-linux-gnu/liblz4.so.1.9.3
7efcb08f8000-7efcb08fb000 r--p 00000000 08:03 791710                     /usr/lib/x86_64-linux-gnu/liblzma.so.5.2.5
7efcb08fb000-7efcb0916000 r-xp 00003000 08:03 791710                     /usr/lib/x86_64-linux-gnu/liblzma.so.5.2.5
7efcb0916000-7efcb0921000 r--p 0001e000 08:03 791710                     /usr/lib/x86_64-linux-gnu/liblzma.so.5.2.5
7efcb0921000-7efcb0922000 r--p 00028000 08:03 791710                     /usr/lib/x86_64-linux-gnu/liblzma.so.5.2.5
7efcb0922000-7efcb0923000 rw-p 00029000 08:03 791710                     /usr/lib/x86_64-linux-gnu/liblzma.so.5.2.5
7efcb0923000-7efcb0924000 r--p 00000000 08:03 787110                     /usr/lib/x86_64-linux-gnu/libpthread.so.0
7efcb0924000-7efcb0925000 r-xp 00001000 08:03 787110                     /usr/lib/x86_64-linux-gnu/libpthread.so.0
7efcb0925000-7efcb0926000 r--p 00002000 08:03 787110                     /usr/lib/x86_64-linux-gnu/libpthread.so.0
7efcb0926000-7efcb0927000 r--p 00002000 08:03 787110                     /usr/lib/x86_64-linux-gnu/libpthread.so.0
7efcb0927000-7efcb0928000 rw-p 00003000 08:03 787110                     /usr/lib/x86_64-linux-gnu/libpthread.so.0
7efcb0928000-7efcb092a000 r--p 00000000 08:03 791916                     /usr/lib/x86_64-linux-gnu/libpcre.so.3.13.3
7efcb092a000-7efcb097e000 r-xp 00002000 08:03 791916                     /usr/lib/x86_64-linux-gnu/libpcre.so.3.13.3
7efcb097e000-7efcb099c000 r--p 00056000 08:03 791916                     /usr/lib/x86_64-linux-gnu/libpcre.so.3.13.3
7efcb099c000-7efcb099d000 r--p 00073000 08:03 791916                     /usr/lib/x86_64-linux-gnu/libpcre.so.3.13.3
7efcb099d000-7efcb099e000 rw-p 00074000 08:03 791916                     /usr/lib/x86_64-linux-gnu/libpcre.so.3.13.3
7efcb099e000-7efcb09a0000 r--p 00000000 08:03 791306                     /usr/lib/x86_64-linux-gnu/libffi.so.8.1.0
7efcb09a0000-7efcb09a6000 r-xp 00002000 08:03 791306                     /usr/lib/x86_64-linux-gnu/libffi.so.8.1.0
7efcb09a6000-7efcb09a7000 r--p 00008000 08:03 791306                     /usr/lib/x86_64-linux-gnu/libffi.so.8.1.0
7efcb09a7000-7efcb09a8000 ---p 00009000 08:03 791306                     /usr/lib/x86_64-linux-gnu/libffi.so.8.1.0
7efcb09a8000-7efcb09a9000 r--p 00009000 08:03 791306                     /usr/lib/x86_64-linux-gnu/libffi.so.8.1.0
7efcb09a9000-7efcb09aa000 rw-p 0000a000 08:03 791306                     /usr/lib/x86_64-linux-gnu/libffi.so.8.1.0
7efcb09aa000-7efcb09b9000 r--p 00000000 08:03 790989                     /usr/lib/x86_64-linux-gnu/libatspi.so.0.0.1
7efcb09b9000-7efcb09d2000 r-xp 0000f000 08:03 790989                     /usr/lib/x86_64-linux-gnu/libatspi.so.0.0.1
7efcb09d2000-7efcb09e0000 r--p 00028000 08:03 790989                     /usr/lib/x86_64-linux-gnu/libatspi.so.0.0.1
7efcb09e0000-7efcb09e3000 r--p 00035000 08:03 790989                     /usr/lib/x86_64-linux-gnu/libatspi.so.0.0.1
7efcb09e3000-7efcb09e4000 rw-p 00038000 08:03 790989                     /usr/lib/x86_64-linux-gnu/libatspi.so.0.0.1
7efcb09e4000-7efcb09ef000 r--p 00000000 08:03 791173                     /usr/lib/x86_64-linux-gnu/libdbus-1.so.3.19.13
7efcb09ef000-7efcb0a1d000 r-xp 0000b000 08:03 791173                     /usr/lib/x86_64-linux-gnu/libdbus-1.so.3.19.13
7efcb0a1d000-7efcb0a2f000 r--p 00039000 08:03 791173                     /usr/lib/x86_64-linux-gnu/libdbus-1.so.3.19.13
7efcb0a2f000-7efcb0a30000 ---p 0004b000 08:03 791173                     /usr/lib/x86_64-linux-gnu/libdbus-1.so.3.19.13
7efcb0a30000-7efcb0a31000 r--p 0004b000 08:03 791173                     /usr/lib/x86_64-linux-gnu/libdbus-1.so.3.19.13
7efcb0a31000-7efcb0a32000 rw-p 0004c000 08:03 791173                     /usr/lib/x86_64-linux-gnu/libdbus-1.so.3.19.13
7efcb0a32000-7efcb0a4f000 r--p 00000000 08:03 791420                     /usr/lib/x86_64-linux-gnu/libglib-2.0.so.0.6800.4
7efcb0a4f000-7efcb0adc000 r-xp 0001d000 08:03 791420                     /usr/lib/x86_64-linux-gnu/libglib-2.0.so.0.6800.4
7efcb0adc000-7efcb0b64000 r--p 000aa000 08:03 791420                     /usr/lib/x86_64-linux-gnu/libglib-2.0.so.0.6800.4
7efcb0b64000-7efcb0b65000 ---p 00132000 08:03 791420                     /usr/lib/x86_64-linux-gnu/libglib-2.0.so.0.6800.4
7efcb0b65000-7efcb0b66000 r--p 00132000 08:03 791420                     /usr/lib/x86_64-linux-gnu/libglib-2.0.so.0.6800.4
7efcb0b66000-7efcb0b67000 rw-p 00133000 08:03 791420                     /usr/lib/x86_64-linux-gnu/libglib-2.0.so.0.6800.4
7efcb0b67000-7efcb0b68000 rw-p 00000000 00:00 0 
7efcb0b68000-7efcb0b76000 r--p 00000000 08:03 791450                     /usr/lib/x86_64-linux-gnu/libgobject-2.0.so.0.6800.4
7efcb0b76000-7efcb0ba6000 r-xp 0000e000 08:03 791450                     /usr/lib/x86_64-linux-gnu/libgobject-2.0.so.0.6800.4
7efcb0ba6000-7efcb0bbf000 r--p 0003e000 08:03 791450                     /usr/lib/x86_64-linux-gnu/libgobject-2.0.so.0.6800.4
7efcb0bbf000-7efcb0bc2000 r--p 00056000 08:03 791450                     /usr/lib/x86_64-linux-gnu/libgobject-2.0.so.0.6800.4
7efcb0bc2000-7efcb0bc3000 rw-p 00059000 08:03 791450                     /usr/lib/x86_64-linux-gnu/libgobject-2.0.so.0.6800.4
7efcb0bc3000-7efcb0bcf000 r--p 00000000 08:03 790981                     /usr/lib/x86_64-linux-gnu/libatk-bridge-2.0.so.0.0.0
7efcb0bcf000-7efcb0be8000 r-xp 0000c000 08:03 790981                     /usr/lib/x86_64-linux-gnu/libatk-bridge-2.0.so.0.0.0
7efcb0be8000-7efcb0bf7000 r--p 00025000 08:03 790981                     /usr/lib/x86_64-linux-gnu/libatk-bridge-2.0.so.0.0.0
7efcb0bf7000-7efcb0bf8000 ---p 00034000 08:03 790981                     /usr/lib/x86_64-linux-gnu/libatk-bridge-2.0.so.0.0.0
7efcb0bf8000-7efcb0bf9000 r--p 00034000 08:03 790981                     /usr/lib/x86_64-linux-gnu/libatk-bridge-2.0.so.0.0.0
7efcb0bf9000-7efcb0bfb000 rw-p 00035000 08:03 790981                     /usr/lib/x86_64-linux-gnu/libatk-bridge-2.0.so.0.0.0
7efcb0bfb000-7efcb0c06000 r--p 00000000 08:03 790979                     /usr/lib/x86_64-linux-gnu/libatk-1.0.so.0.23609.1
7efcb0c06000-7efcb0c15000 r-xp 0000b000 08:03 790979                     /usr/lib/x86_64-linux-gnu/libatk-1.0.so.0.23609.1
7efcb0c15000-7efcb0c21000 r--p 0001a000 08:03 790979                     /usr/lib/x86_64-linux-gnu/libatk-1.0.so.0.23609.1
7efcb0c21000-7efcb0c24000 r--p 00025000 08:03 790979                     /usr/lib/x86_64-linux-gnu/libatk-1.0.so.0.23609.1
7efcb0c24000-7efcb0c25000 rw-p 00028000 08:03 790979                     /usr/lib/x86_64-linux-gnu/libatk-1.0.so.0.23609.1
7efcb0c25000-7efcb0c29000 r--p 00000000 08:03 796125                     /usr/lib/x86_64-linux-gnu/jni/libatk-wrapper.so
7efcb0c29000-7efcb0c42000 r-xp 00004000 08:03 796125                     /usr/lib/x86_64-linux-gnu/jni/libatk-wrapper.so
7efcb0c42000-7efcb0c4c000 r--p 0001d000 08:03 796125                     /usr/lib/x86_64-linux-gnu/jni/libatk-wrapper.so
7efcb0c4c000-7efcb0c4d000 ---p 00027000 08:03 796125                     /usr/lib/x86_64-linux-gnu/jni/libatk-wrapper.so
7efcb0c4d000-7efcb0c4e000 r--p 00027000 08:03 796125                     /usr/lib/x86_64-linux-gnu/jni/libatk-wrapper.so
7efcb0c4e000-7efcb0c4f000 rw-p 00028000 08:03 796125                     /usr/lib/x86_64-linux-gnu/jni/libatk-wrapper.so
7efcb0c4f000-7efcb0c52000 ---p 00000000 00:00 0 
7efcb0c52000-7efcb0e08000 rw-p 00000000 00:00 0 
7efcb0e08000-7efcb0e88000 ---p 00000000 00:00 0 
7efcb0e88000-7efcb0e8b000 ---p 00000000 00:00 0 
7efcb0e8b000-7efcb0f88000 rw-p 00000000 00:00 0 
7efcb0f88000-7efcb0f8a000 r--p 00000000 08:03 790901                     /usr/lib/x86_64-linux-gnu/libXcursor.so.1.0.2
7efcb0f8a000-7efcb0f90000 r-xp 00002000 08:03 790901                     /usr/lib/x86_64-linux-gnu/libXcursor.so.1.0.2
7efcb0f90000-7efcb0f92000 r--p 00008000 08:03 790901                     /usr/lib/x86_64-linux-gnu/libXcursor.so.1.0.2
7efcb0f92000-7efcb0f93000 r--p 00009000 08:03 790901                     /usr/lib/x86_64-linux-gnu/libXcursor.so.1.0.2
7efcb0f93000-7efcb0f94000 rw-p 0000a000 08:03 790901                     /usr/lib/x86_64-linux-gnu/libXcursor.so.1.0.2
7efcb0f94000-7efcb0f97000 ---p 00000000 00:00 0 
7efcb0f97000-7efcb1094000 rw-p 00000000 00:00 0 
7efcb1094000-7efcb1095000 r--p 00000000 08:03 791057                     /usr/lib/x86_64-linux-gnu/libbrotlicommon.so.1.0.9
7efcb1095000-7efcb1096000 r-xp 00001000 08:03 791057                     /usr/lib/x86_64-linux-gnu/libbrotlicommon.so.1.0.9
7efcb1096000-7efcb10b5000 r--p 00002000 08:03 791057                     /usr/lib/x86_64-linux-gnu/libbrotlicommon.so.1.0.9
7efcb10b5000-7efcb10b6000 r--p 00020000 08:03 791057                     /usr/lib/x86_64-linux-gnu/libbrotlicommon.so.1.0.9
7efcb10b6000-7efcb10b7000 rw-p 00021000 08:03 791057                     /usr/lib/x86_64-linux-gnu/libbrotlicommon.so.1.0.9
7efcb10b7000-7efcb10b8000 r--p 00000000 08:03 791059                     /usr/lib/x86_64-linux-gnu/libbrotlidec.so.1.0.9
7efcb10b8000-7efcb10c0000 r-xp 00001000 08:03 791059                     /usr/lib/x86_64-linux-gnu/libbrotlidec.so.1.0.9
7efcb10c0000-7efcb10c3000 r--p 00009000 08:03 791059                     /usr/lib/x86_64-linux-gnu/libbrotlidec.so.1.0.9
7efcb10c3000-7efcb10c4000 r--p 0000b000 08:03 791059                     /usr/lib/x86_64-linux-gnu/libbrotlidec.so.1.0.9
7efcb10c4000-7efcb10c5000 rw-p 0000c000 08:03 791059                     /usr/lib/x86_64-linux-gnu/libbrotlidec.so.1.0.9
7efcb10c5000-7efcb10ca000 r--p 00000000 08:03 791958                     /usr/lib/x86_64-linux-gnu/libpng16.so.16.37.0
7efcb10ca000-7efcb10f3000 r-xp 00005000 08:03 791958                     /usr/lib/x86_64-linux-gnu/libpng16.so.16.37.0
7efcb10f3000-7efcb10fe000 r--p 0002e000 08:03 791958                     /usr/lib/x86_64-linux-gnu/libpng16.so.16.37.0
7efcb10fe000-7efcb10ff000 r--p 00038000 08:03 791958                     /usr/lib/x86_64-linux-gnu/libpng16.so.16.37.0
7efcb10ff000-7efcb1100000 rw-p 00039000 08:03 791958                     /usr/lib/x86_64-linux-gnu/libpng16.so.16.37.0
7efcb1100000-7efcb110c000 r--p 00000000 08:03 791340                     /usr/lib/x86_64-linux-gnu/libfreetype.so.6.17.4
7efcb110c000-7efcb1190000 r-xp 0000c000 08:03 791340                     /usr/lib/x86_64-linux-gnu/libfreetype.so.6.17.4
7efcb1190000-7efcb11ba000 r--p 00090000 08:03 791340                     /usr/lib/x86_64-linux-gnu/libfreetype.so.6.17.4
7efcb11ba000-7efcb11bb000 ---p 000ba000 08:03 791340                     /usr/lib/x86_64-linux-gnu/libfreetype.so.6.17.4
7efcb11bb000-7efcb11c2000 r--p 000ba000 08:03 791340                     /usr/lib/x86_64-linux-gnu/libfreetype.so.6.17.4
7efcb11c2000-7efcb11c3000 rw-p 000c1000 08:03 791340                     /usr/lib/x86_64-linux-gnu/libfreetype.so.6.17.4
7efcb11c3000-7efcb11c7000 r--p 00000000 08:03 797232                     /usr/lib/jvm/java-8-openjdk-amd64/jre/lib/amd64/libmanagement.so
7efcb11c7000-7efcb11cb000 r-xp 00004000 08:03 797232                     /usr/lib/jvm/java-8-openjdk-amd64/jre/lib/amd64/libmanagement.so
7efcb11cb000-7efcb11cd000 r--p 00008000 08:03 797232                     /usr/lib/jvm/java-8-openjdk-amd64/jre/lib/amd64/libmanagement.so
7efcb11cd000-7efcb11ce000 r--p 00009000 08:03 797232                     /usr/lib/jvm/java-8-openjdk-amd64/jre/lib/amd64/libmanagement.so
7efcb11ce000-7efcb11cf000 rw-p 0000a000 08:03 797232                     /usr/lib/jvm/java-8-openjdk-amd64/jre/lib/amd64/libmanagement.so
7efcb11cf000-7efcb11d2000 r--p 00000000 08:03 1975358                    /usr/share/locale-langpack/it/LC_MESSAGES/atk10.mo
7efcb11d2000-7efcb11d9000 r--p 00000000 08:03 797216                     /usr/lib/jvm/java-8-openjdk-amd64/jre/lib/amd64/libfontmanager.so
7efcb11d9000-7efcb1209000 r-xp 00007000 08:03 797216                     /usr/lib/jvm/java-8-openjdk-amd64/jre/lib/amd64/libfontmanager.so
7efcb1209000-7efcb1225000 r--p 00037000 08:03 797216                     /usr/lib/jvm/java-8-openjdk-amd64/jre/lib/amd64/libfontmanager.so
7efcb1225000-7efcb1226000 ---p 00053000 08:03 797216                     /usr/lib/jvm/java-8-openjdk-amd64/jre/lib/amd64/libfontmanager.so
7efcb1226000-7efcb1228000 r--p 00053000 08:03 797216                     /usr/lib/jvm/java-8-openjdk-amd64/jre/lib/amd64/libfontmanager.so
7efcb1228000-7efcb1229000 rw-p 00055000 08:03 797216                     /usr/lib/jvm/java-8-openjdk-amd64/jre/lib/amd64/libfontmanager.so
7efcb1229000-7efcb123b000 r--s 0034c000 08:03 797288                     /usr/lib/jvm/java-8-openjdk-amd64/jre/lib/resources.jar
7efcb123b000-7efcb125a000 r--p 00000000 08:03 1975554                    /usr/share/locale-langpack/it/LC_MESSAGES/libc.mo
7efcb125a000-7efcb125c000 r--p 00000000 08:03 791724                     /usr/lib/x86_64-linux-gnu/libmd.so.0.0.4
7efcb125c000-7efcb1263000 r-xp 00002000 08:03 791724                     /usr/lib/x86_64-linux-gnu/libmd.so.0.0.4
7efcb1263000-7efcb1265000 r--p 00009000 08:03 791724                     /usr/lib/x86_64-linux-gnu/libmd.so.0.0.4
7efcb1265000-7efcb1266000 r--p 0000a000 08:03 791724                     /usr/lib/x86_64-linux-gnu/libmd.so.0.0.4
7efcb1266000-7efcb1267000 rw-p 0000b000 08:03 791724                     /usr/lib/x86_64-linux-gnu/libmd.so.0.0.4
7efcb1267000-7efcb126b000 r--p 00000000 08:03 791063                     /usr/lib/x86_64-linux-gnu/libbsd.so.0.11.3
7efcb126b000-7efcb1278000 r-xp 00004000 08:03 791063                     /usr/lib/x86_64-linux-gnu/libbsd.so.0.11.3
7efcb1278000-7efcb127b000 r--p 00011000 08:03 791063                     /usr/lib/x86_64-linux-gnu/libbsd.so.0.11.3
7efcb127b000-7efcb127c000 ---p 00014000 08:03 791063                     /usr/lib/x86_64-linux-gnu/libbsd.so.0.11.3
7efcb127c000-7efcb127d000 r--p 00014000 08:03 791063                     /usr/lib/x86_64-linux-gnu/libbsd.so.0.11.3
7efcb127d000-7efcb127e000 rw-p 00015000 08:03 791063                     /usr/lib/x86_64-linux-gnu/libbsd.so.0.11.3
7efcb127e000-7efcb127f000 rw-p 00000000 00:00 0 
7efcb127f000-7efcb1281000 r--p 00000000 08:03 790905                     /usr/lib/x86_64-linux-gnu/libXdmcp.so.6.0.0
7efcb1281000-7efcb1283000 r-xp 00002000 08:03 790905                     /usr/lib/x86_64-linux-gnu/libXdmcp.so.6.0.0
7efcb1283000-7efcb1285000 r--p 00004000 08:03 790905                     /usr/lib/x86_64-linux-gnu/libXdmcp.so.6.0.0
7efcb1285000-7efcb1286000 r--p 00005000 08:03 790905                     /usr/lib/x86_64-linux-gnu/libXdmcp.so.6.0.0
7efcb1286000-7efcb1287000 rw-p 00006000 08:03 790905                     /usr/lib/x86_64-linux-gnu/libXdmcp.so.6.0.0
7efcb1287000-7efcb1288000 r--p 00000000 08:03 790894                     /usr/lib/x86_64-linux-gnu/libXau.so.6.0.0
7efcb1288000-7efcb128a000 r-xp 00001000 08:03 790894                     /usr/lib/x86_64-linux-gnu/libXau.so.6.0.0
7efcb128a000-7efcb128b000 r--p 00003000 08:03 790894                     /usr/lib/x86_64-linux-gnu/libXau.so.6.0.0
7efcb128b000-7efcb128c000 r--p 00003000 08:03 790894                     /usr/lib/x86_64-linux-gnu/libXau.so.6.0.0
7efcb128c000-7efcb128d000 rw-p 00004000 08:03 790894                     /usr/lib/x86_64-linux-gnu/libXau.so.6.0.0
7efcb128d000-7efcb128e000 r--p 00000000 08:03 787087                     /usr/lib/x86_64-linux-gnu/libdl.so.2
7efcb128e000-7efcb128f000 r-xp 00001000 08:03 787087                     /usr/lib/x86_64-linux-gnu/libdl.so.2
7efcb128f000-7efcb1290000 r--p 00002000 08:03 787087                     /usr/lib/x86_64-linux-gnu/libdl.so.2
7efcb1290000-7efcb1291000 r--p 00002000 08:03 787087                     /usr/lib/x86_64-linux-gnu/libdl.so.2
7efcb1291000-7efcb1292000 rw-p 00003000 08:03 787087                     /usr/lib/x86_64-linux-gnu/libdl.so.2
7efcb1292000-7efcb129d000 r--p 00000000 08:03 792377                     /usr/lib/x86_64-linux-gnu/libxcb.so.1.1.0
7efcb129d000-7efcb12b1000 r-xp 0000b000 08:03 792377                     /usr/lib/x86_64-linux-gnu/libxcb.so.1.1.0
7efcb12b1000-7efcb12ba000 r--p 0001f000 08:03 792377                     /usr/lib/x86_64-linux-gnu/libxcb.so.1.1.0
7efcb12ba000-7efcb12bb000 r--p 00027000 08:03 792377                     /usr/lib/x86_64-linux-gnu/libxcb.so.1.1.0
7efcb12bb000-7efcb12bc000 rw-p 00028000 08:03 792377                     /usr/lib/x86_64-linux-gnu/libxcb.so.1.1.0
7efcb12bc000-7efcb12be000 r--p 00000000 08:03 790915                     /usr/lib/x86_64-linux-gnu/libXi.so.6.1.0
7efcb12be000-7efcb12c9000 r-xp 00002000 08:03 790915                     /usr/lib/x86_64-linux-gnu/libXi.so.6.1.0
7efcb12c9000-7efcb12cc000 r--p 0000d000 08:03 790915                     /usr/lib/x86_64-linux-gnu/libXi.so.6.1.0
7efcb12cc000-7efcb12cd000 r--p 0000f000 08:03 790915                     /usr/lib/x86_64-linux-gnu/libXi.so.6.1.0
7efcb12cd000-7efcb12ce000 rw-p 00010000 08:03 790915                     /usr/lib/x86_64-linux-gnu/libXi.so.6.1.0
7efcb12ce000-7efcb12d0000 r--p 00000000 08:03 790933                     /usr/lib/x86_64-linux-gnu/libXtst.so.6.1.0
7efcb12d0000-7efcb12d3000 r-xp 00002000 08:03 790933                     /usr/lib/x86_64-linux-gnu/libXtst.so.6.1.0
7efcb12d3000-7efcb12d4000 r--p 00005000 08:03 790933                     /usr/lib/x86_64-linux-gnu/libXtst.so.6.1.0
7efcb12d4000-7efcb12d5000 r--p 00005000 08:03 790933                     /usr/lib/x86_64-linux-gnu/libXtst.so.6.1.0
7efcb12d5000-7efcb12d6000 rw-p 00006000 08:03 790933                     /usr/lib/x86_64-linux-gnu/libXtst.so.6.1.0
7efcb12d6000-7efcb12d8000 r--p 00000000 08:03 790927                     /usr/lib/x86_64-linux-gnu/libXrender.so.1.3.0
7efcb12d8000-7efcb12df000 r-xp 00002000 08:03 790927                     /usr/lib/x86_64-linux-gnu/libXrender.so.1.3.0
7efcb12df000-7efcb12e1000 r--p 00009000 08:03 790927                     /usr/lib/x86_64-linux-gnu/libXrender.so.1.3.0
7efcb12e1000-7efcb12e2000 r--p 0000a000 08:03 790927                     /usr/lib/x86_64-linux-gnu/libXrender.so.1.3.0
7efcb12e2000-7efcb12e3000 rw-p 0000b000 08:03 790927                     /usr/lib/x86_64-linux-gnu/libXrender.so.1.3.0
7efcb12e3000-7efcb12fc000 r--p 00000000 08:03 790890                     /usr/lib/x86_64-linux-gnu/libX11.so.6.4.0
7efcb12fc000-7efcb1388000 r-xp 00019000 08:03 790890                     /usr/lib/x86_64-linux-gnu/libX11.so.6.4.0
7efcb1388000-7efcb141b000 r--p 000a5000 08:03 790890                     /usr/lib/x86_64-linux-gnu/libX11.so.6.4.0
7efcb141b000-7efcb141c000 ---p 00138000 08:03 790890                     /usr/lib/x86_64-linux-gnu/libX11.so.6.4.0
7efcb141c000-7efcb141d000 r--p 00138000 08:03 790890                     /usr/lib/x86_64-linux-gnu/libX11.so.6.4.0
7efcb141d000-7efcb1421000 rw-p 00139000 08:03 790890                     /usr/lib/x86_64-linux-gnu/libX11.so.6.4.0
7efcb1421000-7efcb1425000 r--p 00000000 08:03 790907                     /usr/lib/x86_64-linux-gnu/libXext.so.6.4.0
7efcb1425000-7efcb1430000 r-xp 00004000 08:03 790907                     /usr/lib/x86_64-linux-gnu/libXext.so.6.4.0
7efcb1430000-7efcb1434000 r--p 0000f000 08:03 790907                     /usr/lib/x86_64-linux-gnu/libXext.so.6.4.0
7efcb1434000-7efcb1435000 r--p 00012000 08:03 790907                     /usr/lib/x86_64-linux-gnu/libXext.so.6.4.0
7efcb1435000-7efcb1436000 rw-p 00013000 08:03 790907                     /usr/lib/x86_64-linux-gnu/libXext.so.6.4.0
7efcb1436000-7efcb1438000 r--p 00000000 08:03 790909                     /usr/lib/x86_64-linux-gnu/libXfixes.so.3.1.0
7efcb1438000-7efcb143b000 r-xp 00002000 08:03 790909                     /usr/lib/x86_64-linux-gnu/libXfixes.so.3.1.0
7efcb143b000-7efcb143c000 r--p 00005000 08:03 790909                     /usr/lib/x86_64-linux-gnu/libXfixes.so.3.1.0
7efcb143c000-7efcb143d000 r--p 00005000 08:03 790909                     /usr/lib/x86_64-linux-gnu/libXfixes.so.3.1.0
7efcb143d000-7efcb143e000 rw-p 00006000 08:03 790909                     /usr/lib/x86_64-linux-gnu/libXfixes.so.3.1.0
7efcb143e000-7efcb1445000 r--s 00000000 08:03 1449217                    /usr/lib/x86_64-linux-gnu/gconv/gconv-modules.cache
7efcb1445000-7efcb1455000 r--p 00000000 08:03 797214                     /usr/lib/jvm/java-8-openjdk-amd64/jre/lib/amd64/libawt_xawt.so
7efcb1455000-7efcb1494000 r-xp 00010000 08:03 797214                     /usr/lib/jvm/java-8-openjdk-amd64/jre/lib/amd64/libawt_xawt.so
7efcb1494000-7efcb14a5000 r--p 0004f000 08:03 797214                     /usr/lib/jvm/java-8-openjdk-amd64/jre/lib/amd64/libawt_xawt.so
7efcb14a5000-7efcb14a6000 r--p 0005f000 08:03 797214                     /usr/lib/jvm/java-8-openjdk-amd64/jre/lib/amd64/libawt_xawt.so
7efcb14a6000-7efcb14a9000 rw-p 00060000 08:03 797214                     /usr/lib/jvm/java-8-openjdk-amd64/jre/lib/amd64/libawt_xawt.so
7efcb14a9000-7efcb14ab000 rw-p 00000000 00:00 0 
7efcb14ab000-7efcb14d8000 r--p 00000000 08:03 797212                     /usr/lib/jvm/java-8-openjdk-amd64/jre/lib/amd64/libawt.so
7efcb14d8000-7efcb1542000 r-xp 0002d000 08:03 797212                     /usr/lib/jvm/java-8-openjdk-amd64/jre/lib/amd64/libawt.so
7efcb1542000-7efcb154e000 r--p 00097000 08:03 797212                     /usr/lib/jvm/java-8-openjdk-amd64/jre/lib/amd64/libawt.so
7efcb154e000-7efcb154f000 ---p 000a3000 08:03 797212                     /usr/lib/jvm/java-8-openjdk-amd64/jre/lib/amd64/libawt.so
7efcb154f000-7efcb1550000 r--p 000a3000 08:03 797212                     /usr/lib/jvm/java-8-openjdk-amd64/jre/lib/amd64/libawt.so
7efcb1550000-7efcb155b000 rw-p 000a4000 08:03 797212                     /usr/lib/jvm/java-8-openjdk-amd64/jre/lib/amd64/libawt.so
7efcb155b000-7efcb1780000 rw-p 00000000 00:00 0 
7efcb1780000-7efcb1783000 ---p 00000000 00:00 0 
7efcb1783000-7efcb1880000 rw-p 00000000 00:00 0 
7efcb1880000-7efcb1883000 r--s 0001b000 08:03 523309                     /home/idss-davide/.gradle/caches/modules-2/files-2.1/xpp3/xpp3/1.1.4c/9b988ea84b9e4e9f1874e390ce099b8ac12cfff5/xpp3-1.1.4c.jar
7efcb1883000-7efcb1889000 r--s 00019000 08:03 523308                     /home/idss-davide/.gradle/caches/modules-2/files-2.1/xerces/xmlParserAPIs/2.6.2/65acede1e5305bd2b92213d7b5761328c6f4fd9/xmlParserAPIs-2.6.2.jar
7efcb1889000-7efcb188a000 r--s 00004000 08:03 523307                     /home/idss-davide/.gradle/caches/modules-2/files-2.1/org.khronos/opengl-api/gl1.1-android-2.1_r1/8827d279add29cf9115820671e7879de7bf80390/opengl-api-gl1.1-android-2.1_r1.jar
7efcb188a000-7efcb1891000 r--s 0003a000 08:03 523429                     /home/idss-davide/.gradle/caches/modules-2/files-2.1/commons-codec/commons-codec/1.9/9ce04e34240f674bc72680f8b843b1457383161a/commons-codec-1.9.jar
7efcb1891000-7efcb1893000 r--s 0000e000 08:03 523428                     /home/idss-davide/.gradle/caches/modules-2/files-2.1/commons-logging/commons-logging/1.2/4bfc12adfe4842bf07b657f0369c4cb522955686/commons-logging-1.2.jar
7efcb1893000-7efcb1895000 r--s 00003000 08:03 523427                     /home/idss-davide/.gradle/caches/modules-2/files-2.1/org.jetbrains/annotations/13.0/919f0dfe192fb4e063e7dacadee7f8bb9a2672a9/annotations-13.0.jar
7efcb1895000-7efcb18a6000 r--s 001c2000 08:03 523304                     /home/idss-davide/.gradle/caches/modules-2/files-2.1/org.eclipse.swt.gtk.linux/x86/3.3.0-v3346/a9ce3fdc84060952a94f509442673698c3880f92/x86-3.3.0-v3346.jar
7efcb18a6000-7efcb18b7000 r--s 001dd000 08:03 523303                     /home/idss-davide/.gradle/caches/modules-2/files-2.1/org.eclipse.swt.gtk.linux/x86_64/3.3.0-v3346/5a7561696dc49e42713e78cb09e0563bba6b96c/x86_64-3.3.0-v3346.jar
7efcb18b7000-7efcb18be000 r--s 00049000 08:03 523426                     /home/idss-davide/.gradle/caches/modules-2/files-2.1/org.apache.httpcomponents/httpcore/4.4.5/e7501a1b34325abb00d17dde96150604a0658b54/httpcore-4.4.5.jar
7efcb18be000-7efcb18cb000 r--s 000a7000 08:03 523425                     /home/idss-davide/.gradle/caches/modules-2/files-2.1/org.apache.httpcomponents/httpclient/4.5.2/733db77aa8d9b2d68015189df76ab06304406e50/httpclient-4.5.2.jar
7efcb18cb000-7efcb18d2000 r--s 00050000 08:03 523424                     /home/idss-davide/.gradle/caches/modules-2/files-2.1/org.apache.httpcomponents/httpcore-nio/4.4.5/f4be009e7505f6ceddf21e7960c759f413f15056/httpcore-nio-4.4.5.jar
7efcb18d2000-7efcb18d6000 r--s 00028000 08:03 523422                     /home/idss-davide/.gradle/caches/modules-2/files-2.1/org.apache.httpcomponents/httpasyncclient/4.1.2/95aa3e6fb520191a0970a73cf09f62948ee614be/httpasyncclient-4.1.2.jar
7efcb18d6000-7efcb1900000 r--s 001e9000 08:03 523423                     /home/idss-davide/.gradle/caches/modules-2/files-2.1/com.google.guava/guava/15.0/ed727a8d9f247e2050281cb083f1c77b09dcb5cd/guava-15.0.jar
7efcb1900000-7efcb1902000 r--s 00009000 08:03 523421                     /home/idss-davide/.gradle/caches/modules-2/files-2.1/org.slf4j/slf4j-api/1.7.25/da76ca59f6a57ee3102f8f9bd9cee742973efa8a/slf4j-api-1.7.25.jar
7efcb1902000-7efcb1906000 r--s 0001b000 08:03 523418                     /home/idss-davide/.gradle/caches/modules-2/files-2.1/org.eclipse.californium/element-connector/2.0.0-M12/11cc8c08be9d2d975e7a9d34f46e8fb9f03234ba/element-connector-2.0.0-M12.jar
7efcb1906000-7efcb190e000 r--s 00029000 08:03 523419                     /home/idss-davide/.gradle/caches/modules-2/files-2.1/org.jetbrains.kotlin/kotlin-stdlib-common/1.6.10/c118700e3a33c8a0d9adc920e9dec0831171925/kotlin-stdlib-common-1.6.10.jar
7efcb190e000-7efcb1923000 r--s 0015c000 08:03 523420                     /home/idss-davide/.gradle/caches/modules-2/files-2.1/org.jetbrains.kotlin/kotlin-stdlib/1.6.10/b8af3fe6f1ca88526914929add63cf5e7c5049af/kotlin-stdlib-1.6.10.jar
7efcb1923000-7efcb1924000 r--s 00005000 08:03 523417                     /home/idss-davide/.gradle/caches/modules-2/files-2.1/org.jetbrains.kotlin/kotlin-stdlib-jdk7/1.6.10/e1c380673654a089c4f0c9f83d0ddfdc1efdb498/kotlin-stdlib-jdk7-1.6.10.jar
7efcb1924000-7efcb1926000 r--s 00016000 08:03 797277                     /usr/lib/jvm/java-8-openjdk-amd64/jre/lib/jce.jar
7efcb1926000-7efcb1937000 r--s 001c5000 08:03 797283                     /usr/lib/jvm/java-8-openjdk-amd64/jre/lib/jsse.jar
7efcb1937000-7efcb1939000 r--s 00004000 08:03 926830                     /home/idss-davide/issLab2022_DavideGuidetti/unibolibs/it.unibo.radarSystem22.domain-1.0.jar
7efcb1939000-7efcb1942000 r--s 000d8000 08:03 918598                     /home/idss-davide/issLab2022_DavideGuidetti/unibolibs/radarPojo.jar
7efcb1942000-7efcb1945000 r--s 0002e000 08:03 926829                     /home/idss-davide/issLab2022_DavideGuidetti/unibolibs/it.unibo.qakactor-2.7.jar
7efcb1945000-7efcb1948000 r--s 00007000 08:03 926831                     /home/idss-davide/issLab2022_DavideGuidetti/unibolibs/uniboInterfaces.jar
7efcb1948000-7efcb19ca000 r--s 0064a000 08:03 926758                     /home/idss-davide/issLab2022_DavideGuidetti/unibolibs/2p301.jar
7efcb19ca000-7efcb19cc000 r--s 0000c000 08:03 523346                     /home/idss-davide/.gradle/caches/modules-2/files-2.1/org.json/json/20160810/aca5eb39e2a12fddd6c472b240afe9ebea3a6733/json-20160810.jar
7efcb19cc000-7efcb1a21000 r--s 00548000 08:03 523313                     /home/idss-davide/.gradle/caches/modules-2/files-2.1/com.google.android/android/2.3.3/949a2bef1ffe62e81af5d8919d17dfcc1309c43c/android-2.3.3.jar
7efcb1a21000-7efcb1a25000 r--s 00017000 08:03 523302                     /home/idss-davide/.gradle/caches/modules-2/files-2.1/org.pushingpixels/trident/1.3/a90e1fe1a5f47288e5820666179397dd10ca021/trident-1.3.jar
7efcb1a25000-7efcb1a2d000 r--s 00056000 08:03 523416                     /home/idss-davide/.gradle/caches/modules-2/files-2.1/org.eclipse.californium/californium-core/2.0.0-M12/5b61477cf0f3634bbdf786b265178b7a50a07ae3/californium-core-2.0.0-M12.jar
7efcb1a2d000-7efcb1a30000 r--s 00016000 08:03 523430                     /home/idss-davide/.gradle/caches/modules-2/files-2.1/org.eclipse.californium/californium-proxy/2.0.0-M12/fd089cbf97a2f89e15ad6ba965ff7a196ece2219/californium-proxy-2.0.0-M12.jar
7efcb1a30000-7efcb1a48000 r--s 00154000 08:03 523415                     /home/idss-davide/.gradle/caches/modules-2/files-2.1/org.jetbrains.kotlinx/kotlinx-coroutines-core-jvm/1.6.0/f3b8fd26c2e76d2f18cbc36aacb6e349fcb9fd5f/kotlinx-coroutines-core-jvm-1.6.0.jar
7efcb1a48000-7efcb1a79000 rw-p 00000000 00:00 0 
7efcb1a79000-7efcb1a7a000 ---p 00000000 00:00 0 
7efcb1a7a000-7efcb1b7a000 rw-p 00000000 00:00 0 
7efcb1b7a000-7efcb1b7d000 ---p 00000000 00:00 0 
7efcb1b7d000-7efcb1c7a000 rw-p 00000000 00:00 0 
7efcb1c7a000-7efcb1c7b000 ---p 00000000 00:00 0 
7efcb1c7b000-7efcb1c7e000 ---p 00000000 00:00 0 
7efcb1c7e000-7efcb1d7b000 rw-p 00000000 00:00 0 
7efcb1d7b000-7efcb1d7c000 ---p 00000000 00:00 0 
7efcb1d7c000-7efcb1d7f000 ---p 00000000 00:00 0 
7efcb1d7f000-7efcb1e7c000 rw-p 00000000 00:00 0 
7efcb1e7c000-7efcb1e7d000 ---p 00000000 00:00 0 
7efcb1e7d000-7efcb1e80000 ---p 00000000 00:00 0 
7efcb1e80000-7efcb1f7d000 rw-p 00000000 00:00 0 
7efcb1f7d000-7efcb1f80000 ---p 00000000 00:00 0 
7efcb1f80000-7efcb207d000 rw-p 00000000 00:00 0 
7efcb207d000-7efcb25f0000 r--p 00000000 08:03 785798                     /usr/lib/locale/locale-archive
7efcb25f0000-7efcb25f3000 ---p 00000000 00:00 0 
7efcb25f3000-7efcb26f0000 rw-p 00000000 00:00 0 
7efcb26f0000-7efcb26f3000 ---p 00000000 00:00 0 
7efcb26f3000-7efcb27f0000 rw-p 00000000 00:00 0 
7efcb27f0000-7efcb27f1000 ---p 00000000 00:00 0 
7efcb27f1000-7efcb4000000 rw-p 00000000 00:00 0 
7efcb4000000-7efcb4021000 rw-p 00000000 00:00 0 
7efcb4021000-7efcb8000000 ---p 00000000 00:00 0 
7efcb8000000-7efcb8001000 r--s 00008000 08:03 918600                     /home/idss-davide/issLab2022_DavideGuidetti/unibolibs/unibonoawtsupports.jar
7efcb8001000-7efcb8006000 r--s 00037000 08:03 523414                     /home/idss-davide/.gradle/caches/modules-2/files-2.1/org.eclipse.paho/org.eclipse.paho.client.mqttv3/1.2.5/1546cfc794449c39ad569853843a930104fdc297/org.eclipse.paho.client.mqttv3-1.2.5.jar
7efcb8006000-7efcb800e000 r--s 0001d000 08:03 523413                     /home/idss-davide/.gradle/caches/modules-2/files-2.1/org.jetbrains.kotlinx/kotlinx-coroutines-core-common/1.3.8/f637004addee7d856f617979f583352e97a21e5a/kotlinx-coroutines-core-common-1.3.8.jar
7efcb800e000-7efcb800f000 r--s 00003000 08:03 523412                     /home/idss-davide/.gradle/caches/modules-2/files-2.1/org.jetbrains.kotlin/kotlin-stdlib-jdk8/1.6.10/e80fe6ac3c3573a80305f5ec43f86b829e8ab53d/kotlin-stdlib-jdk8-1.6.10.jar
7efcb800f000-7efcb8014000 r--p 00000000 08:03 797234                     /usr/lib/jvm/java-8-openjdk-amd64/jre/lib/amd64/libnet.so
7efcb8014000-7efcb8025000 r-xp 00005000 08:03 797234                     /usr/lib/jvm/java-8-openjdk-amd64/jre/lib/amd64/libnet.so
7efcb8025000-7efcb8029000 r--p 00016000 08:03 797234                     /usr/lib/jvm/java-8-openjdk-amd64/jre/lib/amd64/libnet.so
7efcb8029000-7efcb802a000 r--p 00019000 08:03 797234                     /usr/lib/jvm/java-8-openjdk-amd64/jre/lib/amd64/libnet.so
7efcb802a000-7efcb802b000 rw-p 0001a000 08:03 797234                     /usr/lib/jvm/java-8-openjdk-amd64/jre/lib/amd64/libnet.so
7efcb802b000-7efcb8032000 r--p 00000000 08:03 797235                     /usr/lib/jvm/java-8-openjdk-amd64/jre/lib/amd64/libnio.so
7efcb8032000-7efcb803b000 r-xp 00007000 08:03 797235                     /usr/lib/jvm/java-8-openjdk-amd64/jre/lib/amd64/libnio.so
7efcb803b000-7efcb803e000 r--p 00010000 08:03 797235                     /usr/lib/jvm/java-8-openjdk-amd64/jre/lib/amd64/libnio.so
7efcb803e000-7efcb803f000 r--p 00012000 08:03 797235                     /usr/lib/jvm/java-8-openjdk-amd64/jre/lib/amd64/libnio.so
7efcb803f000-7efcb8040000 rw-p 00013000 08:03 797235                     /usr/lib/jvm/java-8-openjdk-amd64/jre/lib/amd64/libnio.so
7efcb8040000-7efcb8044000 r--s 00041000 08:03 797264                     /usr/lib/jvm/java-8-openjdk-amd64/jre/lib/ext/sunpkcs11.jar
7efcb8044000-7efcb8046000 r--s 00010000 08:03 797265                     /usr/lib/jvm/java-8-openjdk-amd64/jre/lib/ext/zipfs.jar
7efcb8046000-7efcb804c000 r--s 0003d000 08:03 797263                     /usr/lib/jvm/java-8-openjdk-amd64/jre/lib/ext/sunjce_provider.jar
7efcb804c000-7efcb804e000 r--s 00008000 08:03 797262                     /usr/lib/jvm/java-8-openjdk-amd64/jre/lib/ext/sunec.jar
7efcb804e000-7efcb8069000 r--s 00394000 08:03 797256                     /usr/lib/jvm/java-8-openjdk-amd64/jre/lib/ext/cldrdata.jar
7efcb8069000-7efcb8084000 r--s 001d6000 08:03 797261                     /usr/lib/jvm/java-8-openjdk-amd64/jre/lib/ext/nashorn.jar
7efcb8084000-7efcb8087000 r--s 0000f000 08:03 797258                     /usr/lib/jvm/java-8-openjdk-amd64/jre/lib/ext/icedtea-sound.jar
7efcb8087000-7efcb8092000 r--s 00116000 08:03 797260                     /usr/lib/jvm/java-8-openjdk-amd64/jre/lib/ext/localedata.jar
7efcb8092000-7efcb8098000 r--s 000d3000 08:03 797282                     /usr/lib/jvm/java-8-openjdk-amd64/jre/lib/jfr.jar
7efcb8098000-7efcb8149000 rw-p 00000000 00:00 0 
7efcb8149000-7efcb831b000 r--s 03cab000 08:03 797289                     /usr/lib/jvm/java-8-openjdk-amd64/jre/lib/rt.jar
7efcb831b000-7efcb889e000 rw-p 00000000 00:00 0 
7efcb889e000-7efcb889f000 ---p 00000000 00:00 0 
7efcb889f000-7efcb899f000 rw-p 00000000 00:00 0 
7efcb899f000-7efcb89a0000 ---p 00000000 00:00 0 
7efcb89a0000-7efcb8aa0000 rw-p 00000000 00:00 0 
7efcb8aa0000-7efcb8aa1000 ---p 00000000 00:00 0 
7efcb8aa1000-7efcb8ba1000 rw-p 00000000 00:00 0 
7efcb8ba1000-7efcb8ba2000 ---p 00000000 00:00 0 
7efcb8ba2000-7efcb8cd8000 rw-p 00000000 00:00 0 
7efcb8cd8000-7efcb9000000 ---p 00000000 00:00 0 
7efcb9000000-7efcb9380000 rwxp 00000000 00:00 0 
7efcb9380000-7efcc8000000 ---p 00000000 00:00 0 
7efcc8000000-7efcc86f7000 rw-p 00000000 00:00 0 
7efcc86f7000-7efccc000000 ---p 00000000 00:00 0 
7efccc000000-7efccc12e000 rw-p 00000000 00:00 0 
7efccc12e000-7efccc456000 ---p 00000000 00:00 0 
7efccc456000-7efccc486000 rw-p 00000000 00:00 0 
7efccc486000-7efccc605000 ---p 00000000 00:00 0 
7efccc605000-7efccc614000 rw-p 00000000 00:00 0 
7efccc614000-7efccc9c6000 ---p 00000000 00:00 0 
7efccc9c6000-7efccc9c9000 r--p 00000000 08:03 797242                     /usr/lib/jvm/java-8-openjdk-amd64/jre/lib/amd64/libzip.so
7efccc9c9000-7efccc9ce000 r-xp 00003000 08:03 797242                     /usr/lib/jvm/java-8-openjdk-amd64/jre/lib/amd64/libzip.so
7efccc9ce000-7efccc9d0000 r--p 00008000 08:03 797242                     /usr/lib/jvm/java-8-openjdk-amd64/jre/lib/amd64/libzip.so
7efccc9d0000-7efccc9d1000 r--p 00009000 08:03 797242                     /usr/lib/jvm/java-8-openjdk-amd64/jre/lib/amd64/libzip.so
7efccc9d1000-7efccc9d2000 rw-p 0000a000 08:03 797242                     /usr/lib/jvm/java-8-openjdk-amd64/jre/lib/amd64/libzip.so
7efccc9d2000-7efccc9df000 r--p 00000000 08:03 797223                     /usr/lib/jvm/java-8-openjdk-amd64/jre/lib/amd64/libjava.so
7efccc9df000-7efccc9f7000 r-xp 0000d000 08:03 797223                     /usr/lib/jvm/java-8-openjdk-amd64/jre/lib/amd64/libjava.so
7efccc9f7000-7efccc9fe000 r--p 00025000 08:03 797223                     /usr/lib/jvm/java-8-openjdk-amd64/jre/lib/amd64/libjava.so
7efccc9fe000-7efccc9ff000 r--p 0002b000 08:03 797223                     /usr/lib/jvm/java-8-openjdk-amd64/jre/lib/amd64/libjava.so
7efccc9ff000-7efccca01000 rw-p 0002c000 08:03 797223                     /usr/lib/jvm/java-8-openjdk-amd64/jre/lib/amd64/libjava.so
7efccca01000-7efccca06000 r--p 00000000 08:03 797241                     /usr/lib/jvm/java-8-openjdk-amd64/jre/lib/amd64/libverify.so
7efccca06000-7efccca0f000 r-xp 00005000 08:03 797241                     /usr/lib/jvm/java-8-openjdk-amd64/jre/lib/amd64/libverify.so
7efccca0f000-7efccca11000 r--p 0000e000 08:03 797241                     /usr/lib/jvm/java-8-openjdk-amd64/jre/lib/amd64/libverify.so
7efccca11000-7efccca13000 r--p 0000f000 08:03 797241                     /usr/lib/jvm/java-8-openjdk-amd64/jre/lib/amd64/libverify.so
7efccca13000-7efccca14000 rw-p 00011000 08:03 797241                     /usr/lib/jvm/java-8-openjdk-amd64/jre/lib/amd64/libverify.so
7efccca14000-7efccca15000 r--p 00000000 08:03 787114                     /usr/lib/x86_64-linux-gnu/librt.so.1
7efccca15000-7efccca16000 r-xp 00001000 08:03 787114                     /usr/lib/x86_64-linux-gnu/librt.so.1
7efccca16000-7efccca17000 r--p 00002000 08:03 787114                     /usr/lib/x86_64-linux-gnu/librt.so.1
7efccca17000-7efccca18000 r--p 00002000 08:03 787114                     /usr/lib/x86_64-linux-gnu/librt.so.1
7efccca18000-7efccca19000 rw-p 00003000 08:03 787114                     /usr/lib/x86_64-linux-gnu/librt.so.1
7efccca19000-7efccca1a000 ---p 00000000 00:00 0 
7efccca1a000-7efccca1d000 ---p 00000000 00:00 0 
7efccca1d000-7efcccb1a000 rw-p 00000000 00:00 0 
7efcccb1a000-7efcccb1d000 r--p 00000000 08:03 791367                     /usr/lib/x86_64-linux-gnu/libgcc_s.so.1
7efcccb1d000-7efcccb2f000 r-xp 00003000 08:03 791367                     /usr/lib/x86_64-linux-gnu/libgcc_s.so.1
7efcccb2f000-7efcccb32000 r--p 00015000 08:03 791367                     /usr/lib/x86_64-linux-gnu/libgcc_s.so.1
7efcccb32000-7efcccb33000 r--p 00017000 08:03 791367                     /usr/lib/x86_64-linux-gnu/libgcc_s.so.1
7efcccb33000-7efcccb34000 rw-p 00018000 08:03 791367                     /usr/lib/x86_64-linux-gnu/libgcc_s.so.1
7efcccb34000-7efcccb41000 r--p 00000000 08:03 787091                     /usr/lib/x86_64-linux-gnu/libm.so.6
7efcccb41000-7efcccbbb000 r-xp 0000d000 08:03 787091                     /usr/lib/x86_64-linux-gnu/libm.so.6
7efcccbbb000-7efcccc15000 r--p 00087000 08:03 787091                     /usr/lib/x86_64-linux-gnu/libm.so.6
7efcccc15000-7efcccc16000 ---p 000e1000 08:03 787091                     /usr/lib/x86_64-linux-gnu/libm.so.6
7efcccc16000-7efcccc17000 r--p 000e1000 08:03 787091                     /usr/lib/x86_64-linux-gnu/libm.so.6
7efcccc17000-7efcccc18000 rw-p 000e2000 08:03 787091                     /usr/lib/x86_64-linux-gnu/libm.so.6
7efcccc18000-7efccccb1000 r--p 00000000 08:03 792144                     /usr/lib/x86_64-linux-gnu/libstdc++.so.6.0.29
7efccccb1000-7efcccdb4000 r-xp 00099000 08:03 792144                     /usr/lib/x86_64-linux-gnu/libstdc++.so.6.0.29
7efcccdb4000-7efccce20000 r--p 0019c000 08:03 792144                     /usr/lib/x86_64-linux-gnu/libstdc++.so.6.0.29
7efccce20000-7efccce2b000 r--p 00207000 08:03 792144                     /usr/lib/x86_64-linux-gnu/libstdc++.so.6.0.29
7efccce2b000-7efccce2e000 rw-p 00212000 08:03 792144                     /usr/lib/x86_64-linux-gnu/libstdc++.so.6.0.29
7efccce2e000-7efccce31000 rw-p 00000000 00:00 0 
7efccce31000-7efccd026000 r--p 00000000 08:03 797245                     /usr/lib/jvm/java-8-openjdk-amd64/jre/lib/amd64/server/libjvm.so
7efccd026000-7efccd991000 r-xp 001f5000 08:03 797245                     /usr/lib/jvm/java-8-openjdk-amd64/jre/lib/amd64/server/libjvm.so
7efccd991000-7efccdb3c000 r--p 00b60000 08:03 797245                     /usr/lib/jvm/java-8-openjdk-amd64/jre/lib/amd64/server/libjvm.so
7efccdb3c000-7efccdbd2000 r--p 00d0a000 08:03 797245                     /usr/lib/jvm/java-8-openjdk-amd64/jre/lib/amd64/server/libjvm.so
7efccdbd2000-7efccdbfb000 rw-p 00da0000 08:03 797245                     /usr/lib/jvm/java-8-openjdk-amd64/jre/lib/amd64/server/libjvm.so
7efccdbfb000-7efccdc31000 rw-p 00000000 00:00 0 
7efccdc31000-7efccdc33000 r--p 00000000 08:03 789370                     /usr/lib/x86_64-linux-gnu/libz.so.1.2.11
7efccdc33000-7efccdc44000 r-xp 00002000 08:03 789370                     /usr/lib/x86_64-linux-gnu/libz.so.1.2.11
7efccdc44000-7efccdc4a000 r--p 00013000 08:03 789370                     /usr/lib/x86_64-linux-gnu/libz.so.1.2.11
7efccdc4a000-7efccdc4b000 ---p 00019000 08:03 789370                     /usr/lib/x86_64-linux-gnu/libz.so.1.2.11
7efccdc4b000-7efccdc4c000 r--p 00019000 08:03 789370                     /usr/lib/x86_64-linux-gnu/libz.so.1.2.11
7efccdc4c000-7efccdc4d000 rw-p 0001a000 08:03 789370                     /usr/lib/x86_64-linux-gnu/libz.so.1.2.11
7efccdc4d000-7efccdc75000 r--p 00000000 08:03 787082                     /usr/lib/x86_64-linux-gnu/libc.so.6
7efccdc75000-7efccde09000 r-xp 00028000 08:03 787082                     /usr/lib/x86_64-linux-gnu/libc.so.6
7efccde09000-7efccde61000 r--p 001bc000 08:03 787082                     /usr/lib/x86_64-linux-gnu/libc.so.6
7efccde61000-7efccde62000 ---p 00214000 08:03 787082                     /usr/lib/x86_64-linux-gnu/libc.so.6
7efccde62000-7efccde66000 r--p 00214000 08:03 787082                     /usr/lib/x86_64-linux-gnu/libc.so.6
7efccde66000-7efccde68000 rw-p 00218000 08:03 787082                     /usr/lib/x86_64-linux-gnu/libc.so.6
7efccde68000-7efccde75000 rw-p 00000000 00:00 0 
7efccde75000-7efccde76000 r--s 0000a000 08:03 797259                     /usr/lib/jvm/java-8-openjdk-amd64/jre/lib/ext/jaccess.jar
7efccde76000-7efccde78000 r--s 0000c000 08:03 1570957                    /usr/share/java/java-atk-wrapper.jar
7efccde78000-7efccde7a000 r--s 00001000 08:03 797257                     /usr/lib/jvm/java-8-openjdk-amd64/jre/lib/ext/dnsns.jar
7efccde7a000-7efccde82000 rw-s 00000000 08:03 1709569                    /tmp/hsperfdata_idss-davide/8203
7efccde82000-7efccde83000 rw-p 00000000 00:00 0 
7efccde83000-7efccde84000 r--p 00000000 00:00 0 
7efccde84000-7efccde87000 r--p 00000000 08:03 797209                     /usr/lib/jvm/java-8-openjdk-amd64/jre/lib/amd64/jli/libjli.so
7efccde87000-7efccde90000 r-xp 00003000 08:03 797209                     /usr/lib/jvm/java-8-openjdk-amd64/jre/lib/amd64/jli/libjli.so
7efccde90000-7efccde93000 r--p 0000c000 08:03 797209                     /usr/lib/jvm/java-8-openjdk-amd64/jre/lib/amd64/jli/libjli.so
7efccde93000-7efccde94000 r--p 0000e000 08:03 797209                     /usr/lib/jvm/java-8-openjdk-amd64/jre/lib/amd64/jli/libjli.so
7efccde94000-7efccde95000 rw-p 0000f000 08:03 797209                     /usr/lib/jvm/java-8-openjdk-amd64/jre/lib/amd64/jli/libjli.so
7efccde95000-7efccde97000 rw-p 00000000 00:00 0 
7efccde97000-7efccde98000 r--p 00000000 08:03 787059                     /usr/lib/x86_64-linux-gnu/ld-linux-x86-64.so.2
7efccde98000-7efccdec0000 r-xp 00001000 08:03 787059                     /usr/lib/x86_64-linux-gnu/ld-linux-x86-64.so.2
7efccdec0000-7efccdeca000 r--p 00029000 08:03 787059                     /usr/lib/x86_64-linux-gnu/ld-linux-x86-64.so.2
7efccdeca000-7efccdecc000 r--p 00032000 08:03 787059                     /usr/lib/x86_64-linux-gnu/ld-linux-x86-64.so.2
7efccdecc000-7efccdece000 rw-p 00034000 08:03 787059                     /usr/lib/x86_64-linux-gnu/ld-linux-x86-64.so.2
7ffe4ee5c000-7ffe4ee7e000 rw-p 00000000 00:00 0                          [stack]
7ffe4ef31000-7ffe4ef35000 r--p 00000000 00:00 0                          [vvar]
7ffe4ef35000-7ffe4ef37000 r-xp 00000000 00:00 0                          [vdso]
ffffffffff600000-ffffffffff601000 --xp 00000000 00:00 0                  [vsyscall]

VM Arguments:
jvm_args: -Dfile.encoding=UTF-8 
java_command: unibo.actor22.local.UsingLedNoControllerOnPc
java_class_path (initial): /home/idss-davide/issLab2022_DavideGuidetti/unibo.actor22/bin/default:/home/idss-davide/.gradle/caches/modules-2/files-2.1/org.jetbrains.kotlinx/kotlinx-coroutines-core-jvm/1.6.0/f3b8fd26c2e76d2f18cbc36aacb6e349fcb9fd5f/kotlinx-coroutines-core-jvm-1.6.0.jar:/home/idss-davide/.gradle/caches/modules-2/files-2.1/org.jetbrains.kotlin/kotlin-stdlib-jdk8/1.6.10/e80fe6ac3c3573a80305f5ec43f86b829e8ab53d/kotlin-stdlib-jdk8-1.6.10.jar:/home/idss-davide/.gradle/caches/modules-2/files-2.1/org.jetbrains.kotlinx/kotlinx-coroutines-core-common/1.3.8/f637004addee7d856f617979f583352e97a21e5a/kotlinx-coroutines-core-common-1.3.8.jar:/home/idss-davide/.gradle/caches/modules-2/files-2.1/org.eclipse.paho/org.eclipse.paho.client.mqttv3/1.2.5/1546cfc794449c39ad569853843a930104fdc297/org.eclipse.paho.client.mqttv3-1.2.5.jar:/home/idss-davide/.gradle/caches/modules-2/files-2.1/org.eclipse.californium/californium-proxy/2.0.0-M12/fd089cbf97a2f89e15ad6ba965ff7a196ece2219/californium-proxy-2.0.0-M12.jar:/home/idss-davide/.gradle/caches/modules-2/files-2.1/org.eclipse.californium/californium-core/2.0.0-M12/5b61477cf0f3634bbdf786b265178b7a50a07ae3/californium-core-2.0.0-M12.jar:/home/idss-davide/.gradle/caches/modules-2/files-2.1/org.pushingpixels/trident/1.3/a90e1fe1a5f47288e5820666179397dd10ca021/trident-1.3.jar:/home/idss-davide/.gradle/caches/modules-2/files-2.1/com.google.android/android/2.3.3/949a2bef1ffe62e81af5d8919d17dfcc1309c43c/android-2.3.3.jar:/home/idss-davide/.gradle/caches/modules-2/files-2.1/org.json/json/20160810/aca5eb39e2a12fddd6c472b240afe9ebea3a6733/json-20160810.jar:/home/idss-davide/issLab2022_DavideGuidetti/unibolibs:/home/idss-davide/issLab2022_DavideGuidetti/unibolibs/2p301.jar:/home/idss-davide/issLab2022_DavideGuidetti/unibolibs/uniboInterfaces.jar:/home/idss-davide/issLab2022_DavideGuidetti/unibolibs/unibonoawtsupports.jar:/home/idss-davide/issLab2022_DavideGuidetti/unibolibs/it.unibo.qakactor-2.7.jar:/home/idss-davide/issLab2022_DavideGu
Launcher Type: SUN_STANDARD

Environment Variables:
PATH=/usr/local/sbin:/usr/local/bin:/usr/sbin:/usr/bin:/sbin:/bin:/usr/games:/usr/local/games:/snap/bin:/snap/bin:/opt/gradle/gradle-7.4/bin
USERNAME=idss-davide
SHELL=/bin/bash
DISPLAY=:0

Signal Handlers:
SIGSEGV: [libjvm.so+0xb39300], sa_mask[0]=11111111011111111101111111111110, sa_flags=SA_RESTART|SA_SIGINFO
SIGBUS: [libjvm.so+0xb39300], sa_mask[0]=11111111011111111101111111111110, sa_flags=SA_RESTART|SA_SIGINFO
SIGFPE: [libjvm.so+0x97ac10], sa_mask[0]=11111111011111111101111111111110, sa_flags=SA_RESTART|SA_SIGINFO
SIGPIPE: [libjvm.so+0x97ac10], sa_mask[0]=11111111011111111101111111111110, sa_flags=SA_RESTART|SA_SIGINFO
SIGXFSZ: [libjvm.so+0x97ac10], sa_mask[0]=11111111011111111101111111111110, sa_flags=SA_RESTART|SA_SIGINFO
SIGILL: [libjvm.so+0x97ac10], sa_mask[0]=11111111011111111101111111111110, sa_flags=SA_RESTART|SA_SIGINFO
SIGUSR1: SIG_DFL, sa_mask[0]=00000000000000000000000000000000, sa_flags=none
SIGUSR2: [libjvm.so+0x97a9d0], sa_mask[0]=00100000000000000000000000000000, sa_flags=SA_RESTART|SA_SIGINFO
SIGHUP: [libjvm.so+0x97ae90], sa_mask[0]=11111111011111111101111111111110, sa_flags=SA_RESTART|SA_SIGINFO
SIGINT: [libjvm.so+0x97ae90], sa_mask[0]=11111111011111111101111111111110, sa_flags=SA_RESTART|SA_SIGINFO
SIGTERM: [libjvm.so+0x97ae90], sa_mask[0]=11111111011111111101111111111110, sa_flags=SA_RESTART|SA_SIGINFO
SIGQUIT: [libjvm.so+0x97ae90], sa_mask[0]=11111111011111111101111111111110, sa_flags=SA_RESTART|SA_SIGINFO


---------------  S Y S T E M  ---------------

OS:DISTRIB_ID=Ubuntu
DISTRIB_RELEASE=21.10
DISTRIB_CODENAME=impish
DISTRIB_DESCRIPTION="Ubuntu 21.10"

uname:Linux 5.13.0-39-generic #44-Ubuntu SMP Thu Mar 24 15:35:05 UTC 2022 x86_64
libc:glibc 2.34 NPTL 2.34 
rlimit: STACK 8192k, CORE 0k, NPROC 41151, NOFILE 1048576, AS infinity
load average:0,54 0,44 0,52

/proc/meminfo:
MemTotal:       10585524 kB
MemFree:         4152196 kB
MemAvailable:    6993140 kB
Buffers:          112884 kB
Cached:          3138532 kB
SwapCached:            0 kB
Active:          1124560 kB
Inactive:        4977892 kB
Active(anon):       2560 kB
Inactive(anon):  3093900 kB
Active(file):    1122000 kB
Inactive(file):  1883992 kB
Unevictable:         112 kB
Mlocked:             112 kB
SwapTotal:       2097148 kB
SwapFree:        2097148 kB
Dirty:               284 kB
Writeback:             0 kB
AnonPages:       2851028 kB
Mapped:          1028584 kB
Shmem:            254504 kB
KReclaimable:     126480 kB
Slab:             214076 kB
SReclaimable:     126480 kB
SUnreclaim:        87596 kB
KernelStack:       14736 kB
PageTables:        37516 kB
NFS_Unstable:          0 kB
Bounce:                0 kB
WritebackTmp:          0 kB
CommitLimit:     7389908 kB
Committed_AS:   10321276 kB
VmallocTotal:   34359738367 kB
VmallocUsed:       46380 kB
VmallocChunk:          0 kB
Percpu:             4624 kB
HardwareCorrupted:     0 kB
AnonHugePages:         0 kB
ShmemHugePages:        0 kB
ShmemPmdMapped:        0 kB
FileHugePages:         0 kB
FilePmdMapped:         0 kB
HugePages_Total:       0
HugePages_Free:        0
HugePages_Rsvd:        0
HugePages_Surp:        0
Hugepagesize:       2048 kB
Hugetlb:               0 kB
DirectMap4k:      239552 kB
DirectMap2M:    10645504 kB


CPU:total 4 (initial active 4) (4 cores per cpu, 1 threads per core) family 6 model 158 stepping 9, cmov, cx8, fxsr, mmx, sse, sse2, sse3, ssse3, sse4.1, sse4.2, popcnt, avx, avx2, aes, clmul, 3dnowpref, lzcnt, tsc, tscinvbit

/proc/cpuinfo:
processor	: 0
vendor_id	: GenuineIntel
cpu family	: 6
model		: 158
model name	: Intel(R) Core(TM) i7-7700HQ CPU @ 2.80GHz
stepping	: 9
cpu MHz		: 2808.000
cache size	: 6144 KB
physical id	: 0
siblings	: 4
core id		: 0
cpu cores	: 4
apicid		: 0
initial apicid	: 0
fpu		: yes
fpu_exception	: yes
cpuid level	: 22
wp		: yes
flags		: fpu vme de pse tsc msr pae mce cx8 apic sep mtrr pge mca cmov pat pse36 clflush mmx fxsr sse sse2 ht syscall nx rdtscp lm constant_tsc rep_good nopl xtopology nonstop_tsc cpuid tsc_known_freq pni pclmulqdq ssse3 cx16 pcid sse4_1 sse4_2 x2apic movbe popcnt aes xsave avx rdrand hypervisor lahf_lm abm 3dnowprefetch invpcid_single pti fsgsbase avx2 invpcid rdseed clflushopt md_clear flush_l1d
bugs		: cpu_meltdown spectre_v1 spectre_v2 spec_store_bypass l1tf mds swapgs itlb_multihit srbds
bogomips	: 5616.00
clflush size	: 64
cache_alignment	: 64
address sizes	: 39 bits physical, 48 bits virtual
power management:

processor	: 1
vendor_id	: GenuineIntel
cpu family	: 6
model		: 158
model name	: Intel(R) Core(TM) i7-7700HQ CPU @ 2.80GHz
stepping	: 9
cpu MHz		: 2808.000
cache size	: 6144 KB
physical id	: 0
siblings	: 4
core id		: 1
cpu cores	: 4
apicid		: 1
initial apicid	: 1
fpu		: yes
fpu_exception	: yes
cpuid level	: 22
wp		: yes
flags		: fpu vme de pse tsc msr pae mce cx8 apic sep mtrr pge mca cmov pat pse36 clflush mmx fxsr sse sse2 ht syscall nx rdtscp lm constant_tsc rep_good nopl xtopology nonstop_tsc cpuid tsc_known_freq pni pclmulqdq ssse3 cx16 pcid sse4_1 sse4_2 x2apic movbe popcnt aes xsave avx rdrand hypervisor lahf_lm abm 3dnowprefetch invpcid_single pti fsgsbase avx2 invpcid rdseed clflushopt md_clear flush_l1d
bugs		: cpu_meltdown spectre_v1 spectre_v2 spec_store_bypass l1tf mds swapgs itlb_multihit srbds
bogomips	: 5616.00
clflush size	: 64
cache_alignment	: 64
address sizes	: 39 bits physical, 48 bits virtual
power management:

processor	: 2
vendor_id	: GenuineIntel
cpu family	: 6
model		: 158
model name	: Intel(R) Core(TM) i7-7700HQ CPU @ 2.80GHz
stepping	: 9
cpu MHz		: 2808.000
cache size	: 6144 KB
physical id	: 0
siblings	: 4
core id		: 2
cpu cores	: 4
apicid		: 2
initial apicid	: 2
fpu		: yes
fpu_exception	: yes
cpuid level	: 22
wp		: yes
flags		: fpu vme de pse tsc msr pae mce cx8 apic sep mtrr pge mca cmov pat pse36 clflush mmx fxsr sse sse2 ht syscall nx rdtscp lm constant_tsc rep_good nopl xtopology nonstop_tsc cpuid tsc_known_freq pni pclmulqdq ssse3 cx16 pcid sse4_1 sse4_2 x2apic movbe popcnt aes xsave avx rdrand hypervisor lahf_lm abm 3dnowprefetch invpcid_single pti fsgsbase avx2 invpcid rdseed clflushopt md_clear flush_l1d
bugs		: cpu_meltdown spectre_v1 spectre_v2 spec_store_bypass l1tf mds swapgs itlb_multihit srbds
bogomips	: 5616.00
clflush size	: 64
cache_alignment	: 64
address sizes	: 39 bits physical, 48 bits virtual
power management:

processor	: 3
vendor_id	: GenuineIntel
cpu family	: 6
model		: 158
model name	: Intel(R) Core(TM) i7-7700HQ CPU @ 2.80GHz
stepping	: 9
cpu MHz		: 2808.000
cache size	: 6144 KB
physical id	: 0
siblings	: 4
core id		: 3
cpu cores	: 4
apicid		: 3
initial apicid	: 3
fpu		: yes
fpu_exception	: yes
cpuid level	: 22
wp		: yes
flags		: fpu vme de pse tsc msr pae mce cx8 apic sep mtrr pge mca cmov pat pse36 clflush mmx fxsr sse sse2 ht syscall nx rdtscp lm constant_tsc rep_good nopl xtopology nonstop_tsc cpuid tsc_known_freq pni pclmulqdq ssse3 cx16 pcid sse4_1 sse4_2 x2apic movbe popcnt aes xsave avx rdrand hypervisor lahf_lm abm 3dnowprefetch invpcid_single pti fsgsbase avx2 invpcid rdseed clflushopt md_clear flush_l1d
bugs		: cpu_meltdown spectre_v1 spectre_v2 spec_store_bypass l1tf mds swapgs itlb_multihit srbds
bogomips	: 5616.00
clflush size	: 64
cache_alignment	: 64
address sizes	: 39 bits physical, 48 bits virtual
power management:



Memory: 4k page, physical 10585524k(4152196k free), swap 2097148k(2097148k free)

vm_info: OpenJDK 64-Bit Server VM (25.312-b07) for linux-amd64 JRE (1.8.0_312-8u312-b07-0ubuntu1~21.10-b07), built on Nov  3 2021 13:54:59 by "buildd" with gcc 11.2.0

time: Tue Apr  5 10:44:25 2022
timezone: CEST
elapsed time: 1.111753 seconds (0d 0h 0m 1s)

