#
# A fatal error has been detected by the Java Runtime Environment:
#
#  SIGSEGV (0xb) at pc=0x00007f9ffd558aa2, pid=7507, tid=0x00007fa01949b640
#
# JRE version: OpenJDK Runtime Environment (8.0_312-b07) (build 1.8.0_312-8u312-b07-0ubuntu1~21.10-b07)
# Java VM: OpenJDK 64-Bit Server VM (25.312-b07 mixed mode linux-amd64 compressed oops)
# Problematic frame:
# C  [libatk-bridge-2.0.so.0+0x13aa2]
#
# Failed to write core dump. Core dumps have been disabled. To enable core dumping, try "ulimit -c unlimited" before starting Java again
#
# If you would like to submit a bug report, please visit:
#   http://bugreport.java.com/bugreport/crash.jsp
# The crash happened outside the Java Virtual Machine in native code.
# See problematic frame for where to report the bug.
#

---------------  T H R E A D  ---------------

Current thread (0x00007fa01400b800):  JavaThread "main" [_thread_in_native, id=7512, stack(0x00007fa01939c000,0x00007fa01949c000)]

siginfo: si_signo: 11 (SIGSEGV), si_code: 1 (SEGV_MAPERR), si_addr: 0x0000000000000038

Registers:
RAX=0x0000000000000000, RBX=0x0000000000000001, RCX=0x00007fa0146f93f0, RDX=0x0000000000000000
RSP=0x00007fa01949a070, RBP=0x00007fa0146f8360, RSI=0x00007fa0146f9410, RDI=0x00007fa0146f8360
R8 =0x00007fa0146f9400, R9 =0x0000000000000010, R10=0xfffffffffffff91c, R11=0x00007f9ffd558b90
R12=0x00007f9ffd57c090, R13=0x00007f9ffe0f4bb0, R14=0x00007fa01949a120, R15=0x00007fa01400b800
RIP=0x00007f9ffd558aa2, EFLAGS=0x0000000000010206, CSGSFS=0x002b000000000033, ERR=0x0000000000000004
  TRAPNO=0x000000000000000e

Top of Stack: (sp=0x00007fa01949a070)
0x00007fa01949a070:   0000000000000001 00007f9ffd5d0440
0x00007fa01949a080:   0000000000000000 00007f9ffd5ae249
0x00007fa01949a090:   0000000000000000 3a799e6bb317d000
0x00007fa01949a0a0:   00007f9ffe0f4bb0 00007fa01949a108
0x00007fa01949a0b0:   0000000000000000 00007fa005018427
0x00007fa01949a0c0:   00007fa005018142 00007fa01949a0c8
0x00007fa01949a0d0:   00007f9ffe0f4bb0 00007fa01949a120
0x00007fa01949a0e0:   00007f9ffd60a028 0000000000000000
0x00007fa01949a0f0:   00007f9ffe0f4bb0 0000000000000000
0x00007fa01949a100:   00007fa01949a128 00007fa01949a168
0x00007fa01949a110:   00007fa005007ffd 000000078cb2a688
0x00007fa01949a120:   00007fa005011a58 00007fa01949a128
0x00007fa01949a130:   00007f9ffd60c5e2 00007fa01949a188
0x00007fa01949a140:   00007f9ffd60c798 0000000000000000
0x00007fa01949a150:   00007f9ffd60c6f8 00007fa01949a128
0x00007fa01949a160:   00007fa01949a180 00007fa01949a1d0
0x00007fa01949a170:   00007fa005008042 0000000000000000
0x00007fa01949a180:   000000078a2480d0 000000078a210568
0x00007fa01949a190:   00007fa01949a190 00007f9ffd63d53d
0x00007fa01949a1a0:   00007fa01949a210 00007f9ffd63d5e8
0x00007fa01949a1b0:   0000000000000000 00007f9ffd63d560
0x00007fa01949a1c0:   00007fa01949a180 00007fa01949a208
0x00007fa01949a1d0:   00007fa01949a258 00007fa005008042
0x00007fa01949a1e0:   0000000000000000 0000000000000000
0x00007fa01949a1f0:   0000000000000001 0000000000000002
0x00007fa01949a200:   0000000000000000 000000078a2480d0
0x00007fa01949a210:   000000078a2107f0 00007fa01949a218
0x00007fa01949a220:   00007f9ffdf3d806 00007fa01949a278
0x00007fa01949a230:   00007f9ffdf3ddf8 0000000000000000
0x00007fa01949a240:   00007f9ffdf3d818 00007fa01949a208
0x00007fa01949a250:   00007fa01949a270 00007fa01949a2c0
0x00007fa01949a260:   00007fa005007ffd 000000078a2107f0 

Instructions: (pc=0x00007f9ffd558aa2)
0x00007f9ffd558a82:   00 5b c3 66 66 2e 0f 1f 84 00 00 00 00 00 41 54
0x00007f9ffd558a92:   4c 8b 25 af 24 02 00 55 48 89 fd 53 49 8b 04 24
0x00007f9ffd558aa2:   48 8b 78 38 48 85 ff 74 0c 48 89 ee e8 ed b2 ff
0x00007f9ffd558ab2:   ff 49 8b 04 24 48 8b 78 20 48 89 ee e8 9d ab ff 

Register to memory mapping:

RAX=0x0000000000000000 is an unknown value
RBX=0x0000000000000001 is an unknown value
RCX=0x00007fa0146f93f0 is an unknown value
RDX=0x0000000000000000 is an unknown value
RSP=0x00007fa01949a070 is pointing into the stack for thread: 0x00007fa01400b800
RBP=0x00007fa0146f8360 is an unknown value
RSI=0x00007fa0146f9410 is an unknown value
RDI=0x00007fa0146f8360 is an unknown value
R8 =0x00007fa0146f9400 is an unknown value
R9 =0x0000000000000010 is an unknown value
R10=0xfffffffffffff91c is an unknown value
R11=0x00007f9ffd558b90: atk_bridge_set_event_context+0 in /lib/x86_64-linux-gnu/libatk-bridge-2.0.so.0 at 0x00007f9ffd545000
R12=0x00007f9ffd57c090: spi_global_app_data+0 in /lib/x86_64-linux-gnu/libatk-bridge-2.0.so.0 at 0x00007f9ffd545000
R13={method} {0x00007f9ffe0f4bb0} 'loadAtkBridge' '()V' in 'org/GNOME/Accessibility/AtkWrapper'
R14=0x00007fa01949a120 is pointing into the stack for thread: 0x00007fa01400b800
R15=0x00007fa01400b800 is a thread


Stack: [0x00007fa01939c000,0x00007fa01949c000],  sp=0x00007fa01949a070,  free space=1016k
Native frames: (J=compiled Java code, j=interpreted, Vv=VM code, C=native code)
C  [libatk-bridge-2.0.so.0+0x13aa2]

Java frames: (J=compiled Java code, j=interpreted, Vv=VM code)
j  org.GNOME.Accessibility.AtkWrapper.loadAtkBridge()V+0
j  org.GNOME.Accessibility.AtkWrapper$4.eventDispatched(Ljava/awt/AWTEvent;)V+18
j  java.awt.Toolkit$SelectiveAWTEventListener.eventDispatched(Ljava/awt/AWTEvent;)V+733
j  java.awt.Toolkit.notifyAWTEventListeners(Ljava/awt/AWTEvent;)V+30
j  java.awt.Component.dispatchEventImpl(Ljava/awt/AWTEvent;)V+257
j  java.awt.Container.dispatchEventImpl(Ljava/awt/AWTEvent;)V+42
j  java.awt.Window.dispatchEventImpl(Ljava/awt/AWTEvent;)V+19
j  java.awt.Component.dispatchEvent(Ljava/awt/AWTEvent;)V+2
j  java.awt.Container.addImpl(Ljava/awt/Component;Ljava/lang/Object;I)V+304
j  java.awt.Container.add(Ljava/lang/String;Ljava/awt/Component;)Ljava/awt/Component;+4
j  it.unibo.radarSystem22.domain.mock.LedMockWithGui.configure()V+42
j  it.unibo.radarSystem22.domain.mock.LedMockWithGui.<init>(Ljava/awt/Frame;)V+40
j  it.unibo.radarSystem22.domain.mock.LedMockWithGui.createLed()Lit/unibo/radarSystem22/domain/interfaces/ILed;+13
j  it.unibo.radarSystem22.domain.models.LedModel.createLedMock()Lit/unibo/radarSystem22/domain/interfaces/ILed;+32
j  it.unibo.radarSystem22.domain.DeviceFactory.createLed()Lit/unibo/radarSystem22/domain/interfaces/ILed;+32
j  unibo.actor22.common.LedActor.<init>(Ljava/lang/String;)V+6
j  unibo.actor22.local.UsingLedNoControllerOnPc.otherLeds()V+24
j  unibo.actor22.local.UsingLedNoControllerOnPc.configure()V+17
j  unibo.actor22.local.UsingLedNoControllerOnPc.doJob()V+8
j  unibo.actor22.local.UsingLedNoControllerOnPc.main([Ljava/lang/String;)V+12
v  ~StubRoutines::call_stub

---------------  P R O C E S S  ---------------

Java Threads: ( => current thread )
  0x00007fa0146f4000 JavaThread "AWT-EventQueue-1" [_thread_in_native, id=7532, stack(0x00007f9ff7c0d000,0x00007f9ff7d0d000)]
  0x00007fa0146f2800 JavaThread "AWT-Shutdown" [_thread_blocked, id=7531, stack(0x00007f9ff7d0d000,0x00007f9ff7e0d000)]
  0x00007fa0146ad000 JavaThread "process reaper" daemon [_thread_blocked, id=7530, stack(0x00007f9ffd5d1000,0x00007f9ffd60a000)]
  0x00007fa01469b000 JavaThread "AWT-XAWT" daemon [_thread_in_native, id=7528, stack(0x00007f9ffd80a000,0x00007f9ffd90a000)]
  0x00007fa014676800 JavaThread "Java2D Disposer" daemon [_thread_blocked, id=7527, stack(0x00007f9ffd916000,0x00007f9ffda16000)]
  0x00007fa0145d5800 JavaThread "qaksingle" daemon [_thread_blocked, id=7526, stack(0x00007f9ffe102000,0x00007f9ffe202000)]
  0x00007fa0140cc800 JavaThread "Service Thread" daemon [_thread_blocked, id=7524, stack(0x00007f9ffe574000,0x00007f9ffe674000)]
  0x00007fa0140c1800 JavaThread "C1 CompilerThread2" daemon [_thread_blocked, id=7523, stack(0x00007f9ffe675000,0x00007f9ffe775000)]
  0x00007fa0140bf800 JavaThread "C2 CompilerThread1" daemon [_thread_blocked, id=7522, stack(0x00007f9ffe776000,0x00007f9ffe876000)]
  0x00007fa0140bd000 JavaThread "C2 CompilerThread0" daemon [_thread_blocked, id=7521, stack(0x00007f9ffe877000,0x00007f9ffe977000)]
  0x00007fa0140b7800 JavaThread "Signal Dispatcher" daemon [_thread_blocked, id=7520, stack(0x00007f9ffe977000,0x00007f9ffea77000)]
  0x00007fa014089000 JavaThread "Finalizer" daemon [_thread_blocked, id=7519, stack(0x00007f9ffefea000,0x00007f9fff0ea000)]
  0x00007fa014084800 JavaThread "Reference Handler" daemon [_thread_blocked, id=7518, stack(0x00007f9fff0ea000,0x00007f9fff1ea000)]
=>0x00007fa01400b800 JavaThread "main" [_thread_in_native, id=7512, stack(0x00007fa01939c000,0x00007fa01949c000)]

Other Threads:
  0x00007fa01407a800 VMThread [stack: 0x00007f9fff1eb000,0x00007f9fff2eb000] [id=7517]
  0x00007fa0140cf000 WatcherThread [stack: 0x00007f9ffe474000,0x00007f9ffe574000] [id=7525]

VM state:not at safepoint (normal execution)

VM Mutex/Monitor currently owned by a thread: None

heap address: 0x000000071e600000, size: 2586 MB, Compressed Oops mode: Zero based, Oop shift amount: 3
Narrow klass base: 0x0000000000000000, Narrow klass shift: 3
Compressed class space size: 1073741824 Address: 0x00000007c0000000

Heap:
 PSYoungGen      total 48640K, used 7863K [0x000000078a200000, 0x0000000790100000, 0x00000007c0000000)
  eden space 41984K, 6% used [0x000000078a200000,0x000000078a4b40e8,0x000000078cb00000)
  from space 6656K, 76% used [0x000000078cb00000,0x000000078cff9b70,0x000000078d180000)
  to   space 6656K, 0% used [0x000000078fa80000,0x000000078fa80000,0x0000000790100000)
 ParOldGen       total 110592K, used 8208K [0x000000071e600000, 0x0000000725200000, 0x000000078a200000)
  object space 110592K, 7% used [0x000000071e600000,0x000000071ee04010,0x0000000725200000)
 Metaspace       used 12686K, capacity 12946K, committed 13184K, reserved 1060864K
  class space    used 1293K, capacity 1366K, committed 1408K, reserved 1048576K

Card table byte_map: [0x00007fa018a7a000,0x00007fa018f88000] byte_map_base: 0x00007fa015187000

Marking Bits: (ParMarkBitMap*) 0x00007fa01a593720
 Begin Bits: [0x00007f9ff7f30000, 0x00007f9ffa798000)
 End Bits:   [0x00007f9ffa798000, 0x00007f9ffd000000)

Polling page: 0x00007fa01a805000

CodeCache: size=245760Kb used=3613Kb max_used=3613Kb free=242146Kb
 bounds [0x00007fa005000000, 0x00007fa005390000, 0x00007fa014000000]
 total_blobs=1403 nmethods=897 adapters=420
 compilation: enabled

Compilation events (10 events):
Event: 0,978 Thread 0x00007fa0140c1800  895       3       java.util.concurrent.locks.ReentrantLock::unlock (10 bytes)
Event: 0,978 Thread 0x00007fa0140c1800 nmethod 895 0x00007fa0053871d0 code [0x00007fa005387360, 0x00007fa005387758]
Event: 0,978 Thread 0x00007fa0140c1800  896       3       sun.awt.SunToolkit::awtLock (7 bytes)
Event: 0,978 Thread 0x00007fa0140c1800 nmethod 896 0x00007fa005387890 code [0x00007fa005387a00, 0x00007fa005387ce8]
Event: 0,978 Thread 0x00007fa0140c1800  897       3       sun.awt.SunToolkit::awtUnlock (7 bytes)
Event: 0,978 Thread 0x00007fa0140c1800 nmethod 897 0x00007fa005387e10 code [0x00007fa005387f80, 0x00007fa005388268]
Event: 0,978 Thread 0x00007fa0140c1800  898       1       java.lang.Boolean::booleanValue (5 bytes)
Event: 0,978 Thread 0x00007fa0140c1800 nmethod 898 0x00007fa005388390 code [0x00007fa0053884e0, 0x00007fa0053885f0]
Event: 0,981 Thread 0x00007fa0140c1800  899       3       sun.awt.X11.XWrapperBase::<init> (5 bytes)
Event: 0,981 Thread 0x00007fa0140c1800 nmethod 899 0x00007fa005388650 code [0x00007fa0053887c0, 0x00007fa005388970]

GC Heap History (2 events):
Event: 0,915 GC heap before
{Heap before GC invocations=1 (full 0):
 PSYoungGen      total 48640K, used 41984K [0x000000078a200000, 0x000000078d800000, 0x00000007c0000000)
  eden space 41984K, 100% used [0x000000078a200000,0x000000078cb00000,0x000000078cb00000)
  from space 6656K, 0% used [0x000000078d180000,0x000000078d180000,0x000000078d800000)
  to   space 6656K, 0% used [0x000000078cb00000,0x000000078cb00000,0x000000078d180000)
 ParOldGen       total 110592K, used 0K [0x000000071e600000, 0x0000000725200000, 0x000000078a200000)
  object space 110592K, 0% used [0x000000071e600000,0x000000071e600000,0x0000000725200000)
 Metaspace       used 11308K, capacity 11556K, committed 11776K, reserved 1060864K
  class space    used 1130K, capacity 1200K, committed 1280K, reserved 1048576K
Event: 0,927 GC heap after
Heap after GC invocations=1 (full 0):
 PSYoungGen      total 48640K, used 5094K [0x000000078a200000, 0x0000000790100000, 0x00000007c0000000)
  eden space 41984K, 0% used [0x000000078a200000,0x000000078a200000,0x000000078cb00000)
  from space 6656K, 76% used [0x000000078cb00000,0x000000078cff9b70,0x000000078d180000)
  to   space 6656K, 0% used [0x000000078fa80000,0x000000078fa80000,0x0000000790100000)
 ParOldGen       total 110592K, used 8208K [0x000000071e600000, 0x0000000725200000, 0x000000078a200000)
  object space 110592K, 7% used [0x000000071e600000,0x000000071ee04010,0x0000000725200000)
 Metaspace       used 11308K, capacity 11556K, committed 11776K, reserved 1060864K
  class space    used 1130K, capacity 1200K, committed 1280K, reserved 1048576K
}

Deoptimization events (5 events):
Event: 0,495 Thread 0x00007fa01400b800 Uncommon trap: reason=unstable_if action=reinterpret pc=0x00007fa00515f428 method=java.lang.CharacterDataLatin1.digit(II)I @ 82
Event: 0,711 Thread 0x00007fa01400b800 Uncommon trap: reason=unstable_if action=reinterpret pc=0x00007fa0052cb588 method=java.util.regex.Pattern$CharProperty.match(Ljava/util/regex/Matcher;ILjava/lang/CharSequence;)Z @ 40
Event: 0,744 Thread 0x00007fa01400b800 Uncommon trap: reason=unstable_if action=reinterpret pc=0x00007fa005209f68 method=java.lang.String.replace(CC)Ljava/lang/String; @ 26
Event: 0,892 Thread 0x00007fa01400b800 Uncommon trap: reason=unstable_if action=reinterpret pc=0x00007fa0052d5900 method=java.util.HashMap.getNode(ILjava/lang/Object;)Ljava/util/HashMap$Node; @ 116
Event: 0,893 Thread 0x00007fa01400b800 Uncommon trap: reason=unstable_if action=reinterpret pc=0x00007fa0052a3ec0 method=java.util.HashMap.getNode(ILjava/lang/Object;)Ljava/util/HashMap$Node; @ 116

Classes redefined (0 events):
No events

Internal exceptions (10 events):
Event: 0,126 Thread 0x00007fa01400b800 Exception <a 'java/security/PrivilegedActionException'> (0x000000078a2887d0) thrown at [./src/hotspot/src/share/vm/prims/jvm.cpp, line 1521]
Event: 0,405 Thread 0x00007fa01400b800 Exception <a 'java/security/PrivilegedActionException'> (0x000000078a812fa0) thrown at [./src/hotspot/src/share/vm/prims/jvm.cpp, line 1521]
Event: 0,405 Thread 0x00007fa01400b800 Exception <a 'java/security/PrivilegedActionException'> (0x000000078a8131b0) thrown at [./src/hotspot/src/share/vm/prims/jvm.cpp, line 1521]
Event: 0,406 Thread 0x00007fa01400b800 Exception <a 'java/security/PrivilegedActionException'> (0x000000078a8158d0) thrown at [./src/hotspot/src/share/vm/prims/jvm.cpp, line 1521]
Event: 0,406 Thread 0x00007fa01400b800 Exception <a 'java/security/PrivilegedActionException'> (0x000000078a815ae0) thrown at [./src/hotspot/src/share/vm/prims/jvm.cpp, line 1521]
Event: 0,421 Thread 0x00007fa01400b800 Exception <a 'java/lang/NoClassDefFoundError': org/slf4j/impl/StaticLoggerBinder> (0x000000078a8ac568) thrown at [./src/hotspot/src/share/vm/classfile/systemDictionary.cpp, line 206]
Event: 0,477 Thread 0x00007fa01400b800 Exception <a 'java/lang/NoSuchFieldError': method resolution failed> (0x000000078a9b7888) thrown at [./src/hotspot/src/share/vm/prims/methodHandles.cpp, line 1176]
Event: 0,480 Thread 0x00007fa01400b800 Exception <a 'java/lang/NoSuchFieldError': method resolution failed> (0x000000078a9c4c28) thrown at [./src/hotspot/src/share/vm/prims/methodHandles.cpp, line 1176]
Event: 0,827 Thread 0x00007fa01400b800 Exception <a 'java/io/FileNotFoundException'> (0x000000078c903450) thrown at [./src/hotspot/src/share/vm/prims/jni.cpp, line 711]
Event: 0,845 Thread 0x00007fa01400b800 Exception <a 'java/lang/ClassNotFoundException': sun/dc/DuctusRenderingEngine> (0x000000078c91d780) thrown at [./src/hotspot/src/share/vm/classfile/systemDictionary.cpp, line 217]

Events (10 events):
Event: 0,979 loading class sun/awt/dnd/SunDropTargetEvent done
Event: 0,979 loading class java/awt/event/InputMethodEvent
Event: 0,979 loading class java/awt/event/ContainerEvent done
Event: 0,980 loading class java/awt/event/InputMethodEvent done
Event: 0,980 loading class java/awt/event/ActionEvent
Event: 0,980 loading class java/awt/event/ActionEvent done
Event: 0,980 loading class java/awt/event/FocusEvent
Event: 0,980 loading class java/awt/event/FocusEvent done
Event: 0,980 loading class sun/awt/HeadlessToolkit
Event: 0,981 loading class sun/awt/HeadlessToolkit done


Dynamic libraries:
71e600000-725200000 rw-p 00000000 00:00 0 
725200000-78a200000 ---p 00000000 00:00 0 
78a200000-790100000 rw-p 00000000 00:00 0 
790100000-7c0000000 ---p 00000000 00:00 0 
7c0000000-7c0160000 rw-p 00000000 00:00 0 
7c0160000-800000000 ---p 00000000 00:00 0 
55ce6129e000-55ce6129f000 r--p 00000000 08:03 797196                     /usr/lib/jvm/java-8-openjdk-amd64/jre/bin/java
55ce6129f000-55ce612a0000 r-xp 00001000 08:03 797196                     /usr/lib/jvm/java-8-openjdk-amd64/jre/bin/java
55ce612a0000-55ce612a1000 r--p 00002000 08:03 797196                     /usr/lib/jvm/java-8-openjdk-amd64/jre/bin/java
55ce612a1000-55ce612a2000 r--p 00002000 08:03 797196                     /usr/lib/jvm/java-8-openjdk-amd64/jre/bin/java
55ce612a2000-55ce612a3000 rw-p 00003000 08:03 797196                     /usr/lib/jvm/java-8-openjdk-amd64/jre/bin/java
55ce61d0f000-55ce61d30000 rw-p 00000000 00:00 0                          [heap]
7f9fa8000000-7f9fa8021000 rw-p 00000000 00:00 0 
7f9fa8021000-7f9fac000000 ---p 00000000 00:00 0 
7f9fac000000-7f9fac021000 rw-p 00000000 00:00 0 
7f9fac021000-7f9fb0000000 ---p 00000000 00:00 0 
7f9fb0000000-7f9fb0021000 rw-p 00000000 00:00 0 
7f9fb0021000-7f9fb4000000 ---p 00000000 00:00 0 
7f9fb4000000-7f9fb4021000 rw-p 00000000 00:00 0 
7f9fb4021000-7f9fb8000000 ---p 00000000 00:00 0 
7f9fb8000000-7f9fb8021000 rw-p 00000000 00:00 0 
7f9fb8021000-7f9fbc000000 ---p 00000000 00:00 0 
7f9fbc000000-7f9fbc021000 rw-p 00000000 00:00 0 
7f9fbc021000-7f9fc0000000 ---p 00000000 00:00 0 
7f9fc0000000-7f9fc0021000 rw-p 00000000 00:00 0 
7f9fc0021000-7f9fc4000000 ---p 00000000 00:00 0 
7f9fc4000000-7f9fc4021000 rw-p 00000000 00:00 0 
7f9fc4021000-7f9fc8000000 ---p 00000000 00:00 0 
7f9fc8000000-7f9fc8350000 rw-p 00000000 00:00 0 
7f9fc8350000-7f9fcc000000 ---p 00000000 00:00 0 
7f9fcc000000-7f9fcc43e000 rw-p 00000000 00:00 0 
7f9fcc43e000-7f9fd0000000 ---p 00000000 00:00 0 
7f9fd0000000-7f9fd0021000 rw-p 00000000 00:00 0 
7f9fd0021000-7f9fd4000000 ---p 00000000 00:00 0 
7f9fd4000000-7f9fd4562000 rw-p 00000000 00:00 0 
7f9fd4562000-7f9fd8000000 ---p 00000000 00:00 0 
7f9fd8000000-7f9fd8021000 rw-p 00000000 00:00 0 
7f9fd8021000-7f9fdc000000 ---p 00000000 00:00 0 
7f9fdc000000-7f9fdc021000 rw-p 00000000 00:00 0 
7f9fdc021000-7f9fe0000000 ---p 00000000 00:00 0 
7f9fe0000000-7f9fe0021000 rw-p 00000000 00:00 0 
7f9fe0021000-7f9fe4000000 ---p 00000000 00:00 0 
7f9fe8000000-7f9fe8021000 rw-p 00000000 00:00 0 
7f9fe8021000-7f9fec000000 ---p 00000000 00:00 0 
7f9fec000000-7f9fec021000 rw-p 00000000 00:00 0 
7f9fec021000-7f9ff0000000 ---p 00000000 00:00 0 
7f9ff0000000-7f9ff0021000 rw-p 00000000 00:00 0 
7f9ff0021000-7f9ff4000000 ---p 00000000 00:00 0 
7f9ff740c000-7f9ff740d000 ---p 00000000 00:00 0 
7f9ff740d000-7f9ff7c0d000 rw-p 00000000 00:00 0 
7f9ff7c0d000-7f9ff7c10000 ---p 00000000 00:00 0 
7f9ff7c10000-7f9ff7d0d000 rw-p 00000000 00:00 0 
7f9ff7d0d000-7f9ff7d10000 ---p 00000000 00:00 0 
7f9ff7d10000-7f9ff7e0d000 rw-p 00000000 00:00 0 
7f9ff7e0d000-7f9ff7e19000 r--p 00000000 08:03 791380                     /usr/lib/x86_64-linux-gnu/libgcrypt.so.20.2.8
7f9ff7e19000-7f9ff7eef000 r-xp 0000c000 08:03 791380                     /usr/lib/x86_64-linux-gnu/libgcrypt.so.20.2.8
7f9ff7eef000-7f9ff7f28000 r--p 000e2000 08:03 791380                     /usr/lib/x86_64-linux-gnu/libgcrypt.so.20.2.8
7f9ff7f28000-7f9ff7f2a000 r--p 0011a000 08:03 791380                     /usr/lib/x86_64-linux-gnu/libgcrypt.so.20.2.8
7f9ff7f2a000-7f9ff7f2f000 rw-p 0011c000 08:03 791380                     /usr/lib/x86_64-linux-gnu/libgcrypt.so.20.2.8
7f9ff7f2f000-7f9ffd000000 rw-p 00000000 00:00 0 
7f9ffd0a2000-7f9ffd0a7000 r--p 00000000 08:03 791456                     /usr/lib/x86_64-linux-gnu/libgpg-error.so.0.29.0
7f9ffd0a7000-7f9ffd0bd000 r-xp 00005000 08:03 791456                     /usr/lib/x86_64-linux-gnu/libgpg-error.so.0.29.0
7f9ffd0bd000-7f9ffd0c7000 r--p 0001b000 08:03 791456                     /usr/lib/x86_64-linux-gnu/libgpg-error.so.0.29.0
7f9ffd0c7000-7f9ffd0c8000 ---p 00025000 08:03 791456                     /usr/lib/x86_64-linux-gnu/libgpg-error.so.0.29.0
7f9ffd0c8000-7f9ffd0c9000 r--p 00025000 08:03 791456                     /usr/lib/x86_64-linux-gnu/libgpg-error.so.0.29.0
7f9ffd0c9000-7f9ffd0ca000 rw-p 00026000 08:03 791456                     /usr/lib/x86_64-linux-gnu/libgpg-error.so.0.29.0
7f9ffd0ca000-7f9ffd0cd000 r--p 00000000 08:03 791090                     /usr/lib/x86_64-linux-gnu/libcap.so.2.44
7f9ffd0cd000-7f9ffd0d1000 r-xp 00003000 08:03 791090                     /usr/lib/x86_64-linux-gnu/libcap.so.2.44
7f9ffd0d1000-7f9ffd0d3000 r--p 00007000 08:03 791090                     /usr/lib/x86_64-linux-gnu/libcap.so.2.44
7f9ffd0d3000-7f9ffd0d4000 r--p 00008000 08:03 791090                     /usr/lib/x86_64-linux-gnu/libcap.so.2.44
7f9ffd0d4000-7f9ffd0d5000 rw-p 00009000 08:03 791090                     /usr/lib/x86_64-linux-gnu/libcap.so.2.44
7f9ffd0d5000-7f9ffd0d7000 r--p 00000000 08:03 791708                     /usr/lib/x86_64-linux-gnu/liblz4.so.1.9.3
7f9ffd0d7000-7f9ffd0f0000 r-xp 00002000 08:03 791708                     /usr/lib/x86_64-linux-gnu/liblz4.so.1.9.3
7f9ffd0f0000-7f9ffd0f2000 r--p 0001b000 08:03 791708                     /usr/lib/x86_64-linux-gnu/liblz4.so.1.9.3
7f9ffd0f2000-7f9ffd0f3000 ---p 0001d000 08:03 791708                     /usr/lib/x86_64-linux-gnu/liblz4.so.1.9.3
7f9ffd0f3000-7f9ffd0f4000 r--p 0001d000 08:03 791708                     /usr/lib/x86_64-linux-gnu/liblz4.so.1.9.3
7f9ffd0f4000-7f9ffd0f5000 rw-p 0001e000 08:03 791708                     /usr/lib/x86_64-linux-gnu/liblz4.so.1.9.3
7f9ffd0f5000-7f9ffd0ff000 r--p 00000000 08:03 792419                     /usr/lib/x86_64-linux-gnu/libzstd.so.1.4.8
7f9ffd0ff000-7f9ffd1af000 r-xp 0000a000 08:03 792419                     /usr/lib/x86_64-linux-gnu/libzstd.so.1.4.8
7f9ffd1af000-7f9ffd1c0000 r--p 000ba000 08:03 792419                     /usr/lib/x86_64-linux-gnu/libzstd.so.1.4.8
7f9ffd1c0000-7f9ffd1c1000 r--p 000ca000 08:03 792419                     /usr/lib/x86_64-linux-gnu/libzstd.so.1.4.8
7f9ffd1c1000-7f9ffd1c2000 rw-p 000cb000 08:03 792419                     /usr/lib/x86_64-linux-gnu/libzstd.so.1.4.8
7f9ffd1c2000-7f9ffd1c5000 r--p 00000000 08:03 791710                     /usr/lib/x86_64-linux-gnu/liblzma.so.5.2.5
7f9ffd1c5000-7f9ffd1e0000 r-xp 00003000 08:03 791710                     /usr/lib/x86_64-linux-gnu/liblzma.so.5.2.5
7f9ffd1e0000-7f9ffd1eb000 r--p 0001e000 08:03 791710                     /usr/lib/x86_64-linux-gnu/liblzma.so.5.2.5
7f9ffd1eb000-7f9ffd1ec000 r--p 00028000 08:03 791710                     /usr/lib/x86_64-linux-gnu/liblzma.so.5.2.5
7f9ffd1ec000-7f9ffd1ed000 rw-p 00029000 08:03 791710                     /usr/lib/x86_64-linux-gnu/liblzma.so.5.2.5
7f9ffd1ed000-7f9ffd1ee000 r--p 00000000 08:03 787110                     /usr/lib/x86_64-linux-gnu/libpthread.so.0
7f9ffd1ee000-7f9ffd1ef000 r-xp 00001000 08:03 787110                     /usr/lib/x86_64-linux-gnu/libpthread.so.0
7f9ffd1ef000-7f9ffd1f0000 r--p 00002000 08:03 787110                     /usr/lib/x86_64-linux-gnu/libpthread.so.0
7f9ffd1f0000-7f9ffd1f1000 r--p 00002000 08:03 787110                     /usr/lib/x86_64-linux-gnu/libpthread.so.0
7f9ffd1f1000-7f9ffd1f2000 rw-p 00003000 08:03 787110                     /usr/lib/x86_64-linux-gnu/libpthread.so.0
7f9ffd1f2000-7f9ffd203000 r--p 00000000 08:03 785067                     /usr/lib/x86_64-linux-gnu/libsystemd.so.0.31.0
7f9ffd203000-7f9ffd27f000 r-xp 00011000 08:03 785067                     /usr/lib/x86_64-linux-gnu/libsystemd.so.0.31.0
7f9ffd27f000-7f9ffd2a5000 r--p 0008d000 08:03 785067                     /usr/lib/x86_64-linux-gnu/libsystemd.so.0.31.0
7f9ffd2a5000-7f9ffd2a8000 r--p 000b2000 08:03 785067                     /usr/lib/x86_64-linux-gnu/libsystemd.so.0.31.0
7f9ffd2a8000-7f9ffd2a9000 rw-p 000b5000 08:03 785067                     /usr/lib/x86_64-linux-gnu/libsystemd.so.0.31.0
7f9ffd2a9000-7f9ffd2aa000 rw-p 00000000 00:00 0 
7f9ffd2aa000-7f9ffd2ac000 r--p 00000000 08:03 791916                     /usr/lib/x86_64-linux-gnu/libpcre.so.3.13.3
7f9ffd2ac000-7f9ffd300000 r-xp 00002000 08:03 791916                     /usr/lib/x86_64-linux-gnu/libpcre.so.3.13.3
7f9ffd300000-7f9ffd31e000 r--p 00056000 08:03 791916                     /usr/lib/x86_64-linux-gnu/libpcre.so.3.13.3
7f9ffd31e000-7f9ffd31f000 r--p 00073000 08:03 791916                     /usr/lib/x86_64-linux-gnu/libpcre.so.3.13.3
7f9ffd31f000-7f9ffd320000 rw-p 00074000 08:03 791916                     /usr/lib/x86_64-linux-gnu/libpcre.so.3.13.3
7f9ffd320000-7f9ffd322000 r--p 00000000 08:03 791306                     /usr/lib/x86_64-linux-gnu/libffi.so.8.1.0
7f9ffd322000-7f9ffd328000 r-xp 00002000 08:03 791306                     /usr/lib/x86_64-linux-gnu/libffi.so.8.1.0
7f9ffd328000-7f9ffd329000 r--p 00008000 08:03 791306                     /usr/lib/x86_64-linux-gnu/libffi.so.8.1.0
7f9ffd329000-7f9ffd32a000 ---p 00009000 08:03 791306                     /usr/lib/x86_64-linux-gnu/libffi.so.8.1.0
7f9ffd32a000-7f9ffd32b000 r--p 00009000 08:03 791306                     /usr/lib/x86_64-linux-gnu/libffi.so.8.1.0
7f9ffd32b000-7f9ffd32c000 rw-p 0000a000 08:03 791306                     /usr/lib/x86_64-linux-gnu/libffi.so.8.1.0
7f9ffd32c000-7f9ffd33b000 r--p 00000000 08:03 790989                     /usr/lib/x86_64-linux-gnu/libatspi.so.0.0.1
7f9ffd33b000-7f9ffd354000 r-xp 0000f000 08:03 790989                     /usr/lib/x86_64-linux-gnu/libatspi.so.0.0.1
7f9ffd354000-7f9ffd362000 r--p 00028000 08:03 790989                     /usr/lib/x86_64-linux-gnu/libatspi.so.0.0.1
7f9ffd362000-7f9ffd365000 r--p 00035000 08:03 790989                     /usr/lib/x86_64-linux-gnu/libatspi.so.0.0.1
7f9ffd365000-7f9ffd366000 rw-p 00038000 08:03 790989                     /usr/lib/x86_64-linux-gnu/libatspi.so.0.0.1
7f9ffd366000-7f9ffd371000 r--p 00000000 08:03 791173                     /usr/lib/x86_64-linux-gnu/libdbus-1.so.3.19.13
7f9ffd371000-7f9ffd39f000 r-xp 0000b000 08:03 791173                     /usr/lib/x86_64-linux-gnu/libdbus-1.so.3.19.13
7f9ffd39f000-7f9ffd3b1000 r--p 00039000 08:03 791173                     /usr/lib/x86_64-linux-gnu/libdbus-1.so.3.19.13
7f9ffd3b1000-7f9ffd3b2000 ---p 0004b000 08:03 791173                     /usr/lib/x86_64-linux-gnu/libdbus-1.so.3.19.13
7f9ffd3b2000-7f9ffd3b3000 r--p 0004b000 08:03 791173                     /usr/lib/x86_64-linux-gnu/libdbus-1.so.3.19.13
7f9ffd3b3000-7f9ffd3b4000 rw-p 0004c000 08:03 791173                     /usr/lib/x86_64-linux-gnu/libdbus-1.so.3.19.13
7f9ffd3b4000-7f9ffd3d1000 r--p 00000000 08:03 791420                     /usr/lib/x86_64-linux-gnu/libglib-2.0.so.0.6800.4
7f9ffd3d1000-7f9ffd45e000 r-xp 0001d000 08:03 791420                     /usr/lib/x86_64-linux-gnu/libglib-2.0.so.0.6800.4
7f9ffd45e000-7f9ffd4e6000 r--p 000aa000 08:03 791420                     /usr/lib/x86_64-linux-gnu/libglib-2.0.so.0.6800.4
7f9ffd4e6000-7f9ffd4e7000 ---p 00132000 08:03 791420                     /usr/lib/x86_64-linux-gnu/libglib-2.0.so.0.6800.4
7f9ffd4e7000-7f9ffd4e8000 r--p 00132000 08:03 791420                     /usr/lib/x86_64-linux-gnu/libglib-2.0.so.0.6800.4
7f9ffd4e8000-7f9ffd4e9000 rw-p 00133000 08:03 791420                     /usr/lib/x86_64-linux-gnu/libglib-2.0.so.0.6800.4
7f9ffd4e9000-7f9ffd4ea000 rw-p 00000000 00:00 0 
7f9ffd4ea000-7f9ffd4f8000 r--p 00000000 08:03 791450                     /usr/lib/x86_64-linux-gnu/libgobject-2.0.so.0.6800.4
7f9ffd4f8000-7f9ffd528000 r-xp 0000e000 08:03 791450                     /usr/lib/x86_64-linux-gnu/libgobject-2.0.so.0.6800.4
7f9ffd528000-7f9ffd541000 r--p 0003e000 08:03 791450                     /usr/lib/x86_64-linux-gnu/libgobject-2.0.so.0.6800.4
7f9ffd541000-7f9ffd544000 r--p 00056000 08:03 791450                     /usr/lib/x86_64-linux-gnu/libgobject-2.0.so.0.6800.4
7f9ffd544000-7f9ffd545000 rw-p 00059000 08:03 791450                     /usr/lib/x86_64-linux-gnu/libgobject-2.0.so.0.6800.4
7f9ffd545000-7f9ffd551000 r--p 00000000 08:03 790981                     /usr/lib/x86_64-linux-gnu/libatk-bridge-2.0.so.0.0.0
7f9ffd551000-7f9ffd56a000 r-xp 0000c000 08:03 790981                     /usr/lib/x86_64-linux-gnu/libatk-bridge-2.0.so.0.0.0
7f9ffd56a000-7f9ffd579000 r--p 00025000 08:03 790981                     /usr/lib/x86_64-linux-gnu/libatk-bridge-2.0.so.0.0.0
7f9ffd579000-7f9ffd57a000 ---p 00034000 08:03 790981                     /usr/lib/x86_64-linux-gnu/libatk-bridge-2.0.so.0.0.0
7f9ffd57a000-7f9ffd57b000 r--p 00034000 08:03 790981                     /usr/lib/x86_64-linux-gnu/libatk-bridge-2.0.so.0.0.0
7f9ffd57b000-7f9ffd57d000 rw-p 00035000 08:03 790981                     /usr/lib/x86_64-linux-gnu/libatk-bridge-2.0.so.0.0.0
7f9ffd57d000-7f9ffd588000 r--p 00000000 08:03 790979                     /usr/lib/x86_64-linux-gnu/libatk-1.0.so.0.23609.1
7f9ffd588000-7f9ffd597000 r-xp 0000b000 08:03 790979                     /usr/lib/x86_64-linux-gnu/libatk-1.0.so.0.23609.1
7f9ffd597000-7f9ffd5a3000 r--p 0001a000 08:03 790979                     /usr/lib/x86_64-linux-gnu/libatk-1.0.so.0.23609.1
7f9ffd5a3000-7f9ffd5a6000 r--p 00025000 08:03 790979                     /usr/lib/x86_64-linux-gnu/libatk-1.0.so.0.23609.1
7f9ffd5a6000-7f9ffd5a7000 rw-p 00028000 08:03 790979                     /usr/lib/x86_64-linux-gnu/libatk-1.0.so.0.23609.1
7f9ffd5a7000-7f9ffd5ab000 r--p 00000000 08:03 796125                     /usr/lib/x86_64-linux-gnu/jni/libatk-wrapper.so
7f9ffd5ab000-7f9ffd5c4000 r-xp 00004000 08:03 796125                     /usr/lib/x86_64-linux-gnu/jni/libatk-wrapper.so
7f9ffd5c4000-7f9ffd5ce000 r--p 0001d000 08:03 796125                     /usr/lib/x86_64-linux-gnu/jni/libatk-wrapper.so
7f9ffd5ce000-7f9ffd5cf000 ---p 00027000 08:03 796125                     /usr/lib/x86_64-linux-gnu/jni/libatk-wrapper.so
7f9ffd5cf000-7f9ffd5d0000 r--p 00027000 08:03 796125                     /usr/lib/x86_64-linux-gnu/jni/libatk-wrapper.so
7f9ffd5d0000-7f9ffd5d1000 rw-p 00028000 08:03 796125                     /usr/lib/x86_64-linux-gnu/jni/libatk-wrapper.so
7f9ffd5d1000-7f9ffd5d4000 ---p 00000000 00:00 0 
7f9ffd5d4000-7f9ffd78a000 rw-p 00000000 00:00 0 
7f9ffd78a000-7f9ffd80a000 ---p 00000000 00:00 0 
7f9ffd80a000-7f9ffd80d000 ---p 00000000 00:00 0 
7f9ffd80d000-7f9ffd90a000 rw-p 00000000 00:00 0 
7f9ffd90a000-7f9ffd90c000 r--p 00000000 08:03 790901                     /usr/lib/x86_64-linux-gnu/libXcursor.so.1.0.2
7f9ffd90c000-7f9ffd912000 r-xp 00002000 08:03 790901                     /usr/lib/x86_64-linux-gnu/libXcursor.so.1.0.2
7f9ffd912000-7f9ffd914000 r--p 00008000 08:03 790901                     /usr/lib/x86_64-linux-gnu/libXcursor.so.1.0.2
7f9ffd914000-7f9ffd915000 r--p 00009000 08:03 790901                     /usr/lib/x86_64-linux-gnu/libXcursor.so.1.0.2
7f9ffd915000-7f9ffd916000 rw-p 0000a000 08:03 790901                     /usr/lib/x86_64-linux-gnu/libXcursor.so.1.0.2
7f9ffd916000-7f9ffd919000 ---p 00000000 00:00 0 
7f9ffd919000-7f9ffda16000 rw-p 00000000 00:00 0 
7f9ffda16000-7f9ffda17000 r--p 00000000 08:03 791057                     /usr/lib/x86_64-linux-gnu/libbrotlicommon.so.1.0.9
7f9ffda17000-7f9ffda18000 r-xp 00001000 08:03 791057                     /usr/lib/x86_64-linux-gnu/libbrotlicommon.so.1.0.9
7f9ffda18000-7f9ffda37000 r--p 00002000 08:03 791057                     /usr/lib/x86_64-linux-gnu/libbrotlicommon.so.1.0.9
7f9ffda37000-7f9ffda38000 r--p 00020000 08:03 791057                     /usr/lib/x86_64-linux-gnu/libbrotlicommon.so.1.0.9
7f9ffda38000-7f9ffda39000 rw-p 00021000 08:03 791057                     /usr/lib/x86_64-linux-gnu/libbrotlicommon.so.1.0.9
7f9ffda39000-7f9ffda3a000 r--p 00000000 08:03 791059                     /usr/lib/x86_64-linux-gnu/libbrotlidec.so.1.0.9
7f9ffda3a000-7f9ffda42000 r-xp 00001000 08:03 791059                     /usr/lib/x86_64-linux-gnu/libbrotlidec.so.1.0.9
7f9ffda42000-7f9ffda45000 r--p 00009000 08:03 791059                     /usr/lib/x86_64-linux-gnu/libbrotlidec.so.1.0.9
7f9ffda45000-7f9ffda46000 r--p 0000b000 08:03 791059                     /usr/lib/x86_64-linux-gnu/libbrotlidec.so.1.0.9
7f9ffda46000-7f9ffda47000 rw-p 0000c000 08:03 791059                     /usr/lib/x86_64-linux-gnu/libbrotlidec.so.1.0.9
7f9ffda47000-7f9ffda4c000 r--p 00000000 08:03 791958                     /usr/lib/x86_64-linux-gnu/libpng16.so.16.37.0
7f9ffda4c000-7f9ffda75000 r-xp 00005000 08:03 791958                     /usr/lib/x86_64-linux-gnu/libpng16.so.16.37.0
7f9ffda75000-7f9ffda80000 r--p 0002e000 08:03 791958                     /usr/lib/x86_64-linux-gnu/libpng16.so.16.37.0
7f9ffda80000-7f9ffda81000 r--p 00038000 08:03 791958                     /usr/lib/x86_64-linux-gnu/libpng16.so.16.37.0
7f9ffda81000-7f9ffda82000 rw-p 00039000 08:03 791958                     /usr/lib/x86_64-linux-gnu/libpng16.so.16.37.0
7f9ffda82000-7f9ffda8e000 r--p 00000000 08:03 791340                     /usr/lib/x86_64-linux-gnu/libfreetype.so.6.17.4
7f9ffda8e000-7f9ffdb12000 r-xp 0000c000 08:03 791340                     /usr/lib/x86_64-linux-gnu/libfreetype.so.6.17.4
7f9ffdb12000-7f9ffdb3c000 r--p 00090000 08:03 791340                     /usr/lib/x86_64-linux-gnu/libfreetype.so.6.17.4
7f9ffdb3c000-7f9ffdb3d000 ---p 000ba000 08:03 791340                     /usr/lib/x86_64-linux-gnu/libfreetype.so.6.17.4
7f9ffdb3d000-7f9ffdb44000 r--p 000ba000 08:03 791340                     /usr/lib/x86_64-linux-gnu/libfreetype.so.6.17.4
7f9ffdb44000-7f9ffdb45000 rw-p 000c1000 08:03 791340                     /usr/lib/x86_64-linux-gnu/libfreetype.so.6.17.4
7f9ffdb45000-7f9ffdb49000 r--p 00000000 08:03 797232                     /usr/lib/jvm/java-8-openjdk-amd64/jre/lib/amd64/libmanagement.so
7f9ffdb49000-7f9ffdb4d000 r-xp 00004000 08:03 797232                     /usr/lib/jvm/java-8-openjdk-amd64/jre/lib/amd64/libmanagement.so
7f9ffdb4d000-7f9ffdb4f000 r--p 00008000 08:03 797232                     /usr/lib/jvm/java-8-openjdk-amd64/jre/lib/amd64/libmanagement.so
7f9ffdb4f000-7f9ffdb50000 r--p 00009000 08:03 797232                     /usr/lib/jvm/java-8-openjdk-amd64/jre/lib/amd64/libmanagement.so
7f9ffdb50000-7f9ffdb51000 rw-p 0000a000 08:03 797232                     /usr/lib/jvm/java-8-openjdk-amd64/jre/lib/amd64/libmanagement.so
7f9ffdb51000-7f9ffdb54000 r--p 00000000 08:03 1975358                    /usr/share/locale-langpack/it/LC_MESSAGES/atk10.mo
7f9ffdb54000-7f9ffdb5b000 r--p 00000000 08:03 797216                     /usr/lib/jvm/java-8-openjdk-amd64/jre/lib/amd64/libfontmanager.so
7f9ffdb5b000-7f9ffdb8b000 r-xp 00007000 08:03 797216                     /usr/lib/jvm/java-8-openjdk-amd64/jre/lib/amd64/libfontmanager.so
7f9ffdb8b000-7f9ffdba7000 r--p 00037000 08:03 797216                     /usr/lib/jvm/java-8-openjdk-amd64/jre/lib/amd64/libfontmanager.so
7f9ffdba7000-7f9ffdba8000 ---p 00053000 08:03 797216                     /usr/lib/jvm/java-8-openjdk-amd64/jre/lib/amd64/libfontmanager.so
7f9ffdba8000-7f9ffdbaa000 r--p 00053000 08:03 797216                     /usr/lib/jvm/java-8-openjdk-amd64/jre/lib/amd64/libfontmanager.so
7f9ffdbaa000-7f9ffdbab000 rw-p 00055000 08:03 797216                     /usr/lib/jvm/java-8-openjdk-amd64/jre/lib/amd64/libfontmanager.so
7f9ffdbab000-7f9ffdbbd000 r--s 0034c000 08:03 797288                     /usr/lib/jvm/java-8-openjdk-amd64/jre/lib/resources.jar
7f9ffdbbd000-7f9ffdbdc000 r--p 00000000 08:03 1975554                    /usr/share/locale-langpack/it/LC_MESSAGES/libc.mo
7f9ffdbdc000-7f9ffdbde000 r--p 00000000 08:03 791724                     /usr/lib/x86_64-linux-gnu/libmd.so.0.0.4
7f9ffdbde000-7f9ffdbe5000 r-xp 00002000 08:03 791724                     /usr/lib/x86_64-linux-gnu/libmd.so.0.0.4
7f9ffdbe5000-7f9ffdbe7000 r--p 00009000 08:03 791724                     /usr/lib/x86_64-linux-gnu/libmd.so.0.0.4
7f9ffdbe7000-7f9ffdbe8000 r--p 0000a000 08:03 791724                     /usr/lib/x86_64-linux-gnu/libmd.so.0.0.4
7f9ffdbe8000-7f9ffdbe9000 rw-p 0000b000 08:03 791724                     /usr/lib/x86_64-linux-gnu/libmd.so.0.0.4
7f9ffdbe9000-7f9ffdbed000 r--p 00000000 08:03 791063                     /usr/lib/x86_64-linux-gnu/libbsd.so.0.11.3
7f9ffdbed000-7f9ffdbfa000 r-xp 00004000 08:03 791063                     /usr/lib/x86_64-linux-gnu/libbsd.so.0.11.3
7f9ffdbfa000-7f9ffdbfd000 r--p 00011000 08:03 791063                     /usr/lib/x86_64-linux-gnu/libbsd.so.0.11.3
7f9ffdbfd000-7f9ffdbfe000 ---p 00014000 08:03 791063                     /usr/lib/x86_64-linux-gnu/libbsd.so.0.11.3
7f9ffdbfe000-7f9ffdbff000 r--p 00014000 08:03 791063                     /usr/lib/x86_64-linux-gnu/libbsd.so.0.11.3
7f9ffdbff000-7f9ffdc00000 rw-p 00015000 08:03 791063                     /usr/lib/x86_64-linux-gnu/libbsd.so.0.11.3
7f9ffdc00000-7f9ffdc01000 rw-p 00000000 00:00 0 
7f9ffdc01000-7f9ffdc03000 r--p 00000000 08:03 790905                     /usr/lib/x86_64-linux-gnu/libXdmcp.so.6.0.0
7f9ffdc03000-7f9ffdc05000 r-xp 00002000 08:03 790905                     /usr/lib/x86_64-linux-gnu/libXdmcp.so.6.0.0
7f9ffdc05000-7f9ffdc07000 r--p 00004000 08:03 790905                     /usr/lib/x86_64-linux-gnu/libXdmcp.so.6.0.0
7f9ffdc07000-7f9ffdc08000 r--p 00005000 08:03 790905                     /usr/lib/x86_64-linux-gnu/libXdmcp.so.6.0.0
7f9ffdc08000-7f9ffdc09000 rw-p 00006000 08:03 790905                     /usr/lib/x86_64-linux-gnu/libXdmcp.so.6.0.0
7f9ffdc09000-7f9ffdc0a000 r--p 00000000 08:03 790894                     /usr/lib/x86_64-linux-gnu/libXau.so.6.0.0
7f9ffdc0a000-7f9ffdc0c000 r-xp 00001000 08:03 790894                     /usr/lib/x86_64-linux-gnu/libXau.so.6.0.0
7f9ffdc0c000-7f9ffdc0d000 r--p 00003000 08:03 790894                     /usr/lib/x86_64-linux-gnu/libXau.so.6.0.0
7f9ffdc0d000-7f9ffdc0e000 r--p 00003000 08:03 790894                     /usr/lib/x86_64-linux-gnu/libXau.so.6.0.0
7f9ffdc0e000-7f9ffdc0f000 rw-p 00004000 08:03 790894                     /usr/lib/x86_64-linux-gnu/libXau.so.6.0.0
7f9ffdc0f000-7f9ffdc10000 r--p 00000000 08:03 787087                     /usr/lib/x86_64-linux-gnu/libdl.so.2
7f9ffdc10000-7f9ffdc11000 r-xp 00001000 08:03 787087                     /usr/lib/x86_64-linux-gnu/libdl.so.2
7f9ffdc11000-7f9ffdc12000 r--p 00002000 08:03 787087                     /usr/lib/x86_64-linux-gnu/libdl.so.2
7f9ffdc12000-7f9ffdc13000 r--p 00002000 08:03 787087                     /usr/lib/x86_64-linux-gnu/libdl.so.2
7f9ffdc13000-7f9ffdc14000 rw-p 00003000 08:03 787087                     /usr/lib/x86_64-linux-gnu/libdl.so.2
7f9ffdc14000-7f9ffdc1f000 r--p 00000000 08:03 792377                     /usr/lib/x86_64-linux-gnu/libxcb.so.1.1.0
7f9ffdc1f000-7f9ffdc33000 r-xp 0000b000 08:03 792377                     /usr/lib/x86_64-linux-gnu/libxcb.so.1.1.0
7f9ffdc33000-7f9ffdc3c000 r--p 0001f000 08:03 792377                     /usr/lib/x86_64-linux-gnu/libxcb.so.1.1.0
7f9ffdc3c000-7f9ffdc3d000 r--p 00027000 08:03 792377                     /usr/lib/x86_64-linux-gnu/libxcb.so.1.1.0
7f9ffdc3d000-7f9ffdc3e000 rw-p 00028000 08:03 792377                     /usr/lib/x86_64-linux-gnu/libxcb.so.1.1.0
7f9ffdc3e000-7f9ffdc40000 r--p 00000000 08:03 790915                     /usr/lib/x86_64-linux-gnu/libXi.so.6.1.0
7f9ffdc40000-7f9ffdc4b000 r-xp 00002000 08:03 790915                     /usr/lib/x86_64-linux-gnu/libXi.so.6.1.0
7f9ffdc4b000-7f9ffdc4e000 r--p 0000d000 08:03 790915                     /usr/lib/x86_64-linux-gnu/libXi.so.6.1.0
7f9ffdc4e000-7f9ffdc4f000 r--p 0000f000 08:03 790915                     /usr/lib/x86_64-linux-gnu/libXi.so.6.1.0
7f9ffdc4f000-7f9ffdc50000 rw-p 00010000 08:03 790915                     /usr/lib/x86_64-linux-gnu/libXi.so.6.1.0
7f9ffdc50000-7f9ffdc52000 r--p 00000000 08:03 790933                     /usr/lib/x86_64-linux-gnu/libXtst.so.6.1.0
7f9ffdc52000-7f9ffdc55000 r-xp 00002000 08:03 790933                     /usr/lib/x86_64-linux-gnu/libXtst.so.6.1.0
7f9ffdc55000-7f9ffdc56000 r--p 00005000 08:03 790933                     /usr/lib/x86_64-linux-gnu/libXtst.so.6.1.0
7f9ffdc56000-7f9ffdc57000 r--p 00005000 08:03 790933                     /usr/lib/x86_64-linux-gnu/libXtst.so.6.1.0
7f9ffdc57000-7f9ffdc58000 rw-p 00006000 08:03 790933                     /usr/lib/x86_64-linux-gnu/libXtst.so.6.1.0
7f9ffdc58000-7f9ffdc5a000 r--p 00000000 08:03 790927                     /usr/lib/x86_64-linux-gnu/libXrender.so.1.3.0
7f9ffdc5a000-7f9ffdc61000 r-xp 00002000 08:03 790927                     /usr/lib/x86_64-linux-gnu/libXrender.so.1.3.0
7f9ffdc61000-7f9ffdc63000 r--p 00009000 08:03 790927                     /usr/lib/x86_64-linux-gnu/libXrender.so.1.3.0
7f9ffdc63000-7f9ffdc64000 r--p 0000a000 08:03 790927                     /usr/lib/x86_64-linux-gnu/libXrender.so.1.3.0
7f9ffdc64000-7f9ffdc65000 rw-p 0000b000 08:03 790927                     /usr/lib/x86_64-linux-gnu/libXrender.so.1.3.0
7f9ffdc65000-7f9ffdc7e000 r--p 00000000 08:03 790890                     /usr/lib/x86_64-linux-gnu/libX11.so.6.4.0
7f9ffdc7e000-7f9ffdd0a000 r-xp 00019000 08:03 790890                     /usr/lib/x86_64-linux-gnu/libX11.so.6.4.0
7f9ffdd0a000-7f9ffdd9d000 r--p 000a5000 08:03 790890                     /usr/lib/x86_64-linux-gnu/libX11.so.6.4.0
7f9ffdd9d000-7f9ffdd9e000 ---p 00138000 08:03 790890                     /usr/lib/x86_64-linux-gnu/libX11.so.6.4.0
7f9ffdd9e000-7f9ffdd9f000 r--p 00138000 08:03 790890                     /usr/lib/x86_64-linux-gnu/libX11.so.6.4.0
7f9ffdd9f000-7f9ffdda3000 rw-p 00139000 08:03 790890                     /usr/lib/x86_64-linux-gnu/libX11.so.6.4.0
7f9ffdda3000-7f9ffdda7000 r--p 00000000 08:03 790907                     /usr/lib/x86_64-linux-gnu/libXext.so.6.4.0
7f9ffdda7000-7f9ffddb2000 r-xp 00004000 08:03 790907                     /usr/lib/x86_64-linux-gnu/libXext.so.6.4.0
7f9ffddb2000-7f9ffddb6000 r--p 0000f000 08:03 790907                     /usr/lib/x86_64-linux-gnu/libXext.so.6.4.0
7f9ffddb6000-7f9ffddb7000 r--p 00012000 08:03 790907                     /usr/lib/x86_64-linux-gnu/libXext.so.6.4.0
7f9ffddb7000-7f9ffddb8000 rw-p 00013000 08:03 790907                     /usr/lib/x86_64-linux-gnu/libXext.so.6.4.0
7f9ffddb8000-7f9ffddba000 r--p 00000000 08:03 790909                     /usr/lib/x86_64-linux-gnu/libXfixes.so.3.1.0
7f9ffddba000-7f9ffddbd000 r-xp 00002000 08:03 790909                     /usr/lib/x86_64-linux-gnu/libXfixes.so.3.1.0
7f9ffddbd000-7f9ffddbe000 r--p 00005000 08:03 790909                     /usr/lib/x86_64-linux-gnu/libXfixes.so.3.1.0
7f9ffddbe000-7f9ffddbf000 r--p 00005000 08:03 790909                     /usr/lib/x86_64-linux-gnu/libXfixes.so.3.1.0
7f9ffddbf000-7f9ffddc0000 rw-p 00006000 08:03 790909                     /usr/lib/x86_64-linux-gnu/libXfixes.so.3.1.0
7f9ffddc0000-7f9ffddc7000 r--s 00000000 08:03 1449217                    /usr/lib/x86_64-linux-gnu/gconv/gconv-modules.cache
7f9ffddc7000-7f9ffddd7000 r--p 00000000 08:03 797214                     /usr/lib/jvm/java-8-openjdk-amd64/jre/lib/amd64/libawt_xawt.so
7f9ffddd7000-7f9ffde16000 r-xp 00010000 08:03 797214                     /usr/lib/jvm/java-8-openjdk-amd64/jre/lib/amd64/libawt_xawt.so
7f9ffde16000-7f9ffde27000 r--p 0004f000 08:03 797214                     /usr/lib/jvm/java-8-openjdk-amd64/jre/lib/amd64/libawt_xawt.so
7f9ffde27000-7f9ffde28000 r--p 0005f000 08:03 797214                     /usr/lib/jvm/java-8-openjdk-amd64/jre/lib/amd64/libawt_xawt.so
7f9ffde28000-7f9ffde2b000 rw-p 00060000 08:03 797214                     /usr/lib/jvm/java-8-openjdk-amd64/jre/lib/amd64/libawt_xawt.so
7f9ffde2b000-7f9ffde2d000 rw-p 00000000 00:00 0 
7f9ffde2d000-7f9ffde5a000 r--p 00000000 08:03 797212                     /usr/lib/jvm/java-8-openjdk-amd64/jre/lib/amd64/libawt.so
7f9ffde5a000-7f9ffdec4000 r-xp 0002d000 08:03 797212                     /usr/lib/jvm/java-8-openjdk-amd64/jre/lib/amd64/libawt.so
7f9ffdec4000-7f9ffded0000 r--p 00097000 08:03 797212                     /usr/lib/jvm/java-8-openjdk-amd64/jre/lib/amd64/libawt.so
7f9ffded0000-7f9ffded1000 ---p 000a3000 08:03 797212                     /usr/lib/jvm/java-8-openjdk-amd64/jre/lib/amd64/libawt.so
7f9ffded1000-7f9ffded2000 r--p 000a3000 08:03 797212                     /usr/lib/jvm/java-8-openjdk-amd64/jre/lib/amd64/libawt.so
7f9ffded2000-7f9ffdedd000 rw-p 000a4000 08:03 797212                     /usr/lib/jvm/java-8-openjdk-amd64/jre/lib/amd64/libawt.so
7f9ffdedd000-7f9ffe102000 rw-p 00000000 00:00 0 
7f9ffe102000-7f9ffe105000 ---p 00000000 00:00 0 
7f9ffe105000-7f9ffe202000 rw-p 00000000 00:00 0 
7f9ffe202000-7f9ffe205000 r--s 0001b000 08:03 523309                     /home/idss-davide/.gradle/caches/modules-2/files-2.1/xpp3/xpp3/1.1.4c/9b988ea84b9e4e9f1874e390ce099b8ac12cfff5/xpp3-1.1.4c.jar
7f9ffe205000-7f9ffe20b000 r--s 00019000 08:03 523308                     /home/idss-davide/.gradle/caches/modules-2/files-2.1/xerces/xmlParserAPIs/2.6.2/65acede1e5305bd2b92213d7b5761328c6f4fd9/xmlParserAPIs-2.6.2.jar
7f9ffe20b000-7f9ffe20c000 r--s 00004000 08:03 523307                     /home/idss-davide/.gradle/caches/modules-2/files-2.1/org.khronos/opengl-api/gl1.1-android-2.1_r1/8827d279add29cf9115820671e7879de7bf80390/opengl-api-gl1.1-android-2.1_r1.jar
7f9ffe20c000-7f9ffe213000 r--s 0003a000 08:03 523429                     /home/idss-davide/.gradle/caches/modules-2/files-2.1/commons-codec/commons-codec/1.9/9ce04e34240f674bc72680f8b843b1457383161a/commons-codec-1.9.jar
7f9ffe213000-7f9ffe215000 r--s 0000e000 08:03 523428                     /home/idss-davide/.gradle/caches/modules-2/files-2.1/commons-logging/commons-logging/1.2/4bfc12adfe4842bf07b657f0369c4cb522955686/commons-logging-1.2.jar
7f9ffe215000-7f9ffe217000 r--s 00003000 08:03 523427                     /home/idss-davide/.gradle/caches/modules-2/files-2.1/org.jetbrains/annotations/13.0/919f0dfe192fb4e063e7dacadee7f8bb9a2672a9/annotations-13.0.jar
7f9ffe217000-7f9ffe228000 r--s 001c2000 08:03 523304                     /home/idss-davide/.gradle/caches/modules-2/files-2.1/org.eclipse.swt.gtk.linux/x86/3.3.0-v3346/a9ce3fdc84060952a94f509442673698c3880f92/x86-3.3.0-v3346.jar
7f9ffe228000-7f9ffe239000 r--s 001dd000 08:03 523303                     /home/idss-davide/.gradle/caches/modules-2/files-2.1/org.eclipse.swt.gtk.linux/x86_64/3.3.0-v3346/5a7561696dc49e42713e78cb09e0563bba6b96c/x86_64-3.3.0-v3346.jar
7f9ffe239000-7f9ffe240000 r--s 00049000 08:03 523426                     /home/idss-davide/.gradle/caches/modules-2/files-2.1/org.apache.httpcomponents/httpcore/4.4.5/e7501a1b34325abb00d17dde96150604a0658b54/httpcore-4.4.5.jar
7f9ffe240000-7f9ffe24d000 r--s 000a7000 08:03 523425                     /home/idss-davide/.gradle/caches/modules-2/files-2.1/org.apache.httpcomponents/httpclient/4.5.2/733db77aa8d9b2d68015189df76ab06304406e50/httpclient-4.5.2.jar
7f9ffe24d000-7f9ffe254000 r--s 00050000 08:03 523424                     /home/idss-davide/.gradle/caches/modules-2/files-2.1/org.apache.httpcomponents/httpcore-nio/4.4.5/f4be009e7505f6ceddf21e7960c759f413f15056/httpcore-nio-4.4.5.jar
7f9ffe254000-7f9ffe258000 r--s 00028000 08:03 523422                     /home/idss-davide/.gradle/caches/modules-2/files-2.1/org.apache.httpcomponents/httpasyncclient/4.1.2/95aa3e6fb520191a0970a73cf09f62948ee614be/httpasyncclient-4.1.2.jar
7f9ffe258000-7f9ffe282000 r--s 001e9000 08:03 523423                     /home/idss-davide/.gradle/caches/modules-2/files-2.1/com.google.guava/guava/15.0/ed727a8d9f247e2050281cb083f1c77b09dcb5cd/guava-15.0.jar
7f9ffe282000-7f9ffe284000 r--s 00009000 08:03 523421                     /home/idss-davide/.gradle/caches/modules-2/files-2.1/org.slf4j/slf4j-api/1.7.25/da76ca59f6a57ee3102f8f9bd9cee742973efa8a/slf4j-api-1.7.25.jar
7f9ffe284000-7f9ffe288000 r--s 0001b000 08:03 523418                     /home/idss-davide/.gradle/caches/modules-2/files-2.1/org.eclipse.californium/element-connector/2.0.0-M12/11cc8c08be9d2d975e7a9d34f46e8fb9f03234ba/element-connector-2.0.0-M12.jar
7f9ffe288000-7f9ffe290000 r--s 00029000 08:03 523419                     /home/idss-davide/.gradle/caches/modules-2/files-2.1/org.jetbrains.kotlin/kotlin-stdlib-common/1.6.10/c118700e3a33c8a0d9adc920e9dec0831171925/kotlin-stdlib-common-1.6.10.jar
7f9ffe290000-7f9ffe2a5000 r--s 0015c000 08:03 523420                     /home/idss-davide/.gradle/caches/modules-2/files-2.1/org.jetbrains.kotlin/kotlin-stdlib/1.6.10/b8af3fe6f1ca88526914929add63cf5e7c5049af/kotlin-stdlib-1.6.10.jar
7f9ffe2a5000-7f9ffe2a6000 r--s 00005000 08:03 523417                     /home/idss-davide/.gradle/caches/modules-2/files-2.1/org.jetbrains.kotlin/kotlin-stdlib-jdk7/1.6.10/e1c380673654a089c4f0c9f83d0ddfdc1efdb498/kotlin-stdlib-jdk7-1.6.10.jar
7f9ffe2a6000-7f9ffe2a8000 r--s 00016000 08:03 797277                     /usr/lib/jvm/java-8-openjdk-amd64/jre/lib/jce.jar
7f9ffe2a8000-7f9ffe2b9000 r--s 001c5000 08:03 797283                     /usr/lib/jvm/java-8-openjdk-amd64/jre/lib/jsse.jar
7f9ffe2b9000-7f9ffe2bb000 r--s 00004000 08:03 926830                     /home/idss-davide/issLab2022_DavideGuidetti/unibolibs/it.unibo.radarSystem22.domain-1.0.jar
7f9ffe2bb000-7f9ffe2c4000 r--s 000d8000 08:03 918598                     /home/idss-davide/issLab2022_DavideGuidetti/unibolibs/radarPojo.jar
7f9ffe2c4000-7f9ffe2c7000 r--s 0002e000 08:03 926829                     /home/idss-davide/issLab2022_DavideGuidetti/unibolibs/it.unibo.qakactor-2.7.jar
7f9ffe2c7000-7f9ffe2ca000 r--s 00007000 08:03 926831                     /home/idss-davide/issLab2022_DavideGuidetti/unibolibs/uniboInterfaces.jar
7f9ffe2ca000-7f9ffe34c000 r--s 0064a000 08:03 926758                     /home/idss-davide/issLab2022_DavideGuidetti/unibolibs/2p301.jar
7f9ffe34c000-7f9ffe34e000 r--s 0000c000 08:03 523346                     /home/idss-davide/.gradle/caches/modules-2/files-2.1/org.json/json/20160810/aca5eb39e2a12fddd6c472b240afe9ebea3a6733/json-20160810.jar
7f9ffe34e000-7f9ffe3a3000 r--s 00548000 08:03 523313                     /home/idss-davide/.gradle/caches/modules-2/files-2.1/com.google.android/android/2.3.3/949a2bef1ffe62e81af5d8919d17dfcc1309c43c/android-2.3.3.jar
7f9ffe3a3000-7f9ffe3a7000 r--s 00017000 08:03 523302                     /home/idss-davide/.gradle/caches/modules-2/files-2.1/org.pushingpixels/trident/1.3/a90e1fe1a5f47288e5820666179397dd10ca021/trident-1.3.jar
7f9ffe3a7000-7f9ffe3af000 r--s 00056000 08:03 523416                     /home/idss-davide/.gradle/caches/modules-2/files-2.1/org.eclipse.californium/californium-core/2.0.0-M12/5b61477cf0f3634bbdf786b265178b7a50a07ae3/californium-core-2.0.0-M12.jar
7f9ffe3af000-7f9ffe3b2000 r--s 00016000 08:03 523430                     /home/idss-davide/.gradle/caches/modules-2/files-2.1/org.eclipse.californium/californium-proxy/2.0.0-M12/fd089cbf97a2f89e15ad6ba965ff7a196ece2219/californium-proxy-2.0.0-M12.jar
7f9ffe3b2000-7f9ffe3b7000 r--s 00037000 08:03 523414                     /home/idss-davide/.gradle/caches/modules-2/files-2.1/org.eclipse.paho/org.eclipse.paho.client.mqttv3/1.2.5/1546cfc794449c39ad569853843a930104fdc297/org.eclipse.paho.client.mqttv3-1.2.5.jar
7f9ffe3b7000-7f9ffe3bf000 r--s 0001d000 08:03 523413                     /home/idss-davide/.gradle/caches/modules-2/files-2.1/org.jetbrains.kotlinx/kotlinx-coroutines-core-common/1.3.8/f637004addee7d856f617979f583352e97a21e5a/kotlinx-coroutines-core-common-1.3.8.jar
7f9ffe3bf000-7f9ffe3d7000 r--s 00154000 08:03 523415                     /home/idss-davide/.gradle/caches/modules-2/files-2.1/org.jetbrains.kotlinx/kotlinx-coroutines-core-jvm/1.6.0/f3b8fd26c2e76d2f18cbc36aacb6e349fcb9fd5f/kotlinx-coroutines-core-jvm-1.6.0.jar
7f9ffe3d7000-7f9ffe408000 rw-p 00000000 00:00 0 
7f9ffe408000-7f9ffe40d000 r--p 00000000 08:03 797234                     /usr/lib/jvm/java-8-openjdk-amd64/jre/lib/amd64/libnet.so
7f9ffe40d000-7f9ffe41e000 r-xp 00005000 08:03 797234                     /usr/lib/jvm/java-8-openjdk-amd64/jre/lib/amd64/libnet.so
7f9ffe41e000-7f9ffe422000 r--p 00016000 08:03 797234                     /usr/lib/jvm/java-8-openjdk-amd64/jre/lib/amd64/libnet.so
7f9ffe422000-7f9ffe423000 r--p 00019000 08:03 797234                     /usr/lib/jvm/java-8-openjdk-amd64/jre/lib/amd64/libnet.so
7f9ffe423000-7f9ffe424000 rw-p 0001a000 08:03 797234                     /usr/lib/jvm/java-8-openjdk-amd64/jre/lib/amd64/libnet.so
7f9ffe424000-7f9ffe42b000 r--p 00000000 08:03 797235                     /usr/lib/jvm/java-8-openjdk-amd64/jre/lib/amd64/libnio.so
7f9ffe42b000-7f9ffe434000 r-xp 00007000 08:03 797235                     /usr/lib/jvm/java-8-openjdk-amd64/jre/lib/amd64/libnio.so
7f9ffe434000-7f9ffe437000 r--p 00010000 08:03 797235                     /usr/lib/jvm/java-8-openjdk-amd64/jre/lib/amd64/libnio.so
7f9ffe437000-7f9ffe438000 r--p 00012000 08:03 797235                     /usr/lib/jvm/java-8-openjdk-amd64/jre/lib/amd64/libnio.so
7f9ffe438000-7f9ffe439000 rw-p 00013000 08:03 797235                     /usr/lib/jvm/java-8-openjdk-amd64/jre/lib/amd64/libnio.so
7f9ffe439000-7f9ffe43d000 r--s 00041000 08:03 797264                     /usr/lib/jvm/java-8-openjdk-amd64/jre/lib/ext/sunpkcs11.jar
7f9ffe43d000-7f9ffe458000 r--s 00394000 08:03 797256                     /usr/lib/jvm/java-8-openjdk-amd64/jre/lib/ext/cldrdata.jar
7f9ffe458000-7f9ffe473000 r--s 001d6000 08:03 797261                     /usr/lib/jvm/java-8-openjdk-amd64/jre/lib/ext/nashorn.jar
7f9ffe473000-7f9ffe474000 ---p 00000000 00:00 0 
7f9ffe474000-7f9ffe574000 rw-p 00000000 00:00 0 
7f9ffe574000-7f9ffe577000 ---p 00000000 00:00 0 
7f9ffe577000-7f9ffe674000 rw-p 00000000 00:00 0 
7f9ffe674000-7f9ffe675000 ---p 00000000 00:00 0 
7f9ffe675000-7f9ffe678000 ---p 00000000 00:00 0 
7f9ffe678000-7f9ffe775000 rw-p 00000000 00:00 0 
7f9ffe775000-7f9ffe776000 ---p 00000000 00:00 0 
7f9ffe776000-7f9ffe779000 ---p 00000000 00:00 0 
7f9ffe779000-7f9ffe876000 rw-p 00000000 00:00 0 
7f9ffe876000-7f9ffe877000 ---p 00000000 00:00 0 
7f9ffe877000-7f9ffe87a000 ---p 00000000 00:00 0 
7f9ffe87a000-7f9ffe977000 rw-p 00000000 00:00 0 
7f9ffe977000-7f9ffe97a000 ---p 00000000 00:00 0 
7f9ffe97a000-7f9ffea77000 rw-p 00000000 00:00 0 
7f9ffea77000-7f9ffefea000 r--p 00000000 08:03 785798                     /usr/lib/locale/locale-archive
7f9ffefea000-7f9ffefed000 ---p 00000000 00:00 0 
7f9ffefed000-7f9fff0ea000 rw-p 00000000 00:00 0 
7f9fff0ea000-7f9fff0ed000 ---p 00000000 00:00 0 
7f9fff0ed000-7f9fff1ea000 rw-p 00000000 00:00 0 
7f9fff1ea000-7f9fff1eb000 ---p 00000000 00:00 0 
7f9fff1eb000-7fa000000000 rw-p 00000000 00:00 0 
7fa000000000-7fa000021000 rw-p 00000000 00:00 0 
7fa000021000-7fa004000000 ---p 00000000 00:00 0 
7fa004000000-7fa004006000 r--s 0003d000 08:03 797263                     /usr/lib/jvm/java-8-openjdk-amd64/jre/lib/ext/sunjce_provider.jar
7fa004006000-7fa005000000 rw-p 00000000 00:00 0 
7fa005000000-7fa005390000 rwxp 00000000 00:00 0 
7fa005390000-7fa014000000 ---p 00000000 00:00 0 
7fa014000000-7fa014701000 rw-p 00000000 00:00 0 
7fa014701000-7fa018000000 ---p 00000000 00:00 0 
7fa018000000-7fa018001000 r--s 00008000 08:03 918600                     /home/idss-davide/issLab2022_DavideGuidetti/unibolibs/unibonoawtsupports.jar
7fa018001000-7fa018002000 r--s 00003000 08:03 523412                     /home/idss-davide/.gradle/caches/modules-2/files-2.1/org.jetbrains.kotlin/kotlin-stdlib-jdk8/1.6.10/e80fe6ac3c3573a80305f5ec43f86b829e8ab53d/kotlin-stdlib-jdk8-1.6.10.jar
7fa018002000-7fa018004000 r--s 00010000 08:03 797265                     /usr/lib/jvm/java-8-openjdk-amd64/jre/lib/ext/zipfs.jar
7fa018004000-7fa018006000 r--s 00008000 08:03 797262                     /usr/lib/jvm/java-8-openjdk-amd64/jre/lib/ext/sunec.jar
7fa018006000-7fa018009000 r--s 0000f000 08:03 797258                     /usr/lib/jvm/java-8-openjdk-amd64/jre/lib/ext/icedtea-sound.jar
7fa018009000-7fa018014000 r--s 00116000 08:03 797260                     /usr/lib/jvm/java-8-openjdk-amd64/jre/lib/ext/localedata.jar
7fa018014000-7fa01801a000 r--s 000d3000 08:03 797282                     /usr/lib/jvm/java-8-openjdk-amd64/jre/lib/jfr.jar
7fa01801a000-7fa0181ec000 r--s 03cab000 08:03 797289                     /usr/lib/jvm/java-8-openjdk-amd64/jre/lib/rt.jar
7fa0181ec000-7fa018318000 rw-p 00000000 00:00 0 
7fa018318000-7fa018319000 ---p 00000000 00:00 0 
7fa018319000-7fa018419000 rw-p 00000000 00:00 0 
7fa018419000-7fa01841a000 ---p 00000000 00:00 0 
7fa01841a000-7fa01851a000 rw-p 00000000 00:00 0 
7fa01851a000-7fa01851b000 ---p 00000000 00:00 0 
7fa01851b000-7fa01861b000 rw-p 00000000 00:00 0 
7fa01861b000-7fa01861c000 ---p 00000000 00:00 0 
7fa01861c000-7fa018752000 rw-p 00000000 00:00 0 
7fa018752000-7fa018a7a000 ---p 00000000 00:00 0 
7fa018a7a000-7fa018ab0000 rw-p 00000000 00:00 0 
7fa018ab0000-7fa018dd8000 ---p 00000000 00:00 0 
7fa018dd8000-7fa018e08000 rw-p 00000000 00:00 0 
7fa018e08000-7fa018f87000 ---p 00000000 00:00 0 
7fa018f87000-7fa018f97000 rw-p 00000000 00:00 0 
7fa018f97000-7fa019348000 ---p 00000000 00:00 0 
7fa019348000-7fa01934b000 r--p 00000000 08:03 797242                     /usr/lib/jvm/java-8-openjdk-amd64/jre/lib/amd64/libzip.so
7fa01934b000-7fa019350000 r-xp 00003000 08:03 797242                     /usr/lib/jvm/java-8-openjdk-amd64/jre/lib/amd64/libzip.so
7fa019350000-7fa019352000 r--p 00008000 08:03 797242                     /usr/lib/jvm/java-8-openjdk-amd64/jre/lib/amd64/libzip.so
7fa019352000-7fa019353000 r--p 00009000 08:03 797242                     /usr/lib/jvm/java-8-openjdk-amd64/jre/lib/amd64/libzip.so
7fa019353000-7fa019354000 rw-p 0000a000 08:03 797242                     /usr/lib/jvm/java-8-openjdk-amd64/jre/lib/amd64/libzip.so
7fa019354000-7fa019361000 r--p 00000000 08:03 797223                     /usr/lib/jvm/java-8-openjdk-amd64/jre/lib/amd64/libjava.so
7fa019361000-7fa019379000 r-xp 0000d000 08:03 797223                     /usr/lib/jvm/java-8-openjdk-amd64/jre/lib/amd64/libjava.so
7fa019379000-7fa019380000 r--p 00025000 08:03 797223                     /usr/lib/jvm/java-8-openjdk-amd64/jre/lib/amd64/libjava.so
7fa019380000-7fa019381000 r--p 0002b000 08:03 797223                     /usr/lib/jvm/java-8-openjdk-amd64/jre/lib/amd64/libjava.so
7fa019381000-7fa019383000 rw-p 0002c000 08:03 797223                     /usr/lib/jvm/java-8-openjdk-amd64/jre/lib/amd64/libjava.so
7fa019383000-7fa019388000 r--p 00000000 08:03 797241                     /usr/lib/jvm/java-8-openjdk-amd64/jre/lib/amd64/libverify.so
7fa019388000-7fa019391000 r-xp 00005000 08:03 797241                     /usr/lib/jvm/java-8-openjdk-amd64/jre/lib/amd64/libverify.so
7fa019391000-7fa019393000 r--p 0000e000 08:03 797241                     /usr/lib/jvm/java-8-openjdk-amd64/jre/lib/amd64/libverify.so
7fa019393000-7fa019395000 r--p 0000f000 08:03 797241                     /usr/lib/jvm/java-8-openjdk-amd64/jre/lib/amd64/libverify.so
7fa019395000-7fa019396000 rw-p 00011000 08:03 797241                     /usr/lib/jvm/java-8-openjdk-amd64/jre/lib/amd64/libverify.so
7fa019396000-7fa019397000 r--p 00000000 08:03 787114                     /usr/lib/x86_64-linux-gnu/librt.so.1
7fa019397000-7fa019398000 r-xp 00001000 08:03 787114                     /usr/lib/x86_64-linux-gnu/librt.so.1
7fa019398000-7fa019399000 r--p 00002000 08:03 787114                     /usr/lib/x86_64-linux-gnu/librt.so.1
7fa019399000-7fa01939a000 r--p 00002000 08:03 787114                     /usr/lib/x86_64-linux-gnu/librt.so.1
7fa01939a000-7fa01939b000 rw-p 00003000 08:03 787114                     /usr/lib/x86_64-linux-gnu/librt.so.1
7fa01939b000-7fa01939c000 ---p 00000000 00:00 0 
7fa01939c000-7fa01939f000 ---p 00000000 00:00 0 
7fa01939f000-7fa01949c000 rw-p 00000000 00:00 0 
7fa01949c000-7fa01949f000 r--p 00000000 08:03 791367                     /usr/lib/x86_64-linux-gnu/libgcc_s.so.1
7fa01949f000-7fa0194b1000 r-xp 00003000 08:03 791367                     /usr/lib/x86_64-linux-gnu/libgcc_s.so.1
7fa0194b1000-7fa0194b4000 r--p 00015000 08:03 791367                     /usr/lib/x86_64-linux-gnu/libgcc_s.so.1
7fa0194b4000-7fa0194b5000 r--p 00017000 08:03 791367                     /usr/lib/x86_64-linux-gnu/libgcc_s.so.1
7fa0194b5000-7fa0194b6000 rw-p 00018000 08:03 791367                     /usr/lib/x86_64-linux-gnu/libgcc_s.so.1
7fa0194b6000-7fa0194c3000 r--p 00000000 08:03 787091                     /usr/lib/x86_64-linux-gnu/libm.so.6
7fa0194c3000-7fa01953d000 r-xp 0000d000 08:03 787091                     /usr/lib/x86_64-linux-gnu/libm.so.6
7fa01953d000-7fa019597000 r--p 00087000 08:03 787091                     /usr/lib/x86_64-linux-gnu/libm.so.6
7fa019597000-7fa019598000 ---p 000e1000 08:03 787091                     /usr/lib/x86_64-linux-gnu/libm.so.6
7fa019598000-7fa019599000 r--p 000e1000 08:03 787091                     /usr/lib/x86_64-linux-gnu/libm.so.6
7fa019599000-7fa01959a000 rw-p 000e2000 08:03 787091                     /usr/lib/x86_64-linux-gnu/libm.so.6
7fa01959a000-7fa019633000 r--p 00000000 08:03 792144                     /usr/lib/x86_64-linux-gnu/libstdc++.so.6.0.29
7fa019633000-7fa019736000 r-xp 00099000 08:03 792144                     /usr/lib/x86_64-linux-gnu/libstdc++.so.6.0.29
7fa019736000-7fa0197a2000 r--p 0019c000 08:03 792144                     /usr/lib/x86_64-linux-gnu/libstdc++.so.6.0.29
7fa0197a2000-7fa0197ad000 r--p 00207000 08:03 792144                     /usr/lib/x86_64-linux-gnu/libstdc++.so.6.0.29
7fa0197ad000-7fa0197b0000 rw-p 00212000 08:03 792144                     /usr/lib/x86_64-linux-gnu/libstdc++.so.6.0.29
7fa0197b0000-7fa0197b3000 rw-p 00000000 00:00 0 
7fa0197b3000-7fa0199a8000 r--p 00000000 08:03 797245                     /usr/lib/jvm/java-8-openjdk-amd64/jre/lib/amd64/server/libjvm.so
7fa0199a8000-7fa01a313000 r-xp 001f5000 08:03 797245                     /usr/lib/jvm/java-8-openjdk-amd64/jre/lib/amd64/server/libjvm.so
7fa01a313000-7fa01a4be000 r--p 00b60000 08:03 797245                     /usr/lib/jvm/java-8-openjdk-amd64/jre/lib/amd64/server/libjvm.so
7fa01a4be000-7fa01a554000 r--p 00d0a000 08:03 797245                     /usr/lib/jvm/java-8-openjdk-amd64/jre/lib/amd64/server/libjvm.so
7fa01a554000-7fa01a57d000 rw-p 00da0000 08:03 797245                     /usr/lib/jvm/java-8-openjdk-amd64/jre/lib/amd64/server/libjvm.so
7fa01a57d000-7fa01a5b3000 rw-p 00000000 00:00 0 
7fa01a5b3000-7fa01a5b5000 r--p 00000000 08:03 789370                     /usr/lib/x86_64-linux-gnu/libz.so.1.2.11
7fa01a5b5000-7fa01a5c6000 r-xp 00002000 08:03 789370                     /usr/lib/x86_64-linux-gnu/libz.so.1.2.11
7fa01a5c6000-7fa01a5cc000 r--p 00013000 08:03 789370                     /usr/lib/x86_64-linux-gnu/libz.so.1.2.11
7fa01a5cc000-7fa01a5cd000 ---p 00019000 08:03 789370                     /usr/lib/x86_64-linux-gnu/libz.so.1.2.11
7fa01a5cd000-7fa01a5ce000 r--p 00019000 08:03 789370                     /usr/lib/x86_64-linux-gnu/libz.so.1.2.11
7fa01a5ce000-7fa01a5cf000 rw-p 0001a000 08:03 789370                     /usr/lib/x86_64-linux-gnu/libz.so.1.2.11
7fa01a5cf000-7fa01a5f7000 r--p 00000000 08:03 787082                     /usr/lib/x86_64-linux-gnu/libc.so.6
7fa01a5f7000-7fa01a78b000 r-xp 00028000 08:03 787082                     /usr/lib/x86_64-linux-gnu/libc.so.6
7fa01a78b000-7fa01a7e3000 r--p 001bc000 08:03 787082                     /usr/lib/x86_64-linux-gnu/libc.so.6
7fa01a7e3000-7fa01a7e4000 ---p 00214000 08:03 787082                     /usr/lib/x86_64-linux-gnu/libc.so.6
7fa01a7e4000-7fa01a7e8000 r--p 00214000 08:03 787082                     /usr/lib/x86_64-linux-gnu/libc.so.6
7fa01a7e8000-7fa01a7ea000 rw-p 00218000 08:03 787082                     /usr/lib/x86_64-linux-gnu/libc.so.6
7fa01a7ea000-7fa01a7f7000 rw-p 00000000 00:00 0 
7fa01a7f7000-7fa01a7f8000 r--s 0000a000 08:03 797259                     /usr/lib/jvm/java-8-openjdk-amd64/jre/lib/ext/jaccess.jar
7fa01a7f8000-7fa01a7fa000 r--s 0000c000 08:03 1570957                    /usr/share/java/java-atk-wrapper.jar
7fa01a7fa000-7fa01a7fc000 r--s 00001000 08:03 797257                     /usr/lib/jvm/java-8-openjdk-amd64/jre/lib/ext/dnsns.jar
7fa01a7fc000-7fa01a804000 rw-s 00000000 08:03 1709569                    /tmp/hsperfdata_idss-davide/7507
7fa01a804000-7fa01a805000 rw-p 00000000 00:00 0 
7fa01a805000-7fa01a806000 r--p 00000000 00:00 0 
7fa01a806000-7fa01a809000 r--p 00000000 08:03 797209                     /usr/lib/jvm/java-8-openjdk-amd64/jre/lib/amd64/jli/libjli.so
7fa01a809000-7fa01a812000 r-xp 00003000 08:03 797209                     /usr/lib/jvm/java-8-openjdk-amd64/jre/lib/amd64/jli/libjli.so
7fa01a812000-7fa01a815000 r--p 0000c000 08:03 797209                     /usr/lib/jvm/java-8-openjdk-amd64/jre/lib/amd64/jli/libjli.so
7fa01a815000-7fa01a816000 r--p 0000e000 08:03 797209                     /usr/lib/jvm/java-8-openjdk-amd64/jre/lib/amd64/jli/libjli.so
7fa01a816000-7fa01a817000 rw-p 0000f000 08:03 797209                     /usr/lib/jvm/java-8-openjdk-amd64/jre/lib/amd64/jli/libjli.so
7fa01a817000-7fa01a819000 rw-p 00000000 00:00 0 
7fa01a819000-7fa01a81a000 r--p 00000000 08:03 787059                     /usr/lib/x86_64-linux-gnu/ld-linux-x86-64.so.2
7fa01a81a000-7fa01a842000 r-xp 00001000 08:03 787059                     /usr/lib/x86_64-linux-gnu/ld-linux-x86-64.so.2
7fa01a842000-7fa01a84c000 r--p 00029000 08:03 787059                     /usr/lib/x86_64-linux-gnu/ld-linux-x86-64.so.2
7fa01a84c000-7fa01a84e000 r--p 00032000 08:03 787059                     /usr/lib/x86_64-linux-gnu/ld-linux-x86-64.so.2
7fa01a84e000-7fa01a850000 rw-p 00034000 08:03 787059                     /usr/lib/x86_64-linux-gnu/ld-linux-x86-64.so.2
7ffec17a2000-7ffec17c4000 rw-p 00000000 00:00 0                          [stack]
7ffec17e2000-7ffec17e6000 r--p 00000000 00:00 0                          [vvar]
7ffec17e6000-7ffec17e8000 r-xp 00000000 00:00 0                          [vdso]
ffffffffff600000-ffffffffff601000 --xp 00000000 00:00 0                  [vsyscall]

VM Arguments:
jvm_args: -Dfile.encoding=UTF-8 
java_command: unibo.actor22.local.UsingLedNoControllerOnPc
java_class_path (initial): /home/idss-davide/issLab2022_DavideGuidetti/unibo.actor22/bin/default:/home/idss-davide/.gradle/caches/modules-2/files-2.1/org.jetbrains.kotlinx/kotlinx-coroutines-core-jvm/1.6.0/f3b8fd26c2e76d2f18cbc36aacb6e349fcb9fd5f/kotlinx-coroutines-core-jvm-1.6.0.jar:/home/idss-davide/.gradle/caches/modules-2/files-2.1/org.jetbrains.kotlin/kotlin-stdlib-jdk8/1.6.10/e80fe6ac3c3573a80305f5ec43f86b829e8ab53d/kotlin-stdlib-jdk8-1.6.10.jar:/home/idss-davide/.gradle/caches/modules-2/files-2.1/org.jetbrains.kotlinx/kotlinx-coroutines-core-common/1.3.8/f637004addee7d856f617979f583352e97a21e5a/kotlinx-coroutines-core-common-1.3.8.jar:/home/idss-davide/.gradle/caches/modules-2/files-2.1/org.eclipse.paho/org.eclipse.paho.client.mqttv3/1.2.5/1546cfc794449c39ad569853843a930104fdc297/org.eclipse.paho.client.mqttv3-1.2.5.jar:/home/idss-davide/.gradle/caches/modules-2/files-2.1/org.eclipse.californium/californium-proxy/2.0.0-M12/fd089cbf97a2f89e15ad6ba965ff7a196ece2219/californium-proxy-2.0.0-M12.jar:/home/idss-davide/.gradle/caches/modules-2/files-2.1/org.eclipse.californium/californium-core/2.0.0-M12/5b61477cf0f3634bbdf786b265178b7a50a07ae3/californium-core-2.0.0-M12.jar:/home/idss-davide/.gradle/caches/modules-2/files-2.1/org.pushingpixels/trident/1.3/a90e1fe1a5f47288e5820666179397dd10ca021/trident-1.3.jar:/home/idss-davide/.gradle/caches/modules-2/files-2.1/com.google.android/android/2.3.3/949a2bef1ffe62e81af5d8919d17dfcc1309c43c/android-2.3.3.jar:/home/idss-davide/.gradle/caches/modules-2/files-2.1/org.json/json/20160810/aca5eb39e2a12fddd6c472b240afe9ebea3a6733/json-20160810.jar:/home/idss-davide/issLab2022_DavideGuidetti/unibolibs:/home/idss-davide/issLab2022_DavideGuidetti/unibolibs/2p301.jar:/home/idss-davide/issLab2022_DavideGuidetti/unibolibs/uniboInterfaces.jar:/home/idss-davide/issLab2022_DavideGuidetti/unibolibs/unibonoawtsupports.jar:/home/idss-davide/issLab2022_DavideGuidetti/unibolibs/it.unibo.qakactor-2.7.jar:/home/idss-davide/issLab2022_DavideGu
Launcher Type: SUN_STANDARD

Environment Variables:
PATH=/usr/local/sbin:/usr/local/bin:/usr/sbin:/usr/bin:/sbin:/bin:/usr/games:/usr/local/games:/snap/bin:/snap/bin:/opt/gradle/gradle-7.4/bin
USERNAME=idss-davide
SHELL=/bin/bash
DISPLAY=:0

Signal Handlers:
SIGSEGV: [libjvm.so+0xb39300], sa_mask[0]=11111111011111111101111111111110, sa_flags=SA_RESTART|SA_SIGINFO
SIGBUS: [libjvm.so+0xb39300], sa_mask[0]=11111111011111111101111111111110, sa_flags=SA_RESTART|SA_SIGINFO
SIGFPE: [libjvm.so+0x97ac10], sa_mask[0]=11111111011111111101111111111110, sa_flags=SA_RESTART|SA_SIGINFO
SIGPIPE: [libjvm.so+0x97ac10], sa_mask[0]=11111111011111111101111111111110, sa_flags=SA_RESTART|SA_SIGINFO
SIGXFSZ: [libjvm.so+0x97ac10], sa_mask[0]=11111111011111111101111111111110, sa_flags=SA_RESTART|SA_SIGINFO
SIGILL: [libjvm.so+0x97ac10], sa_mask[0]=11111111011111111101111111111110, sa_flags=SA_RESTART|SA_SIGINFO
SIGUSR1: SIG_DFL, sa_mask[0]=00000000000000000000000000000000, sa_flags=none
SIGUSR2: [libjvm.so+0x97a9d0], sa_mask[0]=00100000000000000000000000000000, sa_flags=SA_RESTART|SA_SIGINFO
SIGHUP: [libjvm.so+0x97ae90], sa_mask[0]=11111111011111111101111111111110, sa_flags=SA_RESTART|SA_SIGINFO
SIGINT: [libjvm.so+0x97ae90], sa_mask[0]=11111111011111111101111111111110, sa_flags=SA_RESTART|SA_SIGINFO
SIGTERM: [libjvm.so+0x97ae90], sa_mask[0]=11111111011111111101111111111110, sa_flags=SA_RESTART|SA_SIGINFO
SIGQUIT: [libjvm.so+0x97ae90], sa_mask[0]=11111111011111111101111111111110, sa_flags=SA_RESTART|SA_SIGINFO


---------------  S Y S T E M  ---------------

OS:DISTRIB_ID=Ubuntu
DISTRIB_RELEASE=21.10
DISTRIB_CODENAME=impish
DISTRIB_DESCRIPTION="Ubuntu 21.10"

uname:Linux 5.13.0-39-generic #44-Ubuntu SMP Thu Mar 24 15:35:05 UTC 2022 x86_64
libc:glibc 2.34 NPTL 2.34 
rlimit: STACK 8192k, CORE 0k, NPROC 41151, NOFILE 1048576, AS infinity
load average:1,00 0,69 0,58

/proc/meminfo:
MemTotal:       10585524 kB
MemFree:         4268076 kB
MemAvailable:    7104984 kB
Buffers:          110716 kB
Cached:          3110016 kB
SwapCached:            0 kB
Active:          1118556 kB
Inactive:        4871216 kB
Active(anon):       2488 kB
Inactive(anon):  2985200 kB
Active(file):    1116068 kB
Inactive(file):  1886016 kB
Unevictable:          80 kB
Mlocked:              80 kB
SwapTotal:       2097148 kB
SwapFree:        2097148 kB
Dirty:               208 kB
Writeback:             0 kB
AnonPages:       2769368 kB
Mapped:          1005788 kB
Shmem:            227528 kB
KReclaimable:     126224 kB
Slab:             212880 kB
SReclaimable:     126224 kB
SUnreclaim:        86656 kB
KernelStack:       14248 kB
PageTables:        35788 kB
NFS_Unstable:          0 kB
Bounce:                0 kB
WritebackTmp:          0 kB
CommitLimit:     7389908 kB
Committed_AS:   10011120 kB
VmallocTotal:   34359738367 kB
VmallocUsed:       45956 kB
VmallocChunk:          0 kB
Percpu:             4560 kB
HardwareCorrupted:     0 kB
AnonHugePages:         0 kB
ShmemHugePages:        0 kB
ShmemPmdMapped:        0 kB
FileHugePages:         0 kB
FilePmdMapped:         0 kB
HugePages_Total:       0
HugePages_Free:        0
HugePages_Rsvd:        0
HugePages_Surp:        0
Hugepagesize:       2048 kB
Hugetlb:               0 kB
DirectMap4k:      239552 kB
DirectMap2M:    10645504 kB


CPU:total 4 (initial active 4) (4 cores per cpu, 1 threads per core) family 6 model 158 stepping 9, cmov, cx8, fxsr, mmx, sse, sse2, sse3, ssse3, sse4.1, sse4.2, popcnt, avx, avx2, aes, clmul, 3dnowpref, lzcnt, tsc, tscinvbit

/proc/cpuinfo:
processor	: 0
vendor_id	: GenuineIntel
cpu family	: 6
model		: 158
model name	: Intel(R) Core(TM) i7-7700HQ CPU @ 2.80GHz
stepping	: 9
cpu MHz		: 2808.000
cache size	: 6144 KB
physical id	: 0
siblings	: 4
core id		: 0
cpu cores	: 4
apicid		: 0
initial apicid	: 0
fpu		: yes
fpu_exception	: yes
cpuid level	: 22
wp		: yes
flags		: fpu vme de pse tsc msr pae mce cx8 apic sep mtrr pge mca cmov pat pse36 clflush mmx fxsr sse sse2 ht syscall nx rdtscp lm constant_tsc rep_good nopl xtopology nonstop_tsc cpuid tsc_known_freq pni pclmulqdq ssse3 cx16 pcid sse4_1 sse4_2 x2apic movbe popcnt aes xsave avx rdrand hypervisor lahf_lm abm 3dnowprefetch invpcid_single pti fsgsbase avx2 invpcid rdseed clflushopt md_clear flush_l1d
bugs		: cpu_meltdown spectre_v1 spectre_v2 spec_store_bypass l1tf mds swapgs itlb_multihit srbds
bogomips	: 5616.00
clflush size	: 64
cache_alignment	: 64
address sizes	: 39 bits physical, 48 bits virtual
power management:

processor	: 1
vendor_id	: GenuineIntel
cpu family	: 6
model		: 158
model name	: Intel(R) Core(TM) i7-7700HQ CPU @ 2.80GHz
stepping	: 9
cpu MHz		: 2808.000
cache size	: 6144 KB
physical id	: 0
siblings	: 4
core id		: 1
cpu cores	: 4
apicid		: 1
initial apicid	: 1
fpu		: yes
fpu_exception	: yes
cpuid level	: 22
wp		: yes
flags		: fpu vme de pse tsc msr pae mce cx8 apic sep mtrr pge mca cmov pat pse36 clflush mmx fxsr sse sse2 ht syscall nx rdtscp lm constant_tsc rep_good nopl xtopology nonstop_tsc cpuid tsc_known_freq pni pclmulqdq ssse3 cx16 pcid sse4_1 sse4_2 x2apic movbe popcnt aes xsave avx rdrand hypervisor lahf_lm abm 3dnowprefetch invpcid_single pti fsgsbase avx2 invpcid rdseed clflushopt md_clear flush_l1d
bugs		: cpu_meltdown spectre_v1 spectre_v2 spec_store_bypass l1tf mds swapgs itlb_multihit srbds
bogomips	: 5616.00
clflush size	: 64
cache_alignment	: 64
address sizes	: 39 bits physical, 48 bits virtual
power management:

processor	: 2
vendor_id	: GenuineIntel
cpu family	: 6
model		: 158
model name	: Intel(R) Core(TM) i7-7700HQ CPU @ 2.80GHz
stepping	: 9
cpu MHz		: 2808.000
cache size	: 6144 KB
physical id	: 0
siblings	: 4
core id		: 2
cpu cores	: 4
apicid		: 2
initial apicid	: 2
fpu		: yes
fpu_exception	: yes
cpuid level	: 22
wp		: yes
flags		: fpu vme de pse tsc msr pae mce cx8 apic sep mtrr pge mca cmov pat pse36 clflush mmx fxsr sse sse2 ht syscall nx rdtscp lm constant_tsc rep_good nopl xtopology nonstop_tsc cpuid tsc_known_freq pni pclmulqdq ssse3 cx16 pcid sse4_1 sse4_2 x2apic movbe popcnt aes xsave avx rdrand hypervisor lahf_lm abm 3dnowprefetch invpcid_single pti fsgsbase avx2 invpcid rdseed clflushopt md_clear flush_l1d
bugs		: cpu_meltdown spectre_v1 spectre_v2 spec_store_bypass l1tf mds swapgs itlb_multihit srbds
bogomips	: 5616.00
clflush size	: 64
cache_alignment	: 64
address sizes	: 39 bits physical, 48 bits virtual
power management:

processor	: 3
vendor_id	: GenuineIntel
cpu family	: 6
model		: 158
model name	: Intel(R) Core(TM) i7-7700HQ CPU @ 2.80GHz
stepping	: 9
cpu MHz		: 2808.000
cache size	: 6144 KB
physical id	: 0
siblings	: 4
core id		: 3
cpu cores	: 4
apicid		: 3
initial apicid	: 3
fpu		: yes
fpu_exception	: yes
cpuid level	: 22
wp		: yes
flags		: fpu vme de pse tsc msr pae mce cx8 apic sep mtrr pge mca cmov pat pse36 clflush mmx fxsr sse sse2 ht syscall nx rdtscp lm constant_tsc rep_good nopl xtopology nonstop_tsc cpuid tsc_known_freq pni pclmulqdq ssse3 cx16 pcid sse4_1 sse4_2 x2apic movbe popcnt aes xsave avx rdrand hypervisor lahf_lm abm 3dnowprefetch invpcid_single pti fsgsbase avx2 invpcid rdseed clflushopt md_clear flush_l1d
bugs		: cpu_meltdown spectre_v1 spectre_v2 spec_store_bypass l1tf mds swapgs itlb_multihit srbds
bogomips	: 5616.00
clflush size	: 64
cache_alignment	: 64
address sizes	: 39 bits physical, 48 bits virtual
power management:



Memory: 4k page, physical 10585524k(4268076k free), swap 2097148k(2097148k free)

vm_info: OpenJDK 64-Bit Server VM (25.312-b07) for linux-amd64 JRE (1.8.0_312-8u312-b07-0ubuntu1~21.10-b07), built on Nov  3 2021 13:54:59 by "buildd" with gcc 11.2.0

time: Tue Apr  5 10:22:12 2022
timezone: CEST
elapsed time: 0.992161 seconds (0d 0h 0m 0s)

