#
# A fatal error has been detected by the Java Runtime Environment:
#
#  SIGSEGV (0xb) at pc=0x00007f933e9b7aa2, pid=5974, tid=0x00007f935a8f9640
#
# JRE version: OpenJDK Runtime Environment (8.0_312-b07) (build 1.8.0_312-8u312-b07-0ubuntu1~21.10-b07)
# Java VM: OpenJDK 64-Bit Server VM (25.312-b07 mixed mode linux-amd64 compressed oops)
# Problematic frame:
# C  [libatk-bridge-2.0.so.0+0x13aa2]
#
# Failed to write core dump. Core dumps have been disabled. To enable core dumping, try "ulimit -c unlimited" before starting Java again
#
# If you would like to submit a bug report, please visit:
#   http://bugreport.java.com/bugreport/crash.jsp
# The crash happened outside the Java Virtual Machine in native code.
# See problematic frame for where to report the bug.
#

---------------  T H R E A D  ---------------

Current thread (0x00007f935400b800):  JavaThread "main" [_thread_in_native, id=5976, stack(0x00007f935a7fa000,0x00007f935a8fa000)]

siginfo: si_signo: 11 (SIGSEGV), si_code: 1 (SEGV_MAPERR), si_addr: 0x0000000000000038

Registers:
RAX=0x0000000000000000, RBX=0x0000000000000001, RCX=0x00007f93547798e0, RDX=0x0000000000000000
RSP=0x00007f935a8f80d0, RBP=0x00007f9354779800, RSI=0x0000000000020004, RDI=0x00007f9354779800
R8 =0x00007f93547798f0, R9 =0x0000000000000000, R10=0xfffffffffffff91c, R11=0x00007f933e9b7b90
R12=0x00007f933e9db090, R13=0x00007f933f553bb0, R14=0x00007f935a8f8180, R15=0x00007f935400b800
RIP=0x00007f933e9b7aa2, EFLAGS=0x0000000000010206, CSGSFS=0x002b000000000033, ERR=0x0000000000000004
  TRAPNO=0x000000000000000e

Top of Stack: (sp=0x00007f935a8f80d0)
0x00007f935a8f80d0:   0000000000000001 00007f933ea2f440
0x00007f935a8f80e0:   0000000000000000 00007f933ea0d249
0x00007f935a8f80f0:   0000000000000000 5a78f0569cf02a00
0x00007f935a8f8100:   00007f933f553bb0 00007f935a8f8168
0x00007f935a8f8110:   0000000000000000 00007f9345018427
0x00007f935a8f8120:   fffffffe00000000 00007f935a8f8128
0x00007f935a8f8130:   00007f933f553bb0 00007f935a8f8180
0x00007f935a8f8140:   00007f933ea69028 0000000000000000
0x00007f935a8f8150:   00007f933f553bb0 0000000000000000
0x00007f935a8f8160:   00007f935a8f8188 00007f935a8f81c8
0x00007f935a8f8170:   00007f9345007ffd 000000078cb2c458
0x00007f935a8f8180:   00007f9345011a58 00007f935a8f8188
0x00007f935a8f8190:   00007f933ea6b5e2 00007f935a8f81e8
0x00007f935a8f81a0:   00007f933ea6b798 0000000000000000
0x00007f935a8f81b0:   00007f933ea6b6f8 00007f935a8f8188
0x00007f935a8f81c0:   00007f935a8f81e0 00007f935a8f8230
0x00007f935a8f81d0:   00007f9345008042 0000000000000000
0x00007f935a8f81e0:   000000078a314ce8 000000078a2dd658
0x00007f935a8f81f0:   00007f935a8f81f0 00007f933ea9ccb5
0x00007f935a8f8200:   00007f935a8f8270 00007f933ea9cd60
0x00007f935a8f8210:   0000000000000000 00007f933ea9ccd8
0x00007f935a8f8220:   00007f935a8f81e0 00007f935a8f8268
0x00007f935a8f8230:   00007f935a8f82b8 00007f9345008042
0x00007f935a8f8240:   0000000000000000 0000000000000000
0x00007f935a8f8250:   0000000000000001 0000000000000002
0x00007f935a8f8260:   0000000000000000 000000078a314ce8
0x00007f935a8f8270:   000000078a2dd8e0 00007f935a8f8278
0x00007f935a8f8280:   00007f933f38aaae 00007f935a8f82d8
0x00007f935a8f8290:   00007f933f38b0a0 0000000000000000
0x00007f935a8f82a0:   00007f933f38aac0 00007f935a8f8268
0x00007f935a8f82b0:   00007f935a8f82d0 00007f935a8f8320
0x00007f935a8f82c0:   00007f9345007ffd 000000078a2dd8e0 

Instructions: (pc=0x00007f933e9b7aa2)
0x00007f933e9b7a82:   00 5b c3 66 66 2e 0f 1f 84 00 00 00 00 00 41 54
0x00007f933e9b7a92:   4c 8b 25 af 24 02 00 55 48 89 fd 53 49 8b 04 24
0x00007f933e9b7aa2:   48 8b 78 38 48 85 ff 74 0c 48 89 ee e8 ed b2 ff
0x00007f933e9b7ab2:   ff 49 8b 04 24 48 8b 78 20 48 89 ee e8 9d ab ff 

Register to memory mapping:

RAX=0x0000000000000000 is an unknown value
RBX=0x0000000000000001 is an unknown value
RCX=0x00007f93547798e0 is an unknown value
RDX=0x0000000000000000 is an unknown value
RSP=0x00007f935a8f80d0 is pointing into the stack for thread: 0x00007f935400b800
RBP=0x00007f9354779800 is an unknown value
RSI=0x0000000000020004 is an unknown value
RDI=0x00007f9354779800 is an unknown value
R8 =0x00007f93547798f0 is an unknown value
R9 =0x0000000000000000 is an unknown value
R10=0xfffffffffffff91c is an unknown value
R11=0x00007f933e9b7b90: atk_bridge_set_event_context+0 in /lib/x86_64-linux-gnu/libatk-bridge-2.0.so.0 at 0x00007f933e9a4000
R12=0x00007f933e9db090: spi_global_app_data+0 in /lib/x86_64-linux-gnu/libatk-bridge-2.0.so.0 at 0x00007f933e9a4000
R13={method} {0x00007f933f553bb0} 'loadAtkBridge' '()V' in 'org/GNOME/Accessibility/AtkWrapper'
R14=0x00007f935a8f8180 is pointing into the stack for thread: 0x00007f935400b800
R15=0x00007f935400b800 is a thread


Stack: [0x00007f935a7fa000,0x00007f935a8fa000],  sp=0x00007f935a8f80d0,  free space=1016k
Native frames: (J=compiled Java code, j=interpreted, Vv=VM code, C=native code)
C  [libatk-bridge-2.0.so.0+0x13aa2]

Java frames: (J=compiled Java code, j=interpreted, Vv=VM code)
j  org.GNOME.Accessibility.AtkWrapper.loadAtkBridge()V+0
j  org.GNOME.Accessibility.AtkWrapper$4.eventDispatched(Ljava/awt/AWTEvent;)V+18
j  java.awt.Toolkit$SelectiveAWTEventListener.eventDispatched(Ljava/awt/AWTEvent;)V+733
j  java.awt.Toolkit.notifyAWTEventListeners(Ljava/awt/AWTEvent;)V+30
j  java.awt.Component.dispatchEventImpl(Ljava/awt/AWTEvent;)V+257
j  java.awt.Container.dispatchEventImpl(Ljava/awt/AWTEvent;)V+42
j  java.awt.Window.dispatchEventImpl(Ljava/awt/AWTEvent;)V+19
j  java.awt.Component.dispatchEvent(Ljava/awt/AWTEvent;)V+2
j  java.awt.Container.addImpl(Ljava/awt/Component;Ljava/lang/Object;I)V+304
j  java.awt.Container.add(Ljava/lang/String;Ljava/awt/Component;)Ljava/awt/Component;+4
j  it.unibo.radarSystem22.domain.mock.LedMockWithGui.configure()V+42
j  it.unibo.radarSystem22.domain.mock.LedMockWithGui.<init>(Ljava/awt/Frame;)V+40
j  it.unibo.radarSystem22.domain.mock.LedMockWithGui.createLed()Lit/unibo/radarSystem22/domain/interfaces/ILed;+13
j  it.unibo.radarSystem22.domain.models.LedModel.createLedMock()Lit/unibo/radarSystem22/domain/interfaces/ILed;+6
j  it.unibo.radarSystem22.domain.DeviceFactory.createLed()Lit/unibo/radarSystem22/domain/interfaces/ILed;+6
j  unibo.actor22.common.LedActor.<init>(Ljava/lang/String;)V+6
j  unibo.actor22.local.RSActor22onPC.configure()V+25
j  unibo.actor22.local.RSActor22onPC.doJob()V+8
j  unibo.actor22.local.RSActor22onPC.main([Ljava/lang/String;)V+12
v  ~StubRoutines::call_stub

---------------  P R O C E S S  ---------------

Java Threads: ( => current thread )
  0x00007f9354775800 JavaThread "AWT-EventQueue-1" [_thread_in_native, id=6001, stack(0x00007f933e1de000,0x00007f933e2de000)]
  0x00007f9354774000 JavaThread "AWT-Shutdown" [_thread_blocked, id=6000, stack(0x00007f933e2de000,0x00007f933e3de000)]
  0x00007f9354726000 JavaThread "process reaper" daemon [_thread_blocked, id=5999, stack(0x00007f933ea30000,0x00007f933ea69000)]
  0x00007f9354714000 JavaThread "AWT-XAWT" daemon [_thread_in_native, id=5997, stack(0x00007f933ec69000,0x00007f933ed69000)]
  0x00007f93546ed000 JavaThread "Java2D Disposer" daemon [_thread_blocked, id=5996, stack(0x00007f933ed75000,0x00007f933ee75000)]
  0x00007f935461e000 JavaThread "qaksingle" daemon [_thread_blocked, id=5995, stack(0x00007f933f561000,0x00007f933f661000)]
  0x00007f93540c4800 JavaThread "Service Thread" daemon [_thread_blocked, id=5991, stack(0x00007f933f88c000,0x00007f933f98c000)]
  0x00007f93540c1800 JavaThread "C1 CompilerThread2" daemon [_thread_in_native, id=5990, stack(0x00007f933f98d000,0x00007f933fa8d000)]
  0x00007f93540bf800 JavaThread "C2 CompilerThread1" daemon [_thread_blocked, id=5989, stack(0x00007f93440f5000,0x00007f93441f5000)]
  0x00007f93540bd000 JavaThread "C2 CompilerThread0" daemon [_thread_blocked, id=5988, stack(0x00007f93441f6000,0x00007f93442f6000)]
  0x00007f93540b7800 JavaThread "Signal Dispatcher" daemon [_thread_blocked, id=5987, stack(0x00007f93442f6000,0x00007f93443f6000)]
  0x00007f9354089000 JavaThread "Finalizer" daemon [_thread_blocked, id=5986, stack(0x00007f93443f6000,0x00007f93444f6000)]
  0x00007f9354084800 JavaThread "Reference Handler" daemon [_thread_blocked, id=5985, stack(0x00007f93444f6000,0x00007f93445f6000)]
=>0x00007f935400b800 JavaThread "main" [_thread_in_native, id=5976, stack(0x00007f935a7fa000,0x00007f935a8fa000)]

Other Threads:
  0x00007f935407a800 VMThread [stack: 0x00007f93445f7000,0x00007f93446f7000] [id=5984]
  0x00007f93540c7000 WatcherThread [stack: 0x00007f933f78c000,0x00007f933f88c000] [id=5992]

VM state:not at safepoint (normal execution)

VM Mutex/Monitor currently owned by a thread: None

heap address: 0x000000071e600000, size: 2586 MB, Compressed Oops mode: Zero based, Oop shift amount: 3
Narrow klass base: 0x0000000000000000, Narrow klass shift: 3
Compressed class space size: 1073741824 Address: 0x00000007c0000000

Heap:
 PSYoungGen      total 48640K, used 7876K [0x000000078a200000, 0x0000000790100000, 0x00000007c0000000)
  eden space 41984K, 6% used [0x000000078a200000,0x000000078a4b62f8,0x000000078cb00000)
  from space 6656K, 76% used [0x000000078cb00000,0x000000078cffadc0,0x000000078d180000)
  to   space 6656K, 0% used [0x000000078fa80000,0x000000078fa80000,0x0000000790100000)
 ParOldGen       total 110592K, used 8200K [0x000000071e600000, 0x0000000725200000, 0x000000078a200000)
  object space 110592K, 7% used [0x000000071e600000,0x000000071ee02010,0x0000000725200000)
 Metaspace       used 12674K, capacity 12882K, committed 13184K, reserved 1060864K
  class space    used 1293K, capacity 1366K, committed 1408K, reserved 1048576K

Card table byte_map: [0x00007f9359ed8000,0x00007f935a3e6000] byte_map_base: 0x00007f93565e5000

Marking Bits: (ParMarkBitMap*) 0x00007f935b9f1720
 Begin Bits: [0x00007f9337f30000, 0x00007f933a798000)
 End Bits:   [0x00007f933a798000, 0x00007f933d000000)

Polling page: 0x00007f935bc63000

CodeCache: size=245760Kb used=3573Kb max_used=3586Kb free=242186Kb
 bounds [0x00007f9345000000, 0x00007f9345390000, 0x00007f9354000000]
 total_blobs=1386 nmethods=880 adapters=420
 compilation: enabled

Compilation events (10 events):
Event: 0,897 Thread 0x00007f93540c1800 nmethod 873 0x00007f9345369490 code [0x00007f9345369620, 0x00007f9345369990]
Event: 0,897 Thread 0x00007f93540c1800  877       3       sun.util.logging.PlatformLogger::isLoggable (38 bytes)
Event: 0,897 Thread 0x00007f93540c1800 nmethod 877 0x00007f9345368d90 code [0x00007f9345368f20, 0x00007f9345369328]
Event: 0,899 Thread 0x00007f93540c1800  881       3       java.util.concurrent.locks.AbstractQueuedSynchronizer::compareAndSetState (13 bytes)
Event: 0,899 Thread 0x00007f93540c1800 nmethod 881 0x00007f93453686d0 code [0x00007f9345368820, 0x00007f9345368990]
Event: 0,899 Thread 0x00007f93540c1800  879       3       java.util.concurrent.locks.ReentrantLock$NonfairSync::tryAcquire (6 bytes)
Event: 0,899 Thread 0x00007f93540c1800 nmethod 879 0x00007f93453682d0 code [0x00007f9345368440, 0x00007f9345368648]
Event: 0,899 Thread 0x00007f93540c1800  880       3       java.util.concurrent.locks.ReentrantLock$Sync::nonfairTryAcquire (67 bytes)
Event: 0,899 Thread 0x00007f93540c1800 nmethod 880 0x00007f9345367850 code [0x00007f9345367a00, 0x00007f9345368128]
Event: 0,901 Thread 0x00007f93540bd000 nmethod 845 0x00007f9345380890 code [0x00007f9345380b60, 0x00007f9345381cc0]

GC Heap History (2 events):
Event: 0,850 GC heap before
{Heap before GC invocations=1 (full 0):
 PSYoungGen      total 48640K, used 41984K [0x000000078a200000, 0x000000078d800000, 0x00000007c0000000)
  eden space 41984K, 100% used [0x000000078a200000,0x000000078cb00000,0x000000078cb00000)
  from space 6656K, 0% used [0x000000078d180000,0x000000078d180000,0x000000078d800000)
  to   space 6656K, 0% used [0x000000078cb00000,0x000000078cb00000,0x000000078d180000)
 ParOldGen       total 110592K, used 0K [0x000000071e600000, 0x0000000725200000, 0x000000078a200000)
  object space 110592K, 0% used [0x000000071e600000,0x000000071e600000,0x0000000725200000)
 Metaspace       used 11390K, capacity 11652K, committed 11776K, reserved 1060864K
  class space    used 1137K, capacity 1232K, committed 1280K, reserved 1048576K
Event: 0,862 GC heap after
Heap after GC invocations=1 (full 0):
 PSYoungGen      total 48640K, used 5099K [0x000000078a200000, 0x0000000790100000, 0x00000007c0000000)
  eden space 41984K, 0% used [0x000000078a200000,0x000000078a200000,0x000000078cb00000)
  from space 6656K, 76% used [0x000000078cb00000,0x000000078cffadc0,0x000000078d180000)
  to   space 6656K, 0% used [0x000000078fa80000,0x000000078fa80000,0x0000000790100000)
 ParOldGen       total 110592K, used 8200K [0x000000071e600000, 0x0000000725200000, 0x000000078a200000)
  object space 110592K, 7% used [0x000000071e600000,0x000000071ee02010,0x0000000725200000)
 Metaspace       used 11390K, capacity 11652K, committed 11776K, reserved 1060864K
  class space    used 1137K, capacity 1232K, committed 1280K, reserved 1048576K
}

Deoptimization events (5 events):
Event: 0,440 Thread 0x00007f935400b800 Uncommon trap: reason=unstable_if action=reinterpret pc=0x00007f934515fd68 method=java.lang.CharacterDataLatin1.digit(II)I @ 82
Event: 0,452 Thread 0x00007f935400b800 Uncommon trap: reason=unstable_if action=reinterpret pc=0x00007f934520671c method=java.lang.String.replace(CC)Ljava/lang/String; @ 26
Event: 0,627 Thread 0x00007f935400b800 Uncommon trap: reason=unstable_if action=reinterpret pc=0x00007f93452c3b40 method=java.util.regex.Pattern$CharProperty.match(Ljava/util/regex/Matcher;ILjava/lang/CharSequence;)Z @ 40
Event: 0,817 Thread 0x00007f935400b800 Uncommon trap: reason=unstable_if action=reinterpret pc=0x00007f93452ddfbc method=java.util.HashMap.getNode(ILjava/lang/Object;)Ljava/util/HashMap$Node; @ 116
Event: 0,817 Thread 0x00007f935400b800 Uncommon trap: reason=unstable_if action=reinterpret pc=0x00007f93452d7d80 method=java.util.HashMap.getNode(ILjava/lang/Object;)Ljava/util/HashMap$Node; @ 116

Classes redefined (0 events):
No events

Internal exceptions (10 events):
Event: 0,105 Thread 0x00007f935400b800 Exception <a 'java/security/PrivilegedActionException'> (0x000000078a2884d0) thrown at [./src/hotspot/src/share/vm/prims/jvm.cpp, line 1521]
Event: 0,350 Thread 0x00007f935400b800 Exception <a 'java/security/PrivilegedActionException'> (0x000000078a80d2b0) thrown at [./src/hotspot/src/share/vm/prims/jvm.cpp, line 1521]
Event: 0,350 Thread 0x00007f935400b800 Exception <a 'java/security/PrivilegedActionException'> (0x000000078a80d4c0) thrown at [./src/hotspot/src/share/vm/prims/jvm.cpp, line 1521]
Event: 0,350 Thread 0x00007f935400b800 Exception <a 'java/security/PrivilegedActionException'> (0x000000078a80fbe0) thrown at [./src/hotspot/src/share/vm/prims/jvm.cpp, line 1521]
Event: 0,351 Thread 0x00007f935400b800 Exception <a 'java/security/PrivilegedActionException'> (0x000000078a80fdf0) thrown at [./src/hotspot/src/share/vm/prims/jvm.cpp, line 1521]
Event: 0,365 Thread 0x00007f935400b800 Exception <a 'java/lang/NoClassDefFoundError': org/slf4j/impl/StaticLoggerBinder> (0x000000078a8a5b18) thrown at [./src/hotspot/src/share/vm/classfile/systemDictionary.cpp, line 206]
Event: 0,411 Thread 0x00007f935400b800 Exception <a 'java/lang/NoSuchFieldError': method resolution failed> (0x000000078a9b11e8) thrown at [./src/hotspot/src/share/vm/prims/methodHandles.cpp, line 1176]
Event: 0,413 Thread 0x00007f935400b800 Exception <a 'java/lang/NoSuchFieldError': method resolution failed> (0x000000078a9be588) thrown at [./src/hotspot/src/share/vm/prims/methodHandles.cpp, line 1176]
Event: 0,757 Thread 0x00007f935400b800 Exception <a 'java/io/FileNotFoundException'> (0x000000078c833b68) thrown at [./src/hotspot/src/share/vm/prims/jni.cpp, line 711]
Event: 0,779 Thread 0x00007f935400b800 Exception <a 'java/lang/ClassNotFoundException': sun/dc/DuctusRenderingEngine> (0x000000078c84de98) thrown at [./src/hotspot/src/share/vm/classfile/systemDictionary.cpp, line 217]

Events (10 events):
Event: 0,902 loading class java/awt/event/ContainerEvent done
Event: 0,902 loading class sun/awt/dnd/SunDropTargetEvent done
Event: 0,902 loading class java/awt/event/InputMethodEvent
Event: 0,902 loading class java/awt/event/InputMethodEvent done
Event: 0,902 loading class java/awt/event/ActionEvent
Event: 0,902 loading class java/awt/event/ActionEvent done
Event: 0,902 loading class java/awt/event/FocusEvent
Event: 0,902 loading class java/awt/event/FocusEvent done
Event: 0,902 loading class sun/awt/HeadlessToolkit
Event: 0,902 loading class sun/awt/HeadlessToolkit done


Dynamic libraries:
71e600000-725200000 rw-p 00000000 00:00 0 
725200000-78a200000 ---p 00000000 00:00 0 
78a200000-790100000 rw-p 00000000 00:00 0 
790100000-7c0000000 ---p 00000000 00:00 0 
7c0000000-7c0160000 rw-p 00000000 00:00 0 
7c0160000-800000000 ---p 00000000 00:00 0 
55a6a87b7000-55a6a87b8000 r--p 00000000 08:03 797196                     /usr/lib/jvm/java-8-openjdk-amd64/jre/bin/java
55a6a87b8000-55a6a87b9000 r-xp 00001000 08:03 797196                     /usr/lib/jvm/java-8-openjdk-amd64/jre/bin/java
55a6a87b9000-55a6a87ba000 r--p 00002000 08:03 797196                     /usr/lib/jvm/java-8-openjdk-amd64/jre/bin/java
55a6a87ba000-55a6a87bb000 r--p 00002000 08:03 797196                     /usr/lib/jvm/java-8-openjdk-amd64/jre/bin/java
55a6a87bb000-55a6a87bc000 rw-p 00003000 08:03 797196                     /usr/lib/jvm/java-8-openjdk-amd64/jre/bin/java
55a6a93d5000-55a6a93f6000 rw-p 00000000 00:00 0                          [heap]
7f92e8000000-7f92e8021000 rw-p 00000000 00:00 0 
7f92e8021000-7f92ec000000 ---p 00000000 00:00 0 
7f92f0000000-7f92f0021000 rw-p 00000000 00:00 0 
7f92f0021000-7f92f4000000 ---p 00000000 00:00 0 
7f92f4000000-7f92f4021000 rw-p 00000000 00:00 0 
7f92f4021000-7f92f8000000 ---p 00000000 00:00 0 
7f92f8000000-7f92f8021000 rw-p 00000000 00:00 0 
7f92f8021000-7f92fc000000 ---p 00000000 00:00 0 
7f92fc000000-7f92fc021000 rw-p 00000000 00:00 0 
7f92fc021000-7f9300000000 ---p 00000000 00:00 0 
7f9300000000-7f9300021000 rw-p 00000000 00:00 0 
7f9300021000-7f9304000000 ---p 00000000 00:00 0 
7f9304000000-7f9304021000 rw-p 00000000 00:00 0 
7f9304021000-7f9308000000 ---p 00000000 00:00 0 
7f9308000000-7f9308421000 rw-p 00000000 00:00 0 
7f9308421000-7f930c000000 ---p 00000000 00:00 0 
7f930c000000-7f930c021000 rw-p 00000000 00:00 0 
7f930c021000-7f9310000000 ---p 00000000 00:00 0 
7f9310000000-7f931045d000 rw-p 00000000 00:00 0 
7f931045d000-7f9314000000 ---p 00000000 00:00 0 
7f9314000000-7f93145f4000 rw-p 00000000 00:00 0 
7f93145f4000-7f9318000000 ---p 00000000 00:00 0 
7f9318000000-7f9318021000 rw-p 00000000 00:00 0 
7f9318021000-7f931c000000 ---p 00000000 00:00 0 
7f931c000000-7f931c021000 rw-p 00000000 00:00 0 
7f931c021000-7f9320000000 ---p 00000000 00:00 0 
7f9320000000-7f9320021000 rw-p 00000000 00:00 0 
7f9320021000-7f9324000000 ---p 00000000 00:00 0 
7f9324000000-7f9324021000 rw-p 00000000 00:00 0 
7f9324021000-7f9328000000 ---p 00000000 00:00 0 
7f9328000000-7f9328021000 rw-p 00000000 00:00 0 
7f9328021000-7f932c000000 ---p 00000000 00:00 0 
7f932c000000-7f932c021000 rw-p 00000000 00:00 0 
7f932c021000-7f9330000000 ---p 00000000 00:00 0 
7f9330000000-7f9330021000 rw-p 00000000 00:00 0 
7f9330021000-7f9334000000 ---p 00000000 00:00 0 
7f9337f30000-7f933d000000 rw-p 00000000 00:00 0 
7f933e1de000-7f933e1e1000 ---p 00000000 00:00 0 
7f933e1e1000-7f933e2de000 rw-p 00000000 00:00 0 
7f933e2de000-7f933e2e1000 ---p 00000000 00:00 0 
7f933e2e1000-7f933e3de000 rw-p 00000000 00:00 0 
7f933e3de000-7f933e3e3000 r--p 00000000 08:03 791456                     /usr/lib/x86_64-linux-gnu/libgpg-error.so.0.29.0
7f933e3e3000-7f933e3f9000 r-xp 00005000 08:03 791456                     /usr/lib/x86_64-linux-gnu/libgpg-error.so.0.29.0
7f933e3f9000-7f933e403000 r--p 0001b000 08:03 791456                     /usr/lib/x86_64-linux-gnu/libgpg-error.so.0.29.0
7f933e403000-7f933e404000 ---p 00025000 08:03 791456                     /usr/lib/x86_64-linux-gnu/libgpg-error.so.0.29.0
7f933e404000-7f933e405000 r--p 00025000 08:03 791456                     /usr/lib/x86_64-linux-gnu/libgpg-error.so.0.29.0
7f933e405000-7f933e406000 rw-p 00026000 08:03 791456                     /usr/lib/x86_64-linux-gnu/libgpg-error.so.0.29.0
7f933e406000-7f933e412000 r--p 00000000 08:03 791380                     /usr/lib/x86_64-linux-gnu/libgcrypt.so.20.2.8
7f933e412000-7f933e4e8000 r-xp 0000c000 08:03 791380                     /usr/lib/x86_64-linux-gnu/libgcrypt.so.20.2.8
7f933e4e8000-7f933e521000 r--p 000e2000 08:03 791380                     /usr/lib/x86_64-linux-gnu/libgcrypt.so.20.2.8
7f933e521000-7f933e523000 r--p 0011a000 08:03 791380                     /usr/lib/x86_64-linux-gnu/libgcrypt.so.20.2.8
7f933e523000-7f933e528000 rw-p 0011c000 08:03 791380                     /usr/lib/x86_64-linux-gnu/libgcrypt.so.20.2.8
7f933e528000-7f933e529000 rw-p 00000000 00:00 0 
7f933e529000-7f933e52c000 r--p 00000000 08:03 791090                     /usr/lib/x86_64-linux-gnu/libcap.so.2.44
7f933e52c000-7f933e530000 r-xp 00003000 08:03 791090                     /usr/lib/x86_64-linux-gnu/libcap.so.2.44
7f933e530000-7f933e532000 r--p 00007000 08:03 791090                     /usr/lib/x86_64-linux-gnu/libcap.so.2.44
7f933e532000-7f933e533000 r--p 00008000 08:03 791090                     /usr/lib/x86_64-linux-gnu/libcap.so.2.44
7f933e533000-7f933e534000 rw-p 00009000 08:03 791090                     /usr/lib/x86_64-linux-gnu/libcap.so.2.44
7f933e534000-7f933e536000 r--p 00000000 08:03 791708                     /usr/lib/x86_64-linux-gnu/liblz4.so.1.9.3
7f933e536000-7f933e54f000 r-xp 00002000 08:03 791708                     /usr/lib/x86_64-linux-gnu/liblz4.so.1.9.3
7f933e54f000-7f933e551000 r--p 0001b000 08:03 791708                     /usr/lib/x86_64-linux-gnu/liblz4.so.1.9.3
7f933e551000-7f933e552000 ---p 0001d000 08:03 791708                     /usr/lib/x86_64-linux-gnu/liblz4.so.1.9.3
7f933e552000-7f933e553000 r--p 0001d000 08:03 791708                     /usr/lib/x86_64-linux-gnu/liblz4.so.1.9.3
7f933e553000-7f933e554000 rw-p 0001e000 08:03 791708                     /usr/lib/x86_64-linux-gnu/liblz4.so.1.9.3
7f933e554000-7f933e55e000 r--p 00000000 08:03 792419                     /usr/lib/x86_64-linux-gnu/libzstd.so.1.4.8
7f933e55e000-7f933e60e000 r-xp 0000a000 08:03 792419                     /usr/lib/x86_64-linux-gnu/libzstd.so.1.4.8
7f933e60e000-7f933e61f000 r--p 000ba000 08:03 792419                     /usr/lib/x86_64-linux-gnu/libzstd.so.1.4.8
7f933e61f000-7f933e620000 r--p 000ca000 08:03 792419                     /usr/lib/x86_64-linux-gnu/libzstd.so.1.4.8
7f933e620000-7f933e621000 rw-p 000cb000 08:03 792419                     /usr/lib/x86_64-linux-gnu/libzstd.so.1.4.8
7f933e621000-7f933e624000 r--p 00000000 08:03 791710                     /usr/lib/x86_64-linux-gnu/liblzma.so.5.2.5
7f933e624000-7f933e63f000 r-xp 00003000 08:03 791710                     /usr/lib/x86_64-linux-gnu/liblzma.so.5.2.5
7f933e63f000-7f933e64a000 r--p 0001e000 08:03 791710                     /usr/lib/x86_64-linux-gnu/liblzma.so.5.2.5
7f933e64a000-7f933e64b000 r--p 00028000 08:03 791710                     /usr/lib/x86_64-linux-gnu/liblzma.so.5.2.5
7f933e64b000-7f933e64c000 rw-p 00029000 08:03 791710                     /usr/lib/x86_64-linux-gnu/liblzma.so.5.2.5
7f933e64c000-7f933e64d000 r--p 00000000 08:03 787110                     /usr/lib/x86_64-linux-gnu/libpthread.so.0
7f933e64d000-7f933e64e000 r-xp 00001000 08:03 787110                     /usr/lib/x86_64-linux-gnu/libpthread.so.0
7f933e64e000-7f933e64f000 r--p 00002000 08:03 787110                     /usr/lib/x86_64-linux-gnu/libpthread.so.0
7f933e64f000-7f933e650000 r--p 00002000 08:03 787110                     /usr/lib/x86_64-linux-gnu/libpthread.so.0
7f933e650000-7f933e651000 rw-p 00003000 08:03 787110                     /usr/lib/x86_64-linux-gnu/libpthread.so.0
7f933e651000-7f933e662000 r--p 00000000 08:03 785067                     /usr/lib/x86_64-linux-gnu/libsystemd.so.0.31.0
7f933e662000-7f933e6de000 r-xp 00011000 08:03 785067                     /usr/lib/x86_64-linux-gnu/libsystemd.so.0.31.0
7f933e6de000-7f933e704000 r--p 0008d000 08:03 785067                     /usr/lib/x86_64-linux-gnu/libsystemd.so.0.31.0
7f933e704000-7f933e707000 r--p 000b2000 08:03 785067                     /usr/lib/x86_64-linux-gnu/libsystemd.so.0.31.0
7f933e707000-7f933e708000 rw-p 000b5000 08:03 785067                     /usr/lib/x86_64-linux-gnu/libsystemd.so.0.31.0
7f933e708000-7f933e709000 rw-p 00000000 00:00 0 
7f933e709000-7f933e70b000 r--p 00000000 08:03 791916                     /usr/lib/x86_64-linux-gnu/libpcre.so.3.13.3
7f933e70b000-7f933e75f000 r-xp 00002000 08:03 791916                     /usr/lib/x86_64-linux-gnu/libpcre.so.3.13.3
7f933e75f000-7f933e77d000 r--p 00056000 08:03 791916                     /usr/lib/x86_64-linux-gnu/libpcre.so.3.13.3
7f933e77d000-7f933e77e000 r--p 00073000 08:03 791916                     /usr/lib/x86_64-linux-gnu/libpcre.so.3.13.3
7f933e77e000-7f933e77f000 rw-p 00074000 08:03 791916                     /usr/lib/x86_64-linux-gnu/libpcre.so.3.13.3
7f933e77f000-7f933e781000 r--p 00000000 08:03 791306                     /usr/lib/x86_64-linux-gnu/libffi.so.8.1.0
7f933e781000-7f933e787000 r-xp 00002000 08:03 791306                     /usr/lib/x86_64-linux-gnu/libffi.so.8.1.0
7f933e787000-7f933e788000 r--p 00008000 08:03 791306                     /usr/lib/x86_64-linux-gnu/libffi.so.8.1.0
7f933e788000-7f933e789000 ---p 00009000 08:03 791306                     /usr/lib/x86_64-linux-gnu/libffi.so.8.1.0
7f933e789000-7f933e78a000 r--p 00009000 08:03 791306                     /usr/lib/x86_64-linux-gnu/libffi.so.8.1.0
7f933e78a000-7f933e78b000 rw-p 0000a000 08:03 791306                     /usr/lib/x86_64-linux-gnu/libffi.so.8.1.0
7f933e78b000-7f933e79a000 r--p 00000000 08:03 790989                     /usr/lib/x86_64-linux-gnu/libatspi.so.0.0.1
7f933e79a000-7f933e7b3000 r-xp 0000f000 08:03 790989                     /usr/lib/x86_64-linux-gnu/libatspi.so.0.0.1
7f933e7b3000-7f933e7c1000 r--p 00028000 08:03 790989                     /usr/lib/x86_64-linux-gnu/libatspi.so.0.0.1
7f933e7c1000-7f933e7c4000 r--p 00035000 08:03 790989                     /usr/lib/x86_64-linux-gnu/libatspi.so.0.0.1
7f933e7c4000-7f933e7c5000 rw-p 00038000 08:03 790989                     /usr/lib/x86_64-linux-gnu/libatspi.so.0.0.1
7f933e7c5000-7f933e7d0000 r--p 00000000 08:03 791173                     /usr/lib/x86_64-linux-gnu/libdbus-1.so.3.19.13
7f933e7d0000-7f933e7fe000 r-xp 0000b000 08:03 791173                     /usr/lib/x86_64-linux-gnu/libdbus-1.so.3.19.13
7f933e7fe000-7f933e810000 r--p 00039000 08:03 791173                     /usr/lib/x86_64-linux-gnu/libdbus-1.so.3.19.13
7f933e810000-7f933e811000 ---p 0004b000 08:03 791173                     /usr/lib/x86_64-linux-gnu/libdbus-1.so.3.19.13
7f933e811000-7f933e812000 r--p 0004b000 08:03 791173                     /usr/lib/x86_64-linux-gnu/libdbus-1.so.3.19.13
7f933e812000-7f933e813000 rw-p 0004c000 08:03 791173                     /usr/lib/x86_64-linux-gnu/libdbus-1.so.3.19.13
7f933e813000-7f933e830000 r--p 00000000 08:03 791420                     /usr/lib/x86_64-linux-gnu/libglib-2.0.so.0.6800.4
7f933e830000-7f933e8bd000 r-xp 0001d000 08:03 791420                     /usr/lib/x86_64-linux-gnu/libglib-2.0.so.0.6800.4
7f933e8bd000-7f933e945000 r--p 000aa000 08:03 791420                     /usr/lib/x86_64-linux-gnu/libglib-2.0.so.0.6800.4
7f933e945000-7f933e946000 ---p 00132000 08:03 791420                     /usr/lib/x86_64-linux-gnu/libglib-2.0.so.0.6800.4
7f933e946000-7f933e947000 r--p 00132000 08:03 791420                     /usr/lib/x86_64-linux-gnu/libglib-2.0.so.0.6800.4
7f933e947000-7f933e948000 rw-p 00133000 08:03 791420                     /usr/lib/x86_64-linux-gnu/libglib-2.0.so.0.6800.4
7f933e948000-7f933e949000 rw-p 00000000 00:00 0 
7f933e949000-7f933e957000 r--p 00000000 08:03 791450                     /usr/lib/x86_64-linux-gnu/libgobject-2.0.so.0.6800.4
7f933e957000-7f933e987000 r-xp 0000e000 08:03 791450                     /usr/lib/x86_64-linux-gnu/libgobject-2.0.so.0.6800.4
7f933e987000-7f933e9a0000 r--p 0003e000 08:03 791450                     /usr/lib/x86_64-linux-gnu/libgobject-2.0.so.0.6800.4
7f933e9a0000-7f933e9a3000 r--p 00056000 08:03 791450                     /usr/lib/x86_64-linux-gnu/libgobject-2.0.so.0.6800.4
7f933e9a3000-7f933e9a4000 rw-p 00059000 08:03 791450                     /usr/lib/x86_64-linux-gnu/libgobject-2.0.so.0.6800.4
7f933e9a4000-7f933e9b0000 r--p 00000000 08:03 790981                     /usr/lib/x86_64-linux-gnu/libatk-bridge-2.0.so.0.0.0
7f933e9b0000-7f933e9c9000 r-xp 0000c000 08:03 790981                     /usr/lib/x86_64-linux-gnu/libatk-bridge-2.0.so.0.0.0
7f933e9c9000-7f933e9d8000 r--p 00025000 08:03 790981                     /usr/lib/x86_64-linux-gnu/libatk-bridge-2.0.so.0.0.0
7f933e9d8000-7f933e9d9000 ---p 00034000 08:03 790981                     /usr/lib/x86_64-linux-gnu/libatk-bridge-2.0.so.0.0.0
7f933e9d9000-7f933e9da000 r--p 00034000 08:03 790981                     /usr/lib/x86_64-linux-gnu/libatk-bridge-2.0.so.0.0.0
7f933e9da000-7f933e9dc000 rw-p 00035000 08:03 790981                     /usr/lib/x86_64-linux-gnu/libatk-bridge-2.0.so.0.0.0
7f933e9dc000-7f933e9e7000 r--p 00000000 08:03 790979                     /usr/lib/x86_64-linux-gnu/libatk-1.0.so.0.23609.1
7f933e9e7000-7f933e9f6000 r-xp 0000b000 08:03 790979                     /usr/lib/x86_64-linux-gnu/libatk-1.0.so.0.23609.1
7f933e9f6000-7f933ea02000 r--p 0001a000 08:03 790979                     /usr/lib/x86_64-linux-gnu/libatk-1.0.so.0.23609.1
7f933ea02000-7f933ea05000 r--p 00025000 08:03 790979                     /usr/lib/x86_64-linux-gnu/libatk-1.0.so.0.23609.1
7f933ea05000-7f933ea06000 rw-p 00028000 08:03 790979                     /usr/lib/x86_64-linux-gnu/libatk-1.0.so.0.23609.1
7f933ea06000-7f933ea0a000 r--p 00000000 08:03 796125                     /usr/lib/x86_64-linux-gnu/jni/libatk-wrapper.so
7f933ea0a000-7f933ea23000 r-xp 00004000 08:03 796125                     /usr/lib/x86_64-linux-gnu/jni/libatk-wrapper.so
7f933ea23000-7f933ea2d000 r--p 0001d000 08:03 796125                     /usr/lib/x86_64-linux-gnu/jni/libatk-wrapper.so
7f933ea2d000-7f933ea2e000 ---p 00027000 08:03 796125                     /usr/lib/x86_64-linux-gnu/jni/libatk-wrapper.so
7f933ea2e000-7f933ea2f000 r--p 00027000 08:03 796125                     /usr/lib/x86_64-linux-gnu/jni/libatk-wrapper.so
7f933ea2f000-7f933ea30000 rw-p 00028000 08:03 796125                     /usr/lib/x86_64-linux-gnu/jni/libatk-wrapper.so
7f933ea30000-7f933ea33000 ---p 00000000 00:00 0 
7f933ea33000-7f933ebe9000 rw-p 00000000 00:00 0 
7f933ebe9000-7f933ec69000 ---p 00000000 00:00 0 
7f933ec69000-7f933ec6c000 ---p 00000000 00:00 0 
7f933ec6c000-7f933ed69000 rw-p 00000000 00:00 0 
7f933ed69000-7f933ed6b000 r--p 00000000 08:03 790901                     /usr/lib/x86_64-linux-gnu/libXcursor.so.1.0.2
7f933ed6b000-7f933ed71000 r-xp 00002000 08:03 790901                     /usr/lib/x86_64-linux-gnu/libXcursor.so.1.0.2
7f933ed71000-7f933ed73000 r--p 00008000 08:03 790901                     /usr/lib/x86_64-linux-gnu/libXcursor.so.1.0.2
7f933ed73000-7f933ed74000 r--p 00009000 08:03 790901                     /usr/lib/x86_64-linux-gnu/libXcursor.so.1.0.2
7f933ed74000-7f933ed75000 rw-p 0000a000 08:03 790901                     /usr/lib/x86_64-linux-gnu/libXcursor.so.1.0.2
7f933ed75000-7f933ed78000 ---p 00000000 00:00 0 
7f933ed78000-7f933ee75000 rw-p 00000000 00:00 0 
7f933ee75000-7f933ee76000 r--p 00000000 08:03 791057                     /usr/lib/x86_64-linux-gnu/libbrotlicommon.so.1.0.9
7f933ee76000-7f933ee77000 r-xp 00001000 08:03 791057                     /usr/lib/x86_64-linux-gnu/libbrotlicommon.so.1.0.9
7f933ee77000-7f933ee96000 r--p 00002000 08:03 791057                     /usr/lib/x86_64-linux-gnu/libbrotlicommon.so.1.0.9
7f933ee96000-7f933ee97000 r--p 00020000 08:03 791057                     /usr/lib/x86_64-linux-gnu/libbrotlicommon.so.1.0.9
7f933ee97000-7f933ee98000 rw-p 00021000 08:03 791057                     /usr/lib/x86_64-linux-gnu/libbrotlicommon.so.1.0.9
7f933ee98000-7f933ee99000 r--p 00000000 08:03 791059                     /usr/lib/x86_64-linux-gnu/libbrotlidec.so.1.0.9
7f933ee99000-7f933eea1000 r-xp 00001000 08:03 791059                     /usr/lib/x86_64-linux-gnu/libbrotlidec.so.1.0.9
7f933eea1000-7f933eea4000 r--p 00009000 08:03 791059                     /usr/lib/x86_64-linux-gnu/libbrotlidec.so.1.0.9
7f933eea4000-7f933eea5000 r--p 0000b000 08:03 791059                     /usr/lib/x86_64-linux-gnu/libbrotlidec.so.1.0.9
7f933eea5000-7f933eea6000 rw-p 0000c000 08:03 791059                     /usr/lib/x86_64-linux-gnu/libbrotlidec.so.1.0.9
7f933eea6000-7f933eeab000 r--p 00000000 08:03 791958                     /usr/lib/x86_64-linux-gnu/libpng16.so.16.37.0
7f933eeab000-7f933eed4000 r-xp 00005000 08:03 791958                     /usr/lib/x86_64-linux-gnu/libpng16.so.16.37.0
7f933eed4000-7f933eedf000 r--p 0002e000 08:03 791958                     /usr/lib/x86_64-linux-gnu/libpng16.so.16.37.0
7f933eedf000-7f933eee0000 r--p 00038000 08:03 791958                     /usr/lib/x86_64-linux-gnu/libpng16.so.16.37.0
7f933eee0000-7f933eee1000 rw-p 00039000 08:03 791958                     /usr/lib/x86_64-linux-gnu/libpng16.so.16.37.0
7f933eee1000-7f933eeed000 r--p 00000000 08:03 791340                     /usr/lib/x86_64-linux-gnu/libfreetype.so.6.17.4
7f933eeed000-7f933ef71000 r-xp 0000c000 08:03 791340                     /usr/lib/x86_64-linux-gnu/libfreetype.so.6.17.4
7f933ef71000-7f933ef9b000 r--p 00090000 08:03 791340                     /usr/lib/x86_64-linux-gnu/libfreetype.so.6.17.4
7f933ef9b000-7f933ef9c000 ---p 000ba000 08:03 791340                     /usr/lib/x86_64-linux-gnu/libfreetype.so.6.17.4
7f933ef9c000-7f933efa3000 r--p 000ba000 08:03 791340                     /usr/lib/x86_64-linux-gnu/libfreetype.so.6.17.4
7f933efa3000-7f933efa4000 rw-p 000c1000 08:03 791340                     /usr/lib/x86_64-linux-gnu/libfreetype.so.6.17.4
7f933efa4000-7f933efa8000 r--p 00000000 08:03 797232                     /usr/lib/jvm/java-8-openjdk-amd64/jre/lib/amd64/libmanagement.so
7f933efa8000-7f933efac000 r-xp 00004000 08:03 797232                     /usr/lib/jvm/java-8-openjdk-amd64/jre/lib/amd64/libmanagement.so
7f933efac000-7f933efae000 r--p 00008000 08:03 797232                     /usr/lib/jvm/java-8-openjdk-amd64/jre/lib/amd64/libmanagement.so
7f933efae000-7f933efaf000 r--p 00009000 08:03 797232                     /usr/lib/jvm/java-8-openjdk-amd64/jre/lib/amd64/libmanagement.so
7f933efaf000-7f933efb0000 rw-p 0000a000 08:03 797232                     /usr/lib/jvm/java-8-openjdk-amd64/jre/lib/amd64/libmanagement.so
7f933efb0000-7f933efb3000 r--p 00000000 08:03 1975358                    /usr/share/locale-langpack/it/LC_MESSAGES/atk10.mo
7f933efb3000-7f933efba000 r--p 00000000 08:03 797216                     /usr/lib/jvm/java-8-openjdk-amd64/jre/lib/amd64/libfontmanager.so
7f933efba000-7f933efea000 r-xp 00007000 08:03 797216                     /usr/lib/jvm/java-8-openjdk-amd64/jre/lib/amd64/libfontmanager.so
7f933efea000-7f933f006000 r--p 00037000 08:03 797216                     /usr/lib/jvm/java-8-openjdk-amd64/jre/lib/amd64/libfontmanager.so
7f933f006000-7f933f007000 ---p 00053000 08:03 797216                     /usr/lib/jvm/java-8-openjdk-amd64/jre/lib/amd64/libfontmanager.so
7f933f007000-7f933f009000 r--p 00053000 08:03 797216                     /usr/lib/jvm/java-8-openjdk-amd64/jre/lib/amd64/libfontmanager.so
7f933f009000-7f933f00a000 rw-p 00055000 08:03 797216                     /usr/lib/jvm/java-8-openjdk-amd64/jre/lib/amd64/libfontmanager.so
7f933f00a000-7f933f01c000 r--s 0034c000 08:03 797288                     /usr/lib/jvm/java-8-openjdk-amd64/jre/lib/resources.jar
7f933f01c000-7f933f03b000 r--p 00000000 08:03 1975554                    /usr/share/locale-langpack/it/LC_MESSAGES/libc.mo
7f933f03b000-7f933f03d000 r--p 00000000 08:03 791724                     /usr/lib/x86_64-linux-gnu/libmd.so.0.0.4
7f933f03d000-7f933f044000 r-xp 00002000 08:03 791724                     /usr/lib/x86_64-linux-gnu/libmd.so.0.0.4
7f933f044000-7f933f046000 r--p 00009000 08:03 791724                     /usr/lib/x86_64-linux-gnu/libmd.so.0.0.4
7f933f046000-7f933f047000 r--p 0000a000 08:03 791724                     /usr/lib/x86_64-linux-gnu/libmd.so.0.0.4
7f933f047000-7f933f048000 rw-p 0000b000 08:03 791724                     /usr/lib/x86_64-linux-gnu/libmd.so.0.0.4
7f933f048000-7f933f04c000 r--p 00000000 08:03 791063                     /usr/lib/x86_64-linux-gnu/libbsd.so.0.11.3
7f933f04c000-7f933f059000 r-xp 00004000 08:03 791063                     /usr/lib/x86_64-linux-gnu/libbsd.so.0.11.3
7f933f059000-7f933f05c000 r--p 00011000 08:03 791063                     /usr/lib/x86_64-linux-gnu/libbsd.so.0.11.3
7f933f05c000-7f933f05d000 ---p 00014000 08:03 791063                     /usr/lib/x86_64-linux-gnu/libbsd.so.0.11.3
7f933f05d000-7f933f05e000 r--p 00014000 08:03 791063                     /usr/lib/x86_64-linux-gnu/libbsd.so.0.11.3
7f933f05e000-7f933f05f000 rw-p 00015000 08:03 791063                     /usr/lib/x86_64-linux-gnu/libbsd.so.0.11.3
7f933f05f000-7f933f060000 rw-p 00000000 00:00 0 
7f933f060000-7f933f062000 r--p 00000000 08:03 790905                     /usr/lib/x86_64-linux-gnu/libXdmcp.so.6.0.0
7f933f062000-7f933f064000 r-xp 00002000 08:03 790905                     /usr/lib/x86_64-linux-gnu/libXdmcp.so.6.0.0
7f933f064000-7f933f066000 r--p 00004000 08:03 790905                     /usr/lib/x86_64-linux-gnu/libXdmcp.so.6.0.0
7f933f066000-7f933f067000 r--p 00005000 08:03 790905                     /usr/lib/x86_64-linux-gnu/libXdmcp.so.6.0.0
7f933f067000-7f933f068000 rw-p 00006000 08:03 790905                     /usr/lib/x86_64-linux-gnu/libXdmcp.so.6.0.0
7f933f068000-7f933f069000 r--p 00000000 08:03 790894                     /usr/lib/x86_64-linux-gnu/libXau.so.6.0.0
7f933f069000-7f933f06b000 r-xp 00001000 08:03 790894                     /usr/lib/x86_64-linux-gnu/libXau.so.6.0.0
7f933f06b000-7f933f06c000 r--p 00003000 08:03 790894                     /usr/lib/x86_64-linux-gnu/libXau.so.6.0.0
7f933f06c000-7f933f06d000 r--p 00003000 08:03 790894                     /usr/lib/x86_64-linux-gnu/libXau.so.6.0.0
7f933f06d000-7f933f06e000 rw-p 00004000 08:03 790894                     /usr/lib/x86_64-linux-gnu/libXau.so.6.0.0
7f933f06e000-7f933f06f000 r--p 00000000 08:03 787087                     /usr/lib/x86_64-linux-gnu/libdl.so.2
7f933f06f000-7f933f070000 r-xp 00001000 08:03 787087                     /usr/lib/x86_64-linux-gnu/libdl.so.2
7f933f070000-7f933f071000 r--p 00002000 08:03 787087                     /usr/lib/x86_64-linux-gnu/libdl.so.2
7f933f071000-7f933f072000 r--p 00002000 08:03 787087                     /usr/lib/x86_64-linux-gnu/libdl.so.2
7f933f072000-7f933f073000 rw-p 00003000 08:03 787087                     /usr/lib/x86_64-linux-gnu/libdl.so.2
7f933f073000-7f933f07e000 r--p 00000000 08:03 792377                     /usr/lib/x86_64-linux-gnu/libxcb.so.1.1.0
7f933f07e000-7f933f092000 r-xp 0000b000 08:03 792377                     /usr/lib/x86_64-linux-gnu/libxcb.so.1.1.0
7f933f092000-7f933f09b000 r--p 0001f000 08:03 792377                     /usr/lib/x86_64-linux-gnu/libxcb.so.1.1.0
7f933f09b000-7f933f09c000 r--p 00027000 08:03 792377                     /usr/lib/x86_64-linux-gnu/libxcb.so.1.1.0
7f933f09c000-7f933f09d000 rw-p 00028000 08:03 792377                     /usr/lib/x86_64-linux-gnu/libxcb.so.1.1.0
7f933f09d000-7f933f09f000 r--p 00000000 08:03 790915                     /usr/lib/x86_64-linux-gnu/libXi.so.6.1.0
7f933f09f000-7f933f0aa000 r-xp 00002000 08:03 790915                     /usr/lib/x86_64-linux-gnu/libXi.so.6.1.0
7f933f0aa000-7f933f0ad000 r--p 0000d000 08:03 790915                     /usr/lib/x86_64-linux-gnu/libXi.so.6.1.0
7f933f0ad000-7f933f0ae000 r--p 0000f000 08:03 790915                     /usr/lib/x86_64-linux-gnu/libXi.so.6.1.0
7f933f0ae000-7f933f0af000 rw-p 00010000 08:03 790915                     /usr/lib/x86_64-linux-gnu/libXi.so.6.1.0
7f933f0af000-7f933f0b1000 r--p 00000000 08:03 790933                     /usr/lib/x86_64-linux-gnu/libXtst.so.6.1.0
7f933f0b1000-7f933f0b4000 r-xp 00002000 08:03 790933                     /usr/lib/x86_64-linux-gnu/libXtst.so.6.1.0
7f933f0b4000-7f933f0b5000 r--p 00005000 08:03 790933                     /usr/lib/x86_64-linux-gnu/libXtst.so.6.1.0
7f933f0b5000-7f933f0b6000 r--p 00005000 08:03 790933                     /usr/lib/x86_64-linux-gnu/libXtst.so.6.1.0
7f933f0b6000-7f933f0b7000 rw-p 00006000 08:03 790933                     /usr/lib/x86_64-linux-gnu/libXtst.so.6.1.0
7f933f0b7000-7f933f0b9000 r--p 00000000 08:03 790927                     /usr/lib/x86_64-linux-gnu/libXrender.so.1.3.0
7f933f0b9000-7f933f0c0000 r-xp 00002000 08:03 790927                     /usr/lib/x86_64-linux-gnu/libXrender.so.1.3.0
7f933f0c0000-7f933f0c2000 r--p 00009000 08:03 790927                     /usr/lib/x86_64-linux-gnu/libXrender.so.1.3.0
7f933f0c2000-7f933f0c3000 r--p 0000a000 08:03 790927                     /usr/lib/x86_64-linux-gnu/libXrender.so.1.3.0
7f933f0c3000-7f933f0c4000 rw-p 0000b000 08:03 790927                     /usr/lib/x86_64-linux-gnu/libXrender.so.1.3.0
7f933f0c4000-7f933f0dd000 r--p 00000000 08:03 790890                     /usr/lib/x86_64-linux-gnu/libX11.so.6.4.0
7f933f0dd000-7f933f169000 r-xp 00019000 08:03 790890                     /usr/lib/x86_64-linux-gnu/libX11.so.6.4.0
7f933f169000-7f933f1fc000 r--p 000a5000 08:03 790890                     /usr/lib/x86_64-linux-gnu/libX11.so.6.4.0
7f933f1fc000-7f933f1fd000 ---p 00138000 08:03 790890                     /usr/lib/x86_64-linux-gnu/libX11.so.6.4.0
7f933f1fd000-7f933f1fe000 r--p 00138000 08:03 790890                     /usr/lib/x86_64-linux-gnu/libX11.so.6.4.0
7f933f1fe000-7f933f202000 rw-p 00139000 08:03 790890                     /usr/lib/x86_64-linux-gnu/libX11.so.6.4.0
7f933f202000-7f933f206000 r--p 00000000 08:03 790907                     /usr/lib/x86_64-linux-gnu/libXext.so.6.4.0
7f933f206000-7f933f211000 r-xp 00004000 08:03 790907                     /usr/lib/x86_64-linux-gnu/libXext.so.6.4.0
7f933f211000-7f933f215000 r--p 0000f000 08:03 790907                     /usr/lib/x86_64-linux-gnu/libXext.so.6.4.0
7f933f215000-7f933f216000 r--p 00012000 08:03 790907                     /usr/lib/x86_64-linux-gnu/libXext.so.6.4.0
7f933f216000-7f933f217000 rw-p 00013000 08:03 790907                     /usr/lib/x86_64-linux-gnu/libXext.so.6.4.0
7f933f217000-7f933f219000 r--p 00000000 08:03 790909                     /usr/lib/x86_64-linux-gnu/libXfixes.so.3.1.0
7f933f219000-7f933f21c000 r-xp 00002000 08:03 790909                     /usr/lib/x86_64-linux-gnu/libXfixes.so.3.1.0
7f933f21c000-7f933f21d000 r--p 00005000 08:03 790909                     /usr/lib/x86_64-linux-gnu/libXfixes.so.3.1.0
7f933f21d000-7f933f21e000 r--p 00005000 08:03 790909                     /usr/lib/x86_64-linux-gnu/libXfixes.so.3.1.0
7f933f21e000-7f933f21f000 rw-p 00006000 08:03 790909                     /usr/lib/x86_64-linux-gnu/libXfixes.so.3.1.0
7f933f21f000-7f933f226000 r--s 00000000 08:03 1449217                    /usr/lib/x86_64-linux-gnu/gconv/gconv-modules.cache
7f933f226000-7f933f236000 r--p 00000000 08:03 797214                     /usr/lib/jvm/java-8-openjdk-amd64/jre/lib/amd64/libawt_xawt.so
7f933f236000-7f933f275000 r-xp 00010000 08:03 797214                     /usr/lib/jvm/java-8-openjdk-amd64/jre/lib/amd64/libawt_xawt.so
7f933f275000-7f933f286000 r--p 0004f000 08:03 797214                     /usr/lib/jvm/java-8-openjdk-amd64/jre/lib/amd64/libawt_xawt.so
7f933f286000-7f933f287000 r--p 0005f000 08:03 797214                     /usr/lib/jvm/java-8-openjdk-amd64/jre/lib/amd64/libawt_xawt.so
7f933f287000-7f933f28a000 rw-p 00060000 08:03 797214                     /usr/lib/jvm/java-8-openjdk-amd64/jre/lib/amd64/libawt_xawt.so
7f933f28a000-7f933f28c000 rw-p 00000000 00:00 0 
7f933f28c000-7f933f2b9000 r--p 00000000 08:03 797212                     /usr/lib/jvm/java-8-openjdk-amd64/jre/lib/amd64/libawt.so
7f933f2b9000-7f933f323000 r-xp 0002d000 08:03 797212                     /usr/lib/jvm/java-8-openjdk-amd64/jre/lib/amd64/libawt.so
7f933f323000-7f933f32f000 r--p 00097000 08:03 797212                     /usr/lib/jvm/java-8-openjdk-amd64/jre/lib/amd64/libawt.so
7f933f32f000-7f933f330000 ---p 000a3000 08:03 797212                     /usr/lib/jvm/java-8-openjdk-amd64/jre/lib/amd64/libawt.so
7f933f330000-7f933f331000 r--p 000a3000 08:03 797212                     /usr/lib/jvm/java-8-openjdk-amd64/jre/lib/amd64/libawt.so
7f933f331000-7f933f33c000 rw-p 000a4000 08:03 797212                     /usr/lib/jvm/java-8-openjdk-amd64/jre/lib/amd64/libawt.so
7f933f33c000-7f933f561000 rw-p 00000000 00:00 0 
7f933f561000-7f933f564000 ---p 00000000 00:00 0 
7f933f564000-7f933f661000 rw-p 00000000 00:00 0 
7f933f661000-7f933f664000 r--s 0001b000 08:03 523309                     /home/idss-davide/.gradle/caches/modules-2/files-2.1/xpp3/xpp3/1.1.4c/9b988ea84b9e4e9f1874e390ce099b8ac12cfff5/xpp3-1.1.4c.jar
7f933f664000-7f933f66a000 r--s 00019000 08:03 523308                     /home/idss-davide/.gradle/caches/modules-2/files-2.1/xerces/xmlParserAPIs/2.6.2/65acede1e5305bd2b92213d7b5761328c6f4fd9/xmlParserAPIs-2.6.2.jar
7f933f66a000-7f933f671000 r--s 0003a000 08:03 523429                     /home/idss-davide/.gradle/caches/modules-2/files-2.1/commons-codec/commons-codec/1.9/9ce04e34240f674bc72680f8b843b1457383161a/commons-codec-1.9.jar
7f933f671000-7f933f673000 r--s 0000e000 08:03 523428                     /home/idss-davide/.gradle/caches/modules-2/files-2.1/commons-logging/commons-logging/1.2/4bfc12adfe4842bf07b657f0369c4cb522955686/commons-logging-1.2.jar
7f933f673000-7f933f684000 r--s 001c2000 08:03 523304                     /home/idss-davide/.gradle/caches/modules-2/files-2.1/org.eclipse.swt.gtk.linux/x86/3.3.0-v3346/a9ce3fdc84060952a94f509442673698c3880f92/x86-3.3.0-v3346.jar
7f933f684000-7f933f695000 r--s 001dd000 08:03 523303                     /home/idss-davide/.gradle/caches/modules-2/files-2.1/org.eclipse.swt.gtk.linux/x86_64/3.3.0-v3346/5a7561696dc49e42713e78cb09e0563bba6b96c/x86_64-3.3.0-v3346.jar
7f933f695000-7f933f69c000 r--s 00049000 08:03 523426                     /home/idss-davide/.gradle/caches/modules-2/files-2.1/org.apache.httpcomponents/httpcore/4.4.5/e7501a1b34325abb00d17dde96150604a0658b54/httpcore-4.4.5.jar
7f933f69c000-7f933f6a9000 r--s 000a7000 08:03 523425                     /home/idss-davide/.gradle/caches/modules-2/files-2.1/org.apache.httpcomponents/httpclient/4.5.2/733db77aa8d9b2d68015189df76ab06304406e50/httpclient-4.5.2.jar
7f933f6a9000-7f933f6b0000 r--s 00050000 08:03 523424                     /home/idss-davide/.gradle/caches/modules-2/files-2.1/org.apache.httpcomponents/httpcore-nio/4.4.5/f4be009e7505f6ceddf21e7960c759f413f15056/httpcore-nio-4.4.5.jar
7f933f6b0000-7f933f6c5000 r--s 0015c000 08:03 523420                     /home/idss-davide/.gradle/caches/modules-2/files-2.1/org.jetbrains.kotlin/kotlin-stdlib/1.6.10/b8af3fe6f1ca88526914929add63cf5e7c5049af/kotlin-stdlib-1.6.10.jar
7f933f6c5000-7f933f6c6000 r--s 00004000 08:03 523307                     /home/idss-davide/.gradle/caches/modules-2/files-2.1/org.khronos/opengl-api/gl1.1-android-2.1_r1/8827d279add29cf9115820671e7879de7bf80390/opengl-api-gl1.1-android-2.1_r1.jar
7f933f6c6000-7f933f6c8000 r--s 00003000 08:03 523427                     /home/idss-davide/.gradle/caches/modules-2/files-2.1/org.jetbrains/annotations/13.0/919f0dfe192fb4e063e7dacadee7f8bb9a2672a9/annotations-13.0.jar
7f933f6c8000-7f933f6cc000 r--s 00028000 08:03 523422                     /home/idss-davide/.gradle/caches/modules-2/files-2.1/org.apache.httpcomponents/httpasyncclient/4.1.2/95aa3e6fb520191a0970a73cf09f62948ee614be/httpasyncclient-4.1.2.jar
7f933f6cc000-7f933f6f6000 r--s 001e9000 08:03 523423                     /home/idss-davide/.gradle/caches/modules-2/files-2.1/com.google.guava/guava/15.0/ed727a8d9f247e2050281cb083f1c77b09dcb5cd/guava-15.0.jar
7f933f6f6000-7f933f6f8000 r--s 00009000 08:03 523421                     /home/idss-davide/.gradle/caches/modules-2/files-2.1/org.slf4j/slf4j-api/1.7.25/da76ca59f6a57ee3102f8f9bd9cee742973efa8a/slf4j-api-1.7.25.jar
7f933f6f8000-7f933f709000 r--s 001c5000 08:03 797283                     /usr/lib/jvm/java-8-openjdk-amd64/jre/lib/jsse.jar
7f933f709000-7f933f78b000 r--s 0064a000 08:03 926825                     /home/idss-davide/issLab2022_DavideGuidetti/unibolibs/2p301.jar
7f933f78b000-7f933f78c000 ---p 00000000 00:00 0 
7f933f78c000-7f933f88c000 rw-p 00000000 00:00 0 
7f933f88c000-7f933f88f000 ---p 00000000 00:00 0 
7f933f88f000-7f933f98c000 rw-p 00000000 00:00 0 
7f933f98c000-7f933f98d000 ---p 00000000 00:00 0 
7f933f98d000-7f933f990000 ---p 00000000 00:00 0 
7f933f990000-7f933fa8d000 rw-p 00000000 00:00 0 
7f933fa8d000-7f9340000000 r--p 00000000 08:03 785798                     /usr/lib/locale/locale-archive
7f9340000000-7f9340021000 rw-p 00000000 00:00 0 
7f9340021000-7f9344000000 ---p 00000000 00:00 0 
7f9344000000-7f9344004000 r--s 0001b000 08:03 523418                     /home/idss-davide/.gradle/caches/modules-2/files-2.1/org.eclipse.californium/element-connector/2.0.0-M12/11cc8c08be9d2d975e7a9d34f46e8fb9f03234ba/element-connector-2.0.0-M12.jar
7f9344004000-7f934400c000 r--s 00029000 08:03 523419                     /home/idss-davide/.gradle/caches/modules-2/files-2.1/org.jetbrains.kotlin/kotlin-stdlib-common/1.6.10/c118700e3a33c8a0d9adc920e9dec0831171925/kotlin-stdlib-common-1.6.10.jar
7f934400c000-7f934400d000 r--s 00005000 08:03 523417                     /home/idss-davide/.gradle/caches/modules-2/files-2.1/org.jetbrains.kotlin/kotlin-stdlib-jdk7/1.6.10/e1c380673654a089c4f0c9f83d0ddfdc1efdb498/kotlin-stdlib-jdk7-1.6.10.jar
7f934400d000-7f934400f000 r--s 00016000 08:03 797277                     /usr/lib/jvm/java-8-openjdk-amd64/jre/lib/jce.jar
7f934400f000-7f9344010000 r--s 00005000 08:03 926829                     /home/idss-davide/issLab2022_DavideGuidetti/unibolibs/it.unibo.radarSystem22.domain-1.0.jar
7f9344010000-7f9344019000 r--s 000d8000 08:03 926830                     /home/idss-davide/issLab2022_DavideGuidetti/unibolibs/radarPojo.jar
7f9344019000-7f934401c000 r--s 0002e000 08:03 926828                     /home/idss-davide/issLab2022_DavideGuidetti/unibolibs/it.unibo.qakactor-2.7.jar
7f934401c000-7f934401f000 r--s 00007000 08:03 918599                     /home/idss-davide/issLab2022_DavideGuidetti/unibolibs/uniboInterfaces.jar
7f934401f000-7f9344021000 r--s 0000c000 08:03 523346                     /home/idss-davide/.gradle/caches/modules-2/files-2.1/org.json/json/20160810/aca5eb39e2a12fddd6c472b240afe9ebea3a6733/json-20160810.jar
7f9344021000-7f9344076000 r--s 00548000 08:03 523313                     /home/idss-davide/.gradle/caches/modules-2/files-2.1/com.google.android/android/2.3.3/949a2bef1ffe62e81af5d8919d17dfcc1309c43c/android-2.3.3.jar
7f9344076000-7f934407a000 r--s 00017000 08:03 523302                     /home/idss-davide/.gradle/caches/modules-2/files-2.1/org.pushingpixels/trident/1.3/a90e1fe1a5f47288e5820666179397dd10ca021/trident-1.3.jar
7f934407a000-7f9344082000 r--s 00056000 08:03 523416                     /home/idss-davide/.gradle/caches/modules-2/files-2.1/org.eclipse.californium/californium-core/2.0.0-M12/5b61477cf0f3634bbdf786b265178b7a50a07ae3/californium-core-2.0.0-M12.jar
7f9344082000-7f9344087000 r--s 00037000 08:03 523414                     /home/idss-davide/.gradle/caches/modules-2/files-2.1/org.eclipse.paho/org.eclipse.paho.client.mqttv3/1.2.5/1546cfc794449c39ad569853843a930104fdc297/org.eclipse.paho.client.mqttv3-1.2.5.jar
7f9344087000-7f934408f000 r--s 0001d000 08:03 523413                     /home/idss-davide/.gradle/caches/modules-2/files-2.1/org.jetbrains.kotlinx/kotlinx-coroutines-core-common/1.3.8/f637004addee7d856f617979f583352e97a21e5a/kotlinx-coroutines-core-common-1.3.8.jar
7f934408f000-7f93440a7000 r--s 00154000 08:03 523415                     /home/idss-davide/.gradle/caches/modules-2/files-2.1/org.jetbrains.kotlinx/kotlinx-coroutines-core-jvm/1.6.0/f3b8fd26c2e76d2f18cbc36aacb6e349fcb9fd5f/kotlinx-coroutines-core-jvm-1.6.0.jar
7f93440a7000-7f93440d8000 rw-p 00000000 00:00 0 
7f93440d8000-7f93440dd000 r--p 00000000 08:03 797234                     /usr/lib/jvm/java-8-openjdk-amd64/jre/lib/amd64/libnet.so
7f93440dd000-7f93440ee000 r-xp 00005000 08:03 797234                     /usr/lib/jvm/java-8-openjdk-amd64/jre/lib/amd64/libnet.so
7f93440ee000-7f93440f2000 r--p 00016000 08:03 797234                     /usr/lib/jvm/java-8-openjdk-amd64/jre/lib/amd64/libnet.so
7f93440f2000-7f93440f3000 r--p 00019000 08:03 797234                     /usr/lib/jvm/java-8-openjdk-amd64/jre/lib/amd64/libnet.so
7f93440f3000-7f93440f4000 rw-p 0001a000 08:03 797234                     /usr/lib/jvm/java-8-openjdk-amd64/jre/lib/amd64/libnet.so
7f93440f4000-7f93440f5000 ---p 00000000 00:00 0 
7f93440f5000-7f93440f8000 ---p 00000000 00:00 0 
7f93440f8000-7f93441f5000 rw-p 00000000 00:00 0 
7f93441f5000-7f93441f6000 ---p 00000000 00:00 0 
7f93441f6000-7f93441f9000 ---p 00000000 00:00 0 
7f93441f9000-7f93442f6000 rw-p 00000000 00:00 0 
7f93442f6000-7f93442f9000 ---p 00000000 00:00 0 
7f93442f9000-7f93443f6000 rw-p 00000000 00:00 0 
7f93443f6000-7f93443f9000 ---p 00000000 00:00 0 
7f93443f9000-7f93444f6000 rw-p 00000000 00:00 0 
7f93444f6000-7f93444f9000 ---p 00000000 00:00 0 
7f93444f9000-7f93445f6000 rw-p 00000000 00:00 0 
7f93445f6000-7f93445f7000 ---p 00000000 00:00 0 
7f93445f7000-7f9345000000 rw-p 00000000 00:00 0 
7f9345000000-7f9345390000 rwxp 00000000 00:00 0 
7f9345390000-7f9354000000 ---p 00000000 00:00 0 
7f9354000000-7f9354782000 rw-p 00000000 00:00 0 
7f9354782000-7f9358000000 ---p 00000000 00:00 0 
7f9358000000-7f9358001000 r--s 00008000 08:03 926831                     /home/idss-davide/issLab2022_DavideGuidetti/unibolibs/unibonoawtsupports.jar
7f9358001000-7f9358004000 r--s 00016000 08:03 523430                     /home/idss-davide/.gradle/caches/modules-2/files-2.1/org.eclipse.californium/californium-proxy/2.0.0-M12/fd089cbf97a2f89e15ad6ba965ff7a196ece2219/californium-proxy-2.0.0-M12.jar
7f9358004000-7f9358005000 r--s 00003000 08:03 523412                     /home/idss-davide/.gradle/caches/modules-2/files-2.1/org.jetbrains.kotlin/kotlin-stdlib-jdk8/1.6.10/e80fe6ac3c3573a80305f5ec43f86b829e8ab53d/kotlin-stdlib-jdk8-1.6.10.jar
7f9358005000-7f935800c000 r--p 00000000 08:03 797235                     /usr/lib/jvm/java-8-openjdk-amd64/jre/lib/amd64/libnio.so
7f935800c000-7f9358015000 r-xp 00007000 08:03 797235                     /usr/lib/jvm/java-8-openjdk-amd64/jre/lib/amd64/libnio.so
7f9358015000-7f9358018000 r--p 00010000 08:03 797235                     /usr/lib/jvm/java-8-openjdk-amd64/jre/lib/amd64/libnio.so
7f9358018000-7f9358019000 r--p 00012000 08:03 797235                     /usr/lib/jvm/java-8-openjdk-amd64/jre/lib/amd64/libnio.so
7f9358019000-7f935801a000 rw-p 00013000 08:03 797235                     /usr/lib/jvm/java-8-openjdk-amd64/jre/lib/amd64/libnio.so
7f935801a000-7f935801e000 r--s 00041000 08:03 797264                     /usr/lib/jvm/java-8-openjdk-amd64/jre/lib/ext/sunpkcs11.jar
7f935801e000-7f9358020000 r--s 00010000 08:03 797265                     /usr/lib/jvm/java-8-openjdk-amd64/jre/lib/ext/zipfs.jar
7f9358020000-7f9358026000 r--s 0003d000 08:03 797263                     /usr/lib/jvm/java-8-openjdk-amd64/jre/lib/ext/sunjce_provider.jar
7f9358026000-7f9358028000 r--s 00008000 08:03 797262                     /usr/lib/jvm/java-8-openjdk-amd64/jre/lib/ext/sunec.jar
7f9358028000-7f9358043000 r--s 00394000 08:03 797256                     /usr/lib/jvm/java-8-openjdk-amd64/jre/lib/ext/cldrdata.jar
7f9358043000-7f935805e000 r--s 001d6000 08:03 797261                     /usr/lib/jvm/java-8-openjdk-amd64/jre/lib/ext/nashorn.jar
7f935805e000-7f9358061000 r--s 0000f000 08:03 797258                     /usr/lib/jvm/java-8-openjdk-amd64/jre/lib/ext/icedtea-sound.jar
7f9358061000-7f935806c000 r--s 00116000 08:03 797260                     /usr/lib/jvm/java-8-openjdk-amd64/jre/lib/ext/localedata.jar
7f935806c000-7f9358072000 r--s 000d3000 08:03 797282                     /usr/lib/jvm/java-8-openjdk-amd64/jre/lib/jfr.jar
7f9358072000-7f935876b000 rw-p 00000000 00:00 0 
7f935876b000-7f935893d000 r--s 03cab000 08:03 797289                     /usr/lib/jvm/java-8-openjdk-amd64/jre/lib/rt.jar
7f935893d000-7f9359776000 rw-p 00000000 00:00 0 
7f9359776000-7f9359777000 ---p 00000000 00:00 0 
7f9359777000-7f9359877000 rw-p 00000000 00:00 0 
7f9359877000-7f9359878000 ---p 00000000 00:00 0 
7f9359878000-7f9359978000 rw-p 00000000 00:00 0 
7f9359978000-7f9359979000 ---p 00000000 00:00 0 
7f9359979000-7f9359a79000 rw-p 00000000 00:00 0 
7f9359a79000-7f9359a7a000 ---p 00000000 00:00 0 
7f9359a7a000-7f9359bb0000 rw-p 00000000 00:00 0 
7f9359bb0000-7f9359ed8000 ---p 00000000 00:00 0 
7f9359ed8000-7f9359f0e000 rw-p 00000000 00:00 0 
7f9359f0e000-7f935a236000 ---p 00000000 00:00 0 
7f935a236000-7f935a266000 rw-p 00000000 00:00 0 
7f935a266000-7f935a3e5000 ---p 00000000 00:00 0 
7f935a3e5000-7f935a3f5000 rw-p 00000000 00:00 0 
7f935a3f5000-7f935a7a6000 ---p 00000000 00:00 0 
7f935a7a6000-7f935a7a9000 r--p 00000000 08:03 797242                     /usr/lib/jvm/java-8-openjdk-amd64/jre/lib/amd64/libzip.so
7f935a7a9000-7f935a7ae000 r-xp 00003000 08:03 797242                     /usr/lib/jvm/java-8-openjdk-amd64/jre/lib/amd64/libzip.so
7f935a7ae000-7f935a7b0000 r--p 00008000 08:03 797242                     /usr/lib/jvm/java-8-openjdk-amd64/jre/lib/amd64/libzip.so
7f935a7b0000-7f935a7b1000 r--p 00009000 08:03 797242                     /usr/lib/jvm/java-8-openjdk-amd64/jre/lib/amd64/libzip.so
7f935a7b1000-7f935a7b2000 rw-p 0000a000 08:03 797242                     /usr/lib/jvm/java-8-openjdk-amd64/jre/lib/amd64/libzip.so
7f935a7b2000-7f935a7bf000 r--p 00000000 08:03 797223                     /usr/lib/jvm/java-8-openjdk-amd64/jre/lib/amd64/libjava.so
7f935a7bf000-7f935a7d7000 r-xp 0000d000 08:03 797223                     /usr/lib/jvm/java-8-openjdk-amd64/jre/lib/amd64/libjava.so
7f935a7d7000-7f935a7de000 r--p 00025000 08:03 797223                     /usr/lib/jvm/java-8-openjdk-amd64/jre/lib/amd64/libjava.so
7f935a7de000-7f935a7df000 r--p 0002b000 08:03 797223                     /usr/lib/jvm/java-8-openjdk-amd64/jre/lib/amd64/libjava.so
7f935a7df000-7f935a7e1000 rw-p 0002c000 08:03 797223                     /usr/lib/jvm/java-8-openjdk-amd64/jre/lib/amd64/libjava.so
7f935a7e1000-7f935a7e6000 r--p 00000000 08:03 797241                     /usr/lib/jvm/java-8-openjdk-amd64/jre/lib/amd64/libverify.so
7f935a7e6000-7f935a7ef000 r-xp 00005000 08:03 797241                     /usr/lib/jvm/java-8-openjdk-amd64/jre/lib/amd64/libverify.so
7f935a7ef000-7f935a7f1000 r--p 0000e000 08:03 797241                     /usr/lib/jvm/java-8-openjdk-amd64/jre/lib/amd64/libverify.so
7f935a7f1000-7f935a7f3000 r--p 0000f000 08:03 797241                     /usr/lib/jvm/java-8-openjdk-amd64/jre/lib/amd64/libverify.so
7f935a7f3000-7f935a7f4000 rw-p 00011000 08:03 797241                     /usr/lib/jvm/java-8-openjdk-amd64/jre/lib/amd64/libverify.so
7f935a7f4000-7f935a7f5000 r--p 00000000 08:03 787114                     /usr/lib/x86_64-linux-gnu/librt.so.1
7f935a7f5000-7f935a7f6000 r-xp 00001000 08:03 787114                     /usr/lib/x86_64-linux-gnu/librt.so.1
7f935a7f6000-7f935a7f7000 r--p 00002000 08:03 787114                     /usr/lib/x86_64-linux-gnu/librt.so.1
7f935a7f7000-7f935a7f8000 r--p 00002000 08:03 787114                     /usr/lib/x86_64-linux-gnu/librt.so.1
7f935a7f8000-7f935a7f9000 rw-p 00003000 08:03 787114                     /usr/lib/x86_64-linux-gnu/librt.so.1
7f935a7f9000-7f935a7fa000 ---p 00000000 00:00 0 
7f935a7fa000-7f935a7fd000 ---p 00000000 00:00 0 
7f935a7fd000-7f935a8fa000 rw-p 00000000 00:00 0 
7f935a8fa000-7f935a8fd000 r--p 00000000 08:03 791367                     /usr/lib/x86_64-linux-gnu/libgcc_s.so.1
7f935a8fd000-7f935a90f000 r-xp 00003000 08:03 791367                     /usr/lib/x86_64-linux-gnu/libgcc_s.so.1
7f935a90f000-7f935a912000 r--p 00015000 08:03 791367                     /usr/lib/x86_64-linux-gnu/libgcc_s.so.1
7f935a912000-7f935a913000 r--p 00017000 08:03 791367                     /usr/lib/x86_64-linux-gnu/libgcc_s.so.1
7f935a913000-7f935a914000 rw-p 00018000 08:03 791367                     /usr/lib/x86_64-linux-gnu/libgcc_s.so.1
7f935a914000-7f935a921000 r--p 00000000 08:03 787091                     /usr/lib/x86_64-linux-gnu/libm.so.6
7f935a921000-7f935a99b000 r-xp 0000d000 08:03 787091                     /usr/lib/x86_64-linux-gnu/libm.so.6
7f935a99b000-7f935a9f5000 r--p 00087000 08:03 787091                     /usr/lib/x86_64-linux-gnu/libm.so.6
7f935a9f5000-7f935a9f6000 ---p 000e1000 08:03 787091                     /usr/lib/x86_64-linux-gnu/libm.so.6
7f935a9f6000-7f935a9f7000 r--p 000e1000 08:03 787091                     /usr/lib/x86_64-linux-gnu/libm.so.6
7f935a9f7000-7f935a9f8000 rw-p 000e2000 08:03 787091                     /usr/lib/x86_64-linux-gnu/libm.so.6
7f935a9f8000-7f935aa91000 r--p 00000000 08:03 792144                     /usr/lib/x86_64-linux-gnu/libstdc++.so.6.0.29
7f935aa91000-7f935ab94000 r-xp 00099000 08:03 792144                     /usr/lib/x86_64-linux-gnu/libstdc++.so.6.0.29
7f935ab94000-7f935ac00000 r--p 0019c000 08:03 792144                     /usr/lib/x86_64-linux-gnu/libstdc++.so.6.0.29
7f935ac00000-7f935ac0b000 r--p 00207000 08:03 792144                     /usr/lib/x86_64-linux-gnu/libstdc++.so.6.0.29
7f935ac0b000-7f935ac0e000 rw-p 00212000 08:03 792144                     /usr/lib/x86_64-linux-gnu/libstdc++.so.6.0.29
7f935ac0e000-7f935ac11000 rw-p 00000000 00:00 0 
7f935ac11000-7f935ae06000 r--p 00000000 08:03 797245                     /usr/lib/jvm/java-8-openjdk-amd64/jre/lib/amd64/server/libjvm.so
7f935ae06000-7f935b771000 r-xp 001f5000 08:03 797245                     /usr/lib/jvm/java-8-openjdk-amd64/jre/lib/amd64/server/libjvm.so
7f935b771000-7f935b91c000 r--p 00b60000 08:03 797245                     /usr/lib/jvm/java-8-openjdk-amd64/jre/lib/amd64/server/libjvm.so
7f935b91c000-7f935b9b2000 r--p 00d0a000 08:03 797245                     /usr/lib/jvm/java-8-openjdk-amd64/jre/lib/amd64/server/libjvm.so
7f935b9b2000-7f935b9db000 rw-p 00da0000 08:03 797245                     /usr/lib/jvm/java-8-openjdk-amd64/jre/lib/amd64/server/libjvm.so
7f935b9db000-7f935ba11000 rw-p 00000000 00:00 0 
7f935ba11000-7f935ba13000 r--p 00000000 08:03 789370                     /usr/lib/x86_64-linux-gnu/libz.so.1.2.11
7f935ba13000-7f935ba24000 r-xp 00002000 08:03 789370                     /usr/lib/x86_64-linux-gnu/libz.so.1.2.11
7f935ba24000-7f935ba2a000 r--p 00013000 08:03 789370                     /usr/lib/x86_64-linux-gnu/libz.so.1.2.11
7f935ba2a000-7f935ba2b000 ---p 00019000 08:03 789370                     /usr/lib/x86_64-linux-gnu/libz.so.1.2.11
7f935ba2b000-7f935ba2c000 r--p 00019000 08:03 789370                     /usr/lib/x86_64-linux-gnu/libz.so.1.2.11
7f935ba2c000-7f935ba2d000 rw-p 0001a000 08:03 789370                     /usr/lib/x86_64-linux-gnu/libz.so.1.2.11
7f935ba2d000-7f935ba55000 r--p 00000000 08:03 787082                     /usr/lib/x86_64-linux-gnu/libc.so.6
7f935ba55000-7f935bbe9000 r-xp 00028000 08:03 787082                     /usr/lib/x86_64-linux-gnu/libc.so.6
7f935bbe9000-7f935bc41000 r--p 001bc000 08:03 787082                     /usr/lib/x86_64-linux-gnu/libc.so.6
7f935bc41000-7f935bc42000 ---p 00214000 08:03 787082                     /usr/lib/x86_64-linux-gnu/libc.so.6
7f935bc42000-7f935bc46000 r--p 00214000 08:03 787082                     /usr/lib/x86_64-linux-gnu/libc.so.6
7f935bc46000-7f935bc48000 rw-p 00218000 08:03 787082                     /usr/lib/x86_64-linux-gnu/libc.so.6
7f935bc48000-7f935bc55000 rw-p 00000000 00:00 0 
7f935bc55000-7f935bc56000 r--s 0000a000 08:03 797259                     /usr/lib/jvm/java-8-openjdk-amd64/jre/lib/ext/jaccess.jar
7f935bc56000-7f935bc58000 r--s 0000c000 08:03 1570957                    /usr/share/java/java-atk-wrapper.jar
7f935bc58000-7f935bc5a000 r--s 00001000 08:03 797257                     /usr/lib/jvm/java-8-openjdk-amd64/jre/lib/ext/dnsns.jar
7f935bc5a000-7f935bc62000 rw-s 00000000 08:03 938711                     /tmp/hsperfdata_idss-davide/5974
7f935bc62000-7f935bc63000 rw-p 00000000 00:00 0 
7f935bc63000-7f935bc64000 r--p 00000000 00:00 0 
7f935bc64000-7f935bc67000 r--p 00000000 08:03 797209                     /usr/lib/jvm/java-8-openjdk-amd64/jre/lib/amd64/jli/libjli.so
7f935bc67000-7f935bc70000 r-xp 00003000 08:03 797209                     /usr/lib/jvm/java-8-openjdk-amd64/jre/lib/amd64/jli/libjli.so
7f935bc70000-7f935bc73000 r--p 0000c000 08:03 797209                     /usr/lib/jvm/java-8-openjdk-amd64/jre/lib/amd64/jli/libjli.so
7f935bc73000-7f935bc74000 r--p 0000e000 08:03 797209                     /usr/lib/jvm/java-8-openjdk-amd64/jre/lib/amd64/jli/libjli.so
7f935bc74000-7f935bc75000 rw-p 0000f000 08:03 797209                     /usr/lib/jvm/java-8-openjdk-amd64/jre/lib/amd64/jli/libjli.so
7f935bc75000-7f935bc77000 rw-p 00000000 00:00 0 
7f935bc77000-7f935bc78000 r--p 00000000 08:03 787059                     /usr/lib/x86_64-linux-gnu/ld-linux-x86-64.so.2
7f935bc78000-7f935bca0000 r-xp 00001000 08:03 787059                     /usr/lib/x86_64-linux-gnu/ld-linux-x86-64.so.2
7f935bca0000-7f935bcaa000 r--p 00029000 08:03 787059                     /usr/lib/x86_64-linux-gnu/ld-linux-x86-64.so.2
7f935bcaa000-7f935bcac000 r--p 00032000 08:03 787059                     /usr/lib/x86_64-linux-gnu/ld-linux-x86-64.so.2
7f935bcac000-7f935bcae000 rw-p 00034000 08:03 787059                     /usr/lib/x86_64-linux-gnu/ld-linux-x86-64.so.2
7ffed746e000-7ffed7490000 rw-p 00000000 00:00 0                          [stack]
7ffed74bf000-7ffed74c3000 r--p 00000000 00:00 0                          [vvar]
7ffed74c3000-7ffed74c5000 r-xp 00000000 00:00 0                          [vdso]
ffffffffff600000-ffffffffff601000 --xp 00000000 00:00 0                  [vsyscall]

VM Arguments:
jvm_args: -Dfile.encoding=UTF-8 
java_command: unibo.actor22.local.RSActor22onPC
java_class_path (initial): /home/idss-davide/issLab2022_DavideGuidetti/unibo.actor22/bin/default:/home/idss-davide/.gradle/caches/modules-2/files-2.1/org.jetbrains.kotlinx/kotlinx-coroutines-core-jvm/1.6.0/f3b8fd26c2e76d2f18cbc36aacb6e349fcb9fd5f/kotlinx-coroutines-core-jvm-1.6.0.jar:/home/idss-davide/.gradle/caches/modules-2/files-2.1/org.jetbrains.kotlin/kotlin-stdlib-jdk8/1.6.10/e80fe6ac3c3573a80305f5ec43f86b829e8ab53d/kotlin-stdlib-jdk8-1.6.10.jar:/home/idss-davide/.gradle/caches/modules-2/files-2.1/org.jetbrains.kotlinx/kotlinx-coroutines-core-common/1.3.8/f637004addee7d856f617979f583352e97a21e5a/kotlinx-coroutines-core-common-1.3.8.jar:/home/idss-davide/.gradle/caches/modules-2/files-2.1/org.eclipse.paho/org.eclipse.paho.client.mqttv3/1.2.5/1546cfc794449c39ad569853843a930104fdc297/org.eclipse.paho.client.mqttv3-1.2.5.jar:/home/idss-davide/.gradle/caches/modules-2/files-2.1/org.eclipse.californium/californium-proxy/2.0.0-M12/fd089cbf97a2f89e15ad6ba965ff7a196ece2219/californium-proxy-2.0.0-M12.jar:/home/idss-davide/.gradle/caches/modules-2/files-2.1/org.eclipse.californium/californium-core/2.0.0-M12/5b61477cf0f3634bbdf786b265178b7a50a07ae3/californium-core-2.0.0-M12.jar:/home/idss-davide/.gradle/caches/modules-2/files-2.1/org.pushingpixels/trident/1.3/a90e1fe1a5f47288e5820666179397dd10ca021/trident-1.3.jar:/home/idss-davide/.gradle/caches/modules-2/files-2.1/com.google.android/android/2.3.3/949a2bef1ffe62e81af5d8919d17dfcc1309c43c/android-2.3.3.jar:/home/idss-davide/.gradle/caches/modules-2/files-2.1/org.json/json/20160810/aca5eb39e2a12fddd6c472b240afe9ebea3a6733/json-20160810.jar:/home/idss-davide/issLab2022_DavideGuidetti/unibolibs:/home/idss-davide/issLab2022_DavideGuidetti/unibolibs/2p301.jar:/home/idss-davide/issLab2022_DavideGuidetti/unibolibs/uniboInterfaces.jar:/home/idss-davide/issLab2022_DavideGuidetti/unibolibs/unibonoawtsupports.jar:/home/idss-davide/issLab2022_DavideGuidetti/unibolibs/it.unibo.qakactor-2.7.jar:/home/idss-davide/issLab2022_DavideGu
Launcher Type: SUN_STANDARD

Environment Variables:
PATH=/usr/local/sbin:/usr/local/bin:/usr/sbin:/usr/bin:/sbin:/bin:/usr/games:/usr/local/games:/snap/bin:/snap/bin:/opt/gradle/gradle-7.4/bin
USERNAME=idss-davide
SHELL=/bin/bash
DISPLAY=:0

Signal Handlers:
SIGSEGV: [libjvm.so+0xb39300], sa_mask[0]=11111111011111111101111111111110, sa_flags=SA_RESTART|SA_SIGINFO
SIGBUS: [libjvm.so+0xb39300], sa_mask[0]=11111111011111111101111111111110, sa_flags=SA_RESTART|SA_SIGINFO
SIGFPE: [libjvm.so+0x97ac10], sa_mask[0]=11111111011111111101111111111110, sa_flags=SA_RESTART|SA_SIGINFO
SIGPIPE: [libjvm.so+0x97ac10], sa_mask[0]=11111111011111111101111111111110, sa_flags=SA_RESTART|SA_SIGINFO
SIGXFSZ: [libjvm.so+0x97ac10], sa_mask[0]=11111111011111111101111111111110, sa_flags=SA_RESTART|SA_SIGINFO
SIGILL: [libjvm.so+0x97ac10], sa_mask[0]=11111111011111111101111111111110, sa_flags=SA_RESTART|SA_SIGINFO
SIGUSR1: SIG_DFL, sa_mask[0]=00000000000000000000000000000000, sa_flags=none
SIGUSR2: [libjvm.so+0x97a9d0], sa_mask[0]=00100000000000000000000000000000, sa_flags=SA_RESTART|SA_SIGINFO
SIGHUP: [libjvm.so+0x97ae90], sa_mask[0]=11111111011111111101111111111110, sa_flags=SA_RESTART|SA_SIGINFO
SIGINT: [libjvm.so+0x97ae90], sa_mask[0]=11111111011111111101111111111110, sa_flags=SA_RESTART|SA_SIGINFO
SIGTERM: [libjvm.so+0x97ae90], sa_mask[0]=11111111011111111101111111111110, sa_flags=SA_RESTART|SA_SIGINFO
SIGQUIT: [libjvm.so+0x97ae90], sa_mask[0]=11111111011111111101111111111110, sa_flags=SA_RESTART|SA_SIGINFO


---------------  S Y S T E M  ---------------

OS:DISTRIB_ID=Ubuntu
DISTRIB_RELEASE=21.10
DISTRIB_CODENAME=impish
DISTRIB_DESCRIPTION="Ubuntu 21.10"

uname:Linux 5.13.0-39-generic #44-Ubuntu SMP Thu Mar 24 15:35:05 UTC 2022 x86_64
libc:glibc 2.34 NPTL 2.34 
rlimit: STACK 8192k, CORE 0k, NPROC 41151, NOFILE 1048576, AS infinity
load average:0,93 0,62 0,54

/proc/meminfo:
MemTotal:       10585524 kB
MemFree:         5284716 kB
MemAvailable:    7474048 kB
Buffers:           93972 kB
Cached:          2470060 kB
SwapCached:            0 kB
Active:           829188 kB
Inactive:        4188552 kB
Active(anon):       2404 kB
Inactive(anon):  2645272 kB
Active(file):     826784 kB
Inactive(file):  1543280 kB
Unevictable:         128 kB
Mlocked:             128 kB
SwapTotal:       2097148 kB
SwapFree:        2097148 kB
Dirty:               240 kB
Writeback:             0 kB
AnonPages:       2454256 kB
Mapped:           765444 kB
Shmem:            197924 kB
KReclaimable:      95112 kB
Slab:             173872 kB
SReclaimable:      95112 kB
SUnreclaim:        78760 kB
KernelStack:       13084 kB
PageTables:        32540 kB
NFS_Unstable:          0 kB
Bounce:                0 kB
WritebackTmp:          0 kB
CommitLimit:     7389908 kB
Committed_AS:    8742320 kB
VmallocTotal:   34359738367 kB
VmallocUsed:       44692 kB
VmallocChunk:          0 kB
Percpu:             3840 kB
HardwareCorrupted:     0 kB
AnonHugePages:         0 kB
ShmemHugePages:        0 kB
ShmemPmdMapped:        0 kB
FileHugePages:         0 kB
FilePmdMapped:         0 kB
HugePages_Total:       0
HugePages_Free:        0
HugePages_Rsvd:        0
HugePages_Surp:        0
Hugepagesize:       2048 kB
Hugetlb:               0 kB
DirectMap4k:      217024 kB
DirectMap2M:    10668032 kB


CPU:total 4 (initial active 4) (4 cores per cpu, 1 threads per core) family 6 model 158 stepping 9, cmov, cx8, fxsr, mmx, sse, sse2, sse3, ssse3, sse4.1, sse4.2, popcnt, avx, avx2, aes, clmul, 3dnowpref, lzcnt, tsc, tscinvbit

/proc/cpuinfo:
processor	: 0
vendor_id	: GenuineIntel
cpu family	: 6
model		: 158
model name	: Intel(R) Core(TM) i7-7700HQ CPU @ 2.80GHz
stepping	: 9
cpu MHz		: 2808.000
cache size	: 6144 KB
physical id	: 0
siblings	: 4
core id		: 0
cpu cores	: 4
apicid		: 0
initial apicid	: 0
fpu		: yes
fpu_exception	: yes
cpuid level	: 22
wp		: yes
flags		: fpu vme de pse tsc msr pae mce cx8 apic sep mtrr pge mca cmov pat pse36 clflush mmx fxsr sse sse2 ht syscall nx rdtscp lm constant_tsc rep_good nopl xtopology nonstop_tsc cpuid tsc_known_freq pni pclmulqdq ssse3 cx16 pcid sse4_1 sse4_2 x2apic movbe popcnt aes xsave avx rdrand hypervisor lahf_lm abm 3dnowprefetch invpcid_single pti fsgsbase avx2 invpcid rdseed clflushopt md_clear flush_l1d
bugs		: cpu_meltdown spectre_v1 spectre_v2 spec_store_bypass l1tf mds swapgs itlb_multihit srbds
bogomips	: 5616.00
clflush size	: 64
cache_alignment	: 64
address sizes	: 39 bits physical, 48 bits virtual
power management:

processor	: 1
vendor_id	: GenuineIntel
cpu family	: 6
model		: 158
model name	: Intel(R) Core(TM) i7-7700HQ CPU @ 2.80GHz
stepping	: 9
cpu MHz		: 2808.000
cache size	: 6144 KB
physical id	: 0
siblings	: 4
core id		: 1
cpu cores	: 4
apicid		: 1
initial apicid	: 1
fpu		: yes
fpu_exception	: yes
cpuid level	: 22
wp		: yes
flags		: fpu vme de pse tsc msr pae mce cx8 apic sep mtrr pge mca cmov pat pse36 clflush mmx fxsr sse sse2 ht syscall nx rdtscp lm constant_tsc rep_good nopl xtopology nonstop_tsc cpuid tsc_known_freq pni pclmulqdq ssse3 cx16 pcid sse4_1 sse4_2 x2apic movbe popcnt aes xsave avx rdrand hypervisor lahf_lm abm 3dnowprefetch invpcid_single pti fsgsbase avx2 invpcid rdseed clflushopt md_clear flush_l1d
bugs		: cpu_meltdown spectre_v1 spectre_v2 spec_store_bypass l1tf mds swapgs itlb_multihit srbds
bogomips	: 5616.00
clflush size	: 64
cache_alignment	: 64
address sizes	: 39 bits physical, 48 bits virtual
power management:

processor	: 2
vendor_id	: GenuineIntel
cpu family	: 6
model		: 158
model name	: Intel(R) Core(TM) i7-7700HQ CPU @ 2.80GHz
stepping	: 9
cpu MHz		: 2808.000
cache size	: 6144 KB
physical id	: 0
siblings	: 4
core id		: 2
cpu cores	: 4
apicid		: 2
initial apicid	: 2
fpu		: yes
fpu_exception	: yes
cpuid level	: 22
wp		: yes
flags		: fpu vme de pse tsc msr pae mce cx8 apic sep mtrr pge mca cmov pat pse36 clflush mmx fxsr sse sse2 ht syscall nx rdtscp lm constant_tsc rep_good nopl xtopology nonstop_tsc cpuid tsc_known_freq pni pclmulqdq ssse3 cx16 pcid sse4_1 sse4_2 x2apic movbe popcnt aes xsave avx rdrand hypervisor lahf_lm abm 3dnowprefetch invpcid_single pti fsgsbase avx2 invpcid rdseed clflushopt md_clear flush_l1d
bugs		: cpu_meltdown spectre_v1 spectre_v2 spec_store_bypass l1tf mds swapgs itlb_multihit srbds
bogomips	: 5616.00
clflush size	: 64
cache_alignment	: 64
address sizes	: 39 bits physical, 48 bits virtual
power management:

processor	: 3
vendor_id	: GenuineIntel
cpu family	: 6
model		: 158
model name	: Intel(R) Core(TM) i7-7700HQ CPU @ 2.80GHz
stepping	: 9
cpu MHz		: 2808.000
cache size	: 6144 KB
physical id	: 0
siblings	: 4
core id		: 3
cpu cores	: 4
apicid		: 3
initial apicid	: 3
fpu		: yes
fpu_exception	: yes
cpuid level	: 22
wp		: yes
flags		: fpu vme de pse tsc msr pae mce cx8 apic sep mtrr pge mca cmov pat pse36 clflush mmx fxsr sse sse2 ht syscall nx rdtscp lm constant_tsc rep_good nopl xtopology nonstop_tsc cpuid tsc_known_freq pni pclmulqdq ssse3 cx16 pcid sse4_1 sse4_2 x2apic movbe popcnt aes xsave avx rdrand hypervisor lahf_lm abm 3dnowprefetch invpcid_single pti fsgsbase avx2 invpcid rdseed clflushopt md_clear flush_l1d
bugs		: cpu_meltdown spectre_v1 spectre_v2 spec_store_bypass l1tf mds swapgs itlb_multihit srbds
bogomips	: 5616.00
clflush size	: 64
cache_alignment	: 64
address sizes	: 39 bits physical, 48 bits virtual
power management:



Memory: 4k page, physical 10585524k(5284716k free), swap 2097148k(2097148k free)

vm_info: OpenJDK 64-Bit Server VM (25.312-b07) for linux-amd64 JRE (1.8.0_312-8u312-b07-0ubuntu1~21.10-b07), built on Nov  3 2021 13:54:59 by "buildd" with gcc 11.2.0

time: Tue Apr 12 15:01:35 2022
timezone: CEST
elapsed time: 0.912017 seconds (0d 0h 0m 0s)

